
===========================================================================
 report_power
============================================================================
======================= Fastest Corner ===================================

Group                  Internal  Switching    Leakage      Total
                          Power      Power      Power      Power (Watts)
----------------------------------------------------------------
Sequential             4.08e-05   0.00e+00   3.16e-10   4.08e-05  29.3%
Combinational          0.00e+00   0.00e+00   2.69e-10   2.69e-10   0.0%
Clock                  6.12e-05   3.71e-05   2.26e-09   9.82e-05  70.7%
Macro                  0.00e+00   0.00e+00   0.00e+00   0.00e+00   0.0%
Pad                    0.00e+00   0.00e+00   0.00e+00   0.00e+00   0.0%
----------------------------------------------------------------
Total                  1.02e-04   3.71e-05   2.84e-09   1.39e-04 100.0%
                          73.3%      26.7%       0.0%

======================= Slowest Corner ===================================

Group                  Internal  Switching    Leakage      Total
                          Power      Power      Power      Power (Watts)
----------------------------------------------------------------
Sequential             2.72e-05   0.00e+00   1.87e-07   2.73e-05  28.6%
Combinational          0.00e+00   0.00e+00   2.17e-07   2.17e-07   0.2%
Clock                  4.38e-05   2.43e-05   5.93e-08   6.82e-05  71.2%
Macro                  0.00e+00   0.00e+00   0.00e+00   0.00e+00   0.0%
Pad                    0.00e+00   0.00e+00   0.00e+00   0.00e+00   0.0%
----------------------------------------------------------------
Total                  7.09e-05   2.43e-05   4.64e-07   9.57e-05 100.0%
                          74.1%      25.4%       0.5%

======================= Typical Corner ===================================

Group                  Internal  Switching    Leakage      Total
                          Power      Power      Power      Power (Watts)
----------------------------------------------------------------
Sequential             3.50e-05   0.00e+00   1.04e-10   3.50e-05  29.2%
Combinational          0.00e+00   0.00e+00   1.71e-10   1.71e-10   0.0%
Clock                  5.35e-05   3.13e-05   2.10e-09   8.48e-05  70.8%
Macro                  0.00e+00   0.00e+00   0.00e+00   0.00e+00   0.0%
Pad                    0.00e+00   0.00e+00   0.00e+00   0.00e+00   0.0%
----------------------------------------------------------------
Total                  8.85e-05   3.13e-05   2.37e-09   1.20e-04 100.0%
                          73.9%      26.1%       0.0%

