
===========================================================================
report_checks -path_delay max (Setup)
============================================================================
======================= Fastest Corner ===================================

Startpoint: _72_ (rising edge-triggered flip-flop clocked by core_clock)
Endpoint: _77_ (rising edge-triggered flip-flop clocked by core_clock)
Path Group: core_clock
Path Type: max
Corner: Fastest

Fanout     Cap    Slew   Delay    Time   Description
-----------------------------------------------------------------------------
                          0.00    0.00   clock core_clock (rise edge)
                          0.00    0.00   clock source latency
     1    0.03    0.00    0.00    0.00 ^ clk (in)
                                         clk (net)
                  0.00    0.00    0.00 ^ clkbuf_0_clk/A (sky130_fd_sc_hd__clkbuf_16)
     2    0.02    0.03    0.08    0.08 ^ clkbuf_0_clk/X (sky130_fd_sc_hd__clkbuf_16)
                                         clknet_0_clk (net)
                  0.03    0.00    0.08 ^ clkbuf_1_0__f_clk/A (sky130_fd_sc_hd__clkbuf_16)
     6    0.03    0.04    0.09    0.17 ^ clkbuf_1_0__f_clk/X (sky130_fd_sc_hd__clkbuf_16)
                                         clknet_1_0__leaf_clk (net)
                  0.04    0.00    0.18 ^ _72_/CLK (sky130_fd_sc_hd__dfxtp_2)
     3    0.04    0.17    0.30    0.47 ^ _72_/Q (sky130_fd_sc_hd__dfxtp_2)
                                         display_inst.clk_div[2] (net)
                  0.17    0.00    0.48 ^ _52_/C (sky130_fd_sc_hd__and4_1)
     1    0.01    0.11    0.18    0.66 ^ _52_/X (sky130_fd_sc_hd__and4_1)
                                         _21_ (net)
                  0.11    0.00    0.66 ^ _53_/A (sky130_fd_sc_hd__buf_4)
     7    0.09    0.18    0.19    0.85 ^ _53_/X (sky130_fd_sc_hd__buf_4)
                                         _22_ (net)
                  0.19    0.01    0.86 ^ _62_/C (sky130_fd_sc_hd__and4_2)
     2    0.03    0.12    0.22    1.08 ^ _62_/X (sky130_fd_sc_hd__and4_2)
                                         _27_ (net)
                  0.12    0.00    1.08 ^ _64_/A_N (sky130_fd_sc_hd__and2b_1)
     1    0.01    0.05    0.15    1.23 v _64_/X (sky130_fd_sc_hd__and2b_1)
                                         _29_ (net)
                  0.05    0.00    1.23 v _65_/A (sky130_fd_sc_hd__clkbuf_1)
     1    0.01    0.04    0.09    1.31 v _65_/X (sky130_fd_sc_hd__clkbuf_1)
                                         _07_ (net)
                  0.04    0.00    1.32 v _77_/D (sky130_fd_sc_hd__dfxtp_1)
                                  1.32   data arrival time

                         10.00   10.00   clock core_clock (rise edge)
                          0.00   10.00   clock source latency
     1    0.03    0.00    0.00   10.00 ^ clk (in)
                                         clk (net)
                  0.00    0.00   10.00 ^ clkbuf_0_clk/A (sky130_fd_sc_hd__clkbuf_16)
     2    0.02    0.03    0.08   10.08 ^ clkbuf_0_clk/X (sky130_fd_sc_hd__clkbuf_16)
                                         clknet_0_clk (net)
                  0.03    0.00   10.08 ^ clkbuf_1_0__f_clk/A (sky130_fd_sc_hd__clkbuf_16)
     6    0.03    0.04    0.09   10.17 ^ clkbuf_1_0__f_clk/X (sky130_fd_sc_hd__clkbuf_16)
                                         clknet_1_0__leaf_clk (net)
                  0.04    0.00   10.18 ^ _77_/CLK (sky130_fd_sc_hd__dfxtp_1)
                          0.00   10.18   clock reconvergence pessimism
                         -0.07   10.10   library setup time
                                 10.10   data required time
-----------------------------------------------------------------------------
                                 10.10   data required time
                                 -1.32   data arrival time
-----------------------------------------------------------------------------
                                  8.79   slack (MET)


Startpoint: _72_ (rising edge-triggered flip-flop clocked by core_clock)
Endpoint: _76_ (rising edge-triggered flip-flop clocked by core_clock)
Path Group: core_clock
Path Type: max
Corner: Fastest

Fanout     Cap    Slew   Delay    Time   Description
-----------------------------------------------------------------------------
                          0.00    0.00   clock core_clock (rise edge)
                          0.00    0.00   clock source latency
     1    0.03    0.00    0.00    0.00 ^ clk (in)
                                         clk (net)
                  0.00    0.00    0.00 ^ clkbuf_0_clk/A (sky130_fd_sc_hd__clkbuf_16)
     2    0.02    0.03    0.08    0.08 ^ clkbuf_0_clk/X (sky130_fd_sc_hd__clkbuf_16)
                                         clknet_0_clk (net)
                  0.03    0.00    0.08 ^ clkbuf_1_0__f_clk/A (sky130_fd_sc_hd__clkbuf_16)
     6    0.03    0.04    0.09    0.17 ^ clkbuf_1_0__f_clk/X (sky130_fd_sc_hd__clkbuf_16)
                                         clknet_1_0__leaf_clk (net)
                  0.04    0.00    0.18 ^ _72_/CLK (sky130_fd_sc_hd__dfxtp_2)
     3    0.04    0.17    0.30    0.47 ^ _72_/Q (sky130_fd_sc_hd__dfxtp_2)
                                         display_inst.clk_div[2] (net)
                  0.17    0.00    0.48 ^ _52_/C (sky130_fd_sc_hd__and4_1)
     1    0.01    0.11    0.18    0.66 ^ _52_/X (sky130_fd_sc_hd__and4_1)
                                         _21_ (net)
                  0.11    0.00    0.66 ^ _53_/A (sky130_fd_sc_hd__buf_4)
     7    0.09    0.18    0.19    0.85 ^ _53_/X (sky130_fd_sc_hd__buf_4)
                                         _22_ (net)
                  0.19    0.02    0.87 ^ _57_/C (sky130_fd_sc_hd__and3_2)
     3    0.05    0.18    0.24    1.11 ^ _57_/X (sky130_fd_sc_hd__and3_2)
                                         _24_ (net)
                  0.19    0.01    1.12 ^ _60_/B (sky130_fd_sc_hd__xor2_1)
     1    0.01    0.19    0.17    1.29 ^ _60_/X (sky130_fd_sc_hd__xor2_1)
                                         _06_ (net)
                  0.19    0.00    1.29 ^ _76_/D (sky130_fd_sc_hd__dfxtp_2)
                                  1.29   data arrival time

                         10.00   10.00   clock core_clock (rise edge)
                          0.00   10.00   clock source latency
     1    0.03    0.00    0.00   10.00 ^ clk (in)
                                         clk (net)
                  0.00    0.00   10.00 ^ clkbuf_0_clk/A (sky130_fd_sc_hd__clkbuf_16)
     2    0.02    0.03    0.08   10.08 ^ clkbuf_0_clk/X (sky130_fd_sc_hd__clkbuf_16)
                                         clknet_0_clk (net)
                  0.03    0.00   10.08 ^ clkbuf_1_1__f_clk/A (sky130_fd_sc_hd__clkbuf_16)
     4    0.04    0.05    0.10   10.18 ^ clkbuf_1_1__f_clk/X (sky130_fd_sc_hd__clkbuf_16)
                                         clknet_1_1__leaf_clk (net)
                  0.05    0.00   10.18 ^ _76_/CLK (sky130_fd_sc_hd__dfxtp_2)
                          0.00   10.18   clock reconvergence pessimism
                         -0.05   10.14   library setup time
                                 10.14   data required time
-----------------------------------------------------------------------------
                                 10.14   data required time
                                 -1.29   data arrival time
-----------------------------------------------------------------------------
                                  8.84   slack (MET)


Startpoint: _72_ (rising edge-triggered flip-flop clocked by core_clock)
Endpoint: _75_ (rising edge-triggered flip-flop clocked by core_clock)
Path Group: core_clock
Path Type: max
Corner: Fastest

Fanout     Cap    Slew   Delay    Time   Description
-----------------------------------------------------------------------------
                          0.00    0.00   clock core_clock (rise edge)
                          0.00    0.00   clock source latency
     1    0.03    0.00    0.00    0.00 ^ clk (in)
                                         clk (net)
                  0.00    0.00    0.00 ^ clkbuf_0_clk/A (sky130_fd_sc_hd__clkbuf_16)
     2    0.02    0.03    0.08    0.08 ^ clkbuf_0_clk/X (sky130_fd_sc_hd__clkbuf_16)
                                         clknet_0_clk (net)
                  0.03    0.00    0.08 ^ clkbuf_1_0__f_clk/A (sky130_fd_sc_hd__clkbuf_16)
     6    0.03    0.04    0.09    0.17 ^ clkbuf_1_0__f_clk/X (sky130_fd_sc_hd__clkbuf_16)
                                         clknet_1_0__leaf_clk (net)
                  0.04    0.00    0.18 ^ _72_/CLK (sky130_fd_sc_hd__dfxtp_2)
     3    0.04    0.17    0.30    0.47 ^ _72_/Q (sky130_fd_sc_hd__dfxtp_2)
                                         display_inst.clk_div[2] (net)
                  0.17    0.00    0.48 ^ _52_/C (sky130_fd_sc_hd__and4_1)
     1    0.01    0.11    0.18    0.66 ^ _52_/X (sky130_fd_sc_hd__and4_1)
                                         _21_ (net)
                  0.11    0.00    0.66 ^ _53_/A (sky130_fd_sc_hd__buf_4)
     7    0.09    0.18    0.19    0.85 ^ _53_/X (sky130_fd_sc_hd__buf_4)
                                         _22_ (net)
                  0.19    0.02    0.87 ^ _57_/C (sky130_fd_sc_hd__and3_2)
     3    0.05    0.18    0.24    1.11 ^ _57_/X (sky130_fd_sc_hd__and3_2)
                                         _24_ (net)
                  0.19    0.01    1.12 ^ _59_/A (sky130_fd_sc_hd__nor2_1)
     1    0.02    0.09    0.09    1.21 v _59_/Y (sky130_fd_sc_hd__nor2_1)
                                         _05_ (net)
                  0.09    0.00    1.21 v _75_/D (sky130_fd_sc_hd__dfxtp_2)
                                  1.21   data arrival time

                         10.00   10.00   clock core_clock (rise edge)
                          0.00   10.00   clock source latency
     1    0.03    0.00    0.00   10.00 ^ clk (in)
                                         clk (net)
                  0.00    0.00   10.00 ^ clkbuf_0_clk/A (sky130_fd_sc_hd__clkbuf_16)
     2    0.02    0.03    0.08   10.08 ^ clkbuf_0_clk/X (sky130_fd_sc_hd__clkbuf_16)
                                         clknet_0_clk (net)
                  0.03    0.00   10.08 ^ clkbuf_1_0__f_clk/A (sky130_fd_sc_hd__clkbuf_16)
     6    0.03    0.04    0.09   10.17 ^ clkbuf_1_0__f_clk/X (sky130_fd_sc_hd__clkbuf_16)
                                         clknet_1_0__leaf_clk (net)
                  0.04    0.00   10.18 ^ _75_/CLK (sky130_fd_sc_hd__dfxtp_2)
                          0.00   10.18   clock reconvergence pessimism
                         -0.09   10.08   library setup time
                                 10.08   data required time
-----------------------------------------------------------------------------
                                 10.08   data required time
                                 -1.21   data arrival time
-----------------------------------------------------------------------------
                                  8.87   slack (MET)


Startpoint: _72_ (rising edge-triggered flip-flop clocked by core_clock)
Endpoint: _78_ (rising edge-triggered flip-flop clocked by core_clock)
Path Group: core_clock
Path Type: max
Corner: Fastest

Fanout     Cap    Slew   Delay    Time   Description
-----------------------------------------------------------------------------
                          0.00    0.00   clock core_clock (rise edge)
                          0.00    0.00   clock source latency
     1    0.03    0.00    0.00    0.00 ^ clk (in)
                                         clk (net)
                  0.00    0.00    0.00 ^ clkbuf_0_clk/A (sky130_fd_sc_hd__clkbuf_16)
     2    0.02    0.03    0.08    0.08 ^ clkbuf_0_clk/X (sky130_fd_sc_hd__clkbuf_16)
                                         clknet_0_clk (net)
                  0.03    0.00    0.08 ^ clkbuf_1_0__f_clk/A (sky130_fd_sc_hd__clkbuf_16)
     6    0.03    0.04    0.09    0.17 ^ clkbuf_1_0__f_clk/X (sky130_fd_sc_hd__clkbuf_16)
                                         clknet_1_0__leaf_clk (net)
                  0.04    0.00    0.18 ^ _72_/CLK (sky130_fd_sc_hd__dfxtp_2)
     3    0.04    0.17    0.30    0.47 ^ _72_/Q (sky130_fd_sc_hd__dfxtp_2)
                                         display_inst.clk_div[2] (net)
                  0.17    0.00    0.48 ^ _52_/C (sky130_fd_sc_hd__and4_1)
     1    0.01    0.11    0.18    0.66 ^ _52_/X (sky130_fd_sc_hd__and4_1)
                                         _21_ (net)
                  0.11    0.00    0.66 ^ _53_/A (sky130_fd_sc_hd__buf_4)
     7    0.09    0.18    0.19    0.85 ^ _53_/X (sky130_fd_sc_hd__buf_4)
                                         _22_ (net)
                  0.19    0.01    0.86 ^ _62_/C (sky130_fd_sc_hd__and4_2)
     2    0.03    0.12    0.22    1.08 ^ _62_/X (sky130_fd_sc_hd__and4_2)
                                         _27_ (net)
                  0.12    0.00    1.08 ^ _66_/B (sky130_fd_sc_hd__xor2_1)
     1    0.01    0.18    0.17    1.25 ^ _66_/X (sky130_fd_sc_hd__xor2_1)
                                         _08_ (net)
                  0.18    0.00    1.25 ^ _78_/D (sky130_fd_sc_hd__dfxtp_2)
                                  1.25   data arrival time

                         10.00   10.00   clock core_clock (rise edge)
                          0.00   10.00   clock source latency
     1    0.03    0.00    0.00   10.00 ^ clk (in)
                                         clk (net)
                  0.00    0.00   10.00 ^ clkbuf_0_clk/A (sky130_fd_sc_hd__clkbuf_16)
     2    0.02    0.03    0.08   10.08 ^ clkbuf_0_clk/X (sky130_fd_sc_hd__clkbuf_16)
                                         clknet_0_clk (net)
                  0.03    0.00   10.08 ^ clkbuf_1_0__f_clk/A (sky130_fd_sc_hd__clkbuf_16)
     6    0.03    0.04    0.09   10.17 ^ clkbuf_1_0__f_clk/X (sky130_fd_sc_hd__clkbuf_16)
                                         clknet_1_0__leaf_clk (net)
                  0.04    0.00   10.18 ^ _78_/CLK (sky130_fd_sc_hd__dfxtp_2)
                          0.00   10.18   clock reconvergence pessimism
                         -0.05   10.13   library setup time
                                 10.13   data required time
-----------------------------------------------------------------------------
                                 10.13   data required time
                                 -1.25   data arrival time
-----------------------------------------------------------------------------
                                  8.88   slack (MET)


Startpoint: _72_ (rising edge-triggered flip-flop clocked by core_clock)
Endpoint: _74_ (rising edge-triggered flip-flop clocked by core_clock)
Path Group: core_clock
Path Type: max
Corner: Fastest

Fanout     Cap    Slew   Delay    Time   Description
-----------------------------------------------------------------------------
                          0.00    0.00   clock core_clock (rise edge)
                          0.00    0.00   clock source latency
     1    0.03    0.00    0.00    0.00 ^ clk (in)
                                         clk (net)
                  0.00    0.00    0.00 ^ clkbuf_0_clk/A (sky130_fd_sc_hd__clkbuf_16)
     2    0.02    0.03    0.08    0.08 ^ clkbuf_0_clk/X (sky130_fd_sc_hd__clkbuf_16)
                                         clknet_0_clk (net)
                  0.03    0.00    0.08 ^ clkbuf_1_0__f_clk/A (sky130_fd_sc_hd__clkbuf_16)
     6    0.03    0.04    0.09    0.17 ^ clkbuf_1_0__f_clk/X (sky130_fd_sc_hd__clkbuf_16)
                                         clknet_1_0__leaf_clk (net)
                  0.04    0.00    0.18 ^ _72_/CLK (sky130_fd_sc_hd__dfxtp_2)
     3    0.04    0.17    0.30    0.47 ^ _72_/Q (sky130_fd_sc_hd__dfxtp_2)
                                         display_inst.clk_div[2] (net)
                  0.17    0.00    0.48 ^ _52_/C (sky130_fd_sc_hd__and4_1)
     1    0.01    0.11    0.18    0.66 ^ _52_/X (sky130_fd_sc_hd__and4_1)
                                         _21_ (net)
                  0.11    0.00    0.66 ^ _53_/A (sky130_fd_sc_hd__buf_4)
     7    0.09    0.18    0.19    0.85 ^ _53_/X (sky130_fd_sc_hd__buf_4)
                                         _22_ (net)
                  0.18    0.01    0.86 ^ _56_/B (sky130_fd_sc_hd__xor2_2)
     2    0.03    0.25    0.21    1.06 ^ _56_/X (sky130_fd_sc_hd__xor2_2)
                                         _04_ (net)
                  0.25    0.00    1.07 ^ _74_/D (sky130_fd_sc_hd__dfxtp_4)
                                  1.07   data arrival time

                         10.00   10.00   clock core_clock (rise edge)
                          0.00   10.00   clock source latency
     1    0.03    0.00    0.00   10.00 ^ clk (in)
                                         clk (net)
                  0.00    0.00   10.00 ^ clkbuf_0_clk/A (sky130_fd_sc_hd__clkbuf_16)
     2    0.02    0.03    0.08   10.08 ^ clkbuf_0_clk/X (sky130_fd_sc_hd__clkbuf_16)
                                         clknet_0_clk (net)
                  0.03    0.00   10.08 ^ clkbuf_1_1__f_clk/A (sky130_fd_sc_hd__clkbuf_16)
     4    0.04    0.05    0.10   10.18 ^ clkbuf_1_1__f_clk/X (sky130_fd_sc_hd__clkbuf_16)
                                         clknet_1_1__leaf_clk (net)
                  0.05    0.00   10.18 ^ _74_/CLK (sky130_fd_sc_hd__dfxtp_4)
                          0.00   10.18   clock reconvergence pessimism
                         -0.05   10.13   library setup time
                                 10.13   data required time
-----------------------------------------------------------------------------
                                 10.13   data required time
                                 -1.07   data arrival time
-----------------------------------------------------------------------------
                                  9.06   slack (MET)


Startpoint: _73_ (rising edge-triggered flip-flop clocked by core_clock)
Endpoint: _73_ (rising edge-triggered flip-flop clocked by core_clock)
Path Group: core_clock
Path Type: max
Corner: Fastest

Fanout     Cap    Slew   Delay    Time   Description
-----------------------------------------------------------------------------
                          0.00    0.00   clock core_clock (rise edge)
                          0.00    0.00   clock source latency
     1    0.03    0.00    0.00    0.00 ^ clk (in)
                                         clk (net)
                  0.00    0.00    0.00 ^ clkbuf_0_clk/A (sky130_fd_sc_hd__clkbuf_16)
     2    0.02    0.03    0.08    0.08 ^ clkbuf_0_clk/X (sky130_fd_sc_hd__clkbuf_16)
                                         clknet_0_clk (net)
                  0.03    0.00    0.08 ^ clkbuf_1_1__f_clk/A (sky130_fd_sc_hd__clkbuf_16)
     4    0.04    0.05    0.10    0.18 ^ clkbuf_1_1__f_clk/X (sky130_fd_sc_hd__clkbuf_16)
                                         clknet_1_1__leaf_clk (net)
                  0.05    0.00    0.18 ^ _73_/CLK (sky130_fd_sc_hd__dfxtp_2)
     2    0.04    0.07    0.25    0.43 v _73_/Q (sky130_fd_sc_hd__dfxtp_2)
                                         display_inst.clk_div[3] (net)
                  0.07    0.00    0.43 v _52_/D (sky130_fd_sc_hd__and4_1)
     1    0.01    0.06    0.18    0.61 v _52_/X (sky130_fd_sc_hd__and4_1)
                                         _21_ (net)
                  0.06    0.00    0.61 v _53_/A (sky130_fd_sc_hd__buf_4)
     7    0.09    0.08    0.15    0.76 v _53_/X (sky130_fd_sc_hd__buf_4)
                                         _22_ (net)
                  0.09    0.02    0.78 v _55_/A (sky130_fd_sc_hd__nor2_2)
     2    0.03    0.24    0.23    1.01 ^ _55_/Y (sky130_fd_sc_hd__nor2_2)
                                         _03_ (net)
                  0.24    0.01    1.01 ^ _73_/D (sky130_fd_sc_hd__dfxtp_2)
                                  1.01   data arrival time

                         10.00   10.00   clock core_clock (rise edge)
                          0.00   10.00   clock source latency
     1    0.03    0.00    0.00   10.00 ^ clk (in)
                                         clk (net)
                  0.00    0.00   10.00 ^ clkbuf_0_clk/A (sky130_fd_sc_hd__clkbuf_16)
     2    0.02    0.03    0.08   10.08 ^ clkbuf_0_clk/X (sky130_fd_sc_hd__clkbuf_16)
                                         clknet_0_clk (net)
                  0.03    0.00   10.08 ^ clkbuf_1_1__f_clk/A (sky130_fd_sc_hd__clkbuf_16)
     4    0.04    0.05    0.10   10.18 ^ clkbuf_1_1__f_clk/X (sky130_fd_sc_hd__clkbuf_16)
                                         clknet_1_1__leaf_clk (net)
                  0.05    0.00   10.18 ^ _73_/CLK (sky130_fd_sc_hd__dfxtp_2)
                          0.00   10.18   clock reconvergence pessimism
                         -0.05   10.13   library setup time
                                 10.13   data required time
-----------------------------------------------------------------------------
                                 10.13   data required time
                                 -1.01   data arrival time
-----------------------------------------------------------------------------
                                  9.11   slack (MET)


Startpoint: _72_ (rising edge-triggered flip-flop clocked by core_clock)
Endpoint: _72_ (rising edge-triggered flip-flop clocked by core_clock)
Path Group: core_clock
Path Type: max
Corner: Fastest

Fanout     Cap    Slew   Delay    Time   Description
-----------------------------------------------------------------------------
                          0.00    0.00   clock core_clock (rise edge)
                          0.00    0.00   clock source latency
     1    0.03    0.00    0.00    0.00 ^ clk (in)
                                         clk (net)
                  0.00    0.00    0.00 ^ clkbuf_0_clk/A (sky130_fd_sc_hd__clkbuf_16)
     2    0.02    0.03    0.08    0.08 ^ clkbuf_0_clk/X (sky130_fd_sc_hd__clkbuf_16)
                                         clknet_0_clk (net)
                  0.03    0.00    0.08 ^ clkbuf_1_0__f_clk/A (sky130_fd_sc_hd__clkbuf_16)
     6    0.03    0.04    0.09    0.17 ^ clkbuf_1_0__f_clk/X (sky130_fd_sc_hd__clkbuf_16)
                                         clknet_1_0__leaf_clk (net)
                  0.04    0.00    0.18 ^ _72_/CLK (sky130_fd_sc_hd__dfxtp_2)
     3    0.04    0.08    0.25    0.43 v _72_/Q (sky130_fd_sc_hd__dfxtp_2)
                                         display_inst.clk_div[2] (net)
                  0.08    0.00    0.43 v _49_/C (sky130_fd_sc_hd__and3_1)
     2    0.02    0.09    0.19    0.62 v _49_/X (sky130_fd_sc_hd__and3_1)
                                         _19_ (net)
                  0.09    0.00    0.62 v _51_/A (sky130_fd_sc_hd__nor2_2)
     1    0.04    0.30    0.26    0.88 ^ _51_/Y (sky130_fd_sc_hd__nor2_2)
                                         _02_ (net)
                  0.30    0.01    0.89 ^ _72_/D (sky130_fd_sc_hd__dfxtp_2)
                                  0.89   data arrival time

                         10.00   10.00   clock core_clock (rise edge)
                          0.00   10.00   clock source latency
     1    0.03    0.00    0.00   10.00 ^ clk (in)
                                         clk (net)
                  0.00    0.00   10.00 ^ clkbuf_0_clk/A (sky130_fd_sc_hd__clkbuf_16)
     2    0.02    0.03    0.08   10.08 ^ clkbuf_0_clk/X (sky130_fd_sc_hd__clkbuf_16)
                                         clknet_0_clk (net)
                  0.03    0.00   10.08 ^ clkbuf_1_0__f_clk/A (sky130_fd_sc_hd__clkbuf_16)
     6    0.03    0.04    0.09   10.17 ^ clkbuf_1_0__f_clk/X (sky130_fd_sc_hd__clkbuf_16)
                                         clknet_1_0__leaf_clk (net)
                  0.04    0.00   10.18 ^ _72_/CLK (sky130_fd_sc_hd__dfxtp_2)
                          0.00   10.18   clock reconvergence pessimism
                         -0.06   10.12   library setup time
                                 10.12   data required time
-----------------------------------------------------------------------------
                                 10.12   data required time
                                 -0.89   data arrival time
-----------------------------------------------------------------------------
                                  9.23   slack (MET)


Startpoint: _70_ (rising edge-triggered flip-flop clocked by core_clock)
Endpoint: _71_ (rising edge-triggered flip-flop clocked by core_clock)
Path Group: core_clock
Path Type: max
Corner: Fastest

Fanout     Cap    Slew   Delay    Time   Description
-----------------------------------------------------------------------------
                          0.00    0.00   clock core_clock (rise edge)
                          0.00    0.00   clock source latency
     1    0.03    0.00    0.00    0.00 ^ clk (in)
                                         clk (net)
                  0.00    0.00    0.00 ^ clkbuf_0_clk/A (sky130_fd_sc_hd__clkbuf_16)
     2    0.02    0.03    0.08    0.08 ^ clkbuf_0_clk/X (sky130_fd_sc_hd__clkbuf_16)
                                         clknet_0_clk (net)
                  0.03    0.00    0.08 ^ clkbuf_1_0__f_clk/A (sky130_fd_sc_hd__clkbuf_16)
     6    0.03    0.04    0.09    0.17 ^ clkbuf_1_0__f_clk/X (sky130_fd_sc_hd__clkbuf_16)
                                         clknet_1_0__leaf_clk (net)
                  0.04    0.00    0.18 ^ _70_/CLK (sky130_fd_sc_hd__dfxtp_4)
     6    0.06    0.07    0.26    0.44 v _70_/Q (sky130_fd_sc_hd__dfxtp_4)
                                         display_inst.clk_div[0] (net)
                  0.08    0.01    0.45 v _48_/A (sky130_fd_sc_hd__xor2_2)
     2    0.02    0.20    0.21    0.65 ^ _48_/X (sky130_fd_sc_hd__xor2_2)
                                         _01_ (net)
                  0.20    0.00    0.65 ^ _71_/D (sky130_fd_sc_hd__dfxtp_4)
                                  0.65   data arrival time

                         10.00   10.00   clock core_clock (rise edge)
                          0.00   10.00   clock source latency
     1    0.03    0.00    0.00   10.00 ^ clk (in)
                                         clk (net)
                  0.00    0.00   10.00 ^ clkbuf_0_clk/A (sky130_fd_sc_hd__clkbuf_16)
     2    0.02    0.03    0.08   10.08 ^ clkbuf_0_clk/X (sky130_fd_sc_hd__clkbuf_16)
                                         clknet_0_clk (net)
                  0.03    0.00   10.08 ^ clkbuf_1_0__f_clk/A (sky130_fd_sc_hd__clkbuf_16)
     6    0.03    0.04    0.09   10.17 ^ clkbuf_1_0__f_clk/X (sky130_fd_sc_hd__clkbuf_16)
                                         clknet_1_0__leaf_clk (net)
                  0.04    0.00   10.18 ^ _71_/CLK (sky130_fd_sc_hd__dfxtp_4)
                          0.00   10.18   clock reconvergence pessimism
                         -0.05   10.13   library setup time
                                 10.13   data required time
-----------------------------------------------------------------------------
                                 10.13   data required time
                                 -0.65   data arrival time
-----------------------------------------------------------------------------
                                  9.47   slack (MET)


Startpoint: _70_ (rising edge-triggered flip-flop clocked by core_clock)
Endpoint: _70_ (rising edge-triggered flip-flop clocked by core_clock)
Path Group: core_clock
Path Type: max
Corner: Fastest

Fanout     Cap    Slew   Delay    Time   Description
-----------------------------------------------------------------------------
                          0.00    0.00   clock core_clock (rise edge)
                          0.00    0.00   clock source latency
     1    0.03    0.00    0.00    0.00 ^ clk (in)
                                         clk (net)
                  0.00    0.00    0.00 ^ clkbuf_0_clk/A (sky130_fd_sc_hd__clkbuf_16)
     2    0.02    0.03    0.08    0.08 ^ clkbuf_0_clk/X (sky130_fd_sc_hd__clkbuf_16)
                                         clknet_0_clk (net)
                  0.03    0.00    0.08 ^ clkbuf_1_0__f_clk/A (sky130_fd_sc_hd__clkbuf_16)
     6    0.03    0.04    0.09    0.17 ^ clkbuf_1_0__f_clk/X (sky130_fd_sc_hd__clkbuf_16)
                                         clknet_1_0__leaf_clk (net)
                  0.04    0.00    0.18 ^ _70_/CLK (sky130_fd_sc_hd__dfxtp_4)
     6    0.06    0.14    0.29    0.47 ^ _70_/Q (sky130_fd_sc_hd__dfxtp_4)
                                         display_inst.clk_div[0] (net)
                  0.14    0.01    0.47 ^ _47_/A (sky130_fd_sc_hd__inv_2)
     1    0.01    0.04    0.04    0.51 v _47_/Y (sky130_fd_sc_hd__inv_2)
                                         _00_ (net)
                  0.04    0.00    0.51 v _70_/D (sky130_fd_sc_hd__dfxtp_4)
                                  0.51   data arrival time

                         10.00   10.00   clock core_clock (rise edge)
                          0.00   10.00   clock source latency
     1    0.03    0.00    0.00   10.00 ^ clk (in)
                                         clk (net)
                  0.00    0.00   10.00 ^ clkbuf_0_clk/A (sky130_fd_sc_hd__clkbuf_16)
     2    0.02    0.03    0.08   10.08 ^ clkbuf_0_clk/X (sky130_fd_sc_hd__clkbuf_16)
                                         clknet_0_clk (net)
                  0.03    0.00   10.08 ^ clkbuf_1_0__f_clk/A (sky130_fd_sc_hd__clkbuf_16)
     6    0.03    0.04    0.09   10.17 ^ clkbuf_1_0__f_clk/X (sky130_fd_sc_hd__clkbuf_16)
                                         clknet_1_0__leaf_clk (net)
                  0.04    0.00   10.18 ^ _70_/CLK (sky130_fd_sc_hd__dfxtp_4)
                          0.00   10.18   clock reconvergence pessimism
                         -0.07   10.10   library setup time
                                 10.10   data required time
-----------------------------------------------------------------------------
                                 10.10   data required time
                                 -0.51   data arrival time
-----------------------------------------------------------------------------
                                  9.59   slack (MET)



worst slack corner Fastest: 8.7894
======================= Slowest Corner ===================================

Startpoint: _72_ (rising edge-triggered flip-flop clocked by core_clock)
Endpoint: _77_ (rising edge-triggered flip-flop clocked by core_clock)
Path Group: core_clock
Path Type: max
Corner: Slowest

Fanout     Cap    Slew   Delay    Time   Description
-----------------------------------------------------------------------------
                          0.00    0.00   clock core_clock (rise edge)
                          0.00    0.00   clock source latency
     1    0.03    0.00    0.00    0.00 ^ clk (in)
                                         clk (net)
                  0.00    0.00    0.00 ^ clkbuf_0_clk/A (sky130_fd_sc_hd__clkbuf_16)
     2    0.02    0.07    0.20    0.20 ^ clkbuf_0_clk/X (sky130_fd_sc_hd__clkbuf_16)
                                         clknet_0_clk (net)
                  0.07    0.00    0.20 ^ clkbuf_1_0__f_clk/A (sky130_fd_sc_hd__clkbuf_16)
     6    0.03    0.08    0.24    0.44 ^ clkbuf_1_0__f_clk/X (sky130_fd_sc_hd__clkbuf_16)
                                         clknet_1_0__leaf_clk (net)
                  0.08    0.00    0.44 ^ _72_/CLK (sky130_fd_sc_hd__dfxtp_2)
     3    0.04    0.36    0.88    1.31 ^ _72_/Q (sky130_fd_sc_hd__dfxtp_2)
                                         display_inst.clk_div[2] (net)
                  0.36    0.00    1.32 ^ _52_/C (sky130_fd_sc_hd__and4_1)
     1    0.01    0.25    0.62    1.94 ^ _52_/X (sky130_fd_sc_hd__and4_1)
                                         _21_ (net)
                  0.25    0.00    1.94 ^ _53_/A (sky130_fd_sc_hd__buf_4)
     7    0.09    0.39    0.51    2.46 ^ _53_/X (sky130_fd_sc_hd__buf_4)
                                         _22_ (net)
                  0.39    0.01    2.47 ^ _62_/C (sky130_fd_sc_hd__and4_2)
     2    0.03    0.28    0.75    3.22 ^ _62_/X (sky130_fd_sc_hd__and4_2)
                                         _27_ (net)
                  0.28    0.00    3.22 ^ _64_/A_N (sky130_fd_sc_hd__and2b_1)
     1    0.01    0.15    0.52    3.74 v _64_/X (sky130_fd_sc_hd__and2b_1)
                                         _29_ (net)
                  0.15    0.00    3.74 v _65_/A (sky130_fd_sc_hd__clkbuf_1)
     1    0.01    0.11    0.25    3.99 v _65_/X (sky130_fd_sc_hd__clkbuf_1)
                                         _07_ (net)
                  0.11    0.00    3.99 v _77_/D (sky130_fd_sc_hd__dfxtp_1)
                                  3.99   data arrival time

                         10.00   10.00   clock core_clock (rise edge)
                          0.00   10.00   clock source latency
     1    0.03    0.00    0.00   10.00 ^ clk (in)
                                         clk (net)
                  0.00    0.00   10.00 ^ clkbuf_0_clk/A (sky130_fd_sc_hd__clkbuf_16)
     2    0.02    0.07    0.20   10.20 ^ clkbuf_0_clk/X (sky130_fd_sc_hd__clkbuf_16)
                                         clknet_0_clk (net)
                  0.07    0.00   10.20 ^ clkbuf_1_0__f_clk/A (sky130_fd_sc_hd__clkbuf_16)
     6    0.03    0.08    0.24   10.44 ^ clkbuf_1_0__f_clk/X (sky130_fd_sc_hd__clkbuf_16)
                                         clknet_1_0__leaf_clk (net)
                  0.08    0.00   10.44 ^ _77_/CLK (sky130_fd_sc_hd__dfxtp_1)
                          0.00   10.44   clock reconvergence pessimism
                         -0.28   10.16   library setup time
                                 10.16   data required time
-----------------------------------------------------------------------------
                                 10.16   data required time
                                 -3.99   data arrival time
-----------------------------------------------------------------------------
                                  6.17   slack (MET)


Startpoint: _72_ (rising edge-triggered flip-flop clocked by core_clock)
Endpoint: _76_ (rising edge-triggered flip-flop clocked by core_clock)
Path Group: core_clock
Path Type: max
Corner: Slowest

Fanout     Cap    Slew   Delay    Time   Description
-----------------------------------------------------------------------------
                          0.00    0.00   clock core_clock (rise edge)
                          0.00    0.00   clock source latency
     1    0.03    0.00    0.00    0.00 ^ clk (in)
                                         clk (net)
                  0.00    0.00    0.00 ^ clkbuf_0_clk/A (sky130_fd_sc_hd__clkbuf_16)
     2    0.02    0.07    0.20    0.20 ^ clkbuf_0_clk/X (sky130_fd_sc_hd__clkbuf_16)
                                         clknet_0_clk (net)
                  0.07    0.00    0.20 ^ clkbuf_1_0__f_clk/A (sky130_fd_sc_hd__clkbuf_16)
     6    0.03    0.08    0.24    0.44 ^ clkbuf_1_0__f_clk/X (sky130_fd_sc_hd__clkbuf_16)
                                         clknet_1_0__leaf_clk (net)
                  0.08    0.00    0.44 ^ _72_/CLK (sky130_fd_sc_hd__dfxtp_2)
     3    0.04    0.36    0.88    1.31 ^ _72_/Q (sky130_fd_sc_hd__dfxtp_2)
                                         display_inst.clk_div[2] (net)
                  0.36    0.00    1.32 ^ _52_/C (sky130_fd_sc_hd__and4_1)
     1    0.01    0.25    0.62    1.94 ^ _52_/X (sky130_fd_sc_hd__and4_1)
                                         _21_ (net)
                  0.25    0.00    1.94 ^ _53_/A (sky130_fd_sc_hd__buf_4)
     7    0.09    0.39    0.51    2.46 ^ _53_/X (sky130_fd_sc_hd__buf_4)
                                         _22_ (net)
                  0.39    0.02    2.48 ^ _57_/C (sky130_fd_sc_hd__and3_2)
     3    0.05    0.41    0.75    3.23 ^ _57_/X (sky130_fd_sc_hd__and3_2)
                                         _24_ (net)
                  0.41    0.01    3.23 ^ _60_/B (sky130_fd_sc_hd__xor2_1)
     1    0.01    0.42    0.53    3.77 ^ _60_/X (sky130_fd_sc_hd__xor2_1)
                                         _06_ (net)
                  0.42    0.00    3.77 ^ _76_/D (sky130_fd_sc_hd__dfxtp_2)
                                  3.77   data arrival time

                         10.00   10.00   clock core_clock (rise edge)
                          0.00   10.00   clock source latency
     1    0.03    0.00    0.00   10.00 ^ clk (in)
                                         clk (net)
                  0.00    0.00   10.00 ^ clkbuf_0_clk/A (sky130_fd_sc_hd__clkbuf_16)
     2    0.02    0.07    0.20   10.20 ^ clkbuf_0_clk/X (sky130_fd_sc_hd__clkbuf_16)
                                         clknet_0_clk (net)
                  0.07    0.00   10.20 ^ clkbuf_1_1__f_clk/A (sky130_fd_sc_hd__clkbuf_16)
     4    0.04    0.09    0.25   10.45 ^ clkbuf_1_1__f_clk/X (sky130_fd_sc_hd__clkbuf_16)
                                         clknet_1_1__leaf_clk (net)
                  0.10    0.00   10.45 ^ _76_/CLK (sky130_fd_sc_hd__dfxtp_2)
                          0.00   10.45   clock reconvergence pessimism
                         -0.23   10.22   library setup time
                                 10.22   data required time
-----------------------------------------------------------------------------
                                 10.22   data required time
                                 -3.77   data arrival time
-----------------------------------------------------------------------------
                                  6.45   slack (MET)


Startpoint: _72_ (rising edge-triggered flip-flop clocked by core_clock)
Endpoint: _78_ (rising edge-triggered flip-flop clocked by core_clock)
Path Group: core_clock
Path Type: max
Corner: Slowest

Fanout     Cap    Slew   Delay    Time   Description
-----------------------------------------------------------------------------
                          0.00    0.00   clock core_clock (rise edge)
                          0.00    0.00   clock source latency
     1    0.03    0.00    0.00    0.00 ^ clk (in)
                                         clk (net)
                  0.00    0.00    0.00 ^ clkbuf_0_clk/A (sky130_fd_sc_hd__clkbuf_16)
     2    0.02    0.07    0.20    0.20 ^ clkbuf_0_clk/X (sky130_fd_sc_hd__clkbuf_16)
                                         clknet_0_clk (net)
                  0.07    0.00    0.20 ^ clkbuf_1_0__f_clk/A (sky130_fd_sc_hd__clkbuf_16)
     6    0.03    0.08    0.24    0.44 ^ clkbuf_1_0__f_clk/X (sky130_fd_sc_hd__clkbuf_16)
                                         clknet_1_0__leaf_clk (net)
                  0.08    0.00    0.44 ^ _72_/CLK (sky130_fd_sc_hd__dfxtp_2)
     3    0.04    0.36    0.88    1.31 ^ _72_/Q (sky130_fd_sc_hd__dfxtp_2)
                                         display_inst.clk_div[2] (net)
                  0.36    0.00    1.32 ^ _52_/C (sky130_fd_sc_hd__and4_1)
     1    0.01    0.25    0.62    1.94 ^ _52_/X (sky130_fd_sc_hd__and4_1)
                                         _21_ (net)
                  0.25    0.00    1.94 ^ _53_/A (sky130_fd_sc_hd__buf_4)
     7    0.09    0.39    0.51    2.46 ^ _53_/X (sky130_fd_sc_hd__buf_4)
                                         _22_ (net)
                  0.39    0.01    2.47 ^ _62_/C (sky130_fd_sc_hd__and4_2)
     2    0.03    0.28    0.75    3.22 ^ _62_/X (sky130_fd_sc_hd__and4_2)
                                         _27_ (net)
                  0.28    0.00    3.22 ^ _66_/B (sky130_fd_sc_hd__xor2_1)
     1    0.01    0.41    0.49    3.71 ^ _66_/X (sky130_fd_sc_hd__xor2_1)
                                         _08_ (net)
                  0.41    0.00    3.71 ^ _78_/D (sky130_fd_sc_hd__dfxtp_2)
                                  3.71   data arrival time

                         10.00   10.00   clock core_clock (rise edge)
                          0.00   10.00   clock source latency
     1    0.03    0.00    0.00   10.00 ^ clk (in)
                                         clk (net)
                  0.00    0.00   10.00 ^ clkbuf_0_clk/A (sky130_fd_sc_hd__clkbuf_16)
     2    0.02    0.07    0.20   10.20 ^ clkbuf_0_clk/X (sky130_fd_sc_hd__clkbuf_16)
                                         clknet_0_clk (net)
                  0.07    0.00   10.20 ^ clkbuf_1_0__f_clk/A (sky130_fd_sc_hd__clkbuf_16)
     6    0.03    0.08    0.24   10.44 ^ clkbuf_1_0__f_clk/X (sky130_fd_sc_hd__clkbuf_16)
                                         clknet_1_0__leaf_clk (net)
                  0.08    0.00   10.44 ^ _78_/CLK (sky130_fd_sc_hd__dfxtp_2)
                          0.00   10.44   clock reconvergence pessimism
                         -0.23   10.21   library setup time
                                 10.21   data required time
-----------------------------------------------------------------------------
                                 10.21   data required time
                                 -3.71   data arrival time
-----------------------------------------------------------------------------
                                  6.50   slack (MET)


Startpoint: _72_ (rising edge-triggered flip-flop clocked by core_clock)
Endpoint: _75_ (rising edge-triggered flip-flop clocked by core_clock)
Path Group: core_clock
Path Type: max
Corner: Slowest

Fanout     Cap    Slew   Delay    Time   Description
-----------------------------------------------------------------------------
                          0.00    0.00   clock core_clock (rise edge)
                          0.00    0.00   clock source latency
     1    0.03    0.00    0.00    0.00 ^ clk (in)
                                         clk (net)
                  0.00    0.00    0.00 ^ clkbuf_0_clk/A (sky130_fd_sc_hd__clkbuf_16)
     2    0.02    0.07    0.20    0.20 ^ clkbuf_0_clk/X (sky130_fd_sc_hd__clkbuf_16)
                                         clknet_0_clk (net)
                  0.07    0.00    0.20 ^ clkbuf_1_0__f_clk/A (sky130_fd_sc_hd__clkbuf_16)
     6    0.03    0.08    0.24    0.44 ^ clkbuf_1_0__f_clk/X (sky130_fd_sc_hd__clkbuf_16)
                                         clknet_1_0__leaf_clk (net)
                  0.08    0.00    0.44 ^ _72_/CLK (sky130_fd_sc_hd__dfxtp_2)
     3    0.04    0.36    0.88    1.31 ^ _72_/Q (sky130_fd_sc_hd__dfxtp_2)
                                         display_inst.clk_div[2] (net)
                  0.36    0.00    1.32 ^ _52_/C (sky130_fd_sc_hd__and4_1)
     1    0.01    0.25    0.62    1.94 ^ _52_/X (sky130_fd_sc_hd__and4_1)
                                         _21_ (net)
                  0.25    0.00    1.94 ^ _53_/A (sky130_fd_sc_hd__buf_4)
     7    0.09    0.39    0.51    2.46 ^ _53_/X (sky130_fd_sc_hd__buf_4)
                                         _22_ (net)
                  0.39    0.02    2.48 ^ _57_/C (sky130_fd_sc_hd__and3_2)
     3    0.05    0.41    0.75    3.23 ^ _57_/X (sky130_fd_sc_hd__and3_2)
                                         _24_ (net)
                  0.41    0.01    3.24 ^ _59_/A (sky130_fd_sc_hd__nor2_1)
     1    0.02    0.20    0.32    3.55 v _59_/Y (sky130_fd_sc_hd__nor2_1)
                                         _05_ (net)
                  0.20    0.00    3.56 v _75_/D (sky130_fd_sc_hd__dfxtp_2)
                                  3.56   data arrival time

                         10.00   10.00   clock core_clock (rise edge)
                          0.00   10.00   clock source latency
     1    0.03    0.00    0.00   10.00 ^ clk (in)
                                         clk (net)
                  0.00    0.00   10.00 ^ clkbuf_0_clk/A (sky130_fd_sc_hd__clkbuf_16)
     2    0.02    0.07    0.20   10.20 ^ clkbuf_0_clk/X (sky130_fd_sc_hd__clkbuf_16)
                                         clknet_0_clk (net)
                  0.07    0.00   10.20 ^ clkbuf_1_0__f_clk/A (sky130_fd_sc_hd__clkbuf_16)
     6    0.03    0.08    0.24   10.44 ^ clkbuf_1_0__f_clk/X (sky130_fd_sc_hd__clkbuf_16)
                                         clknet_1_0__leaf_clk (net)
                  0.08    0.00   10.44 ^ _75_/CLK (sky130_fd_sc_hd__dfxtp_2)
                          0.00   10.44   clock reconvergence pessimism
                         -0.33   10.11   library setup time
                                 10.11   data required time
-----------------------------------------------------------------------------
                                 10.11   data required time
                                 -3.56   data arrival time
-----------------------------------------------------------------------------
                                  6.56   slack (MET)


Startpoint: _72_ (rising edge-triggered flip-flop clocked by core_clock)
Endpoint: _74_ (rising edge-triggered flip-flop clocked by core_clock)
Path Group: core_clock
Path Type: max
Corner: Slowest

Fanout     Cap    Slew   Delay    Time   Description
-----------------------------------------------------------------------------
                          0.00    0.00   clock core_clock (rise edge)
                          0.00    0.00   clock source latency
     1    0.03    0.00    0.00    0.00 ^ clk (in)
                                         clk (net)
                  0.00    0.00    0.00 ^ clkbuf_0_clk/A (sky130_fd_sc_hd__clkbuf_16)
     2    0.02    0.07    0.20    0.20 ^ clkbuf_0_clk/X (sky130_fd_sc_hd__clkbuf_16)
                                         clknet_0_clk (net)
                  0.07    0.00    0.20 ^ clkbuf_1_0__f_clk/A (sky130_fd_sc_hd__clkbuf_16)
     6    0.03    0.08    0.24    0.44 ^ clkbuf_1_0__f_clk/X (sky130_fd_sc_hd__clkbuf_16)
                                         clknet_1_0__leaf_clk (net)
                  0.08    0.00    0.44 ^ _72_/CLK (sky130_fd_sc_hd__dfxtp_2)
     3    0.04    0.36    0.88    1.31 ^ _72_/Q (sky130_fd_sc_hd__dfxtp_2)
                                         display_inst.clk_div[2] (net)
                  0.36    0.00    1.32 ^ _52_/C (sky130_fd_sc_hd__and4_1)
     1    0.01    0.25    0.62    1.94 ^ _52_/X (sky130_fd_sc_hd__and4_1)
                                         _21_ (net)
                  0.25    0.00    1.94 ^ _53_/A (sky130_fd_sc_hd__buf_4)
     7    0.09    0.39    0.51    2.46 ^ _53_/X (sky130_fd_sc_hd__buf_4)
                                         _22_ (net)
                  0.39    0.01    2.46 ^ _56_/B (sky130_fd_sc_hd__xor2_2)
     2    0.03    0.52    0.59    3.05 ^ _56_/X (sky130_fd_sc_hd__xor2_2)
                                         _04_ (net)
                  0.52    0.00    3.05 ^ _74_/D (sky130_fd_sc_hd__dfxtp_4)
                                  3.05   data arrival time

                         10.00   10.00   clock core_clock (rise edge)
                          0.00   10.00   clock source latency
     1    0.03    0.00    0.00   10.00 ^ clk (in)
                                         clk (net)
                  0.00    0.00   10.00 ^ clkbuf_0_clk/A (sky130_fd_sc_hd__clkbuf_16)
     2    0.02    0.07    0.20   10.20 ^ clkbuf_0_clk/X (sky130_fd_sc_hd__clkbuf_16)
                                         clknet_0_clk (net)
                  0.07    0.00   10.20 ^ clkbuf_1_1__f_clk/A (sky130_fd_sc_hd__clkbuf_16)
     4    0.04    0.09    0.25   10.45 ^ clkbuf_1_1__f_clk/X (sky130_fd_sc_hd__clkbuf_16)
                                         clknet_1_1__leaf_clk (net)
                  0.10    0.00   10.45 ^ _74_/CLK (sky130_fd_sc_hd__dfxtp_4)
                          0.00   10.45   clock reconvergence pessimism
                         -0.25   10.20   library setup time
                                 10.20   data required time
-----------------------------------------------------------------------------
                                 10.20   data required time
                                 -3.05   data arrival time
-----------------------------------------------------------------------------
                                  7.14   slack (MET)


Startpoint: _72_ (rising edge-triggered flip-flop clocked by core_clock)
Endpoint: _73_ (rising edge-triggered flip-flop clocked by core_clock)
Path Group: core_clock
Path Type: max
Corner: Slowest

Fanout     Cap    Slew   Delay    Time   Description
-----------------------------------------------------------------------------
                          0.00    0.00   clock core_clock (rise edge)
                          0.00    0.00   clock source latency
     1    0.03    0.00    0.00    0.00 ^ clk (in)
                                         clk (net)
                  0.00    0.00    0.00 ^ clkbuf_0_clk/A (sky130_fd_sc_hd__clkbuf_16)
     2    0.02    0.07    0.20    0.20 ^ clkbuf_0_clk/X (sky130_fd_sc_hd__clkbuf_16)
                                         clknet_0_clk (net)
                  0.07    0.00    0.20 ^ clkbuf_1_0__f_clk/A (sky130_fd_sc_hd__clkbuf_16)
     6    0.03    0.08    0.24    0.44 ^ clkbuf_1_0__f_clk/X (sky130_fd_sc_hd__clkbuf_16)
                                         clknet_1_0__leaf_clk (net)
                  0.08    0.00    0.44 ^ _72_/CLK (sky130_fd_sc_hd__dfxtp_2)
     3    0.04    0.36    0.88    1.31 ^ _72_/Q (sky130_fd_sc_hd__dfxtp_2)
                                         display_inst.clk_div[2] (net)
                  0.36    0.00    1.32 ^ _52_/C (sky130_fd_sc_hd__and4_1)
     1    0.01    0.25    0.62    1.94 ^ _52_/X (sky130_fd_sc_hd__and4_1)
                                         _21_ (net)
                  0.25    0.00    1.94 ^ _53_/A (sky130_fd_sc_hd__buf_4)
     7    0.09    0.39    0.51    2.46 ^ _53_/X (sky130_fd_sc_hd__buf_4)
                                         _22_ (net)
                  0.39    0.02    2.48 ^ _55_/A (sky130_fd_sc_hd__nor2_2)
     2    0.03    0.19    0.29    2.77 v _55_/Y (sky130_fd_sc_hd__nor2_2)
                                         _03_ (net)
                  0.19    0.01    2.78 v _73_/D (sky130_fd_sc_hd__dfxtp_2)
                                  2.78   data arrival time

                         10.00   10.00   clock core_clock (rise edge)
                          0.00   10.00   clock source latency
     1    0.03    0.00    0.00   10.00 ^ clk (in)
                                         clk (net)
                  0.00    0.00   10.00 ^ clkbuf_0_clk/A (sky130_fd_sc_hd__clkbuf_16)
     2    0.02    0.07    0.20   10.20 ^ clkbuf_0_clk/X (sky130_fd_sc_hd__clkbuf_16)
                                         clknet_0_clk (net)
                  0.07    0.00   10.20 ^ clkbuf_1_1__f_clk/A (sky130_fd_sc_hd__clkbuf_16)
     4    0.04    0.09    0.25   10.45 ^ clkbuf_1_1__f_clk/X (sky130_fd_sc_hd__clkbuf_16)
                                         clknet_1_1__leaf_clk (net)
                  0.10    0.00   10.45 ^ _73_/CLK (sky130_fd_sc_hd__dfxtp_2)
                          0.00   10.45   clock reconvergence pessimism
                         -0.32   10.13   library setup time
                                 10.13   data required time
-----------------------------------------------------------------------------
                                 10.13   data required time
                                 -2.78   data arrival time
-----------------------------------------------------------------------------
                                  7.36   slack (MET)


Startpoint: _72_ (rising edge-triggered flip-flop clocked by core_clock)
Endpoint: _72_ (rising edge-triggered flip-flop clocked by core_clock)
Path Group: core_clock
Path Type: max
Corner: Slowest

Fanout     Cap    Slew   Delay    Time   Description
-----------------------------------------------------------------------------
                          0.00    0.00   clock core_clock (rise edge)
                          0.00    0.00   clock source latency
     1    0.03    0.00    0.00    0.00 ^ clk (in)
                                         clk (net)
                  0.00    0.00    0.00 ^ clkbuf_0_clk/A (sky130_fd_sc_hd__clkbuf_16)
     2    0.02    0.07    0.20    0.20 ^ clkbuf_0_clk/X (sky130_fd_sc_hd__clkbuf_16)
                                         clknet_0_clk (net)
                  0.07    0.00    0.20 ^ clkbuf_1_0__f_clk/A (sky130_fd_sc_hd__clkbuf_16)
     6    0.03    0.08    0.24    0.44 ^ clkbuf_1_0__f_clk/X (sky130_fd_sc_hd__clkbuf_16)
                                         clknet_1_0__leaf_clk (net)
                  0.08    0.00    0.44 ^ _72_/CLK (sky130_fd_sc_hd__dfxtp_2)
     3    0.04    0.19    0.74    1.18 v _72_/Q (sky130_fd_sc_hd__dfxtp_2)
                                         display_inst.clk_div[2] (net)
                  0.19    0.00    1.19 v _49_/C (sky130_fd_sc_hd__and3_1)
     2    0.02    0.24    0.58    1.77 v _49_/X (sky130_fd_sc_hd__and3_1)
                                         _19_ (net)
                  0.24    0.00    1.77 v _51_/A (sky130_fd_sc_hd__nor2_2)
     1    0.04    0.67    0.65    2.42 ^ _51_/Y (sky130_fd_sc_hd__nor2_2)
                                         _02_ (net)
                  0.67    0.01    2.43 ^ _72_/D (sky130_fd_sc_hd__dfxtp_2)
                                  2.43   data arrival time

                         10.00   10.00   clock core_clock (rise edge)
                          0.00   10.00   clock source latency
     1    0.03    0.00    0.00   10.00 ^ clk (in)
                                         clk (net)
                  0.00    0.00   10.00 ^ clkbuf_0_clk/A (sky130_fd_sc_hd__clkbuf_16)
     2    0.02    0.07    0.20   10.20 ^ clkbuf_0_clk/X (sky130_fd_sc_hd__clkbuf_16)
                                         clknet_0_clk (net)
                  0.07    0.00   10.20 ^ clkbuf_1_0__f_clk/A (sky130_fd_sc_hd__clkbuf_16)
     6    0.03    0.08    0.24   10.44 ^ clkbuf_1_0__f_clk/X (sky130_fd_sc_hd__clkbuf_16)
                                         clknet_1_0__leaf_clk (net)
                  0.08    0.00   10.44 ^ _72_/CLK (sky130_fd_sc_hd__dfxtp_2)
                          0.00   10.44   clock reconvergence pessimism
                         -0.30   10.14   library setup time
                                 10.14   data required time
-----------------------------------------------------------------------------
                                 10.14   data required time
                                 -2.43   data arrival time
-----------------------------------------------------------------------------
                                  7.72   slack (MET)


Startpoint: _70_ (rising edge-triggered flip-flop clocked by core_clock)
Endpoint: _71_ (rising edge-triggered flip-flop clocked by core_clock)
Path Group: core_clock
Path Type: max
Corner: Slowest

Fanout     Cap    Slew   Delay    Time   Description
-----------------------------------------------------------------------------
                          0.00    0.00   clock core_clock (rise edge)
                          0.00    0.00   clock source latency
     1    0.03    0.00    0.00    0.00 ^ clk (in)
                                         clk (net)
                  0.00    0.00    0.00 ^ clkbuf_0_clk/A (sky130_fd_sc_hd__clkbuf_16)
     2    0.02    0.07    0.20    0.20 ^ clkbuf_0_clk/X (sky130_fd_sc_hd__clkbuf_16)
                                         clknet_0_clk (net)
                  0.07    0.00    0.20 ^ clkbuf_1_0__f_clk/A (sky130_fd_sc_hd__clkbuf_16)
     6    0.03    0.08    0.24    0.44 ^ clkbuf_1_0__f_clk/X (sky130_fd_sc_hd__clkbuf_16)
                                         clknet_1_0__leaf_clk (net)
                  0.08    0.00    0.44 ^ _70_/CLK (sky130_fd_sc_hd__dfxtp_4)
     6    0.06    0.30    0.88    1.32 ^ _70_/Q (sky130_fd_sc_hd__dfxtp_4)
                                         display_inst.clk_div[0] (net)
                  0.30    0.01    1.33 ^ _48_/A (sky130_fd_sc_hd__xor2_2)
     2    0.02    0.41    0.48    1.81 ^ _48_/X (sky130_fd_sc_hd__xor2_2)
                                         _01_ (net)
                  0.41    0.00    1.82 ^ _71_/D (sky130_fd_sc_hd__dfxtp_4)
                                  1.82   data arrival time

                         10.00   10.00   clock core_clock (rise edge)
                          0.00   10.00   clock source latency
     1    0.03    0.00    0.00   10.00 ^ clk (in)
                                         clk (net)
                  0.00    0.00   10.00 ^ clkbuf_0_clk/A (sky130_fd_sc_hd__clkbuf_16)
     2    0.02    0.07    0.20   10.20 ^ clkbuf_0_clk/X (sky130_fd_sc_hd__clkbuf_16)
                                         clknet_0_clk (net)
                  0.07    0.00   10.20 ^ clkbuf_1_0__f_clk/A (sky130_fd_sc_hd__clkbuf_16)
     6    0.03    0.08    0.24   10.44 ^ clkbuf_1_0__f_clk/X (sky130_fd_sc_hd__clkbuf_16)
                                         clknet_1_0__leaf_clk (net)
                  0.08    0.00   10.44 ^ _71_/CLK (sky130_fd_sc_hd__dfxtp_4)
                          0.00   10.44   clock reconvergence pessimism
                         -0.23   10.21   library setup time
                                 10.21   data required time
-----------------------------------------------------------------------------
                                 10.21   data required time
                                 -1.82   data arrival time
-----------------------------------------------------------------------------
                                  8.39   slack (MET)


Startpoint: _70_ (rising edge-triggered flip-flop clocked by core_clock)
Endpoint: _70_ (rising edge-triggered flip-flop clocked by core_clock)
Path Group: core_clock
Path Type: max
Corner: Slowest

Fanout     Cap    Slew   Delay    Time   Description
-----------------------------------------------------------------------------
                          0.00    0.00   clock core_clock (rise edge)
                          0.00    0.00   clock source latency
     1    0.03    0.00    0.00    0.00 ^ clk (in)
                                         clk (net)
                  0.00    0.00    0.00 ^ clkbuf_0_clk/A (sky130_fd_sc_hd__clkbuf_16)
     2    0.02    0.07    0.20    0.20 ^ clkbuf_0_clk/X (sky130_fd_sc_hd__clkbuf_16)
                                         clknet_0_clk (net)
                  0.07    0.00    0.20 ^ clkbuf_1_0__f_clk/A (sky130_fd_sc_hd__clkbuf_16)
     6    0.03    0.08    0.24    0.44 ^ clkbuf_1_0__f_clk/X (sky130_fd_sc_hd__clkbuf_16)
                                         clknet_1_0__leaf_clk (net)
                  0.08    0.00    0.44 ^ _70_/CLK (sky130_fd_sc_hd__dfxtp_4)
     6    0.06    0.30    0.88    1.32 ^ _70_/Q (sky130_fd_sc_hd__dfxtp_4)
                                         display_inst.clk_div[0] (net)
                  0.30    0.01    1.33 ^ _47_/A (sky130_fd_sc_hd__inv_2)
     1    0.01    0.09    0.17    1.49 v _47_/Y (sky130_fd_sc_hd__inv_2)
                                         _00_ (net)
                  0.09    0.00    1.49 v _70_/D (sky130_fd_sc_hd__dfxtp_4)
                                  1.49   data arrival time

                         10.00   10.00   clock core_clock (rise edge)
                          0.00   10.00   clock source latency
     1    0.03    0.00    0.00   10.00 ^ clk (in)
                                         clk (net)
                  0.00    0.00   10.00 ^ clkbuf_0_clk/A (sky130_fd_sc_hd__clkbuf_16)
     2    0.02    0.07    0.20   10.20 ^ clkbuf_0_clk/X (sky130_fd_sc_hd__clkbuf_16)
                                         clknet_0_clk (net)
                  0.07    0.00   10.20 ^ clkbuf_1_0__f_clk/A (sky130_fd_sc_hd__clkbuf_16)
     6    0.03    0.08    0.24   10.44 ^ clkbuf_1_0__f_clk/X (sky130_fd_sc_hd__clkbuf_16)
                                         clknet_1_0__leaf_clk (net)
                  0.08    0.00   10.44 ^ _70_/CLK (sky130_fd_sc_hd__dfxtp_4)
                          0.00   10.44   clock reconvergence pessimism
                         -0.28   10.16   library setup time
                                 10.16   data required time
-----------------------------------------------------------------------------
                                 10.16   data required time
                                 -1.49   data arrival time
-----------------------------------------------------------------------------
                                  8.67   slack (MET)



worst slack corner Slowest: 6.1655
======================= Typical Corner ===================================

Startpoint: _72_ (rising edge-triggered flip-flop clocked by core_clock)
Endpoint: _77_ (rising edge-triggered flip-flop clocked by core_clock)
Path Group: core_clock
Path Type: max
Corner: Typical

Fanout     Cap    Slew   Delay    Time   Description
-----------------------------------------------------------------------------
                          0.00    0.00   clock core_clock (rise edge)
                          0.00    0.00   clock source latency
     1    0.03    0.00    0.00    0.00 ^ clk (in)
                                         clk (net)
                  0.00    0.00    0.00 ^ clkbuf_0_clk/A (sky130_fd_sc_hd__clkbuf_16)
     2    0.02    0.04    0.11    0.11 ^ clkbuf_0_clk/X (sky130_fd_sc_hd__clkbuf_16)
                                         clknet_0_clk (net)
                  0.04    0.00    0.12 ^ clkbuf_1_0__f_clk/A (sky130_fd_sc_hd__clkbuf_16)
     6    0.03    0.05    0.14    0.25 ^ clkbuf_1_0__f_clk/X (sky130_fd_sc_hd__clkbuf_16)
                                         clknet_1_0__leaf_clk (net)
                  0.05    0.00    0.25 ^ _72_/CLK (sky130_fd_sc_hd__dfxtp_2)
     3    0.04    0.22    0.45    0.70 ^ _72_/Q (sky130_fd_sc_hd__dfxtp_2)
                                         display_inst.clk_div[2] (net)
                  0.22    0.00    0.71 ^ _52_/C (sky130_fd_sc_hd__and4_1)
     1    0.01    0.15    0.30    1.01 ^ _52_/X (sky130_fd_sc_hd__and4_1)
                                         _21_ (net)
                  0.15    0.00    1.01 ^ _53_/A (sky130_fd_sc_hd__buf_4)
     7    0.09    0.25    0.28    1.29 ^ _53_/X (sky130_fd_sc_hd__buf_4)
                                         _22_ (net)
                  0.25    0.01    1.31 ^ _62_/C (sky130_fd_sc_hd__and4_2)
     2    0.03    0.16    0.36    1.67 ^ _62_/X (sky130_fd_sc_hd__and4_2)
                                         _27_ (net)
                  0.16    0.00    1.67 ^ _64_/A_N (sky130_fd_sc_hd__and2b_1)
     1    0.01    0.08    0.24    1.91 v _64_/X (sky130_fd_sc_hd__and2b_1)
                                         _29_ (net)
                  0.08    0.00    1.91 v _65_/A (sky130_fd_sc_hd__clkbuf_1)
     1    0.01    0.06    0.13    2.04 v _65_/X (sky130_fd_sc_hd__clkbuf_1)
                                         _07_ (net)
                  0.06    0.00    2.04 v _77_/D (sky130_fd_sc_hd__dfxtp_1)
                                  2.04   data arrival time

                         10.00   10.00   clock core_clock (rise edge)
                          0.00   10.00   clock source latency
     1    0.03    0.00    0.00   10.00 ^ clk (in)
                                         clk (net)
                  0.00    0.00   10.00 ^ clkbuf_0_clk/A (sky130_fd_sc_hd__clkbuf_16)
     2    0.02    0.04    0.11   10.11 ^ clkbuf_0_clk/X (sky130_fd_sc_hd__clkbuf_16)
                                         clknet_0_clk (net)
                  0.04    0.00   10.12 ^ clkbuf_1_0__f_clk/A (sky130_fd_sc_hd__clkbuf_16)
     6    0.03    0.05    0.14   10.25 ^ clkbuf_1_0__f_clk/X (sky130_fd_sc_hd__clkbuf_16)
                                         clknet_1_0__leaf_clk (net)
                  0.05    0.00   10.25 ^ _77_/CLK (sky130_fd_sc_hd__dfxtp_1)
                          0.00   10.25   clock reconvergence pessimism
                         -0.11   10.14   library setup time
                                 10.14   data required time
-----------------------------------------------------------------------------
                                 10.14   data required time
                                 -2.04   data arrival time
-----------------------------------------------------------------------------
                                  8.10   slack (MET)


Startpoint: _72_ (rising edge-triggered flip-flop clocked by core_clock)
Endpoint: _76_ (rising edge-triggered flip-flop clocked by core_clock)
Path Group: core_clock
Path Type: max
Corner: Typical

Fanout     Cap    Slew   Delay    Time   Description
-----------------------------------------------------------------------------
                          0.00    0.00   clock core_clock (rise edge)
                          0.00    0.00   clock source latency
     1    0.03    0.00    0.00    0.00 ^ clk (in)
                                         clk (net)
                  0.00    0.00    0.00 ^ clkbuf_0_clk/A (sky130_fd_sc_hd__clkbuf_16)
     2    0.02    0.04    0.11    0.11 ^ clkbuf_0_clk/X (sky130_fd_sc_hd__clkbuf_16)
                                         clknet_0_clk (net)
                  0.04    0.00    0.12 ^ clkbuf_1_0__f_clk/A (sky130_fd_sc_hd__clkbuf_16)
     6    0.03    0.05    0.14    0.25 ^ clkbuf_1_0__f_clk/X (sky130_fd_sc_hd__clkbuf_16)
                                         clknet_1_0__leaf_clk (net)
                  0.05    0.00    0.25 ^ _72_/CLK (sky130_fd_sc_hd__dfxtp_2)
     3    0.04    0.22    0.45    0.70 ^ _72_/Q (sky130_fd_sc_hd__dfxtp_2)
                                         display_inst.clk_div[2] (net)
                  0.22    0.00    0.71 ^ _52_/C (sky130_fd_sc_hd__and4_1)
     1    0.01    0.15    0.30    1.01 ^ _52_/X (sky130_fd_sc_hd__and4_1)
                                         _21_ (net)
                  0.15    0.00    1.01 ^ _53_/A (sky130_fd_sc_hd__buf_4)
     7    0.09    0.25    0.28    1.29 ^ _53_/X (sky130_fd_sc_hd__buf_4)
                                         _22_ (net)
                  0.25    0.02    1.32 ^ _57_/C (sky130_fd_sc_hd__and3_2)
     3    0.05    0.25    0.38    1.70 ^ _57_/X (sky130_fd_sc_hd__and3_2)
                                         _24_ (net)
                  0.25    0.01    1.70 ^ _60_/B (sky130_fd_sc_hd__xor2_1)
     1    0.01    0.26    0.28    1.99 ^ _60_/X (sky130_fd_sc_hd__xor2_1)
                                         _06_ (net)
                  0.26    0.00    1.99 ^ _76_/D (sky130_fd_sc_hd__dfxtp_2)
                                  1.99   data arrival time

                         10.00   10.00   clock core_clock (rise edge)
                          0.00   10.00   clock source latency
     1    0.03    0.00    0.00   10.00 ^ clk (in)
                                         clk (net)
                  0.00    0.00   10.00 ^ clkbuf_0_clk/A (sky130_fd_sc_hd__clkbuf_16)
     2    0.02    0.04    0.11   10.11 ^ clkbuf_0_clk/X (sky130_fd_sc_hd__clkbuf_16)
                                         clknet_0_clk (net)
                  0.04    0.00   10.12 ^ clkbuf_1_1__f_clk/A (sky130_fd_sc_hd__clkbuf_16)
     4    0.04    0.06    0.14   10.26 ^ clkbuf_1_1__f_clk/X (sky130_fd_sc_hd__clkbuf_16)
                                         clknet_1_1__leaf_clk (net)
                  0.06    0.00   10.26 ^ _76_/CLK (sky130_fd_sc_hd__dfxtp_2)
                          0.00   10.26   clock reconvergence pessimism
                         -0.11   10.15   library setup time
                                 10.15   data required time
-----------------------------------------------------------------------------
                                 10.15   data required time
                                 -1.99   data arrival time
-----------------------------------------------------------------------------
                                  8.17   slack (MET)


Startpoint: _72_ (rising edge-triggered flip-flop clocked by core_clock)
Endpoint: _78_ (rising edge-triggered flip-flop clocked by core_clock)
Path Group: core_clock
Path Type: max
Corner: Typical

Fanout     Cap    Slew   Delay    Time   Description
-----------------------------------------------------------------------------
                          0.00    0.00   clock core_clock (rise edge)
                          0.00    0.00   clock source latency
     1    0.03    0.00    0.00    0.00 ^ clk (in)
                                         clk (net)
                  0.00    0.00    0.00 ^ clkbuf_0_clk/A (sky130_fd_sc_hd__clkbuf_16)
     2    0.02    0.04    0.11    0.11 ^ clkbuf_0_clk/X (sky130_fd_sc_hd__clkbuf_16)
                                         clknet_0_clk (net)
                  0.04    0.00    0.12 ^ clkbuf_1_0__f_clk/A (sky130_fd_sc_hd__clkbuf_16)
     6    0.03    0.05    0.14    0.25 ^ clkbuf_1_0__f_clk/X (sky130_fd_sc_hd__clkbuf_16)
                                         clknet_1_0__leaf_clk (net)
                  0.05    0.00    0.25 ^ _72_/CLK (sky130_fd_sc_hd__dfxtp_2)
     3    0.04    0.22    0.45    0.70 ^ _72_/Q (sky130_fd_sc_hd__dfxtp_2)
                                         display_inst.clk_div[2] (net)
                  0.22    0.00    0.71 ^ _52_/C (sky130_fd_sc_hd__and4_1)
     1    0.01    0.15    0.30    1.01 ^ _52_/X (sky130_fd_sc_hd__and4_1)
                                         _21_ (net)
                  0.15    0.00    1.01 ^ _53_/A (sky130_fd_sc_hd__buf_4)
     7    0.09    0.25    0.28    1.29 ^ _53_/X (sky130_fd_sc_hd__buf_4)
                                         _22_ (net)
                  0.25    0.01    1.31 ^ _62_/C (sky130_fd_sc_hd__and4_2)
     2    0.03    0.16    0.36    1.67 ^ _62_/X (sky130_fd_sc_hd__and4_2)
                                         _27_ (net)
                  0.16    0.00    1.67 ^ _66_/B (sky130_fd_sc_hd__xor2_1)
     1    0.01    0.25    0.26    1.94 ^ _66_/X (sky130_fd_sc_hd__xor2_1)
                                         _08_ (net)
                  0.25    0.00    1.94 ^ _78_/D (sky130_fd_sc_hd__dfxtp_2)
                                  1.94   data arrival time

                         10.00   10.00   clock core_clock (rise edge)
                          0.00   10.00   clock source latency
     1    0.03    0.00    0.00   10.00 ^ clk (in)
                                         clk (net)
                  0.00    0.00   10.00 ^ clkbuf_0_clk/A (sky130_fd_sc_hd__clkbuf_16)
     2    0.02    0.04    0.11   10.11 ^ clkbuf_0_clk/X (sky130_fd_sc_hd__clkbuf_16)
                                         clknet_0_clk (net)
                  0.04    0.00   10.12 ^ clkbuf_1_0__f_clk/A (sky130_fd_sc_hd__clkbuf_16)
     6    0.03    0.05    0.14   10.25 ^ clkbuf_1_0__f_clk/X (sky130_fd_sc_hd__clkbuf_16)
                                         clknet_1_0__leaf_clk (net)
                  0.05    0.00   10.25 ^ _78_/CLK (sky130_fd_sc_hd__dfxtp_2)
                          0.00   10.25   clock reconvergence pessimism
                         -0.11   10.15   library setup time
                                 10.15   data required time
-----------------------------------------------------------------------------
                                 10.15   data required time
                                 -1.94   data arrival time
-----------------------------------------------------------------------------
                                  8.21   slack (MET)


Startpoint: _72_ (rising edge-triggered flip-flop clocked by core_clock)
Endpoint: _75_ (rising edge-triggered flip-flop clocked by core_clock)
Path Group: core_clock
Path Type: max
Corner: Typical

Fanout     Cap    Slew   Delay    Time   Description
-----------------------------------------------------------------------------
                          0.00    0.00   clock core_clock (rise edge)
                          0.00    0.00   clock source latency
     1    0.03    0.00    0.00    0.00 ^ clk (in)
                                         clk (net)
                  0.00    0.00    0.00 ^ clkbuf_0_clk/A (sky130_fd_sc_hd__clkbuf_16)
     2    0.02    0.04    0.11    0.11 ^ clkbuf_0_clk/X (sky130_fd_sc_hd__clkbuf_16)
                                         clknet_0_clk (net)
                  0.04    0.00    0.12 ^ clkbuf_1_0__f_clk/A (sky130_fd_sc_hd__clkbuf_16)
     6    0.03    0.05    0.14    0.25 ^ clkbuf_1_0__f_clk/X (sky130_fd_sc_hd__clkbuf_16)
                                         clknet_1_0__leaf_clk (net)
                  0.05    0.00    0.25 ^ _72_/CLK (sky130_fd_sc_hd__dfxtp_2)
     3    0.04    0.22    0.45    0.70 ^ _72_/Q (sky130_fd_sc_hd__dfxtp_2)
                                         display_inst.clk_div[2] (net)
                  0.22    0.00    0.71 ^ _52_/C (sky130_fd_sc_hd__and4_1)
     1    0.01    0.15    0.30    1.01 ^ _52_/X (sky130_fd_sc_hd__and4_1)
                                         _21_ (net)
                  0.15    0.00    1.01 ^ _53_/A (sky130_fd_sc_hd__buf_4)
     7    0.09    0.25    0.28    1.29 ^ _53_/X (sky130_fd_sc_hd__buf_4)
                                         _22_ (net)
                  0.25    0.02    1.32 ^ _57_/C (sky130_fd_sc_hd__and3_2)
     3    0.05    0.25    0.38    1.70 ^ _57_/X (sky130_fd_sc_hd__and3_2)
                                         _24_ (net)
                  0.25    0.01    1.71 ^ _59_/A (sky130_fd_sc_hd__nor2_1)
     1    0.02    0.12    0.16    1.86 v _59_/Y (sky130_fd_sc_hd__nor2_1)
                                         _05_ (net)
                  0.12    0.00    1.87 v _75_/D (sky130_fd_sc_hd__dfxtp_2)
                                  1.87   data arrival time

                         10.00   10.00   clock core_clock (rise edge)
                          0.00   10.00   clock source latency
     1    0.03    0.00    0.00   10.00 ^ clk (in)
                                         clk (net)
                  0.00    0.00   10.00 ^ clkbuf_0_clk/A (sky130_fd_sc_hd__clkbuf_16)
     2    0.02    0.04    0.11   10.11 ^ clkbuf_0_clk/X (sky130_fd_sc_hd__clkbuf_16)
                                         clknet_0_clk (net)
                  0.04    0.00   10.12 ^ clkbuf_1_0__f_clk/A (sky130_fd_sc_hd__clkbuf_16)
     6    0.03    0.05    0.14   10.25 ^ clkbuf_1_0__f_clk/X (sky130_fd_sc_hd__clkbuf_16)
                                         clknet_1_0__leaf_clk (net)
                  0.05    0.00   10.25 ^ _75_/CLK (sky130_fd_sc_hd__dfxtp_2)
                          0.00   10.25   clock reconvergence pessimism
                         -0.14   10.11   library setup time
                                 10.11   data required time
-----------------------------------------------------------------------------
                                 10.11   data required time
                                 -1.87   data arrival time
-----------------------------------------------------------------------------
                                  8.24   slack (MET)


Startpoint: _72_ (rising edge-triggered flip-flop clocked by core_clock)
Endpoint: _74_ (rising edge-triggered flip-flop clocked by core_clock)
Path Group: core_clock
Path Type: max
Corner: Typical

Fanout     Cap    Slew   Delay    Time   Description
-----------------------------------------------------------------------------
                          0.00    0.00   clock core_clock (rise edge)
                          0.00    0.00   clock source latency
     1    0.03    0.00    0.00    0.00 ^ clk (in)
                                         clk (net)
                  0.00    0.00    0.00 ^ clkbuf_0_clk/A (sky130_fd_sc_hd__clkbuf_16)
     2    0.02    0.04    0.11    0.11 ^ clkbuf_0_clk/X (sky130_fd_sc_hd__clkbuf_16)
                                         clknet_0_clk (net)
                  0.04    0.00    0.12 ^ clkbuf_1_0__f_clk/A (sky130_fd_sc_hd__clkbuf_16)
     6    0.03    0.05    0.14    0.25 ^ clkbuf_1_0__f_clk/X (sky130_fd_sc_hd__clkbuf_16)
                                         clknet_1_0__leaf_clk (net)
                  0.05    0.00    0.25 ^ _72_/CLK (sky130_fd_sc_hd__dfxtp_2)
     3    0.04    0.22    0.45    0.70 ^ _72_/Q (sky130_fd_sc_hd__dfxtp_2)
                                         display_inst.clk_div[2] (net)
                  0.22    0.00    0.71 ^ _52_/C (sky130_fd_sc_hd__and4_1)
     1    0.01    0.15    0.30    1.01 ^ _52_/X (sky130_fd_sc_hd__and4_1)
                                         _21_ (net)
                  0.15    0.00    1.01 ^ _53_/A (sky130_fd_sc_hd__buf_4)
     7    0.09    0.25    0.28    1.29 ^ _53_/X (sky130_fd_sc_hd__buf_4)
                                         _22_ (net)
                  0.25    0.01    1.30 ^ _56_/B (sky130_fd_sc_hd__xor2_2)
     2    0.03    0.33    0.33    1.62 ^ _56_/X (sky130_fd_sc_hd__xor2_2)
                                         _04_ (net)
                  0.33    0.00    1.63 ^ _74_/D (sky130_fd_sc_hd__dfxtp_4)
                                  1.63   data arrival time

                         10.00   10.00   clock core_clock (rise edge)
                          0.00   10.00   clock source latency
     1    0.03    0.00    0.00   10.00 ^ clk (in)
                                         clk (net)
                  0.00    0.00   10.00 ^ clkbuf_0_clk/A (sky130_fd_sc_hd__clkbuf_16)
     2    0.02    0.04    0.11   10.11 ^ clkbuf_0_clk/X (sky130_fd_sc_hd__clkbuf_16)
                                         clknet_0_clk (net)
                  0.04    0.00   10.12 ^ clkbuf_1_1__f_clk/A (sky130_fd_sc_hd__clkbuf_16)
     4    0.04    0.06    0.14   10.26 ^ clkbuf_1_1__f_clk/X (sky130_fd_sc_hd__clkbuf_16)
                                         clknet_1_1__leaf_clk (net)
                  0.06    0.00   10.26 ^ _74_/CLK (sky130_fd_sc_hd__dfxtp_4)
                          0.00   10.26   clock reconvergence pessimism
                         -0.13   10.13   library setup time
                                 10.13   data required time
-----------------------------------------------------------------------------
                                 10.13   data required time
                                 -1.63   data arrival time
-----------------------------------------------------------------------------
                                  8.51   slack (MET)


Startpoint: _73_ (rising edge-triggered flip-flop clocked by core_clock)
Endpoint: _73_ (rising edge-triggered flip-flop clocked by core_clock)
Path Group: core_clock
Path Type: max
Corner: Typical

Fanout     Cap    Slew   Delay    Time   Description
-----------------------------------------------------------------------------
                          0.00    0.00   clock core_clock (rise edge)
                          0.00    0.00   clock source latency
     1    0.03    0.00    0.00    0.00 ^ clk (in)
                                         clk (net)
                  0.00    0.00    0.00 ^ clkbuf_0_clk/A (sky130_fd_sc_hd__clkbuf_16)
     2    0.02    0.04    0.11    0.11 ^ clkbuf_0_clk/X (sky130_fd_sc_hd__clkbuf_16)
                                         clknet_0_clk (net)
                  0.04    0.00    0.12 ^ clkbuf_1_1__f_clk/A (sky130_fd_sc_hd__clkbuf_16)
     4    0.04    0.06    0.14    0.26 ^ clkbuf_1_1__f_clk/X (sky130_fd_sc_hd__clkbuf_16)
                                         clknet_1_1__leaf_clk (net)
                  0.06    0.00    0.26 ^ _73_/CLK (sky130_fd_sc_hd__dfxtp_2)
     2    0.04    0.10    0.38    0.64 v _73_/Q (sky130_fd_sc_hd__dfxtp_2)
                                         display_inst.clk_div[3] (net)
                  0.10    0.00    0.64 v _52_/D (sky130_fd_sc_hd__and4_1)
     1    0.01    0.08    0.27    0.91 v _52_/X (sky130_fd_sc_hd__and4_1)
                                         _21_ (net)
                  0.08    0.00    0.91 v _53_/A (sky130_fd_sc_hd__buf_4)
     7    0.09    0.12    0.22    1.14 v _53_/X (sky130_fd_sc_hd__buf_4)
                                         _22_ (net)
                  0.12    0.02    1.16 v _55_/A (sky130_fd_sc_hd__nor2_2)
     2    0.03    0.34    0.33    1.49 ^ _55_/Y (sky130_fd_sc_hd__nor2_2)
                                         _03_ (net)
                  0.34    0.01    1.49 ^ _73_/D (sky130_fd_sc_hd__dfxtp_2)
                                  1.49   data arrival time

                         10.00   10.00   clock core_clock (rise edge)
                          0.00   10.00   clock source latency
     1    0.03    0.00    0.00   10.00 ^ clk (in)
                                         clk (net)
                  0.00    0.00   10.00 ^ clkbuf_0_clk/A (sky130_fd_sc_hd__clkbuf_16)
     2    0.02    0.04    0.11   10.11 ^ clkbuf_0_clk/X (sky130_fd_sc_hd__clkbuf_16)
                                         clknet_0_clk (net)
                  0.04    0.00   10.12 ^ clkbuf_1_1__f_clk/A (sky130_fd_sc_hd__clkbuf_16)
     4    0.04    0.06    0.14   10.26 ^ clkbuf_1_1__f_clk/X (sky130_fd_sc_hd__clkbuf_16)
                                         clknet_1_1__leaf_clk (net)
                  0.06    0.00   10.26 ^ _73_/CLK (sky130_fd_sc_hd__dfxtp_2)
                          0.00   10.26   clock reconvergence pessimism
                         -0.13   10.13   library setup time
                                 10.13   data required time
-----------------------------------------------------------------------------
                                 10.13   data required time
                                 -1.49   data arrival time
-----------------------------------------------------------------------------
                                  8.64   slack (MET)


Startpoint: _72_ (rising edge-triggered flip-flop clocked by core_clock)
Endpoint: _72_ (rising edge-triggered flip-flop clocked by core_clock)
Path Group: core_clock
Path Type: max
Corner: Typical

Fanout     Cap    Slew   Delay    Time   Description
-----------------------------------------------------------------------------
                          0.00    0.00   clock core_clock (rise edge)
                          0.00    0.00   clock source latency
     1    0.03    0.00    0.00    0.00 ^ clk (in)
                                         clk (net)
                  0.00    0.00    0.00 ^ clkbuf_0_clk/A (sky130_fd_sc_hd__clkbuf_16)
     2    0.02    0.04    0.11    0.11 ^ clkbuf_0_clk/X (sky130_fd_sc_hd__clkbuf_16)
                                         clknet_0_clk (net)
                  0.04    0.00    0.12 ^ clkbuf_1_0__f_clk/A (sky130_fd_sc_hd__clkbuf_16)
     6    0.03    0.05    0.14    0.25 ^ clkbuf_1_0__f_clk/X (sky130_fd_sc_hd__clkbuf_16)
                                         clknet_1_0__leaf_clk (net)
                  0.05    0.00    0.25 ^ _72_/CLK (sky130_fd_sc_hd__dfxtp_2)
     3    0.04    0.11    0.38    0.64 v _72_/Q (sky130_fd_sc_hd__dfxtp_2)
                                         display_inst.clk_div[2] (net)
                  0.11    0.00    0.64 v _49_/C (sky130_fd_sc_hd__and3_1)
     2    0.02    0.12    0.29    0.93 v _49_/X (sky130_fd_sc_hd__and3_1)
                                         _19_ (net)
                  0.12    0.00    0.93 v _51_/A (sky130_fd_sc_hd__nor2_2)
     1    0.04    0.41    0.38    1.31 ^ _51_/Y (sky130_fd_sc_hd__nor2_2)
                                         _02_ (net)
                  0.41    0.01    1.31 ^ _72_/D (sky130_fd_sc_hd__dfxtp_2)
                                  1.31   data arrival time

                         10.00   10.00   clock core_clock (rise edge)
                          0.00   10.00   clock source latency
     1    0.03    0.00    0.00   10.00 ^ clk (in)
                                         clk (net)
                  0.00    0.00   10.00 ^ clkbuf_0_clk/A (sky130_fd_sc_hd__clkbuf_16)
     2    0.02    0.04    0.11   10.11 ^ clkbuf_0_clk/X (sky130_fd_sc_hd__clkbuf_16)
                                         clknet_0_clk (net)
                  0.04    0.00   10.12 ^ clkbuf_1_0__f_clk/A (sky130_fd_sc_hd__clkbuf_16)
     6    0.03    0.05    0.14   10.25 ^ clkbuf_1_0__f_clk/X (sky130_fd_sc_hd__clkbuf_16)
                                         clknet_1_0__leaf_clk (net)
                  0.05    0.00   10.25 ^ _72_/CLK (sky130_fd_sc_hd__dfxtp_2)
                          0.00   10.25   clock reconvergence pessimism
                         -0.14   10.11   library setup time
                                 10.11   data required time
-----------------------------------------------------------------------------
                                 10.11   data required time
                                 -1.31   data arrival time
-----------------------------------------------------------------------------
                                  8.80   slack (MET)


Startpoint: _70_ (rising edge-triggered flip-flop clocked by core_clock)
Endpoint: _71_ (rising edge-triggered flip-flop clocked by core_clock)
Path Group: core_clock
Path Type: max
Corner: Typical

Fanout     Cap    Slew   Delay    Time   Description
-----------------------------------------------------------------------------
                          0.00    0.00   clock core_clock (rise edge)
                          0.00    0.00   clock source latency
     1    0.03    0.00    0.00    0.00 ^ clk (in)
                                         clk (net)
                  0.00    0.00    0.00 ^ clkbuf_0_clk/A (sky130_fd_sc_hd__clkbuf_16)
     2    0.02    0.04    0.11    0.11 ^ clkbuf_0_clk/X (sky130_fd_sc_hd__clkbuf_16)
                                         clknet_0_clk (net)
                  0.04    0.00    0.12 ^ clkbuf_1_0__f_clk/A (sky130_fd_sc_hd__clkbuf_16)
     6    0.03    0.05    0.14    0.25 ^ clkbuf_1_0__f_clk/X (sky130_fd_sc_hd__clkbuf_16)
                                         clknet_1_0__leaf_clk (net)
                  0.05    0.00    0.25 ^ _70_/CLK (sky130_fd_sc_hd__dfxtp_4)
     6    0.06    0.18    0.45    0.70 ^ _70_/Q (sky130_fd_sc_hd__dfxtp_4)
                                         display_inst.clk_div[0] (net)
                  0.19    0.01    0.71 ^ _48_/A (sky130_fd_sc_hd__xor2_2)
     2    0.02    0.26    0.27    0.98 ^ _48_/X (sky130_fd_sc_hd__xor2_2)
                                         _01_ (net)
                  0.26    0.00    0.98 ^ _71_/D (sky130_fd_sc_hd__dfxtp_4)
                                  0.98   data arrival time

                         10.00   10.00   clock core_clock (rise edge)
                          0.00   10.00   clock source latency
     1    0.03    0.00    0.00   10.00 ^ clk (in)
                                         clk (net)
                  0.00    0.00   10.00 ^ clkbuf_0_clk/A (sky130_fd_sc_hd__clkbuf_16)
     2    0.02    0.04    0.11   10.11 ^ clkbuf_0_clk/X (sky130_fd_sc_hd__clkbuf_16)
                                         clknet_0_clk (net)
                  0.04    0.00   10.12 ^ clkbuf_1_0__f_clk/A (sky130_fd_sc_hd__clkbuf_16)
     6    0.03    0.05    0.14   10.25 ^ clkbuf_1_0__f_clk/X (sky130_fd_sc_hd__clkbuf_16)
                                         clknet_1_0__leaf_clk (net)
                  0.05    0.00   10.25 ^ _71_/CLK (sky130_fd_sc_hd__dfxtp_4)
                          0.00   10.25   clock reconvergence pessimism
                         -0.11   10.14   library setup time
                                 10.14   data required time
-----------------------------------------------------------------------------
                                 10.14   data required time
                                 -0.98   data arrival time
-----------------------------------------------------------------------------
                                  9.16   slack (MET)


Startpoint: _70_ (rising edge-triggered flip-flop clocked by core_clock)
Endpoint: _70_ (rising edge-triggered flip-flop clocked by core_clock)
Path Group: core_clock
Path Type: max
Corner: Typical

Fanout     Cap    Slew   Delay    Time   Description
-----------------------------------------------------------------------------
                          0.00    0.00   clock core_clock (rise edge)
                          0.00    0.00   clock source latency
     1    0.03    0.00    0.00    0.00 ^ clk (in)
                                         clk (net)
                  0.00    0.00    0.00 ^ clkbuf_0_clk/A (sky130_fd_sc_hd__clkbuf_16)
     2    0.02    0.04    0.11    0.11 ^ clkbuf_0_clk/X (sky130_fd_sc_hd__clkbuf_16)
                                         clknet_0_clk (net)
                  0.04    0.00    0.12 ^ clkbuf_1_0__f_clk/A (sky130_fd_sc_hd__clkbuf_16)
     6    0.03    0.05    0.14    0.25 ^ clkbuf_1_0__f_clk/X (sky130_fd_sc_hd__clkbuf_16)
                                         clknet_1_0__leaf_clk (net)
                  0.05    0.00    0.25 ^ _70_/CLK (sky130_fd_sc_hd__dfxtp_4)
     6    0.06    0.18    0.45    0.70 ^ _70_/Q (sky130_fd_sc_hd__dfxtp_4)
                                         display_inst.clk_div[0] (net)
                  0.19    0.01    0.71 ^ _47_/A (sky130_fd_sc_hd__inv_2)
     1    0.01    0.06    0.07    0.78 v _47_/Y (sky130_fd_sc_hd__inv_2)
                                         _00_ (net)
                  0.06    0.00    0.78 v _70_/D (sky130_fd_sc_hd__dfxtp_4)
                                  0.78   data arrival time

                         10.00   10.00   clock core_clock (rise edge)
                          0.00   10.00   clock source latency
     1    0.03    0.00    0.00   10.00 ^ clk (in)
                                         clk (net)
                  0.00    0.00   10.00 ^ clkbuf_0_clk/A (sky130_fd_sc_hd__clkbuf_16)
     2    0.02    0.04    0.11   10.11 ^ clkbuf_0_clk/X (sky130_fd_sc_hd__clkbuf_16)
                                         clknet_0_clk (net)
                  0.04    0.00   10.12 ^ clkbuf_1_0__f_clk/A (sky130_fd_sc_hd__clkbuf_16)
     6    0.03    0.05    0.14   10.25 ^ clkbuf_1_0__f_clk/X (sky130_fd_sc_hd__clkbuf_16)
                                         clknet_1_0__leaf_clk (net)
                  0.05    0.00   10.25 ^ _70_/CLK (sky130_fd_sc_hd__dfxtp_4)
                          0.00   10.25   clock reconvergence pessimism
                         -0.12   10.14   library setup time
                                 10.14   data required time
-----------------------------------------------------------------------------
                                 10.14   data required time
                                 -0.78   data arrival time
-----------------------------------------------------------------------------
                                  9.35   slack (MET)



worst slack corner Typical: 8.0963
