
===========================================================================
 report_power
============================================================================
======================= Fastest Corner ===================================

Group                  Internal  Switching    Leakage      Total
                          Power      Power      Power      Power (Watts)
----------------------------------------------------------------
Sequential             4.08e-05   0.00e+00   3.16e-10   4.08e-05  29.7%
Combinational          0.00e+00   0.00e+00   2.69e-10   2.69e-10   0.0%
Clock                  6.11e-05   3.55e-05   2.26e-09   9.66e-05  70.3%
Macro                  0.00e+00   0.00e+00   0.00e+00   0.00e+00   0.0%
Pad                    0.00e+00   0.00e+00   0.00e+00   0.00e+00   0.0%
----------------------------------------------------------------
Total                  1.02e-04   3.55e-05   2.84e-09   1.37e-04 100.0%
                          74.2%      25.8%       0.0%

======================= Slowest Corner ===================================

Group                  Internal  Switching    Leakage      Total
                          Power      Power      Power      Power (Watts)
----------------------------------------------------------------
Sequential             2.72e-05   0.00e+00   1.87e-07   2.74e-05  28.9%
Combinational          0.00e+00   0.00e+00   2.17e-07   2.17e-07   0.2%
Clock                  4.37e-05   2.33e-05   5.93e-08   6.70e-05  70.8%
Macro                  0.00e+00   0.00e+00   0.00e+00   0.00e+00   0.0%
Pad                    0.00e+00   0.00e+00   0.00e+00   0.00e+00   0.0%
----------------------------------------------------------------
Total                  7.09e-05   2.33e-05   4.64e-07   9.46e-05 100.0%
                          74.9%      24.6%       0.5%

======================= Typical Corner ===================================

Group                  Internal  Switching    Leakage      Total
                          Power      Power      Power      Power (Watts)
----------------------------------------------------------------
Sequential             3.50e-05   0.00e+00   1.04e-10   3.50e-05  29.6%
Combinational          0.00e+00   0.00e+00   1.71e-10   1.71e-10   0.0%
Clock                  5.35e-05   2.99e-05   2.10e-09   8.34e-05  70.4%
Macro                  0.00e+00   0.00e+00   0.00e+00   0.00e+00   0.0%
Pad                    0.00e+00   0.00e+00   0.00e+00   0.00e+00   0.0%
----------------------------------------------------------------
Total                  8.85e-05   2.99e-05   2.37e-09   1.18e-04 100.0%
                          74.7%      25.3%       0.0%

