OpenROAD b16bda7e82721d10566ff7e2b68f1ff0be9f9e38 
Features included (+) or not (-): +Charts +GPU +GUI +Python
This program is licensed under the BSD-3 license. See the LICENSE file for details.
Components of this program may be licensed under more restrictive licenses which must be honored.
define_corners Typical
read_liberty -corner Typical /Users/berkkilic/.volare/sky130A/libs.ref/sky130_fd_sc_hd/lib/sky130_fd_sc_hd__tt_025C_1v80.lib
Using 1e-12 for capacitance...
Using 1e+03 for resistance...
Using 1e-09 for time...
Using 1e+00 for voltage...
Using 1e-03 for current...
Using 1e-09 for power...
Using 1e-06 for distance...
[INFO]: Reading ODB at '/openlane/designs/semi_cpu_top/runs/RUN_2025.06.08_12.07.18/tmp/floorplan/5-tapcell.odb'…
Reading design constraints file at '/openlane/designs/semi_cpu_top/src/semi_cpu_top.sdc'…
[INFO PDN-0001] Inserting grid: stdcell_grid
[INFO PSM-0040] All shapes on net VPWR are connected.
[INFO PSM-0040] All shapes on net VGND are connected.
Setting global connections for newly added cells…
Writing OpenROAD database to '/openlane/designs/semi_cpu_top/runs/RUN_2025.06.08_12.07.18/results/floorplan/semi_cpu_top.odb'…
Writing layout to '/openlane/designs/semi_cpu_top/runs/RUN_2025.06.08_12.07.18/results/floorplan/semi_cpu_top.def'…
