
===========================================================================
report_checks -path_delay max (Setup)
============================================================================
======================= Fastest Corner ===================================

Startpoint: _72_ (rising edge-triggered flip-flop clocked by core_clock)
Endpoint: _76_ (rising edge-triggered flip-flop clocked by core_clock)
Path Group: core_clock
Path Type: max
Corner: Fastest

Fanout     Cap    Slew   Delay    Time   Description
-----------------------------------------------------------------------------
                          0.00    0.00   clock core_clock (rise edge)
                          0.00    0.00   clock source latency
     1    0.03    0.00    0.00    0.00 ^ clk (in)
                                         clk (net)
                  0.00    0.00    0.00 ^ clkbuf_0_clk/A (sky130_fd_sc_hd__clkbuf_16)
     2    0.02    0.03    0.08    0.08 ^ clkbuf_0_clk/X (sky130_fd_sc_hd__clkbuf_16)
                                         clknet_0_clk (net)
                  0.03    0.00    0.08 ^ clkbuf_1_1__f_clk/A (sky130_fd_sc_hd__clkbuf_16)
     5    0.04    0.04    0.10    0.18 ^ clkbuf_1_1__f_clk/X (sky130_fd_sc_hd__clkbuf_16)
                                         clknet_1_1__leaf_clk (net)
                  0.04    0.00    0.18 ^ _72_/CLK (sky130_fd_sc_hd__dfxtp_1)
     5    0.04    0.25    0.34    0.52 ^ _72_/Q (sky130_fd_sc_hd__dfxtp_1)
                                         display_inst.clk_div[2] (net)
                  0.25    0.00    0.52 ^ _52_/C (sky130_fd_sc_hd__and4_1)
     1    0.01    0.08    0.17    0.69 ^ _52_/X (sky130_fd_sc_hd__and4_1)
                                         _21_ (net)
                  0.08    0.00    0.69 ^ _53_/A (sky130_fd_sc_hd__buf_4)
     6    0.08    0.16    0.18    0.87 ^ _53_/X (sky130_fd_sc_hd__buf_4)
                                         _22_ (net)
                  0.17    0.01    0.88 ^ _57_/C (sky130_fd_sc_hd__and3_2)
     2    0.04    0.17    0.23    1.11 ^ _57_/X (sky130_fd_sc_hd__and3_2)
                                         _24_ (net)
                  0.17    0.00    1.11 ^ _60_/B (sky130_fd_sc_hd__xor2_2)
     1    0.03    0.27    0.22    1.34 ^ _60_/X (sky130_fd_sc_hd__xor2_2)
                                         _06_ (net)
                  0.27    0.00    1.34 ^ _76_/D (sky130_fd_sc_hd__dfxtp_2)
                                  1.34   data arrival time

                         10.00   10.00   clock core_clock (rise edge)
                          0.00   10.00   clock source latency
     1    0.03    0.00    0.00   10.00 ^ clk (in)
                                         clk (net)
                  0.00    0.00   10.00 ^ clkbuf_0_clk/A (sky130_fd_sc_hd__clkbuf_16)
     2    0.02    0.03    0.08   10.08 ^ clkbuf_0_clk/X (sky130_fd_sc_hd__clkbuf_16)
                                         clknet_0_clk (net)
                  0.03    0.00   10.08 ^ clkbuf_1_1__f_clk/A (sky130_fd_sc_hd__clkbuf_16)
     5    0.04    0.04    0.10   10.18 ^ clkbuf_1_1__f_clk/X (sky130_fd_sc_hd__clkbuf_16)
                                         clknet_1_1__leaf_clk (net)
                  0.04    0.00   10.18 ^ _76_/CLK (sky130_fd_sc_hd__dfxtp_2)
                          0.00   10.18   clock reconvergence pessimism
                         -0.05   10.13   library setup time
                                 10.13   data required time
-----------------------------------------------------------------------------
                                 10.13   data required time
                                 -1.34   data arrival time
-----------------------------------------------------------------------------
                                  8.78   slack (MET)


Startpoint: _72_ (rising edge-triggered flip-flop clocked by core_clock)
Endpoint: _77_ (rising edge-triggered flip-flop clocked by core_clock)
Path Group: core_clock
Path Type: max
Corner: Fastest

Fanout     Cap    Slew   Delay    Time   Description
-----------------------------------------------------------------------------
                          0.00    0.00   clock core_clock (rise edge)
                          0.00    0.00   clock source latency
     1    0.03    0.00    0.00    0.00 ^ clk (in)
                                         clk (net)
                  0.00    0.00    0.00 ^ clkbuf_0_clk/A (sky130_fd_sc_hd__clkbuf_16)
     2    0.02    0.03    0.08    0.08 ^ clkbuf_0_clk/X (sky130_fd_sc_hd__clkbuf_16)
                                         clknet_0_clk (net)
                  0.03    0.00    0.08 ^ clkbuf_1_1__f_clk/A (sky130_fd_sc_hd__clkbuf_16)
     5    0.04    0.04    0.10    0.18 ^ clkbuf_1_1__f_clk/X (sky130_fd_sc_hd__clkbuf_16)
                                         clknet_1_1__leaf_clk (net)
                  0.04    0.00    0.18 ^ _72_/CLK (sky130_fd_sc_hd__dfxtp_1)
     5    0.04    0.25    0.34    0.52 ^ _72_/Q (sky130_fd_sc_hd__dfxtp_1)
                                         display_inst.clk_div[2] (net)
                  0.25    0.00    0.52 ^ _52_/C (sky130_fd_sc_hd__and4_1)
     1    0.01    0.08    0.17    0.69 ^ _52_/X (sky130_fd_sc_hd__and4_1)
                                         _21_ (net)
                  0.08    0.00    0.69 ^ _53_/A (sky130_fd_sc_hd__buf_4)
     6    0.08    0.16    0.18    0.87 ^ _53_/X (sky130_fd_sc_hd__buf_4)
                                         _22_ (net)
                  0.17    0.01    0.88 ^ _62_/C (sky130_fd_sc_hd__and4_4)
     2    0.05    0.12    0.21    1.09 ^ _62_/X (sky130_fd_sc_hd__and4_4)
                                         _27_ (net)
                  0.12    0.01    1.10 ^ _64_/A_N (sky130_fd_sc_hd__and2b_1)
     1    0.01    0.04    0.13    1.23 v _64_/X (sky130_fd_sc_hd__and2b_1)
                                         _29_ (net)
                  0.04    0.00    1.23 v _65_/A (sky130_fd_sc_hd__clkbuf_1)
     1    0.01    0.04    0.07    1.30 v _65_/X (sky130_fd_sc_hd__clkbuf_1)
                                         _07_ (net)
                  0.04    0.00    1.30 v _77_/D (sky130_fd_sc_hd__dfxtp_1)
                                  1.30   data arrival time

                         10.00   10.00   clock core_clock (rise edge)
                          0.00   10.00   clock source latency
     1    0.03    0.00    0.00   10.00 ^ clk (in)
                                         clk (net)
                  0.00    0.00   10.00 ^ clkbuf_0_clk/A (sky130_fd_sc_hd__clkbuf_16)
     2    0.02    0.03    0.08   10.08 ^ clkbuf_0_clk/X (sky130_fd_sc_hd__clkbuf_16)
                                         clknet_0_clk (net)
                  0.03    0.00   10.08 ^ clkbuf_1_0__f_clk/A (sky130_fd_sc_hd__clkbuf_16)
     5    0.03    0.04    0.09   10.17 ^ clkbuf_1_0__f_clk/X (sky130_fd_sc_hd__clkbuf_16)
                                         clknet_1_0__leaf_clk (net)
                  0.04    0.00   10.18 ^ _77_/CLK (sky130_fd_sc_hd__dfxtp_1)
                          0.00   10.18   clock reconvergence pessimism
                         -0.07   10.11   library setup time
                                 10.11   data required time
-----------------------------------------------------------------------------
                                 10.11   data required time
                                 -1.30   data arrival time
-----------------------------------------------------------------------------
                                  8.80   slack (MET)


Startpoint: _72_ (rising edge-triggered flip-flop clocked by core_clock)
Endpoint: _78_ (rising edge-triggered flip-flop clocked by core_clock)
Path Group: core_clock
Path Type: max
Corner: Fastest

Fanout     Cap    Slew   Delay    Time   Description
-----------------------------------------------------------------------------
                          0.00    0.00   clock core_clock (rise edge)
                          0.00    0.00   clock source latency
     1    0.03    0.00    0.00    0.00 ^ clk (in)
                                         clk (net)
                  0.00    0.00    0.00 ^ clkbuf_0_clk/A (sky130_fd_sc_hd__clkbuf_16)
     2    0.02    0.03    0.08    0.08 ^ clkbuf_0_clk/X (sky130_fd_sc_hd__clkbuf_16)
                                         clknet_0_clk (net)
                  0.03    0.00    0.08 ^ clkbuf_1_1__f_clk/A (sky130_fd_sc_hd__clkbuf_16)
     5    0.04    0.04    0.10    0.18 ^ clkbuf_1_1__f_clk/X (sky130_fd_sc_hd__clkbuf_16)
                                         clknet_1_1__leaf_clk (net)
                  0.04    0.00    0.18 ^ _72_/CLK (sky130_fd_sc_hd__dfxtp_1)
     5    0.04    0.25    0.34    0.52 ^ _72_/Q (sky130_fd_sc_hd__dfxtp_1)
                                         display_inst.clk_div[2] (net)
                  0.25    0.00    0.52 ^ _52_/C (sky130_fd_sc_hd__and4_1)
     1    0.01    0.08    0.17    0.69 ^ _52_/X (sky130_fd_sc_hd__and4_1)
                                         _21_ (net)
                  0.08    0.00    0.69 ^ _53_/A (sky130_fd_sc_hd__buf_4)
     6    0.08    0.16    0.18    0.87 ^ _53_/X (sky130_fd_sc_hd__buf_4)
                                         _22_ (net)
                  0.17    0.01    0.88 ^ _62_/C (sky130_fd_sc_hd__and4_4)
     2    0.05    0.12    0.21    1.09 ^ _62_/X (sky130_fd_sc_hd__and4_4)
                                         _27_ (net)
                  0.12    0.01    1.10 ^ _66_/B (sky130_fd_sc_hd__xor2_2)
     1    0.02    0.21    0.18    1.28 ^ _66_/X (sky130_fd_sc_hd__xor2_2)
                                         _08_ (net)
                  0.21    0.00    1.28 ^ _78_/D (sky130_fd_sc_hd__dfxtp_2)
                                  1.28   data arrival time

                         10.00   10.00   clock core_clock (rise edge)
                          0.00   10.00   clock source latency
     1    0.03    0.00    0.00   10.00 ^ clk (in)
                                         clk (net)
                  0.00    0.00   10.00 ^ clkbuf_0_clk/A (sky130_fd_sc_hd__clkbuf_16)
     2    0.02    0.03    0.08   10.08 ^ clkbuf_0_clk/X (sky130_fd_sc_hd__clkbuf_16)
                                         clknet_0_clk (net)
                  0.03    0.00   10.08 ^ clkbuf_1_0__f_clk/A (sky130_fd_sc_hd__clkbuf_16)
     5    0.03    0.04    0.09   10.17 ^ clkbuf_1_0__f_clk/X (sky130_fd_sc_hd__clkbuf_16)
                                         clknet_1_0__leaf_clk (net)
                  0.04    0.00   10.18 ^ _78_/CLK (sky130_fd_sc_hd__dfxtp_2)
                          0.00   10.18   clock reconvergence pessimism
                         -0.05   10.13   library setup time
                                 10.13   data required time
-----------------------------------------------------------------------------
                                 10.13   data required time
                                 -1.28   data arrival time
-----------------------------------------------------------------------------
                                  8.84   slack (MET)


Startpoint: _72_ (rising edge-triggered flip-flop clocked by core_clock)
Endpoint: _75_ (rising edge-triggered flip-flop clocked by core_clock)
Path Group: core_clock
Path Type: max
Corner: Fastest

Fanout     Cap    Slew   Delay    Time   Description
-----------------------------------------------------------------------------
                          0.00    0.00   clock core_clock (rise edge)
                          0.00    0.00   clock source latency
     1    0.03    0.00    0.00    0.00 ^ clk (in)
                                         clk (net)
                  0.00    0.00    0.00 ^ clkbuf_0_clk/A (sky130_fd_sc_hd__clkbuf_16)
     2    0.02    0.03    0.08    0.08 ^ clkbuf_0_clk/X (sky130_fd_sc_hd__clkbuf_16)
                                         clknet_0_clk (net)
                  0.03    0.00    0.08 ^ clkbuf_1_1__f_clk/A (sky130_fd_sc_hd__clkbuf_16)
     5    0.04    0.04    0.10    0.18 ^ clkbuf_1_1__f_clk/X (sky130_fd_sc_hd__clkbuf_16)
                                         clknet_1_1__leaf_clk (net)
                  0.04    0.00    0.18 ^ _72_/CLK (sky130_fd_sc_hd__dfxtp_1)
     5    0.04    0.25    0.34    0.52 ^ _72_/Q (sky130_fd_sc_hd__dfxtp_1)
                                         display_inst.clk_div[2] (net)
                  0.25    0.00    0.52 ^ _52_/C (sky130_fd_sc_hd__and4_1)
     1    0.01    0.08    0.17    0.69 ^ _52_/X (sky130_fd_sc_hd__and4_1)
                                         _21_ (net)
                  0.08    0.00    0.69 ^ _53_/A (sky130_fd_sc_hd__buf_4)
     6    0.08    0.16    0.18    0.87 ^ _53_/X (sky130_fd_sc_hd__buf_4)
                                         _22_ (net)
                  0.17    0.01    0.88 ^ _57_/C (sky130_fd_sc_hd__and3_2)
     2    0.04    0.17    0.23    1.11 ^ _57_/X (sky130_fd_sc_hd__and3_2)
                                         _24_ (net)
                  0.17    0.01    1.12 ^ _59_/A (sky130_fd_sc_hd__nor2_1)
     1    0.02    0.09    0.09    1.20 v _59_/Y (sky130_fd_sc_hd__nor2_1)
                                         _05_ (net)
                  0.09    0.00    1.20 v _75_/D (sky130_fd_sc_hd__dfxtp_2)
                                  1.20   data arrival time

                         10.00   10.00   clock core_clock (rise edge)
                          0.00   10.00   clock source latency
     1    0.03    0.00    0.00   10.00 ^ clk (in)
                                         clk (net)
                  0.00    0.00   10.00 ^ clkbuf_0_clk/A (sky130_fd_sc_hd__clkbuf_16)
     2    0.02    0.03    0.08   10.08 ^ clkbuf_0_clk/X (sky130_fd_sc_hd__clkbuf_16)
                                         clknet_0_clk (net)
                  0.03    0.00   10.08 ^ clkbuf_1_1__f_clk/A (sky130_fd_sc_hd__clkbuf_16)
     5    0.04    0.04    0.10   10.18 ^ clkbuf_1_1__f_clk/X (sky130_fd_sc_hd__clkbuf_16)
                                         clknet_1_1__leaf_clk (net)
                  0.04    0.00   10.18 ^ _75_/CLK (sky130_fd_sc_hd__dfxtp_2)
                          0.00   10.18   clock reconvergence pessimism
                         -0.09   10.09   library setup time
                                 10.09   data required time
-----------------------------------------------------------------------------
                                 10.09   data required time
                                 -1.20   data arrival time
-----------------------------------------------------------------------------
                                  8.88   slack (MET)


Startpoint: _72_ (rising edge-triggered flip-flop clocked by core_clock)
Endpoint: _74_ (rising edge-triggered flip-flop clocked by core_clock)
Path Group: core_clock
Path Type: max
Corner: Fastest

Fanout     Cap    Slew   Delay    Time   Description
-----------------------------------------------------------------------------
                          0.00    0.00   clock core_clock (rise edge)
                          0.00    0.00   clock source latency
     1    0.03    0.00    0.00    0.00 ^ clk (in)
                                         clk (net)
                  0.00    0.00    0.00 ^ clkbuf_0_clk/A (sky130_fd_sc_hd__clkbuf_16)
     2    0.02    0.03    0.08    0.08 ^ clkbuf_0_clk/X (sky130_fd_sc_hd__clkbuf_16)
                                         clknet_0_clk (net)
                  0.03    0.00    0.08 ^ clkbuf_1_1__f_clk/A (sky130_fd_sc_hd__clkbuf_16)
     5    0.04    0.04    0.10    0.18 ^ clkbuf_1_1__f_clk/X (sky130_fd_sc_hd__clkbuf_16)
                                         clknet_1_1__leaf_clk (net)
                  0.04    0.00    0.18 ^ _72_/CLK (sky130_fd_sc_hd__dfxtp_1)
     5    0.04    0.25    0.34    0.52 ^ _72_/Q (sky130_fd_sc_hd__dfxtp_1)
                                         display_inst.clk_div[2] (net)
                  0.25    0.00    0.52 ^ _52_/C (sky130_fd_sc_hd__and4_1)
     1    0.01    0.08    0.17    0.69 ^ _52_/X (sky130_fd_sc_hd__and4_1)
                                         _21_ (net)
                  0.08    0.00    0.69 ^ _53_/A (sky130_fd_sc_hd__buf_4)
     6    0.08    0.16    0.18    0.87 ^ _53_/X (sky130_fd_sc_hd__buf_4)
                                         _22_ (net)
                  0.16    0.01    0.88 ^ _56_/B (sky130_fd_sc_hd__xor2_2)
     1    0.04    0.35    0.29    1.17 ^ _56_/X (sky130_fd_sc_hd__xor2_2)
                                         _04_ (net)
                  0.35    0.01    1.17 ^ _74_/D (sky130_fd_sc_hd__dfxtp_4)
                                  1.17   data arrival time

                         10.00   10.00   clock core_clock (rise edge)
                          0.00   10.00   clock source latency
     1    0.03    0.00    0.00   10.00 ^ clk (in)
                                         clk (net)
                  0.00    0.00   10.00 ^ clkbuf_0_clk/A (sky130_fd_sc_hd__clkbuf_16)
     2    0.02    0.03    0.08   10.08 ^ clkbuf_0_clk/X (sky130_fd_sc_hd__clkbuf_16)
                                         clknet_0_clk (net)
                  0.03    0.00   10.08 ^ clkbuf_1_1__f_clk/A (sky130_fd_sc_hd__clkbuf_16)
     5    0.04    0.04    0.10   10.18 ^ clkbuf_1_1__f_clk/X (sky130_fd_sc_hd__clkbuf_16)
                                         clknet_1_1__leaf_clk (net)
                  0.05    0.00   10.18 ^ _74_/CLK (sky130_fd_sc_hd__dfxtp_4)
                          0.00   10.18   clock reconvergence pessimism
                         -0.06   10.12   library setup time
                                 10.12   data required time
-----------------------------------------------------------------------------
                                 10.12   data required time
                                 -1.17   data arrival time
-----------------------------------------------------------------------------
                                  8.94   slack (MET)


Startpoint: _72_ (rising edge-triggered flip-flop clocked by core_clock)
Endpoint: _73_ (rising edge-triggered flip-flop clocked by core_clock)
Path Group: core_clock
Path Type: max
Corner: Fastest

Fanout     Cap    Slew   Delay    Time   Description
-----------------------------------------------------------------------------
                          0.00    0.00   clock core_clock (rise edge)
                          0.00    0.00   clock source latency
     1    0.03    0.00    0.00    0.00 ^ clk (in)
                                         clk (net)
                  0.00    0.00    0.00 ^ clkbuf_0_clk/A (sky130_fd_sc_hd__clkbuf_16)
     2    0.02    0.03    0.08    0.08 ^ clkbuf_0_clk/X (sky130_fd_sc_hd__clkbuf_16)
                                         clknet_0_clk (net)
                  0.03    0.00    0.08 ^ clkbuf_1_1__f_clk/A (sky130_fd_sc_hd__clkbuf_16)
     5    0.04    0.04    0.10    0.18 ^ clkbuf_1_1__f_clk/X (sky130_fd_sc_hd__clkbuf_16)
                                         clknet_1_1__leaf_clk (net)
                  0.04    0.00    0.18 ^ _72_/CLK (sky130_fd_sc_hd__dfxtp_1)
     5    0.04    0.25    0.34    0.52 ^ _72_/Q (sky130_fd_sc_hd__dfxtp_1)
                                         display_inst.clk_div[2] (net)
                  0.25    0.00    0.52 ^ _49_/C (sky130_fd_sc_hd__and3_2)
     2    0.03    0.11    0.19    0.72 ^ _49_/X (sky130_fd_sc_hd__and3_2)
                                         _19_ (net)
                  0.11    0.00    0.72 ^ _54_/B (sky130_fd_sc_hd__nor2_1)
     1    0.01    0.08    0.06    0.78 v _54_/Y (sky130_fd_sc_hd__nor2_1)
                                         _23_ (net)
                  0.08    0.00    0.79 v _55_/B (sky130_fd_sc_hd__nor2_1)
     1    0.02    0.27    0.23    1.02 ^ _55_/Y (sky130_fd_sc_hd__nor2_1)
                                         _03_ (net)
                  0.27    0.00    1.02 ^ _73_/D (sky130_fd_sc_hd__dfxtp_1)
                                  1.02   data arrival time

                         10.00   10.00   clock core_clock (rise edge)
                          0.00   10.00   clock source latency
     1    0.03    0.00    0.00   10.00 ^ clk (in)
                                         clk (net)
                  0.00    0.00   10.00 ^ clkbuf_0_clk/A (sky130_fd_sc_hd__clkbuf_16)
     2    0.02    0.03    0.08   10.08 ^ clkbuf_0_clk/X (sky130_fd_sc_hd__clkbuf_16)
                                         clknet_0_clk (net)
                  0.03    0.00   10.08 ^ clkbuf_1_0__f_clk/A (sky130_fd_sc_hd__clkbuf_16)
     5    0.03    0.04    0.09   10.17 ^ clkbuf_1_0__f_clk/X (sky130_fd_sc_hd__clkbuf_16)
                                         clknet_1_0__leaf_clk (net)
                  0.04    0.00   10.18 ^ _73_/CLK (sky130_fd_sc_hd__dfxtp_1)
                          0.00   10.18   clock reconvergence pessimism
                         -0.05   10.12   library setup time
                                 10.12   data required time
-----------------------------------------------------------------------------
                                 10.12   data required time
                                 -1.02   data arrival time
-----------------------------------------------------------------------------
                                  9.11   slack (MET)


Startpoint: _72_ (rising edge-triggered flip-flop clocked by core_clock)
Endpoint: _72_ (rising edge-triggered flip-flop clocked by core_clock)
Path Group: core_clock
Path Type: max
Corner: Fastest

Fanout     Cap    Slew   Delay    Time   Description
-----------------------------------------------------------------------------
                          0.00    0.00   clock core_clock (rise edge)
                          0.00    0.00   clock source latency
     1    0.03    0.00    0.00    0.00 ^ clk (in)
                                         clk (net)
                  0.00    0.00    0.00 ^ clkbuf_0_clk/A (sky130_fd_sc_hd__clkbuf_16)
     2    0.02    0.03    0.08    0.08 ^ clkbuf_0_clk/X (sky130_fd_sc_hd__clkbuf_16)
                                         clknet_0_clk (net)
                  0.03    0.00    0.08 ^ clkbuf_1_1__f_clk/A (sky130_fd_sc_hd__clkbuf_16)
     5    0.04    0.04    0.10    0.18 ^ clkbuf_1_1__f_clk/X (sky130_fd_sc_hd__clkbuf_16)
                                         clknet_1_1__leaf_clk (net)
                  0.04    0.00    0.18 ^ _72_/CLK (sky130_fd_sc_hd__dfxtp_1)
     5    0.03    0.11    0.27    0.45 v _72_/Q (sky130_fd_sc_hd__dfxtp_1)
                                         display_inst.clk_div[2] (net)
                  0.11    0.00    0.45 v _49_/C (sky130_fd_sc_hd__and3_2)
     2    0.03    0.06    0.20    0.65 v _49_/X (sky130_fd_sc_hd__and3_2)
                                         _19_ (net)
                  0.06    0.00    0.65 v _51_/A (sky130_fd_sc_hd__nor2_1)
     1    0.02    0.20    0.18    0.84 ^ _51_/Y (sky130_fd_sc_hd__nor2_1)
                                         _02_ (net)
                  0.20    0.00    0.84 ^ _72_/D (sky130_fd_sc_hd__dfxtp_1)
                                  0.84   data arrival time

                         10.00   10.00   clock core_clock (rise edge)
                          0.00   10.00   clock source latency
     1    0.03    0.00    0.00   10.00 ^ clk (in)
                                         clk (net)
                  0.00    0.00   10.00 ^ clkbuf_0_clk/A (sky130_fd_sc_hd__clkbuf_16)
     2    0.02    0.03    0.08   10.08 ^ clkbuf_0_clk/X (sky130_fd_sc_hd__clkbuf_16)
                                         clknet_0_clk (net)
                  0.03    0.00   10.08 ^ clkbuf_1_1__f_clk/A (sky130_fd_sc_hd__clkbuf_16)
     5    0.04    0.04    0.10   10.18 ^ clkbuf_1_1__f_clk/X (sky130_fd_sc_hd__clkbuf_16)
                                         clknet_1_1__leaf_clk (net)
                  0.04    0.00   10.18 ^ _72_/CLK (sky130_fd_sc_hd__dfxtp_1)
                          0.00   10.18   clock reconvergence pessimism
                         -0.04   10.14   library setup time
                                 10.14   data required time
-----------------------------------------------------------------------------
                                 10.14   data required time
                                 -0.84   data arrival time
-----------------------------------------------------------------------------
                                  9.30   slack (MET)


Startpoint: _71_ (rising edge-triggered flip-flop clocked by core_clock)
Endpoint: _71_ (rising edge-triggered flip-flop clocked by core_clock)
Path Group: core_clock
Path Type: max
Corner: Fastest

Fanout     Cap    Slew   Delay    Time   Description
-----------------------------------------------------------------------------
                          0.00    0.00   clock core_clock (rise edge)
                          0.00    0.00   clock source latency
     1    0.03    0.00    0.00    0.00 ^ clk (in)
                                         clk (net)
                  0.00    0.00    0.00 ^ clkbuf_0_clk/A (sky130_fd_sc_hd__clkbuf_16)
     2    0.02    0.03    0.08    0.08 ^ clkbuf_0_clk/X (sky130_fd_sc_hd__clkbuf_16)
                                         clknet_0_clk (net)
                  0.03    0.00    0.08 ^ clkbuf_1_0__f_clk/A (sky130_fd_sc_hd__clkbuf_16)
     5    0.03    0.04    0.09    0.17 ^ clkbuf_1_0__f_clk/X (sky130_fd_sc_hd__clkbuf_16)
                                         clknet_1_0__leaf_clk (net)
                  0.04    0.00    0.18 ^ _71_/CLK (sky130_fd_sc_hd__dfxtp_2)
     4    0.05    0.19    0.31    0.49 ^ _71_/Q (sky130_fd_sc_hd__dfxtp_2)
                                         display_inst.clk_div[1] (net)
                  0.19    0.01    0.49 ^ _48_/B (sky130_fd_sc_hd__xor2_1)
     1    0.02    0.27    0.23    0.72 ^ _48_/X (sky130_fd_sc_hd__xor2_1)
                                         _01_ (net)
                  0.27    0.00    0.72 ^ _71_/D (sky130_fd_sc_hd__dfxtp_2)
                                  0.72   data arrival time

                         10.00   10.00   clock core_clock (rise edge)
                          0.00   10.00   clock source latency
     1    0.03    0.00    0.00   10.00 ^ clk (in)
                                         clk (net)
                  0.00    0.00   10.00 ^ clkbuf_0_clk/A (sky130_fd_sc_hd__clkbuf_16)
     2    0.02    0.03    0.08   10.08 ^ clkbuf_0_clk/X (sky130_fd_sc_hd__clkbuf_16)
                                         clknet_0_clk (net)
                  0.03    0.00   10.08 ^ clkbuf_1_0__f_clk/A (sky130_fd_sc_hd__clkbuf_16)
     5    0.03    0.04    0.09   10.17 ^ clkbuf_1_0__f_clk/X (sky130_fd_sc_hd__clkbuf_16)
                                         clknet_1_0__leaf_clk (net)
                  0.04    0.00   10.18 ^ _71_/CLK (sky130_fd_sc_hd__dfxtp_2)
                          0.00   10.18   clock reconvergence pessimism
                         -0.05   10.12   library setup time
                                 10.12   data required time
-----------------------------------------------------------------------------
                                 10.12   data required time
                                 -0.72   data arrival time
-----------------------------------------------------------------------------
                                  9.40   slack (MET)


Startpoint: _70_ (rising edge-triggered flip-flop clocked by core_clock)
Endpoint: _70_ (rising edge-triggered flip-flop clocked by core_clock)
Path Group: core_clock
Path Type: max
Corner: Fastest

Fanout     Cap    Slew   Delay    Time   Description
-----------------------------------------------------------------------------
                          0.00    0.00   clock core_clock (rise edge)
                          0.00    0.00   clock source latency
     1    0.03    0.00    0.00    0.00 ^ clk (in)
                                         clk (net)
                  0.00    0.00    0.00 ^ clkbuf_0_clk/A (sky130_fd_sc_hd__clkbuf_16)
     2    0.02    0.03    0.08    0.08 ^ clkbuf_0_clk/X (sky130_fd_sc_hd__clkbuf_16)
                                         clknet_0_clk (net)
                  0.03    0.00    0.08 ^ clkbuf_1_1__f_clk/A (sky130_fd_sc_hd__clkbuf_16)
     5    0.04    0.04    0.10    0.18 ^ clkbuf_1_1__f_clk/X (sky130_fd_sc_hd__clkbuf_16)
                                         clknet_1_1__leaf_clk (net)
                  0.05    0.00    0.18 ^ _70_/CLK (sky130_fd_sc_hd__dfxtp_4)
     5    0.06    0.14    0.29    0.47 ^ _70_/Q (sky130_fd_sc_hd__dfxtp_4)
                                         display_inst.clk_div[0] (net)
                  0.14    0.02    0.48 ^ _47_/A (sky130_fd_sc_hd__inv_2)
     1    0.04    0.09    0.08    0.57 v _47_/Y (sky130_fd_sc_hd__inv_2)
                                         _00_ (net)
                  0.09    0.01    0.57 v _70_/D (sky130_fd_sc_hd__dfxtp_4)
                                  0.57   data arrival time

                         10.00   10.00   clock core_clock (rise edge)
                          0.00   10.00   clock source latency
     1    0.03    0.00    0.00   10.00 ^ clk (in)
                                         clk (net)
                  0.00    0.00   10.00 ^ clkbuf_0_clk/A (sky130_fd_sc_hd__clkbuf_16)
     2    0.02    0.03    0.08   10.08 ^ clkbuf_0_clk/X (sky130_fd_sc_hd__clkbuf_16)
                                         clknet_0_clk (net)
                  0.03    0.00   10.08 ^ clkbuf_1_1__f_clk/A (sky130_fd_sc_hd__clkbuf_16)
     5    0.04    0.04    0.10   10.18 ^ clkbuf_1_1__f_clk/X (sky130_fd_sc_hd__clkbuf_16)
                                         clknet_1_1__leaf_clk (net)
                  0.05    0.00   10.18 ^ _70_/CLK (sky130_fd_sc_hd__dfxtp_4)
                          0.00   10.18   clock reconvergence pessimism
                         -0.09   10.09   library setup time
                                 10.09   data required time
-----------------------------------------------------------------------------
                                 10.09   data required time
                                 -0.57   data arrival time
-----------------------------------------------------------------------------
                                  9.52   slack (MET)



worst slack corner Fastest: 8.7845
======================= Slowest Corner ===================================

Startpoint: _72_ (rising edge-triggered flip-flop clocked by core_clock)
Endpoint: _77_ (rising edge-triggered flip-flop clocked by core_clock)
Path Group: core_clock
Path Type: max
Corner: Slowest

Fanout     Cap    Slew   Delay    Time   Description
-----------------------------------------------------------------------------
                          0.00    0.00   clock core_clock (rise edge)
                          0.00    0.00   clock source latency
     1    0.03    0.00    0.00    0.00 ^ clk (in)
                                         clk (net)
                  0.00    0.00    0.00 ^ clkbuf_0_clk/A (sky130_fd_sc_hd__clkbuf_16)
     2    0.02    0.07    0.19    0.20 ^ clkbuf_0_clk/X (sky130_fd_sc_hd__clkbuf_16)
                                         clknet_0_clk (net)
                  0.07    0.00    0.20 ^ clkbuf_1_1__f_clk/A (sky130_fd_sc_hd__clkbuf_16)
     5    0.04    0.09    0.25    0.44 ^ clkbuf_1_1__f_clk/X (sky130_fd_sc_hd__clkbuf_16)
                                         clknet_1_1__leaf_clk (net)
                  0.09    0.00    0.45 ^ _72_/CLK (sky130_fd_sc_hd__dfxtp_1)
     5    0.04    0.53    0.97    1.42 ^ _72_/Q (sky130_fd_sc_hd__dfxtp_1)
                                         display_inst.clk_div[2] (net)
                  0.53    0.00    1.42 ^ _52_/C (sky130_fd_sc_hd__and4_1)
     1    0.01    0.20    0.62    2.04 ^ _52_/X (sky130_fd_sc_hd__and4_1)
                                         _21_ (net)
                  0.20    0.00    2.04 ^ _53_/A (sky130_fd_sc_hd__buf_4)
     6    0.08    0.35    0.47    2.50 ^ _53_/X (sky130_fd_sc_hd__buf_4)
                                         _22_ (net)
                  0.35    0.01    2.52 ^ _62_/C (sky130_fd_sc_hd__and4_4)
     2    0.05    0.28    0.77    3.29 ^ _62_/X (sky130_fd_sc_hd__and4_4)
                                         _27_ (net)
                  0.28    0.01    3.30 ^ _64_/A_N (sky130_fd_sc_hd__and2b_1)
     1    0.01    0.10    0.48    3.78 v _64_/X (sky130_fd_sc_hd__and2b_1)
                                         _29_ (net)
                  0.10    0.00    3.78 v _65_/A (sky130_fd_sc_hd__clkbuf_1)
     1    0.01    0.10    0.21    3.99 v _65_/X (sky130_fd_sc_hd__clkbuf_1)
                                         _07_ (net)
                  0.10    0.00    3.99 v _77_/D (sky130_fd_sc_hd__dfxtp_1)
                                  3.99   data arrival time

                         10.00   10.00   clock core_clock (rise edge)
                          0.00   10.00   clock source latency
     1    0.03    0.00    0.00   10.00 ^ clk (in)
                                         clk (net)
                  0.00    0.00   10.00 ^ clkbuf_0_clk/A (sky130_fd_sc_hd__clkbuf_16)
     2    0.02    0.07    0.19   10.20 ^ clkbuf_0_clk/X (sky130_fd_sc_hd__clkbuf_16)
                                         clknet_0_clk (net)
                  0.07    0.00   10.20 ^ clkbuf_1_0__f_clk/A (sky130_fd_sc_hd__clkbuf_16)
     5    0.03    0.08    0.24   10.44 ^ clkbuf_1_0__f_clk/X (sky130_fd_sc_hd__clkbuf_16)
                                         clknet_1_0__leaf_clk (net)
                  0.08    0.00   10.44 ^ _77_/CLK (sky130_fd_sc_hd__dfxtp_1)
                          0.00   10.44   clock reconvergence pessimism
                         -0.28   10.16   library setup time
                                 10.16   data required time
-----------------------------------------------------------------------------
                                 10.16   data required time
                                 -3.99   data arrival time
-----------------------------------------------------------------------------
                                  6.17   slack (MET)


Startpoint: _72_ (rising edge-triggered flip-flop clocked by core_clock)
Endpoint: _76_ (rising edge-triggered flip-flop clocked by core_clock)
Path Group: core_clock
Path Type: max
Corner: Slowest

Fanout     Cap    Slew   Delay    Time   Description
-----------------------------------------------------------------------------
                          0.00    0.00   clock core_clock (rise edge)
                          0.00    0.00   clock source latency
     1    0.03    0.00    0.00    0.00 ^ clk (in)
                                         clk (net)
                  0.00    0.00    0.00 ^ clkbuf_0_clk/A (sky130_fd_sc_hd__clkbuf_16)
     2    0.02    0.07    0.19    0.20 ^ clkbuf_0_clk/X (sky130_fd_sc_hd__clkbuf_16)
                                         clknet_0_clk (net)
                  0.07    0.00    0.20 ^ clkbuf_1_1__f_clk/A (sky130_fd_sc_hd__clkbuf_16)
     5    0.04    0.09    0.25    0.44 ^ clkbuf_1_1__f_clk/X (sky130_fd_sc_hd__clkbuf_16)
                                         clknet_1_1__leaf_clk (net)
                  0.09    0.00    0.45 ^ _72_/CLK (sky130_fd_sc_hd__dfxtp_1)
     5    0.04    0.53    0.97    1.42 ^ _72_/Q (sky130_fd_sc_hd__dfxtp_1)
                                         display_inst.clk_div[2] (net)
                  0.53    0.00    1.42 ^ _52_/C (sky130_fd_sc_hd__and4_1)
     1    0.01    0.20    0.62    2.04 ^ _52_/X (sky130_fd_sc_hd__and4_1)
                                         _21_ (net)
                  0.20    0.00    2.04 ^ _53_/A (sky130_fd_sc_hd__buf_4)
     6    0.08    0.35    0.47    2.50 ^ _53_/X (sky130_fd_sc_hd__buf_4)
                                         _22_ (net)
                  0.35    0.01    2.52 ^ _57_/C (sky130_fd_sc_hd__and3_2)
     2    0.04    0.38    0.71    3.23 ^ _57_/X (sky130_fd_sc_hd__and3_2)
                                         _24_ (net)
                  0.38    0.00    3.23 ^ _60_/B (sky130_fd_sc_hd__xor2_2)
     1    0.03    0.55    0.61    3.84 ^ _60_/X (sky130_fd_sc_hd__xor2_2)
                                         _06_ (net)
                  0.55    0.00    3.85 ^ _76_/D (sky130_fd_sc_hd__dfxtp_2)
                                  3.85   data arrival time

                         10.00   10.00   clock core_clock (rise edge)
                          0.00   10.00   clock source latency
     1    0.03    0.00    0.00   10.00 ^ clk (in)
                                         clk (net)
                  0.00    0.00   10.00 ^ clkbuf_0_clk/A (sky130_fd_sc_hd__clkbuf_16)
     2    0.02    0.07    0.19   10.20 ^ clkbuf_0_clk/X (sky130_fd_sc_hd__clkbuf_16)
                                         clknet_0_clk (net)
                  0.07    0.00   10.20 ^ clkbuf_1_1__f_clk/A (sky130_fd_sc_hd__clkbuf_16)
     5    0.04    0.09    0.25   10.44 ^ clkbuf_1_1__f_clk/X (sky130_fd_sc_hd__clkbuf_16)
                                         clknet_1_1__leaf_clk (net)
                  0.09    0.00   10.45 ^ _76_/CLK (sky130_fd_sc_hd__dfxtp_2)
                          0.00   10.45   clock reconvergence pessimism
                         -0.26   10.18   library setup time
                                 10.18   data required time
-----------------------------------------------------------------------------
                                 10.18   data required time
                                 -3.85   data arrival time
-----------------------------------------------------------------------------
                                  6.33   slack (MET)


Startpoint: _72_ (rising edge-triggered flip-flop clocked by core_clock)
Endpoint: _78_ (rising edge-triggered flip-flop clocked by core_clock)
Path Group: core_clock
Path Type: max
Corner: Slowest

Fanout     Cap    Slew   Delay    Time   Description
-----------------------------------------------------------------------------
                          0.00    0.00   clock core_clock (rise edge)
                          0.00    0.00   clock source latency
     1    0.03    0.00    0.00    0.00 ^ clk (in)
                                         clk (net)
                  0.00    0.00    0.00 ^ clkbuf_0_clk/A (sky130_fd_sc_hd__clkbuf_16)
     2    0.02    0.07    0.19    0.20 ^ clkbuf_0_clk/X (sky130_fd_sc_hd__clkbuf_16)
                                         clknet_0_clk (net)
                  0.07    0.00    0.20 ^ clkbuf_1_1__f_clk/A (sky130_fd_sc_hd__clkbuf_16)
     5    0.04    0.09    0.25    0.44 ^ clkbuf_1_1__f_clk/X (sky130_fd_sc_hd__clkbuf_16)
                                         clknet_1_1__leaf_clk (net)
                  0.09    0.00    0.45 ^ _72_/CLK (sky130_fd_sc_hd__dfxtp_1)
     5    0.04    0.53    0.97    1.42 ^ _72_/Q (sky130_fd_sc_hd__dfxtp_1)
                                         display_inst.clk_div[2] (net)
                  0.53    0.00    1.42 ^ _52_/C (sky130_fd_sc_hd__and4_1)
     1    0.01    0.20    0.62    2.04 ^ _52_/X (sky130_fd_sc_hd__and4_1)
                                         _21_ (net)
                  0.20    0.00    2.04 ^ _53_/A (sky130_fd_sc_hd__buf_4)
     6    0.08    0.35    0.47    2.50 ^ _53_/X (sky130_fd_sc_hd__buf_4)
                                         _22_ (net)
                  0.35    0.01    2.52 ^ _62_/C (sky130_fd_sc_hd__and4_4)
     2    0.05    0.28    0.77    3.29 ^ _62_/X (sky130_fd_sc_hd__and4_4)
                                         _27_ (net)
                  0.28    0.01    3.30 ^ _66_/B (sky130_fd_sc_hd__xor2_2)
     1    0.02    0.43    0.50    3.80 ^ _66_/X (sky130_fd_sc_hd__xor2_2)
                                         _08_ (net)
                  0.43    0.00    3.80 ^ _78_/D (sky130_fd_sc_hd__dfxtp_2)
                                  3.80   data arrival time

                         10.00   10.00   clock core_clock (rise edge)
                          0.00   10.00   clock source latency
     1    0.03    0.00    0.00   10.00 ^ clk (in)
                                         clk (net)
                  0.00    0.00   10.00 ^ clkbuf_0_clk/A (sky130_fd_sc_hd__clkbuf_16)
     2    0.02    0.07    0.19   10.20 ^ clkbuf_0_clk/X (sky130_fd_sc_hd__clkbuf_16)
                                         clknet_0_clk (net)
                  0.07    0.00   10.20 ^ clkbuf_1_0__f_clk/A (sky130_fd_sc_hd__clkbuf_16)
     5    0.03    0.08    0.24   10.44 ^ clkbuf_1_0__f_clk/X (sky130_fd_sc_hd__clkbuf_16)
                                         clknet_1_0__leaf_clk (net)
                  0.09    0.00   10.44 ^ _78_/CLK (sky130_fd_sc_hd__dfxtp_2)
                          0.00   10.44   clock reconvergence pessimism
                         -0.23   10.21   library setup time
                                 10.21   data required time
-----------------------------------------------------------------------------
                                 10.21   data required time
                                 -3.80   data arrival time
-----------------------------------------------------------------------------
                                  6.41   slack (MET)


Startpoint: _72_ (rising edge-triggered flip-flop clocked by core_clock)
Endpoint: _75_ (rising edge-triggered flip-flop clocked by core_clock)
Path Group: core_clock
Path Type: max
Corner: Slowest

Fanout     Cap    Slew   Delay    Time   Description
-----------------------------------------------------------------------------
                          0.00    0.00   clock core_clock (rise edge)
                          0.00    0.00   clock source latency
     1    0.03    0.00    0.00    0.00 ^ clk (in)
                                         clk (net)
                  0.00    0.00    0.00 ^ clkbuf_0_clk/A (sky130_fd_sc_hd__clkbuf_16)
     2    0.02    0.07    0.19    0.20 ^ clkbuf_0_clk/X (sky130_fd_sc_hd__clkbuf_16)
                                         clknet_0_clk (net)
                  0.07    0.00    0.20 ^ clkbuf_1_1__f_clk/A (sky130_fd_sc_hd__clkbuf_16)
     5    0.04    0.09    0.25    0.44 ^ clkbuf_1_1__f_clk/X (sky130_fd_sc_hd__clkbuf_16)
                                         clknet_1_1__leaf_clk (net)
                  0.09    0.00    0.45 ^ _72_/CLK (sky130_fd_sc_hd__dfxtp_1)
     5    0.04    0.53    0.97    1.42 ^ _72_/Q (sky130_fd_sc_hd__dfxtp_1)
                                         display_inst.clk_div[2] (net)
                  0.53    0.00    1.42 ^ _52_/C (sky130_fd_sc_hd__and4_1)
     1    0.01    0.20    0.62    2.04 ^ _52_/X (sky130_fd_sc_hd__and4_1)
                                         _21_ (net)
                  0.20    0.00    2.04 ^ _53_/A (sky130_fd_sc_hd__buf_4)
     6    0.08    0.35    0.47    2.50 ^ _53_/X (sky130_fd_sc_hd__buf_4)
                                         _22_ (net)
                  0.35    0.01    2.52 ^ _57_/C (sky130_fd_sc_hd__and3_2)
     2    0.04    0.38    0.71    3.23 ^ _57_/X (sky130_fd_sc_hd__and3_2)
                                         _24_ (net)
                  0.38    0.01    3.24 ^ _59_/A (sky130_fd_sc_hd__nor2_1)
     1    0.02    0.19    0.30    3.54 v _59_/Y (sky130_fd_sc_hd__nor2_1)
                                         _05_ (net)
                  0.19    0.00    3.54 v _75_/D (sky130_fd_sc_hd__dfxtp_2)
                                  3.54   data arrival time

                         10.00   10.00   clock core_clock (rise edge)
                          0.00   10.00   clock source latency
     1    0.03    0.00    0.00   10.00 ^ clk (in)
                                         clk (net)
                  0.00    0.00   10.00 ^ clkbuf_0_clk/A (sky130_fd_sc_hd__clkbuf_16)
     2    0.02    0.07    0.19   10.20 ^ clkbuf_0_clk/X (sky130_fd_sc_hd__clkbuf_16)
                                         clknet_0_clk (net)
                  0.07    0.00   10.20 ^ clkbuf_1_1__f_clk/A (sky130_fd_sc_hd__clkbuf_16)
     5    0.04    0.09    0.25   10.44 ^ clkbuf_1_1__f_clk/X (sky130_fd_sc_hd__clkbuf_16)
                                         clknet_1_1__leaf_clk (net)
                  0.09    0.00   10.45 ^ _75_/CLK (sky130_fd_sc_hd__dfxtp_2)
                          0.00   10.45   clock reconvergence pessimism
                         -0.32   10.13   library setup time
                                 10.13   data required time
-----------------------------------------------------------------------------
                                 10.13   data required time
                                 -3.54   data arrival time
-----------------------------------------------------------------------------
                                  6.59   slack (MET)


Startpoint: _72_ (rising edge-triggered flip-flop clocked by core_clock)
Endpoint: _74_ (rising edge-triggered flip-flop clocked by core_clock)
Path Group: core_clock
Path Type: max
Corner: Slowest

Fanout     Cap    Slew   Delay    Time   Description
-----------------------------------------------------------------------------
                          0.00    0.00   clock core_clock (rise edge)
                          0.00    0.00   clock source latency
     1    0.03    0.00    0.00    0.00 ^ clk (in)
                                         clk (net)
                  0.00    0.00    0.00 ^ clkbuf_0_clk/A (sky130_fd_sc_hd__clkbuf_16)
     2    0.02    0.07    0.19    0.20 ^ clkbuf_0_clk/X (sky130_fd_sc_hd__clkbuf_16)
                                         clknet_0_clk (net)
                  0.07    0.00    0.20 ^ clkbuf_1_1__f_clk/A (sky130_fd_sc_hd__clkbuf_16)
     5    0.04    0.09    0.25    0.44 ^ clkbuf_1_1__f_clk/X (sky130_fd_sc_hd__clkbuf_16)
                                         clknet_1_1__leaf_clk (net)
                  0.09    0.00    0.45 ^ _72_/CLK (sky130_fd_sc_hd__dfxtp_1)
     5    0.04    0.53    0.97    1.42 ^ _72_/Q (sky130_fd_sc_hd__dfxtp_1)
                                         display_inst.clk_div[2] (net)
                  0.53    0.00    1.42 ^ _52_/C (sky130_fd_sc_hd__and4_1)
     1    0.01    0.20    0.62    2.04 ^ _52_/X (sky130_fd_sc_hd__and4_1)
                                         _21_ (net)
                  0.20    0.00    2.04 ^ _53_/A (sky130_fd_sc_hd__buf_4)
     6    0.08    0.35    0.47    2.50 ^ _53_/X (sky130_fd_sc_hd__buf_4)
                                         _22_ (net)
                  0.35    0.01    2.52 ^ _56_/B (sky130_fd_sc_hd__xor2_2)
     1    0.04    0.74    0.74    3.26 ^ _56_/X (sky130_fd_sc_hd__xor2_2)
                                         _04_ (net)
                  0.74    0.01    3.26 ^ _74_/D (sky130_fd_sc_hd__dfxtp_4)
                                  3.26   data arrival time

                         10.00   10.00   clock core_clock (rise edge)
                          0.00   10.00   clock source latency
     1    0.03    0.00    0.00   10.00 ^ clk (in)
                                         clk (net)
                  0.00    0.00   10.00 ^ clkbuf_0_clk/A (sky130_fd_sc_hd__clkbuf_16)
     2    0.02    0.07    0.19   10.20 ^ clkbuf_0_clk/X (sky130_fd_sc_hd__clkbuf_16)
                                         clknet_0_clk (net)
                  0.07    0.00   10.20 ^ clkbuf_1_1__f_clk/A (sky130_fd_sc_hd__clkbuf_16)
     5    0.04    0.09    0.25   10.44 ^ clkbuf_1_1__f_clk/X (sky130_fd_sc_hd__clkbuf_16)
                                         clknet_1_1__leaf_clk (net)
                  0.09    0.00   10.45 ^ _74_/CLK (sky130_fd_sc_hd__dfxtp_4)
                          0.00   10.45   clock reconvergence pessimism
                         -0.31   10.13   library setup time
                                 10.13   data required time
-----------------------------------------------------------------------------
                                 10.13   data required time
                                 -3.26   data arrival time
-----------------------------------------------------------------------------
                                  6.87   slack (MET)


Startpoint: _72_ (rising edge-triggered flip-flop clocked by core_clock)
Endpoint: _73_ (rising edge-triggered flip-flop clocked by core_clock)
Path Group: core_clock
Path Type: max
Corner: Slowest

Fanout     Cap    Slew   Delay    Time   Description
-----------------------------------------------------------------------------
                          0.00    0.00   clock core_clock (rise edge)
                          0.00    0.00   clock source latency
     1    0.03    0.00    0.00    0.00 ^ clk (in)
                                         clk (net)
                  0.00    0.00    0.00 ^ clkbuf_0_clk/A (sky130_fd_sc_hd__clkbuf_16)
     2    0.02    0.07    0.19    0.20 ^ clkbuf_0_clk/X (sky130_fd_sc_hd__clkbuf_16)
                                         clknet_0_clk (net)
                  0.07    0.00    0.20 ^ clkbuf_1_1__f_clk/A (sky130_fd_sc_hd__clkbuf_16)
     5    0.04    0.09    0.25    0.44 ^ clkbuf_1_1__f_clk/X (sky130_fd_sc_hd__clkbuf_16)
                                         clknet_1_1__leaf_clk (net)
                  0.09    0.00    0.45 ^ _72_/CLK (sky130_fd_sc_hd__dfxtp_1)
     5    0.04    0.53    0.97    1.42 ^ _72_/Q (sky130_fd_sc_hd__dfxtp_1)
                                         display_inst.clk_div[2] (net)
                  0.53    0.00    1.42 ^ _52_/C (sky130_fd_sc_hd__and4_1)
     1    0.01    0.20    0.62    2.04 ^ _52_/X (sky130_fd_sc_hd__and4_1)
                                         _21_ (net)
                  0.20    0.00    2.04 ^ _53_/A (sky130_fd_sc_hd__buf_4)
     6    0.08    0.35    0.47    2.50 ^ _53_/X (sky130_fd_sc_hd__buf_4)
                                         _22_ (net)
                  0.35    0.01    2.51 ^ _55_/A (sky130_fd_sc_hd__nor2_1)
     1    0.02    0.23    0.32    2.83 v _55_/Y (sky130_fd_sc_hd__nor2_1)
                                         _03_ (net)
                  0.23    0.00    2.83 v _73_/D (sky130_fd_sc_hd__dfxtp_1)
                                  2.83   data arrival time

                         10.00   10.00   clock core_clock (rise edge)
                          0.00   10.00   clock source latency
     1    0.03    0.00    0.00   10.00 ^ clk (in)
                                         clk (net)
                  0.00    0.00   10.00 ^ clkbuf_0_clk/A (sky130_fd_sc_hd__clkbuf_16)
     2    0.02    0.07    0.19   10.20 ^ clkbuf_0_clk/X (sky130_fd_sc_hd__clkbuf_16)
                                         clknet_0_clk (net)
                  0.07    0.00   10.20 ^ clkbuf_1_0__f_clk/A (sky130_fd_sc_hd__clkbuf_16)
     5    0.03    0.08    0.24   10.44 ^ clkbuf_1_0__f_clk/X (sky130_fd_sc_hd__clkbuf_16)
                                         clknet_1_0__leaf_clk (net)
                  0.08    0.00   10.44 ^ _73_/CLK (sky130_fd_sc_hd__dfxtp_1)
                          0.00   10.44   clock reconvergence pessimism
                         -0.33   10.11   library setup time
                                 10.11   data required time
-----------------------------------------------------------------------------
                                 10.11   data required time
                                 -2.83   data arrival time
-----------------------------------------------------------------------------
                                  7.28   slack (MET)


Startpoint: _72_ (rising edge-triggered flip-flop clocked by core_clock)
Endpoint: _72_ (rising edge-triggered flip-flop clocked by core_clock)
Path Group: core_clock
Path Type: max
Corner: Slowest

Fanout     Cap    Slew   Delay    Time   Description
-----------------------------------------------------------------------------
                          0.00    0.00   clock core_clock (rise edge)
                          0.00    0.00   clock source latency
     1    0.03    0.00    0.00    0.00 ^ clk (in)
                                         clk (net)
                  0.00    0.00    0.00 ^ clkbuf_0_clk/A (sky130_fd_sc_hd__clkbuf_16)
     2    0.02    0.07    0.19    0.20 ^ clkbuf_0_clk/X (sky130_fd_sc_hd__clkbuf_16)
                                         clknet_0_clk (net)
                  0.07    0.00    0.20 ^ clkbuf_1_1__f_clk/A (sky130_fd_sc_hd__clkbuf_16)
     5    0.04    0.09    0.25    0.44 ^ clkbuf_1_1__f_clk/X (sky130_fd_sc_hd__clkbuf_16)
                                         clknet_1_1__leaf_clk (net)
                  0.09    0.00    0.45 ^ _72_/CLK (sky130_fd_sc_hd__dfxtp_1)
     5    0.04    0.53    0.97    1.42 ^ _72_/Q (sky130_fd_sc_hd__dfxtp_1)
                                         display_inst.clk_div[2] (net)
                  0.53    0.00    1.42 ^ _49_/C (sky130_fd_sc_hd__and3_2)
     2    0.03    0.24    0.66    2.08 ^ _49_/X (sky130_fd_sc_hd__and3_2)
                                         _19_ (net)
                  0.24    0.00    2.09 ^ _51_/A (sky130_fd_sc_hd__nor2_1)
     1    0.02    0.17    0.23    2.32 v _51_/Y (sky130_fd_sc_hd__nor2_1)
                                         _02_ (net)
                  0.17    0.00    2.32 v _72_/D (sky130_fd_sc_hd__dfxtp_1)
                                  2.32   data arrival time

                         10.00   10.00   clock core_clock (rise edge)
                          0.00   10.00   clock source latency
     1    0.03    0.00    0.00   10.00 ^ clk (in)
                                         clk (net)
                  0.00    0.00   10.00 ^ clkbuf_0_clk/A (sky130_fd_sc_hd__clkbuf_16)
     2    0.02    0.07    0.19   10.20 ^ clkbuf_0_clk/X (sky130_fd_sc_hd__clkbuf_16)
                                         clknet_0_clk (net)
                  0.07    0.00   10.20 ^ clkbuf_1_1__f_clk/A (sky130_fd_sc_hd__clkbuf_16)
     5    0.04    0.09    0.25   10.44 ^ clkbuf_1_1__f_clk/X (sky130_fd_sc_hd__clkbuf_16)
                                         clknet_1_1__leaf_clk (net)
                  0.09    0.00   10.45 ^ _72_/CLK (sky130_fd_sc_hd__dfxtp_1)
                          0.00   10.45   clock reconvergence pessimism
                         -0.30   10.14   library setup time
                                 10.14   data required time
-----------------------------------------------------------------------------
                                 10.14   data required time
                                 -2.32   data arrival time
-----------------------------------------------------------------------------
                                  7.82   slack (MET)


Startpoint: _71_ (rising edge-triggered flip-flop clocked by core_clock)
Endpoint: _71_ (rising edge-triggered flip-flop clocked by core_clock)
Path Group: core_clock
Path Type: max
Corner: Slowest

Fanout     Cap    Slew   Delay    Time   Description
-----------------------------------------------------------------------------
                          0.00    0.00   clock core_clock (rise edge)
                          0.00    0.00   clock source latency
     1    0.03    0.00    0.00    0.00 ^ clk (in)
                                         clk (net)
                  0.00    0.00    0.00 ^ clkbuf_0_clk/A (sky130_fd_sc_hd__clkbuf_16)
     2    0.02    0.07    0.19    0.20 ^ clkbuf_0_clk/X (sky130_fd_sc_hd__clkbuf_16)
                                         clknet_0_clk (net)
                  0.07    0.00    0.20 ^ clkbuf_1_0__f_clk/A (sky130_fd_sc_hd__clkbuf_16)
     5    0.03    0.08    0.24    0.44 ^ clkbuf_1_0__f_clk/X (sky130_fd_sc_hd__clkbuf_16)
                                         clknet_1_0__leaf_clk (net)
                  0.09    0.00    0.44 ^ _71_/CLK (sky130_fd_sc_hd__dfxtp_2)
     4    0.05    0.40    0.91    1.35 ^ _71_/Q (sky130_fd_sc_hd__dfxtp_2)
                                         display_inst.clk_div[1] (net)
                  0.40    0.01    1.36 ^ _48_/B (sky130_fd_sc_hd__xor2_1)
     1    0.02    0.60    0.66    2.02 ^ _48_/X (sky130_fd_sc_hd__xor2_1)
                                         _01_ (net)
                  0.60    0.00    2.02 ^ _71_/D (sky130_fd_sc_hd__dfxtp_2)
                                  2.02   data arrival time

                         10.00   10.00   clock core_clock (rise edge)
                          0.00   10.00   clock source latency
     1    0.03    0.00    0.00   10.00 ^ clk (in)
                                         clk (net)
                  0.00    0.00   10.00 ^ clkbuf_0_clk/A (sky130_fd_sc_hd__clkbuf_16)
     2    0.02    0.07    0.19   10.20 ^ clkbuf_0_clk/X (sky130_fd_sc_hd__clkbuf_16)
                                         clknet_0_clk (net)
                  0.07    0.00   10.20 ^ clkbuf_1_0__f_clk/A (sky130_fd_sc_hd__clkbuf_16)
     5    0.03    0.08    0.24   10.44 ^ clkbuf_1_0__f_clk/X (sky130_fd_sc_hd__clkbuf_16)
                                         clknet_1_0__leaf_clk (net)
                  0.09    0.00   10.44 ^ _71_/CLK (sky130_fd_sc_hd__dfxtp_2)
                          0.00   10.44   clock reconvergence pessimism
                         -0.28   10.16   library setup time
                                 10.16   data required time
-----------------------------------------------------------------------------
                                 10.16   data required time
                                 -2.02   data arrival time
-----------------------------------------------------------------------------
                                  8.14   slack (MET)


Startpoint: _70_ (rising edge-triggered flip-flop clocked by core_clock)
Endpoint: _70_ (rising edge-triggered flip-flop clocked by core_clock)
Path Group: core_clock
Path Type: max
Corner: Slowest

Fanout     Cap    Slew   Delay    Time   Description
-----------------------------------------------------------------------------
                          0.00    0.00   clock core_clock (rise edge)
                          0.00    0.00   clock source latency
     1    0.03    0.00    0.00    0.00 ^ clk (in)
                                         clk (net)
                  0.00    0.00    0.00 ^ clkbuf_0_clk/A (sky130_fd_sc_hd__clkbuf_16)
     2    0.02    0.07    0.19    0.20 ^ clkbuf_0_clk/X (sky130_fd_sc_hd__clkbuf_16)
                                         clknet_0_clk (net)
                  0.07    0.00    0.20 ^ clkbuf_1_1__f_clk/A (sky130_fd_sc_hd__clkbuf_16)
     5    0.04    0.09    0.25    0.44 ^ clkbuf_1_1__f_clk/X (sky130_fd_sc_hd__clkbuf_16)
                                         clknet_1_1__leaf_clk (net)
                  0.09    0.00    0.45 ^ _70_/CLK (sky130_fd_sc_hd__dfxtp_4)
     5    0.06    0.30    0.88    1.33 ^ _70_/Q (sky130_fd_sc_hd__dfxtp_4)
                                         display_inst.clk_div[0] (net)
                  0.30    0.02    1.35 ^ _47_/A (sky130_fd_sc_hd__inv_2)
     1    0.04    0.20    0.27    1.62 v _47_/Y (sky130_fd_sc_hd__inv_2)
                                         _00_ (net)
                  0.20    0.01    1.63 v _70_/D (sky130_fd_sc_hd__dfxtp_4)
                                  1.63   data arrival time

                         10.00   10.00   clock core_clock (rise edge)
                          0.00   10.00   clock source latency
     1    0.03    0.00    0.00   10.00 ^ clk (in)
                                         clk (net)
                  0.00    0.00   10.00 ^ clkbuf_0_clk/A (sky130_fd_sc_hd__clkbuf_16)
     2    0.02    0.07    0.19   10.20 ^ clkbuf_0_clk/X (sky130_fd_sc_hd__clkbuf_16)
                                         clknet_0_clk (net)
                  0.07    0.00   10.20 ^ clkbuf_1_1__f_clk/A (sky130_fd_sc_hd__clkbuf_16)
     5    0.04    0.09    0.25   10.44 ^ clkbuf_1_1__f_clk/X (sky130_fd_sc_hd__clkbuf_16)
                                         clknet_1_1__leaf_clk (net)
                  0.09    0.00   10.45 ^ _70_/CLK (sky130_fd_sc_hd__dfxtp_4)
                          0.00   10.45   clock reconvergence pessimism
                         -0.32   10.13   library setup time
                                 10.13   data required time
-----------------------------------------------------------------------------
                                 10.13   data required time
                                 -1.63   data arrival time
-----------------------------------------------------------------------------
                                  8.50   slack (MET)



worst slack corner Slowest: 6.1687
======================= Typical Corner ===================================

Startpoint: _72_ (rising edge-triggered flip-flop clocked by core_clock)
Endpoint: _76_ (rising edge-triggered flip-flop clocked by core_clock)
Path Group: core_clock
Path Type: max
Corner: Typical

Fanout     Cap    Slew   Delay    Time   Description
-----------------------------------------------------------------------------
                          0.00    0.00   clock core_clock (rise edge)
                          0.00    0.00   clock source latency
     1    0.03    0.00    0.00    0.00 ^ clk (in)
                                         clk (net)
                  0.00    0.00    0.00 ^ clkbuf_0_clk/A (sky130_fd_sc_hd__clkbuf_16)
     2    0.02    0.04    0.11    0.11 ^ clkbuf_0_clk/X (sky130_fd_sc_hd__clkbuf_16)
                                         clknet_0_clk (net)
                  0.04    0.00    0.11 ^ clkbuf_1_1__f_clk/A (sky130_fd_sc_hd__clkbuf_16)
     5    0.04    0.06    0.14    0.25 ^ clkbuf_1_1__f_clk/X (sky130_fd_sc_hd__clkbuf_16)
                                         clknet_1_1__leaf_clk (net)
                  0.06    0.00    0.26 ^ _72_/CLK (sky130_fd_sc_hd__dfxtp_1)
     5    0.04    0.33    0.51    0.77 ^ _72_/Q (sky130_fd_sc_hd__dfxtp_1)
                                         display_inst.clk_div[2] (net)
                  0.33    0.00    0.77 ^ _52_/C (sky130_fd_sc_hd__and4_1)
     1    0.01    0.12    0.29    1.06 ^ _52_/X (sky130_fd_sc_hd__and4_1)
                                         _21_ (net)
                  0.12    0.00    1.07 ^ _53_/A (sky130_fd_sc_hd__buf_4)
     6    0.08    0.22    0.26    1.32 ^ _53_/X (sky130_fd_sc_hd__buf_4)
                                         _22_ (net)
                  0.22    0.01    1.34 ^ _57_/C (sky130_fd_sc_hd__and3_2)
     2    0.04    0.23    0.36    1.70 ^ _57_/X (sky130_fd_sc_hd__and3_2)
                                         _24_ (net)
                  0.23    0.00    1.70 ^ _60_/B (sky130_fd_sc_hd__xor2_2)
     1    0.03    0.36    0.34    2.04 ^ _60_/X (sky130_fd_sc_hd__xor2_2)
                                         _06_ (net)
                  0.36    0.00    2.05 ^ _76_/D (sky130_fd_sc_hd__dfxtp_2)
                                  2.05   data arrival time

                         10.00   10.00   clock core_clock (rise edge)
                          0.00   10.00   clock source latency
     1    0.03    0.00    0.00   10.00 ^ clk (in)
                                         clk (net)
                  0.00    0.00   10.00 ^ clkbuf_0_clk/A (sky130_fd_sc_hd__clkbuf_16)
     2    0.02    0.04    0.11   10.11 ^ clkbuf_0_clk/X (sky130_fd_sc_hd__clkbuf_16)
                                         clknet_0_clk (net)
                  0.04    0.00   10.11 ^ clkbuf_1_1__f_clk/A (sky130_fd_sc_hd__clkbuf_16)
     5    0.04    0.06    0.14   10.25 ^ clkbuf_1_1__f_clk/X (sky130_fd_sc_hd__clkbuf_16)
                                         clknet_1_1__leaf_clk (net)
                  0.06    0.00   10.26 ^ _76_/CLK (sky130_fd_sc_hd__dfxtp_2)
                          0.00   10.26   clock reconvergence pessimism
                         -0.13   10.13   library setup time
                                 10.13   data required time
-----------------------------------------------------------------------------
                                 10.13   data required time
                                 -2.05   data arrival time
-----------------------------------------------------------------------------
                                  8.08   slack (MET)


Startpoint: _72_ (rising edge-triggered flip-flop clocked by core_clock)
Endpoint: _77_ (rising edge-triggered flip-flop clocked by core_clock)
Path Group: core_clock
Path Type: max
Corner: Typical

Fanout     Cap    Slew   Delay    Time   Description
-----------------------------------------------------------------------------
                          0.00    0.00   clock core_clock (rise edge)
                          0.00    0.00   clock source latency
     1    0.03    0.00    0.00    0.00 ^ clk (in)
                                         clk (net)
                  0.00    0.00    0.00 ^ clkbuf_0_clk/A (sky130_fd_sc_hd__clkbuf_16)
     2    0.02    0.04    0.11    0.11 ^ clkbuf_0_clk/X (sky130_fd_sc_hd__clkbuf_16)
                                         clknet_0_clk (net)
                  0.04    0.00    0.11 ^ clkbuf_1_1__f_clk/A (sky130_fd_sc_hd__clkbuf_16)
     5    0.04    0.06    0.14    0.25 ^ clkbuf_1_1__f_clk/X (sky130_fd_sc_hd__clkbuf_16)
                                         clknet_1_1__leaf_clk (net)
                  0.06    0.00    0.26 ^ _72_/CLK (sky130_fd_sc_hd__dfxtp_1)
     5    0.04    0.33    0.51    0.77 ^ _72_/Q (sky130_fd_sc_hd__dfxtp_1)
                                         display_inst.clk_div[2] (net)
                  0.33    0.00    0.77 ^ _52_/C (sky130_fd_sc_hd__and4_1)
     1    0.01    0.12    0.29    1.06 ^ _52_/X (sky130_fd_sc_hd__and4_1)
                                         _21_ (net)
                  0.12    0.00    1.07 ^ _53_/A (sky130_fd_sc_hd__buf_4)
     6    0.08    0.22    0.26    1.32 ^ _53_/X (sky130_fd_sc_hd__buf_4)
                                         _22_ (net)
                  0.22    0.01    1.34 ^ _62_/C (sky130_fd_sc_hd__and4_4)
     2    0.05    0.17    0.35    1.69 ^ _62_/X (sky130_fd_sc_hd__and4_4)
                                         _27_ (net)
                  0.17    0.01    1.70 ^ _64_/A_N (sky130_fd_sc_hd__and2b_1)
     1    0.01    0.05    0.22    1.92 v _64_/X (sky130_fd_sc_hd__and2b_1)
                                         _29_ (net)
                  0.05    0.00    1.92 v _65_/A (sky130_fd_sc_hd__clkbuf_1)
     1    0.01    0.05    0.11    2.03 v _65_/X (sky130_fd_sc_hd__clkbuf_1)
                                         _07_ (net)
                  0.05    0.00    2.03 v _77_/D (sky130_fd_sc_hd__dfxtp_1)
                                  2.03   data arrival time

                         10.00   10.00   clock core_clock (rise edge)
                          0.00   10.00   clock source latency
     1    0.03    0.00    0.00   10.00 ^ clk (in)
                                         clk (net)
                  0.00    0.00   10.00 ^ clkbuf_0_clk/A (sky130_fd_sc_hd__clkbuf_16)
     2    0.02    0.04    0.11   10.11 ^ clkbuf_0_clk/X (sky130_fd_sc_hd__clkbuf_16)
                                         clknet_0_clk (net)
                  0.04    0.00   10.11 ^ clkbuf_1_0__f_clk/A (sky130_fd_sc_hd__clkbuf_16)
     5    0.03    0.05    0.14   10.25 ^ clkbuf_1_0__f_clk/X (sky130_fd_sc_hd__clkbuf_16)
                                         clknet_1_0__leaf_clk (net)
                  0.05    0.00   10.25 ^ _77_/CLK (sky130_fd_sc_hd__dfxtp_1)
                          0.00   10.25   clock reconvergence pessimism
                         -0.11   10.14   library setup time
                                 10.14   data required time
-----------------------------------------------------------------------------
                                 10.14   data required time
                                 -2.03   data arrival time
-----------------------------------------------------------------------------
                                  8.11   slack (MET)


Startpoint: _72_ (rising edge-triggered flip-flop clocked by core_clock)
Endpoint: _78_ (rising edge-triggered flip-flop clocked by core_clock)
Path Group: core_clock
Path Type: max
Corner: Typical

Fanout     Cap    Slew   Delay    Time   Description
-----------------------------------------------------------------------------
                          0.00    0.00   clock core_clock (rise edge)
                          0.00    0.00   clock source latency
     1    0.03    0.00    0.00    0.00 ^ clk (in)
                                         clk (net)
                  0.00    0.00    0.00 ^ clkbuf_0_clk/A (sky130_fd_sc_hd__clkbuf_16)
     2    0.02    0.04    0.11    0.11 ^ clkbuf_0_clk/X (sky130_fd_sc_hd__clkbuf_16)
                                         clknet_0_clk (net)
                  0.04    0.00    0.11 ^ clkbuf_1_1__f_clk/A (sky130_fd_sc_hd__clkbuf_16)
     5    0.04    0.06    0.14    0.25 ^ clkbuf_1_1__f_clk/X (sky130_fd_sc_hd__clkbuf_16)
                                         clknet_1_1__leaf_clk (net)
                  0.06    0.00    0.26 ^ _72_/CLK (sky130_fd_sc_hd__dfxtp_1)
     5    0.04    0.33    0.51    0.77 ^ _72_/Q (sky130_fd_sc_hd__dfxtp_1)
                                         display_inst.clk_div[2] (net)
                  0.33    0.00    0.77 ^ _52_/C (sky130_fd_sc_hd__and4_1)
     1    0.01    0.12    0.29    1.06 ^ _52_/X (sky130_fd_sc_hd__and4_1)
                                         _21_ (net)
                  0.12    0.00    1.07 ^ _53_/A (sky130_fd_sc_hd__buf_4)
     6    0.08    0.22    0.26    1.32 ^ _53_/X (sky130_fd_sc_hd__buf_4)
                                         _22_ (net)
                  0.22    0.01    1.34 ^ _62_/C (sky130_fd_sc_hd__and4_4)
     2    0.05    0.17    0.35    1.69 ^ _62_/X (sky130_fd_sc_hd__and4_4)
                                         _27_ (net)
                  0.17    0.01    1.70 ^ _66_/B (sky130_fd_sc_hd__xor2_2)
     1    0.02    0.27    0.28    1.98 ^ _66_/X (sky130_fd_sc_hd__xor2_2)
                                         _08_ (net)
                  0.27    0.00    1.98 ^ _78_/D (sky130_fd_sc_hd__dfxtp_2)
                                  1.98   data arrival time

                         10.00   10.00   clock core_clock (rise edge)
                          0.00   10.00   clock source latency
     1    0.03    0.00    0.00   10.00 ^ clk (in)
                                         clk (net)
                  0.00    0.00   10.00 ^ clkbuf_0_clk/A (sky130_fd_sc_hd__clkbuf_16)
     2    0.02    0.04    0.11   10.11 ^ clkbuf_0_clk/X (sky130_fd_sc_hd__clkbuf_16)
                                         clknet_0_clk (net)
                  0.04    0.00   10.11 ^ clkbuf_1_0__f_clk/A (sky130_fd_sc_hd__clkbuf_16)
     5    0.03    0.05    0.14   10.25 ^ clkbuf_1_0__f_clk/X (sky130_fd_sc_hd__clkbuf_16)
                                         clknet_1_0__leaf_clk (net)
                  0.05    0.00   10.25 ^ _78_/CLK (sky130_fd_sc_hd__dfxtp_2)
                          0.00   10.25   clock reconvergence pessimism
                         -0.11   10.14   library setup time
                                 10.14   data required time
-----------------------------------------------------------------------------
                                 10.14   data required time
                                 -1.98   data arrival time
-----------------------------------------------------------------------------
                                  8.16   slack (MET)


Startpoint: _72_ (rising edge-triggered flip-flop clocked by core_clock)
Endpoint: _75_ (rising edge-triggered flip-flop clocked by core_clock)
Path Group: core_clock
Path Type: max
Corner: Typical

Fanout     Cap    Slew   Delay    Time   Description
-----------------------------------------------------------------------------
                          0.00    0.00   clock core_clock (rise edge)
                          0.00    0.00   clock source latency
     1    0.03    0.00    0.00    0.00 ^ clk (in)
                                         clk (net)
                  0.00    0.00    0.00 ^ clkbuf_0_clk/A (sky130_fd_sc_hd__clkbuf_16)
     2    0.02    0.04    0.11    0.11 ^ clkbuf_0_clk/X (sky130_fd_sc_hd__clkbuf_16)
                                         clknet_0_clk (net)
                  0.04    0.00    0.11 ^ clkbuf_1_1__f_clk/A (sky130_fd_sc_hd__clkbuf_16)
     5    0.04    0.06    0.14    0.25 ^ clkbuf_1_1__f_clk/X (sky130_fd_sc_hd__clkbuf_16)
                                         clknet_1_1__leaf_clk (net)
                  0.06    0.00    0.26 ^ _72_/CLK (sky130_fd_sc_hd__dfxtp_1)
     5    0.04    0.33    0.51    0.77 ^ _72_/Q (sky130_fd_sc_hd__dfxtp_1)
                                         display_inst.clk_div[2] (net)
                  0.33    0.00    0.77 ^ _52_/C (sky130_fd_sc_hd__and4_1)
     1    0.01    0.12    0.29    1.06 ^ _52_/X (sky130_fd_sc_hd__and4_1)
                                         _21_ (net)
                  0.12    0.00    1.07 ^ _53_/A (sky130_fd_sc_hd__buf_4)
     6    0.08    0.22    0.26    1.32 ^ _53_/X (sky130_fd_sc_hd__buf_4)
                                         _22_ (net)
                  0.22    0.01    1.34 ^ _57_/C (sky130_fd_sc_hd__and3_2)
     2    0.04    0.23    0.36    1.70 ^ _57_/X (sky130_fd_sc_hd__and3_2)
                                         _24_ (net)
                  0.23    0.01    1.70 ^ _59_/A (sky130_fd_sc_hd__nor2_1)
     1    0.02    0.11    0.15    1.85 v _59_/Y (sky130_fd_sc_hd__nor2_1)
                                         _05_ (net)
                  0.11    0.00    1.86 v _75_/D (sky130_fd_sc_hd__dfxtp_2)
                                  1.86   data arrival time

                         10.00   10.00   clock core_clock (rise edge)
                          0.00   10.00   clock source latency
     1    0.03    0.00    0.00   10.00 ^ clk (in)
                                         clk (net)
                  0.00    0.00   10.00 ^ clkbuf_0_clk/A (sky130_fd_sc_hd__clkbuf_16)
     2    0.02    0.04    0.11   10.11 ^ clkbuf_0_clk/X (sky130_fd_sc_hd__clkbuf_16)
                                         clknet_0_clk (net)
                  0.04    0.00   10.11 ^ clkbuf_1_1__f_clk/A (sky130_fd_sc_hd__clkbuf_16)
     5    0.04    0.06    0.14   10.25 ^ clkbuf_1_1__f_clk/X (sky130_fd_sc_hd__clkbuf_16)
                                         clknet_1_1__leaf_clk (net)
                  0.06    0.00   10.26 ^ _75_/CLK (sky130_fd_sc_hd__dfxtp_2)
                          0.00   10.26   clock reconvergence pessimism
                         -0.14   10.12   library setup time
                                 10.12   data required time
-----------------------------------------------------------------------------
                                 10.12   data required time
                                 -1.86   data arrival time
-----------------------------------------------------------------------------
                                  8.26   slack (MET)


Startpoint: _72_ (rising edge-triggered flip-flop clocked by core_clock)
Endpoint: _74_ (rising edge-triggered flip-flop clocked by core_clock)
Path Group: core_clock
Path Type: max
Corner: Typical

Fanout     Cap    Slew   Delay    Time   Description
-----------------------------------------------------------------------------
                          0.00    0.00   clock core_clock (rise edge)
                          0.00    0.00   clock source latency
     1    0.03    0.00    0.00    0.00 ^ clk (in)
                                         clk (net)
                  0.00    0.00    0.00 ^ clkbuf_0_clk/A (sky130_fd_sc_hd__clkbuf_16)
     2    0.02    0.04    0.11    0.11 ^ clkbuf_0_clk/X (sky130_fd_sc_hd__clkbuf_16)
                                         clknet_0_clk (net)
                  0.04    0.00    0.11 ^ clkbuf_1_1__f_clk/A (sky130_fd_sc_hd__clkbuf_16)
     5    0.04    0.06    0.14    0.25 ^ clkbuf_1_1__f_clk/X (sky130_fd_sc_hd__clkbuf_16)
                                         clknet_1_1__leaf_clk (net)
                  0.06    0.00    0.26 ^ _72_/CLK (sky130_fd_sc_hd__dfxtp_1)
     5    0.04    0.33    0.51    0.77 ^ _72_/Q (sky130_fd_sc_hd__dfxtp_1)
                                         display_inst.clk_div[2] (net)
                  0.33    0.00    0.77 ^ _52_/C (sky130_fd_sc_hd__and4_1)
     1    0.01    0.12    0.29    1.06 ^ _52_/X (sky130_fd_sc_hd__and4_1)
                                         _21_ (net)
                  0.12    0.00    1.07 ^ _53_/A (sky130_fd_sc_hd__buf_4)
     6    0.08    0.22    0.26    1.32 ^ _53_/X (sky130_fd_sc_hd__buf_4)
                                         _22_ (net)
                  0.22    0.01    1.33 ^ _56_/B (sky130_fd_sc_hd__xor2_2)
     1    0.04    0.47    0.43    1.76 ^ _56_/X (sky130_fd_sc_hd__xor2_2)
                                         _04_ (net)
                  0.47    0.01    1.77 ^ _74_/D (sky130_fd_sc_hd__dfxtp_4)
                                  1.77   data arrival time

                         10.00   10.00   clock core_clock (rise edge)
                          0.00   10.00   clock source latency
     1    0.03    0.00    0.00   10.00 ^ clk (in)
                                         clk (net)
                  0.00    0.00   10.00 ^ clkbuf_0_clk/A (sky130_fd_sc_hd__clkbuf_16)
     2    0.02    0.04    0.11   10.11 ^ clkbuf_0_clk/X (sky130_fd_sc_hd__clkbuf_16)
                                         clknet_0_clk (net)
                  0.04    0.00   10.11 ^ clkbuf_1_1__f_clk/A (sky130_fd_sc_hd__clkbuf_16)
     5    0.04    0.06    0.14   10.25 ^ clkbuf_1_1__f_clk/X (sky130_fd_sc_hd__clkbuf_16)
                                         clknet_1_1__leaf_clk (net)
                  0.06    0.00   10.26 ^ _74_/CLK (sky130_fd_sc_hd__dfxtp_4)
                          0.00   10.26   clock reconvergence pessimism
                         -0.16   10.10   library setup time
                                 10.10   data required time
-----------------------------------------------------------------------------
                                 10.10   data required time
                                 -1.77   data arrival time
-----------------------------------------------------------------------------
                                  8.33   slack (MET)


Startpoint: _72_ (rising edge-triggered flip-flop clocked by core_clock)
Endpoint: _73_ (rising edge-triggered flip-flop clocked by core_clock)
Path Group: core_clock
Path Type: max
Corner: Typical

Fanout     Cap    Slew   Delay    Time   Description
-----------------------------------------------------------------------------
                          0.00    0.00   clock core_clock (rise edge)
                          0.00    0.00   clock source latency
     1    0.03    0.00    0.00    0.00 ^ clk (in)
                                         clk (net)
                  0.00    0.00    0.00 ^ clkbuf_0_clk/A (sky130_fd_sc_hd__clkbuf_16)
     2    0.02    0.04    0.11    0.11 ^ clkbuf_0_clk/X (sky130_fd_sc_hd__clkbuf_16)
                                         clknet_0_clk (net)
                  0.04    0.00    0.11 ^ clkbuf_1_1__f_clk/A (sky130_fd_sc_hd__clkbuf_16)
     5    0.04    0.06    0.14    0.25 ^ clkbuf_1_1__f_clk/X (sky130_fd_sc_hd__clkbuf_16)
                                         clknet_1_1__leaf_clk (net)
                  0.06    0.00    0.26 ^ _72_/CLK (sky130_fd_sc_hd__dfxtp_1)
     5    0.04    0.33    0.51    0.77 ^ _72_/Q (sky130_fd_sc_hd__dfxtp_1)
                                         display_inst.clk_div[2] (net)
                  0.33    0.00    0.77 ^ _49_/C (sky130_fd_sc_hd__and3_2)
     2    0.03    0.15    0.32    1.09 ^ _49_/X (sky130_fd_sc_hd__and3_2)
                                         _19_ (net)
                  0.15    0.00    1.10 ^ _54_/B (sky130_fd_sc_hd__nor2_1)
     1    0.01    0.10    0.11    1.20 v _54_/Y (sky130_fd_sc_hd__nor2_1)
                                         _23_ (net)
                  0.10    0.00    1.20 v _55_/B (sky130_fd_sc_hd__nor2_1)
     1    0.02    0.38    0.33    1.53 ^ _55_/Y (sky130_fd_sc_hd__nor2_1)
                                         _03_ (net)
                  0.38    0.00    1.53 ^ _73_/D (sky130_fd_sc_hd__dfxtp_1)
                                  1.53   data arrival time

                         10.00   10.00   clock core_clock (rise edge)
                          0.00   10.00   clock source latency
     1    0.03    0.00    0.00   10.00 ^ clk (in)
                                         clk (net)
                  0.00    0.00   10.00 ^ clkbuf_0_clk/A (sky130_fd_sc_hd__clkbuf_16)
     2    0.02    0.04    0.11   10.11 ^ clkbuf_0_clk/X (sky130_fd_sc_hd__clkbuf_16)
                                         clknet_0_clk (net)
                  0.04    0.00   10.11 ^ clkbuf_1_0__f_clk/A (sky130_fd_sc_hd__clkbuf_16)
     5    0.03    0.05    0.14   10.25 ^ clkbuf_1_0__f_clk/X (sky130_fd_sc_hd__clkbuf_16)
                                         clknet_1_0__leaf_clk (net)
                  0.05    0.00   10.25 ^ _73_/CLK (sky130_fd_sc_hd__dfxtp_1)
                          0.00   10.25   clock reconvergence pessimism
                         -0.13   10.12   library setup time
                                 10.12   data required time
-----------------------------------------------------------------------------
                                 10.12   data required time
                                 -1.53   data arrival time
-----------------------------------------------------------------------------
                                  8.59   slack (MET)


Startpoint: _72_ (rising edge-triggered flip-flop clocked by core_clock)
Endpoint: _72_ (rising edge-triggered flip-flop clocked by core_clock)
Path Group: core_clock
Path Type: max
Corner: Typical

Fanout     Cap    Slew   Delay    Time   Description
-----------------------------------------------------------------------------
                          0.00    0.00   clock core_clock (rise edge)
                          0.00    0.00   clock source latency
     1    0.03    0.00    0.00    0.00 ^ clk (in)
                                         clk (net)
                  0.00    0.00    0.00 ^ clkbuf_0_clk/A (sky130_fd_sc_hd__clkbuf_16)
     2    0.02    0.04    0.11    0.11 ^ clkbuf_0_clk/X (sky130_fd_sc_hd__clkbuf_16)
                                         clknet_0_clk (net)
                  0.04    0.00    0.11 ^ clkbuf_1_1__f_clk/A (sky130_fd_sc_hd__clkbuf_16)
     5    0.04    0.06    0.14    0.25 ^ clkbuf_1_1__f_clk/X (sky130_fd_sc_hd__clkbuf_16)
                                         clknet_1_1__leaf_clk (net)
                  0.06    0.00    0.26 ^ _72_/CLK (sky130_fd_sc_hd__dfxtp_1)
     5    0.03    0.16    0.41    0.66 v _72_/Q (sky130_fd_sc_hd__dfxtp_1)
                                         display_inst.clk_div[2] (net)
                  0.16    0.00    0.67 v _49_/C (sky130_fd_sc_hd__and3_2)
     2    0.03    0.09    0.32    0.99 v _49_/X (sky130_fd_sc_hd__and3_2)
                                         _19_ (net)
                  0.09    0.00    0.99 v _51_/A (sky130_fd_sc_hd__nor2_1)
     1    0.02    0.28    0.26    1.25 ^ _51_/Y (sky130_fd_sc_hd__nor2_1)
                                         _02_ (net)
                  0.28    0.00    1.25 ^ _72_/D (sky130_fd_sc_hd__dfxtp_1)
                                  1.25   data arrival time

                         10.00   10.00   clock core_clock (rise edge)
                          0.00   10.00   clock source latency
     1    0.03    0.00    0.00   10.00 ^ clk (in)
                                         clk (net)
                  0.00    0.00   10.00 ^ clkbuf_0_clk/A (sky130_fd_sc_hd__clkbuf_16)
     2    0.02    0.04    0.11   10.11 ^ clkbuf_0_clk/X (sky130_fd_sc_hd__clkbuf_16)
                                         clknet_0_clk (net)
                  0.04    0.00   10.11 ^ clkbuf_1_1__f_clk/A (sky130_fd_sc_hd__clkbuf_16)
     5    0.04    0.06    0.14   10.25 ^ clkbuf_1_1__f_clk/X (sky130_fd_sc_hd__clkbuf_16)
                                         clknet_1_1__leaf_clk (net)
                  0.06    0.00   10.26 ^ _72_/CLK (sky130_fd_sc_hd__dfxtp_1)
                          0.00   10.26   clock reconvergence pessimism
                         -0.11   10.15   library setup time
                                 10.15   data required time
-----------------------------------------------------------------------------
                                 10.15   data required time
                                 -1.25   data arrival time
-----------------------------------------------------------------------------
                                  8.90   slack (MET)


Startpoint: _71_ (rising edge-triggered flip-flop clocked by core_clock)
Endpoint: _71_ (rising edge-triggered flip-flop clocked by core_clock)
Path Group: core_clock
Path Type: max
Corner: Typical

Fanout     Cap    Slew   Delay    Time   Description
-----------------------------------------------------------------------------
                          0.00    0.00   clock core_clock (rise edge)
                          0.00    0.00   clock source latency
     1    0.03    0.00    0.00    0.00 ^ clk (in)
                                         clk (net)
                  0.00    0.00    0.00 ^ clkbuf_0_clk/A (sky130_fd_sc_hd__clkbuf_16)
     2    0.02    0.04    0.11    0.11 ^ clkbuf_0_clk/X (sky130_fd_sc_hd__clkbuf_16)
                                         clknet_0_clk (net)
                  0.04    0.00    0.11 ^ clkbuf_1_0__f_clk/A (sky130_fd_sc_hd__clkbuf_16)
     5    0.03    0.05    0.14    0.25 ^ clkbuf_1_0__f_clk/X (sky130_fd_sc_hd__clkbuf_16)
                                         clknet_1_0__leaf_clk (net)
                  0.05    0.00    0.25 ^ _71_/CLK (sky130_fd_sc_hd__dfxtp_2)
     4    0.05    0.25    0.47    0.72 ^ _71_/Q (sky130_fd_sc_hd__dfxtp_2)
                                         display_inst.clk_div[1] (net)
                  0.25    0.01    0.73 ^ _48_/B (sky130_fd_sc_hd__xor2_1)
     1    0.02    0.37    0.36    1.09 ^ _48_/X (sky130_fd_sc_hd__xor2_1)
                                         _01_ (net)
                  0.37    0.00    1.09 ^ _71_/D (sky130_fd_sc_hd__dfxtp_2)
                                  1.09   data arrival time

                         10.00   10.00   clock core_clock (rise edge)
                          0.00   10.00   clock source latency
     1    0.03    0.00    0.00   10.00 ^ clk (in)
                                         clk (net)
                  0.00    0.00   10.00 ^ clkbuf_0_clk/A (sky130_fd_sc_hd__clkbuf_16)
     2    0.02    0.04    0.11   10.11 ^ clkbuf_0_clk/X (sky130_fd_sc_hd__clkbuf_16)
                                         clknet_0_clk (net)
                  0.04    0.00   10.11 ^ clkbuf_1_0__f_clk/A (sky130_fd_sc_hd__clkbuf_16)
     5    0.03    0.05    0.14   10.25 ^ clkbuf_1_0__f_clk/X (sky130_fd_sc_hd__clkbuf_16)
                                         clknet_1_0__leaf_clk (net)
                  0.05    0.00   10.25 ^ _71_/CLK (sky130_fd_sc_hd__dfxtp_2)
                          0.00   10.25   clock reconvergence pessimism
                         -0.13   10.12   library setup time
                                 10.12   data required time
-----------------------------------------------------------------------------
                                 10.12   data required time
                                 -1.09   data arrival time
-----------------------------------------------------------------------------
                                  9.03   slack (MET)


Startpoint: _70_ (rising edge-triggered flip-flop clocked by core_clock)
Endpoint: _70_ (rising edge-triggered flip-flop clocked by core_clock)
Path Group: core_clock
Path Type: max
Corner: Typical

Fanout     Cap    Slew   Delay    Time   Description
-----------------------------------------------------------------------------
                          0.00    0.00   clock core_clock (rise edge)
                          0.00    0.00   clock source latency
     1    0.03    0.00    0.00    0.00 ^ clk (in)
                                         clk (net)
                  0.00    0.00    0.00 ^ clkbuf_0_clk/A (sky130_fd_sc_hd__clkbuf_16)
     2    0.02    0.04    0.11    0.11 ^ clkbuf_0_clk/X (sky130_fd_sc_hd__clkbuf_16)
                                         clknet_0_clk (net)
                  0.04    0.00    0.11 ^ clkbuf_1_1__f_clk/A (sky130_fd_sc_hd__clkbuf_16)
     5    0.04    0.06    0.14    0.25 ^ clkbuf_1_1__f_clk/X (sky130_fd_sc_hd__clkbuf_16)
                                         clknet_1_1__leaf_clk (net)
                  0.06    0.00    0.26 ^ _70_/CLK (sky130_fd_sc_hd__dfxtp_4)
     5    0.06    0.19    0.45    0.70 ^ _70_/Q (sky130_fd_sc_hd__dfxtp_4)
                                         display_inst.clk_div[0] (net)
                  0.19    0.02    0.72 ^ _47_/A (sky130_fd_sc_hd__inv_2)
     1    0.04    0.11    0.14    0.86 v _47_/Y (sky130_fd_sc_hd__inv_2)
                                         _00_ (net)
                  0.11    0.01    0.87 v _70_/D (sky130_fd_sc_hd__dfxtp_4)
                                  0.87   data arrival time

                         10.00   10.00   clock core_clock (rise edge)
                          0.00   10.00   clock source latency
     1    0.03    0.00    0.00   10.00 ^ clk (in)
                                         clk (net)
                  0.00    0.00   10.00 ^ clkbuf_0_clk/A (sky130_fd_sc_hd__clkbuf_16)
     2    0.02    0.04    0.11   10.11 ^ clkbuf_0_clk/X (sky130_fd_sc_hd__clkbuf_16)
                                         clknet_0_clk (net)
                  0.04    0.00   10.11 ^ clkbuf_1_1__f_clk/A (sky130_fd_sc_hd__clkbuf_16)
     5    0.04    0.06    0.14   10.25 ^ clkbuf_1_1__f_clk/X (sky130_fd_sc_hd__clkbuf_16)
                                         clknet_1_1__leaf_clk (net)
                  0.06    0.00   10.26 ^ _70_/CLK (sky130_fd_sc_hd__dfxtp_4)
                          0.00   10.26   clock reconvergence pessimism
                         -0.14   10.12   library setup time
                                 10.12   data required time
-----------------------------------------------------------------------------
                                 10.12   data required time
                                 -0.87   data arrival time
-----------------------------------------------------------------------------
                                  9.25   slack (MET)



worst slack corner Typical: 8.0808
