
===========================================================================
report_checks -path_delay max (Setup)
============================================================================
======================= Typical Corner ===================================

Startpoint: _72_ (rising edge-triggered flip-flop clocked by core_clock)
Endpoint: _77_ (rising edge-triggered flip-flop clocked by core_clock)
Path Group: core_clock
Path Type: max

Fanout     Cap    Slew   Delay    Time   Description
-----------------------------------------------------------------------------
                  0.00    0.00    0.00   clock core_clock (rise edge)
                          0.00    0.00   clock network delay (ideal)
                  0.00    0.00    0.00 ^ _72_/CLK (sky130_fd_sc_hd__dfxtp_1)
     3    0.02    0.20    0.40    0.40 ^ _72_/Q (sky130_fd_sc_hd__dfxtp_1)
                                         display_inst.clk_div[2] (net)
                  0.20    0.00    0.40 ^ _52_/C (sky130_fd_sc_hd__and4_1)
     1    0.01    0.09    0.24    0.64 ^ _52_/X (sky130_fd_sc_hd__and4_1)
                                         _21_ (net)
                  0.09    0.00    0.64 ^ _53_/A (sky130_fd_sc_hd__buf_4)
     6    0.05    0.15    0.20    0.84 ^ _53_/X (sky130_fd_sc_hd__buf_4)
                                         _22_ (net)
                  0.15    0.00    0.85 ^ _62_/C (sky130_fd_sc_hd__and4_4)
     2    0.03    0.12    0.30    1.15 ^ _62_/X (sky130_fd_sc_hd__and4_4)
                                         _27_ (net)
                  0.12    0.00    1.15 ^ _64_/A_N (sky130_fd_sc_hd__and2b_1)
     1    0.01    0.05    0.20    1.36 v _64_/X (sky130_fd_sc_hd__and2b_1)
                                         _29_ (net)
                  0.05    0.00    1.36 v _65_/A (sky130_fd_sc_hd__clkbuf_1)
     1    0.00    0.04    0.10    1.46 v _65_/X (sky130_fd_sc_hd__clkbuf_1)
                                         _07_ (net)
                  0.04    0.00    1.46 v _77_/D (sky130_fd_sc_hd__dfxtp_1)
                                  1.46   data arrival time

                  0.00   10.00   10.00   clock core_clock (rise edge)
                          0.00   10.00   clock network delay (ideal)
                          0.00   10.00   clock reconvergence pessimism
                                 10.00 ^ _77_/CLK (sky130_fd_sc_hd__dfxtp_1)
                         -0.12    9.88   library setup time
                                  9.88   data required time
-----------------------------------------------------------------------------
                                  9.88   data required time
                                 -1.46   data arrival time
-----------------------------------------------------------------------------
                                  8.43   slack (MET)


Startpoint: _72_ (rising edge-triggered flip-flop clocked by core_clock)
Endpoint: _76_ (rising edge-triggered flip-flop clocked by core_clock)
Path Group: core_clock
Path Type: max

Fanout     Cap    Slew   Delay    Time   Description
-----------------------------------------------------------------------------
                  0.00    0.00    0.00   clock core_clock (rise edge)
                          0.00    0.00   clock network delay (ideal)
                  0.00    0.00    0.00 ^ _72_/CLK (sky130_fd_sc_hd__dfxtp_1)
     3    0.02    0.20    0.40    0.40 ^ _72_/Q (sky130_fd_sc_hd__dfxtp_1)
                                         display_inst.clk_div[2] (net)
                  0.20    0.00    0.40 ^ _52_/C (sky130_fd_sc_hd__and4_1)
     1    0.01    0.09    0.24    0.64 ^ _52_/X (sky130_fd_sc_hd__and4_1)
                                         _21_ (net)
                  0.09    0.00    0.64 ^ _53_/A (sky130_fd_sc_hd__buf_4)
     6    0.05    0.15    0.20    0.84 ^ _53_/X (sky130_fd_sc_hd__buf_4)
                                         _22_ (net)
                  0.15    0.00    0.85 ^ _57_/C (sky130_fd_sc_hd__and3_2)
     2    0.03    0.17    0.31    1.15 ^ _57_/X (sky130_fd_sc_hd__and3_2)
                                         _24_ (net)
                  0.17    0.00    1.16 ^ _60_/B (sky130_fd_sc_hd__xor2_2)
     1    0.02    0.24    0.25    1.41 ^ _60_/X (sky130_fd_sc_hd__xor2_2)
                                         _06_ (net)
                  0.24    0.00    1.41 ^ _76_/D (sky130_fd_sc_hd__dfxtp_2)
                                  1.41   data arrival time

                  0.00   10.00   10.00   clock core_clock (rise edge)
                          0.00   10.00   clock network delay (ideal)
                          0.00   10.00   clock reconvergence pessimism
                                 10.00 ^ _76_/CLK (sky130_fd_sc_hd__dfxtp_2)
                         -0.11    9.89   library setup time
                                  9.89   data required time
-----------------------------------------------------------------------------
                                  9.89   data required time
                                 -1.41   data arrival time
-----------------------------------------------------------------------------
                                  8.48   slack (MET)


Startpoint: _72_ (rising edge-triggered flip-flop clocked by core_clock)
Endpoint: _78_ (rising edge-triggered flip-flop clocked by core_clock)
Path Group: core_clock
Path Type: max

Fanout     Cap    Slew   Delay    Time   Description
-----------------------------------------------------------------------------
                  0.00    0.00    0.00   clock core_clock (rise edge)
                          0.00    0.00   clock network delay (ideal)
                  0.00    0.00    0.00 ^ _72_/CLK (sky130_fd_sc_hd__dfxtp_1)
     3    0.02    0.20    0.40    0.40 ^ _72_/Q (sky130_fd_sc_hd__dfxtp_1)
                                         display_inst.clk_div[2] (net)
                  0.20    0.00    0.40 ^ _52_/C (sky130_fd_sc_hd__and4_1)
     1    0.01    0.09    0.24    0.64 ^ _52_/X (sky130_fd_sc_hd__and4_1)
                                         _21_ (net)
                  0.09    0.00    0.64 ^ _53_/A (sky130_fd_sc_hd__buf_4)
     6    0.05    0.15    0.20    0.84 ^ _53_/X (sky130_fd_sc_hd__buf_4)
                                         _22_ (net)
                  0.15    0.00    0.85 ^ _62_/C (sky130_fd_sc_hd__and4_4)
     2    0.03    0.12    0.30    1.15 ^ _62_/X (sky130_fd_sc_hd__and4_4)
                                         _27_ (net)
                  0.12    0.00    1.16 ^ _66_/B (sky130_fd_sc_hd__xor2_2)
     1    0.01    0.21    0.23    1.38 ^ _66_/X (sky130_fd_sc_hd__xor2_2)
                                         _08_ (net)
                  0.21    0.00    1.39 ^ _78_/D (sky130_fd_sc_hd__dfxtp_2)
                                  1.39   data arrival time

                  0.00   10.00   10.00   clock core_clock (rise edge)
                          0.00   10.00   clock network delay (ideal)
                          0.00   10.00   clock reconvergence pessimism
                                 10.00 ^ _78_/CLK (sky130_fd_sc_hd__dfxtp_2)
                         -0.11    9.89   library setup time
                                  9.89   data required time
-----------------------------------------------------------------------------
                                  9.89   data required time
                                 -1.39   data arrival time
-----------------------------------------------------------------------------
                                  8.51   slack (MET)


Startpoint: _72_ (rising edge-triggered flip-flop clocked by core_clock)
Endpoint: _75_ (rising edge-triggered flip-flop clocked by core_clock)
Path Group: core_clock
Path Type: max

Fanout     Cap    Slew   Delay    Time   Description
-----------------------------------------------------------------------------
                  0.00    0.00    0.00   clock core_clock (rise edge)
                          0.00    0.00   clock network delay (ideal)
                  0.00    0.00    0.00 ^ _72_/CLK (sky130_fd_sc_hd__dfxtp_1)
     3    0.02    0.20    0.40    0.40 ^ _72_/Q (sky130_fd_sc_hd__dfxtp_1)
                                         display_inst.clk_div[2] (net)
                  0.20    0.00    0.40 ^ _52_/C (sky130_fd_sc_hd__and4_1)
     1    0.01    0.09    0.24    0.64 ^ _52_/X (sky130_fd_sc_hd__and4_1)
                                         _21_ (net)
                  0.09    0.00    0.64 ^ _53_/A (sky130_fd_sc_hd__buf_4)
     6    0.05    0.15    0.20    0.84 ^ _53_/X (sky130_fd_sc_hd__buf_4)
                                         _22_ (net)
                  0.15    0.00    0.85 ^ _57_/C (sky130_fd_sc_hd__and3_2)
     2    0.03    0.17    0.31    1.15 ^ _57_/X (sky130_fd_sc_hd__and3_2)
                                         _24_ (net)
                  0.17    0.00    1.16 ^ _59_/A (sky130_fd_sc_hd__nor2_1)
     1    0.01    0.08    0.11    1.26 v _59_/Y (sky130_fd_sc_hd__nor2_1)
                                         _05_ (net)
                  0.08    0.00    1.26 v _75_/D (sky130_fd_sc_hd__dfxtp_2)
                                  1.26   data arrival time

                  0.00   10.00   10.00   clock core_clock (rise edge)
                          0.00   10.00   clock network delay (ideal)
                          0.00   10.00   clock reconvergence pessimism
                                 10.00 ^ _75_/CLK (sky130_fd_sc_hd__dfxtp_2)
                         -0.14    9.86   library setup time
                                  9.86   data required time
-----------------------------------------------------------------------------
                                  9.86   data required time
                                 -1.26   data arrival time
-----------------------------------------------------------------------------
                                  8.60   slack (MET)


Startpoint: _72_ (rising edge-triggered flip-flop clocked by core_clock)
Endpoint: _74_ (rising edge-triggered flip-flop clocked by core_clock)
Path Group: core_clock
Path Type: max

Fanout     Cap    Slew   Delay    Time   Description
-----------------------------------------------------------------------------
                  0.00    0.00    0.00   clock core_clock (rise edge)
                          0.00    0.00   clock network delay (ideal)
                  0.00    0.00    0.00 ^ _72_/CLK (sky130_fd_sc_hd__dfxtp_1)
     3    0.02    0.20    0.40    0.40 ^ _72_/Q (sky130_fd_sc_hd__dfxtp_1)
                                         display_inst.clk_div[2] (net)
                  0.20    0.00    0.40 ^ _52_/C (sky130_fd_sc_hd__and4_1)
     1    0.01    0.09    0.24    0.64 ^ _52_/X (sky130_fd_sc_hd__and4_1)
                                         _21_ (net)
                  0.09    0.00    0.64 ^ _53_/A (sky130_fd_sc_hd__buf_4)
     6    0.05    0.15    0.20    0.84 ^ _53_/X (sky130_fd_sc_hd__buf_4)
                                         _22_ (net)
                  0.15    0.00    0.85 ^ _56_/B (sky130_fd_sc_hd__xor2_2)
     1    0.02    0.25    0.26    1.10 ^ _56_/X (sky130_fd_sc_hd__xor2_2)
                                         _04_ (net)
                  0.25    0.00    1.11 ^ _74_/D (sky130_fd_sc_hd__dfxtp_4)
                                  1.11   data arrival time

                  0.00   10.00   10.00   clock core_clock (rise edge)
                          0.00   10.00   clock network delay (ideal)
                          0.00   10.00   clock reconvergence pessimism
                                 10.00 ^ _74_/CLK (sky130_fd_sc_hd__dfxtp_4)
                         -0.12    9.88   library setup time
                                  9.88   data required time
-----------------------------------------------------------------------------
                                  9.88   data required time
                                 -1.11   data arrival time
-----------------------------------------------------------------------------
                                  8.78   slack (MET)


Startpoint: _72_ (rising edge-triggered flip-flop clocked by core_clock)
Endpoint: _73_ (rising edge-triggered flip-flop clocked by core_clock)
Path Group: core_clock
Path Type: max

Fanout     Cap    Slew   Delay    Time   Description
-----------------------------------------------------------------------------
                  0.00    0.00    0.00   clock core_clock (rise edge)
                          0.00    0.00   clock network delay (ideal)
                  0.00    0.00    0.00 ^ _72_/CLK (sky130_fd_sc_hd__dfxtp_1)
     3    0.02    0.20    0.40    0.40 ^ _72_/Q (sky130_fd_sc_hd__dfxtp_1)
                                         display_inst.clk_div[2] (net)
                  0.20    0.00    0.40 ^ _52_/C (sky130_fd_sc_hd__and4_1)
     1    0.01    0.09    0.24    0.64 ^ _52_/X (sky130_fd_sc_hd__and4_1)
                                         _21_ (net)
                  0.09    0.00    0.64 ^ _53_/A (sky130_fd_sc_hd__buf_4)
     6    0.05    0.15    0.20    0.84 ^ _53_/X (sky130_fd_sc_hd__buf_4)
                                         _22_ (net)
                  0.15    0.00    0.85 ^ _55_/A (sky130_fd_sc_hd__nor2_1)
     1    0.01    0.08    0.10    0.95 v _55_/Y (sky130_fd_sc_hd__nor2_1)
                                         _03_ (net)
                  0.08    0.00    0.95 v _73_/D (sky130_fd_sc_hd__dfxtp_1)
                                  0.95   data arrival time

                  0.00   10.00   10.00   clock core_clock (rise edge)
                          0.00   10.00   clock network delay (ideal)
                          0.00   10.00   clock reconvergence pessimism
                                 10.00 ^ _73_/CLK (sky130_fd_sc_hd__dfxtp_1)
                         -0.14    9.86   library setup time
                                  9.86   data required time
-----------------------------------------------------------------------------
                                  9.86   data required time
                                 -0.95   data arrival time
-----------------------------------------------------------------------------
                                  8.91   slack (MET)


Startpoint: _72_ (rising edge-triggered flip-flop clocked by core_clock)
Endpoint: _72_ (rising edge-triggered flip-flop clocked by core_clock)
Path Group: core_clock
Path Type: max

Fanout     Cap    Slew   Delay    Time   Description
-----------------------------------------------------------------------------
                  0.00    0.00    0.00   clock core_clock (rise edge)
                          0.00    0.00   clock network delay (ideal)
                  0.00    0.00    0.00 ^ _72_/CLK (sky130_fd_sc_hd__dfxtp_1)
     3    0.02    0.10    0.34    0.34 v _72_/Q (sky130_fd_sc_hd__dfxtp_1)
                                         display_inst.clk_div[2] (net)
                  0.10    0.00    0.34 v _49_/C (sky130_fd_sc_hd__and3_2)
     2    0.02    0.07    0.27    0.61 v _49_/X (sky130_fd_sc_hd__and3_2)
                                         _19_ (net)
                  0.07    0.00    0.61 v _51_/A (sky130_fd_sc_hd__nor2_1)
     1    0.01    0.18    0.19    0.80 ^ _51_/Y (sky130_fd_sc_hd__nor2_1)
                                         _02_ (net)
                  0.18    0.00    0.80 ^ _72_/D (sky130_fd_sc_hd__dfxtp_1)
                                  0.80   data arrival time

                  0.00   10.00   10.00   clock core_clock (rise edge)
                          0.00   10.00   clock network delay (ideal)
                          0.00   10.00   clock reconvergence pessimism
                                 10.00 ^ _72_/CLK (sky130_fd_sc_hd__dfxtp_1)
                         -0.09    9.91   library setup time
                                  9.91   data required time
-----------------------------------------------------------------------------
                                  9.91   data required time
                                 -0.80   data arrival time
-----------------------------------------------------------------------------
                                  9.11   slack (MET)


Startpoint: _71_ (rising edge-triggered flip-flop clocked by core_clock)
Endpoint: _71_ (rising edge-triggered flip-flop clocked by core_clock)
Path Group: core_clock
Path Type: max

Fanout     Cap    Slew   Delay    Time   Description
-----------------------------------------------------------------------------
                  0.00    0.00    0.00   clock core_clock (rise edge)
                          0.00    0.00   clock network delay (ideal)
                  0.00    0.00    0.00 ^ _71_/CLK (sky130_fd_sc_hd__dfxtp_2)
     4    0.03    0.17    0.39    0.39 ^ _71_/Q (sky130_fd_sc_hd__dfxtp_2)
                                         display_inst.clk_div[1] (net)
                  0.17    0.00    0.39 ^ _48_/B (sky130_fd_sc_hd__xor2_1)
     1    0.01    0.25    0.26    0.66 ^ _48_/X (sky130_fd_sc_hd__xor2_1)
                                         _01_ (net)
                  0.25    0.00    0.66 ^ _71_/D (sky130_fd_sc_hd__dfxtp_2)
                                  0.66   data arrival time

                  0.00   10.00   10.00   clock core_clock (rise edge)
                          0.00   10.00   clock network delay (ideal)
                          0.00   10.00   clock reconvergence pessimism
                                 10.00 ^ _71_/CLK (sky130_fd_sc_hd__dfxtp_2)
                         -0.11    9.89   library setup time
                                  9.89   data required time
-----------------------------------------------------------------------------
                                  9.89   data required time
                                 -0.66   data arrival time
-----------------------------------------------------------------------------
                                  9.23   slack (MET)


Startpoint: _70_ (rising edge-triggered flip-flop clocked by core_clock)
Endpoint: _70_ (rising edge-triggered flip-flop clocked by core_clock)
Path Group: core_clock
Path Type: max

Fanout     Cap    Slew   Delay    Time   Description
-----------------------------------------------------------------------------
                  0.00    0.00    0.00   clock core_clock (rise edge)
                          0.00    0.00   clock network delay (ideal)
                  0.00    0.00    0.00 ^ _70_/CLK (sky130_fd_sc_hd__dfxtp_4)
     5    0.04    0.13    0.39    0.39 ^ _70_/Q (sky130_fd_sc_hd__dfxtp_4)
                                         display_inst.clk_div[0] (net)
                  0.13    0.01    0.40 ^ _47_/A (sky130_fd_sc_hd__inv_2)
     1    0.02    0.06    0.09    0.48 v _47_/Y (sky130_fd_sc_hd__inv_2)
                                         _00_ (net)
                  0.06    0.00    0.49 v _70_/D (sky130_fd_sc_hd__dfxtp_4)
                                  0.49   data arrival time

                  0.00   10.00   10.00   clock core_clock (rise edge)
                          0.00   10.00   clock network delay (ideal)
                          0.00   10.00   clock reconvergence pessimism
                                 10.00 ^ _70_/CLK (sky130_fd_sc_hd__dfxtp_4)
                         -0.13    9.87   library setup time
                                  9.87   data required time
-----------------------------------------------------------------------------
                                  9.87   data required time
                                 -0.49   data arrival time
-----------------------------------------------------------------------------
                                  9.38   slack (MET)



worst slack corner Typical: 8.4252
