OpenROAD b16bda7e82721d10566ff7e2b68f1ff0be9f9e38 
Features included (+) or not (-): +Charts +GPU +GUI +Python
This program is licensed under the BSD-3 license. See the LICENSE file for details.
Components of this program may be licensed under more restrictive licenses which must be honored.
define_corners Typical
read_liberty -corner Typical /Users/berkkilic/.volare/sky130A/libs.ref/sky130_fd_sc_hd/lib/sky130_fd_sc_hd__tt_025C_1v80.lib
Using 1e-12 for capacitance...
Using 1e+03 for resistance...
Using 1e-09 for time...
Using 1e+00 for voltage...
Using 1e-03 for current...
Using 1e-09 for power...
Using 1e-06 for distance...
[INFO]: Reading ODB at '/openlane/designs/semi_cpu_top/runs/RUN_2025.06.08_12.07.18/results/placement/semi_cpu_top.odb'…
Reading design constraints file at '/openlane/designs/semi_cpu_top/src/semi_cpu_top.sdc'…
[INFO]: Setting RC values...
min_report

===========================================================================
report_checks -path_delay min (Hold)
============================================================================
======================= Typical Corner ===================================

Startpoint: _70_ (rising edge-triggered flip-flop clocked by core_clock)
Endpoint: _70_ (rising edge-triggered flip-flop clocked by core_clock)
Path Group: core_clock
Path Type: min

Fanout     Cap    Slew   Delay    Time   Description
-----------------------------------------------------------------------------
                  0.00    0.00    0.00   clock core_clock (rise edge)
                          0.00    0.00   clock network delay (ideal)
                  0.00    0.00    0.00 ^ _70_/CLK (sky130_fd_sc_hd__dfxtp_4)
     5    0.04    0.08    0.37    0.37 v _70_/Q (sky130_fd_sc_hd__dfxtp_4)
                                         display_inst.clk_div[0] (net)
                  0.08    0.00    0.37 v _47_/A (sky130_fd_sc_hd__inv_2)
     1    0.01    0.05    0.07    0.44 ^ _47_/Y (sky130_fd_sc_hd__inv_2)
                                         _00_ (net)
                  0.05    0.00    0.44 ^ _70_/D (sky130_fd_sc_hd__dfxtp_4)
                                  0.44   data arrival time

                  0.00    0.00    0.00   clock core_clock (rise edge)
                          0.00    0.00   clock network delay (ideal)
                          0.00    0.00   clock reconvergence pessimism
                                  0.00 ^ _70_/CLK (sky130_fd_sc_hd__dfxtp_4)
                         -0.04   -0.04   library hold time
                                 -0.04   data required time
-----------------------------------------------------------------------------
                                 -0.04   data required time
                                 -0.44   data arrival time
-----------------------------------------------------------------------------
                                  0.48   slack (MET)


Startpoint: _78_ (rising edge-triggered flip-flop clocked by core_clock)
Endpoint: _78_ (rising edge-triggered flip-flop clocked by core_clock)
Path Group: core_clock
Path Type: min

Fanout     Cap    Slew   Delay    Time   Description
-----------------------------------------------------------------------------
                  0.00    0.00    0.00   clock core_clock (rise edge)
                          0.00    0.00   clock network delay (ideal)
                  0.00    0.00    0.00 ^ _78_/CLK (sky130_fd_sc_hd__dfxtp_2)
     4    0.03    0.13    0.37    0.37 ^ _78_/Q (sky130_fd_sc_hd__dfxtp_2)
                                         display_inst.clk_div[8] (net)
                  0.13    0.00    0.37 ^ _66_/A (sky130_fd_sc_hd__xor2_1)
     1    0.01    0.05    0.11    0.48 v _66_/X (sky130_fd_sc_hd__xor2_1)
                                         _08_ (net)
                  0.05    0.00    0.48 v _78_/D (sky130_fd_sc_hd__dfxtp_2)
                                  0.48   data arrival time

                  0.00    0.00    0.00   clock core_clock (rise edge)
                          0.00    0.00   clock network delay (ideal)
                          0.00    0.00   clock reconvergence pessimism
                                  0.00 ^ _78_/CLK (sky130_fd_sc_hd__dfxtp_2)
                         -0.06   -0.06   library hold time
                                 -0.06   data required time
-----------------------------------------------------------------------------
                                 -0.06   data required time
                                 -0.48   data arrival time
-----------------------------------------------------------------------------
                                  0.54   slack (MET)


Startpoint: _71_ (rising edge-triggered flip-flop clocked by core_clock)
Endpoint: _71_ (rising edge-triggered flip-flop clocked by core_clock)
Path Group: core_clock
Path Type: min

Fanout     Cap    Slew   Delay    Time   Description
-----------------------------------------------------------------------------
                  0.00    0.00    0.00   clock core_clock (rise edge)
                          0.00    0.00   clock network delay (ideal)
                  0.00    0.00    0.00 ^ _71_/CLK (sky130_fd_sc_hd__dfxtp_4)
     4    0.04    0.13    0.39    0.39 ^ _71_/Q (sky130_fd_sc_hd__dfxtp_4)
                                         display_inst.clk_div[1] (net)
                  0.13    0.00    0.39 ^ _48_/B (sky130_fd_sc_hd__xor2_2)
     1    0.01    0.05    0.10    0.49 v _48_/X (sky130_fd_sc_hd__xor2_2)
                                         _01_ (net)
                  0.05    0.00    0.49 v _71_/D (sky130_fd_sc_hd__dfxtp_4)
                                  0.49   data arrival time

                  0.00    0.00    0.00   clock core_clock (rise edge)
                          0.00    0.00   clock network delay (ideal)
                          0.00    0.00   clock reconvergence pessimism
                                  0.00 ^ _71_/CLK (sky130_fd_sc_hd__dfxtp_4)
                         -0.06   -0.06   library hold time
                                 -0.06   data required time
-----------------------------------------------------------------------------
                                 -0.06   data required time
                                 -0.49   data arrival time
-----------------------------------------------------------------------------
                                  0.55   slack (MET)


Startpoint: _76_ (rising edge-triggered flip-flop clocked by core_clock)
Endpoint: _76_ (rising edge-triggered flip-flop clocked by core_clock)
Path Group: core_clock
Path Type: min

Fanout     Cap    Slew   Delay    Time   Description
-----------------------------------------------------------------------------
                  0.00    0.00    0.00   clock core_clock (rise edge)
                          0.00    0.00   clock network delay (ideal)
                  0.00    0.00    0.00 ^ _76_/CLK (sky130_fd_sc_hd__dfxtp_2)
     3    0.03    0.16    0.38    0.38 ^ _76_/Q (sky130_fd_sc_hd__dfxtp_2)
                                         display_inst.clk_div[6] (net)
                  0.16    0.00    0.39 ^ _60_/A (sky130_fd_sc_hd__xor2_1)
     1    0.01    0.05    0.11    0.50 v _60_/X (sky130_fd_sc_hd__xor2_1)
                                         _06_ (net)
                  0.05    0.00    0.50 v _76_/D (sky130_fd_sc_hd__dfxtp_2)
                                  0.50   data arrival time

                  0.00    0.00    0.00   clock core_clock (rise edge)
                          0.00    0.00   clock network delay (ideal)
                          0.00    0.00   clock reconvergence pessimism
                                  0.00 ^ _76_/CLK (sky130_fd_sc_hd__dfxtp_2)
                         -0.06   -0.06   library hold time
                                 -0.06   data required time
-----------------------------------------------------------------------------
                                 -0.06   data required time
                                 -0.50   data arrival time
-----------------------------------------------------------------------------
                                  0.56   slack (MET)


Startpoint: _74_ (rising edge-triggered flip-flop clocked by core_clock)
Endpoint: _74_ (rising edge-triggered flip-flop clocked by core_clock)
Path Group: core_clock
Path Type: min

Fanout     Cap    Slew   Delay    Time   Description
-----------------------------------------------------------------------------
                  0.00    0.00    0.00   clock core_clock (rise edge)
                          0.00    0.00   clock network delay (ideal)
                  0.00    0.00    0.00 ^ _74_/CLK (sky130_fd_sc_hd__dfxtp_4)
     5    0.05    0.15    0.40    0.40 ^ _74_/Q (sky130_fd_sc_hd__dfxtp_4)
                                         display_inst.clk_div[4] (net)
                  0.15    0.00    0.41 ^ _56_/A (sky130_fd_sc_hd__xor2_2)
     1    0.01    0.06    0.12    0.52 v _56_/X (sky130_fd_sc_hd__xor2_2)
                                         _04_ (net)
                  0.06    0.00    0.53 v _74_/D (sky130_fd_sc_hd__dfxtp_4)
                                  0.53   data arrival time

                  0.00    0.00    0.00   clock core_clock (rise edge)
                          0.00    0.00   clock network delay (ideal)
                          0.00    0.00   clock reconvergence pessimism
                                  0.00 ^ _74_/CLK (sky130_fd_sc_hd__dfxtp_4)
                         -0.06   -0.06   library hold time
                                 -0.06   data required time
-----------------------------------------------------------------------------
                                 -0.06   data required time
                                 -0.53   data arrival time
-----------------------------------------------------------------------------
                                  0.58   slack (MET)


Startpoint: _75_ (rising edge-triggered flip-flop clocked by core_clock)
Endpoint: _75_ (rising edge-triggered flip-flop clocked by core_clock)
Path Group: core_clock
Path Type: min

Fanout     Cap    Slew   Delay    Time   Description
-----------------------------------------------------------------------------
                  0.00    0.00    0.00   clock core_clock (rise edge)
                          0.00    0.00   clock network delay (ideal)
                  0.00    0.00    0.00 ^ _75_/CLK (sky130_fd_sc_hd__dfxtp_2)
     4    0.03    0.16    0.39    0.39 ^ _75_/Q (sky130_fd_sc_hd__dfxtp_2)
                                         display_inst.clk_div[5] (net)
                  0.16    0.00    0.39 ^ _58_/B1 (sky130_fd_sc_hd__a21oi_2)
     1    0.02    0.07    0.08    0.47 v _58_/Y (sky130_fd_sc_hd__a21oi_2)
                                         _25_ (net)
                  0.07    0.00    0.47 v _59_/B (sky130_fd_sc_hd__nor2_1)
     1    0.01    0.18    0.17    0.64 ^ _59_/Y (sky130_fd_sc_hd__nor2_1)
                                         _05_ (net)
                  0.18    0.00    0.64 ^ _75_/D (sky130_fd_sc_hd__dfxtp_2)
                                  0.64   data arrival time

                  0.00    0.00    0.00   clock core_clock (rise edge)
                          0.00    0.00   clock network delay (ideal)
                          0.00    0.00   clock reconvergence pessimism
                                  0.00 ^ _75_/CLK (sky130_fd_sc_hd__dfxtp_2)
                         -0.07   -0.07   library hold time
                                 -0.07   data required time
-----------------------------------------------------------------------------
                                 -0.07   data required time
                                 -0.64   data arrival time
-----------------------------------------------------------------------------
                                  0.71   slack (MET)


Startpoint: _73_ (rising edge-triggered flip-flop clocked by core_clock)
Endpoint: _73_ (rising edge-triggered flip-flop clocked by core_clock)
Path Group: core_clock
Path Type: min

Fanout     Cap    Slew   Delay    Time   Description
-----------------------------------------------------------------------------
                  0.00    0.00    0.00   clock core_clock (rise edge)
                          0.00    0.00   clock network delay (ideal)
                  0.00    0.00    0.00 ^ _73_/CLK (sky130_fd_sc_hd__dfxtp_2)
     2    0.02    0.13    0.37    0.37 ^ _73_/Q (sky130_fd_sc_hd__dfxtp_2)
                                         display_inst.clk_div[3] (net)
                  0.13    0.00    0.37 ^ _54_/A (sky130_fd_sc_hd__nor2_2)
     1    0.02    0.06    0.09    0.46 v _54_/Y (sky130_fd_sc_hd__nor2_2)
                                         _23_ (net)
                  0.06    0.00    0.46 v _55_/B (sky130_fd_sc_hd__nor2_2)
     1    0.02    0.20    0.18    0.64 ^ _55_/Y (sky130_fd_sc_hd__nor2_2)
                                         _03_ (net)
                  0.20    0.00    0.64 ^ _73_/D (sky130_fd_sc_hd__dfxtp_2)
                                  0.64   data arrival time

                  0.00    0.00    0.00   clock core_clock (rise edge)
                          0.00    0.00   clock network delay (ideal)
                          0.00    0.00   clock reconvergence pessimism
                                  0.00 ^ _73_/CLK (sky130_fd_sc_hd__dfxtp_2)
                         -0.07   -0.07   library hold time
                                 -0.07   data required time
-----------------------------------------------------------------------------
                                 -0.07   data required time
                                 -0.64   data arrival time
-----------------------------------------------------------------------------
                                  0.71   slack (MET)


Startpoint: _72_ (rising edge-triggered flip-flop clocked by core_clock)
Endpoint: _72_ (rising edge-triggered flip-flop clocked by core_clock)
Path Group: core_clock
Path Type: min

Fanout     Cap    Slew   Delay    Time   Description
-----------------------------------------------------------------------------
                  0.00    0.00    0.00   clock core_clock (rise edge)
                          0.00    0.00   clock network delay (ideal)
                  0.00    0.00    0.00 ^ _72_/CLK (sky130_fd_sc_hd__dfxtp_2)
     3    0.03    0.08    0.34    0.34 v _72_/Q (sky130_fd_sc_hd__dfxtp_2)
                                         display_inst.clk_div[2] (net)
                  0.08    0.00    0.34 v _50_/B1 (sky130_fd_sc_hd__a21oi_4)
     1    0.03    0.21    0.21    0.55 ^ _50_/Y (sky130_fd_sc_hd__a21oi_4)
                                         _20_ (net)
                  0.21    0.00    0.56 ^ _51_/B (sky130_fd_sc_hd__nor2_2)
     1    0.02    0.07    0.10    0.66 v _51_/Y (sky130_fd_sc_hd__nor2_2)
                                         _02_ (net)
                  0.07    0.00    0.66 v _72_/D (sky130_fd_sc_hd__dfxtp_2)
                                  0.66   data arrival time

                  0.00    0.00    0.00   clock core_clock (rise edge)
                          0.00    0.00   clock network delay (ideal)
                          0.00    0.00   clock reconvergence pessimism
                                  0.00 ^ _72_/CLK (sky130_fd_sc_hd__dfxtp_2)
                         -0.07   -0.07   library hold time
                                 -0.07   data required time
-----------------------------------------------------------------------------
                                 -0.07   data required time
                                 -0.66   data arrival time
-----------------------------------------------------------------------------
                                  0.72   slack (MET)


Startpoint: _77_ (rising edge-triggered flip-flop clocked by core_clock)
Endpoint: _77_ (rising edge-triggered flip-flop clocked by core_clock)
Path Group: core_clock
Path Type: min

Fanout     Cap    Slew   Delay    Time   Description
-----------------------------------------------------------------------------
                  0.00    0.00    0.00   clock core_clock (rise edge)
                          0.00    0.00   clock network delay (ideal)
                  0.00    0.00    0.00 ^ _77_/CLK (sky130_fd_sc_hd__dfxtp_1)
     2    0.01    0.13    0.35    0.35 ^ _77_/Q (sky130_fd_sc_hd__dfxtp_1)
                                         display_inst.clk_div[7] (net)
                  0.13    0.00    0.35 ^ _63_/B1 (sky130_fd_sc_hd__a41o_1)
     1    0.01    0.08    0.13    0.48 ^ _63_/X (sky130_fd_sc_hd__a41o_1)
                                         _28_ (net)
                  0.08    0.00    0.48 ^ _64_/B (sky130_fd_sc_hd__and2b_1)
     1    0.01    0.09    0.16    0.64 ^ _64_/X (sky130_fd_sc_hd__and2b_1)
                                         _29_ (net)
                  0.09    0.00    0.64 ^ _65_/A (sky130_fd_sc_hd__clkbuf_1)
     1    0.01    0.08    0.12    0.76 ^ _65_/X (sky130_fd_sc_hd__clkbuf_1)
                                         _07_ (net)
                  0.08    0.00    0.76 ^ _77_/D (sky130_fd_sc_hd__dfxtp_1)
                                  0.76   data arrival time

                  0.00    0.00    0.00   clock core_clock (rise edge)
                          0.00    0.00   clock network delay (ideal)
                          0.00    0.00   clock reconvergence pessimism
                                  0.00 ^ _77_/CLK (sky130_fd_sc_hd__dfxtp_1)
                         -0.05   -0.05   library hold time
                                 -0.05   data required time
-----------------------------------------------------------------------------
                                 -0.05   data required time
                                 -0.76   data arrival time
-----------------------------------------------------------------------------
                                  0.80   slack (MET)



worst slack corner Typical: 0.4781
min_report_end
max_report

===========================================================================
report_checks -path_delay max (Setup)
============================================================================
======================= Typical Corner ===================================

Startpoint: _70_ (rising edge-triggered flip-flop clocked by core_clock)
Endpoint: _77_ (rising edge-triggered flip-flop clocked by core_clock)
Path Group: core_clock
Path Type: max

Fanout     Cap    Slew   Delay    Time   Description
-----------------------------------------------------------------------------
                  0.00    0.00    0.00   clock core_clock (rise edge)
                          0.00    0.00   clock network delay (ideal)
                  0.00    0.00    0.00 ^ _70_/CLK (sky130_fd_sc_hd__dfxtp_4)
     5    0.05    0.14    0.40    0.40 ^ _70_/Q (sky130_fd_sc_hd__dfxtp_4)
                                         display_inst.clk_div[0] (net)
                  0.14    0.00    0.40 ^ _52_/A (sky130_fd_sc_hd__and4_1)
     1    0.01    0.11    0.24    0.64 ^ _52_/X (sky130_fd_sc_hd__and4_1)
                                         _21_ (net)
                  0.11    0.00    0.64 ^ _53_/A (sky130_fd_sc_hd__buf_4)
     6    0.06    0.16    0.22    0.87 ^ _53_/X (sky130_fd_sc_hd__buf_4)
                                         _22_ (net)
                  0.16    0.00    0.87 ^ _62_/C (sky130_fd_sc_hd__and4_2)
     2    0.02    0.12    0.31    1.18 ^ _62_/X (sky130_fd_sc_hd__and4_2)
                                         _27_ (net)
                  0.12    0.00    1.18 ^ _64_/A_N (sky130_fd_sc_hd__and2b_1)
     1    0.01    0.06    0.22    1.40 v _64_/X (sky130_fd_sc_hd__and2b_1)
                                         _29_ (net)
                  0.06    0.00    1.40 v _65_/A (sky130_fd_sc_hd__clkbuf_1)
     1    0.01    0.05    0.11    1.51 v _65_/X (sky130_fd_sc_hd__clkbuf_1)
                                         _07_ (net)
                  0.05    0.00    1.51 v _77_/D (sky130_fd_sc_hd__dfxtp_1)
                                  1.51   data arrival time

                  0.00   10.00   10.00   clock core_clock (rise edge)
                          0.00   10.00   clock network delay (ideal)
                          0.00   10.00   clock reconvergence pessimism
                                 10.00 ^ _77_/CLK (sky130_fd_sc_hd__dfxtp_1)
                         -0.12    9.88   library setup time
                                  9.88   data required time
-----------------------------------------------------------------------------
                                  9.88   data required time
                                 -1.51   data arrival time
-----------------------------------------------------------------------------
                                  8.37   slack (MET)


Startpoint: _70_ (rising edge-triggered flip-flop clocked by core_clock)
Endpoint: _78_ (rising edge-triggered flip-flop clocked by core_clock)
Path Group: core_clock
Path Type: max

Fanout     Cap    Slew   Delay    Time   Description
-----------------------------------------------------------------------------
                  0.00    0.00    0.00   clock core_clock (rise edge)
                          0.00    0.00   clock network delay (ideal)
                  0.00    0.00    0.00 ^ _70_/CLK (sky130_fd_sc_hd__dfxtp_4)
     5    0.05    0.14    0.40    0.40 ^ _70_/Q (sky130_fd_sc_hd__dfxtp_4)
                                         display_inst.clk_div[0] (net)
                  0.14    0.00    0.40 ^ _52_/A (sky130_fd_sc_hd__and4_1)
     1    0.01    0.11    0.24    0.64 ^ _52_/X (sky130_fd_sc_hd__and4_1)
                                         _21_ (net)
                  0.11    0.00    0.64 ^ _53_/A (sky130_fd_sc_hd__buf_4)
     6    0.06    0.16    0.22    0.87 ^ _53_/X (sky130_fd_sc_hd__buf_4)
                                         _22_ (net)
                  0.16    0.00    0.87 ^ _62_/C (sky130_fd_sc_hd__and4_2)
     2    0.02    0.12    0.31    1.18 ^ _62_/X (sky130_fd_sc_hd__and4_2)
                                         _27_ (net)
                  0.12    0.00    1.18 ^ _66_/B (sky130_fd_sc_hd__xor2_1)
     1    0.01    0.19    0.21    1.40 ^ _66_/X (sky130_fd_sc_hd__xor2_1)
                                         _08_ (net)
                  0.19    0.00    1.40 ^ _78_/D (sky130_fd_sc_hd__dfxtp_2)
                                  1.40   data arrival time

                  0.00   10.00   10.00   clock core_clock (rise edge)
                          0.00   10.00   clock network delay (ideal)
                          0.00   10.00   clock reconvergence pessimism
                                 10.00 ^ _78_/CLK (sky130_fd_sc_hd__dfxtp_2)
                         -0.10    9.90   library setup time
                                  9.90   data required time
-----------------------------------------------------------------------------
                                  9.90   data required time
                                 -1.40   data arrival time
-----------------------------------------------------------------------------
                                  8.50   slack (MET)


Startpoint: _70_ (rising edge-triggered flip-flop clocked by core_clock)
Endpoint: _76_ (rising edge-triggered flip-flop clocked by core_clock)
Path Group: core_clock
Path Type: max

Fanout     Cap    Slew   Delay    Time   Description
-----------------------------------------------------------------------------
                  0.00    0.00    0.00   clock core_clock (rise edge)
                          0.00    0.00   clock network delay (ideal)
                  0.00    0.00    0.00 ^ _70_/CLK (sky130_fd_sc_hd__dfxtp_4)
     5    0.05    0.14    0.40    0.40 ^ _70_/Q (sky130_fd_sc_hd__dfxtp_4)
                                         display_inst.clk_div[0] (net)
                  0.14    0.00    0.40 ^ _52_/A (sky130_fd_sc_hd__and4_1)
     1    0.01    0.11    0.24    0.64 ^ _52_/X (sky130_fd_sc_hd__and4_1)
                                         _21_ (net)
                  0.11    0.00    0.64 ^ _53_/A (sky130_fd_sc_hd__buf_4)
     6    0.06    0.16    0.22    0.87 ^ _53_/X (sky130_fd_sc_hd__buf_4)
                                         _22_ (net)
                  0.16    0.01    0.87 ^ _57_/C (sky130_fd_sc_hd__and3_2)
     2    0.03    0.14    0.29    1.16 ^ _57_/X (sky130_fd_sc_hd__and3_2)
                                         _24_ (net)
                  0.14    0.00    1.16 ^ _60_/B (sky130_fd_sc_hd__xor2_1)
     1    0.01    0.18    0.21    1.37 ^ _60_/X (sky130_fd_sc_hd__xor2_1)
                                         _06_ (net)
                  0.18    0.00    1.37 ^ _76_/D (sky130_fd_sc_hd__dfxtp_2)
                                  1.37   data arrival time

                  0.00   10.00   10.00   clock core_clock (rise edge)
                          0.00   10.00   clock network delay (ideal)
                          0.00   10.00   clock reconvergence pessimism
                                 10.00 ^ _76_/CLK (sky130_fd_sc_hd__dfxtp_2)
                         -0.10    9.90   library setup time
                                  9.90   data required time
-----------------------------------------------------------------------------
                                  9.90   data required time
                                 -1.37   data arrival time
-----------------------------------------------------------------------------
                                  8.53   slack (MET)


Startpoint: _70_ (rising edge-triggered flip-flop clocked by core_clock)
Endpoint: _75_ (rising edge-triggered flip-flop clocked by core_clock)
Path Group: core_clock
Path Type: max

Fanout     Cap    Slew   Delay    Time   Description
-----------------------------------------------------------------------------
                  0.00    0.00    0.00   clock core_clock (rise edge)
                          0.00    0.00   clock network delay (ideal)
                  0.00    0.00    0.00 ^ _70_/CLK (sky130_fd_sc_hd__dfxtp_4)
     5    0.05    0.14    0.40    0.40 ^ _70_/Q (sky130_fd_sc_hd__dfxtp_4)
                                         display_inst.clk_div[0] (net)
                  0.14    0.00    0.40 ^ _52_/A (sky130_fd_sc_hd__and4_1)
     1    0.01    0.11    0.24    0.64 ^ _52_/X (sky130_fd_sc_hd__and4_1)
                                         _21_ (net)
                  0.11    0.00    0.64 ^ _53_/A (sky130_fd_sc_hd__buf_4)
     6    0.06    0.16    0.22    0.87 ^ _53_/X (sky130_fd_sc_hd__buf_4)
                                         _22_ (net)
                  0.16    0.01    0.87 ^ _57_/C (sky130_fd_sc_hd__and3_2)
     2    0.03    0.14    0.29    1.16 ^ _57_/X (sky130_fd_sc_hd__and3_2)
                                         _24_ (net)
                  0.14    0.00    1.16 ^ _59_/A (sky130_fd_sc_hd__nor2_1)
     1    0.01    0.08    0.10    1.26 v _59_/Y (sky130_fd_sc_hd__nor2_1)
                                         _05_ (net)
                  0.08    0.00    1.26 v _75_/D (sky130_fd_sc_hd__dfxtp_2)
                                  1.26   data arrival time

                  0.00   10.00   10.00   clock core_clock (rise edge)
                          0.00   10.00   clock network delay (ideal)
                          0.00   10.00   clock reconvergence pessimism
                                 10.00 ^ _75_/CLK (sky130_fd_sc_hd__dfxtp_2)
                         -0.14    9.86   library setup time
                                  9.86   data required time
-----------------------------------------------------------------------------
                                  9.86   data required time
                                 -1.26   data arrival time
-----------------------------------------------------------------------------
                                  8.60   slack (MET)


Startpoint: _70_ (rising edge-triggered flip-flop clocked by core_clock)
Endpoint: _74_ (rising edge-triggered flip-flop clocked by core_clock)
Path Group: core_clock
Path Type: max

Fanout     Cap    Slew   Delay    Time   Description
-----------------------------------------------------------------------------
                  0.00    0.00    0.00   clock core_clock (rise edge)
                          0.00    0.00   clock network delay (ideal)
                  0.00    0.00    0.00 ^ _70_/CLK (sky130_fd_sc_hd__dfxtp_4)
     5    0.05    0.14    0.40    0.40 ^ _70_/Q (sky130_fd_sc_hd__dfxtp_4)
                                         display_inst.clk_div[0] (net)
                  0.14    0.00    0.40 ^ _52_/A (sky130_fd_sc_hd__and4_1)
     1    0.01    0.11    0.24    0.64 ^ _52_/X (sky130_fd_sc_hd__and4_1)
                                         _21_ (net)
                  0.11    0.00    0.64 ^ _53_/A (sky130_fd_sc_hd__buf_4)
     6    0.06    0.16    0.22    0.87 ^ _53_/X (sky130_fd_sc_hd__buf_4)
                                         _22_ (net)
                  0.16    0.00    0.87 ^ _56_/B (sky130_fd_sc_hd__xor2_2)
     1    0.01    0.20    0.22    1.09 ^ _56_/X (sky130_fd_sc_hd__xor2_2)
                                         _04_ (net)
                  0.20    0.00    1.09 ^ _74_/D (sky130_fd_sc_hd__dfxtp_4)
                                  1.09   data arrival time

                  0.00   10.00   10.00   clock core_clock (rise edge)
                          0.00   10.00   clock network delay (ideal)
                          0.00   10.00   clock reconvergence pessimism
                                 10.00 ^ _74_/CLK (sky130_fd_sc_hd__dfxtp_4)
                         -0.10    9.90   library setup time
                                  9.90   data required time
-----------------------------------------------------------------------------
                                  9.90   data required time
                                 -1.09   data arrival time
-----------------------------------------------------------------------------
                                  8.80   slack (MET)


Startpoint: _70_ (rising edge-triggered flip-flop clocked by core_clock)
Endpoint: _73_ (rising edge-triggered flip-flop clocked by core_clock)
Path Group: core_clock
Path Type: max

Fanout     Cap    Slew   Delay    Time   Description
-----------------------------------------------------------------------------
                  0.00    0.00    0.00   clock core_clock (rise edge)
                          0.00    0.00   clock network delay (ideal)
                  0.00    0.00    0.00 ^ _70_/CLK (sky130_fd_sc_hd__dfxtp_4)
     5    0.05    0.14    0.40    0.40 ^ _70_/Q (sky130_fd_sc_hd__dfxtp_4)
                                         display_inst.clk_div[0] (net)
                  0.14    0.00    0.40 ^ _52_/A (sky130_fd_sc_hd__and4_1)
     1    0.01    0.11    0.24    0.64 ^ _52_/X (sky130_fd_sc_hd__and4_1)
                                         _21_ (net)
                  0.11    0.00    0.64 ^ _53_/A (sky130_fd_sc_hd__buf_4)
     6    0.06    0.16    0.22    0.87 ^ _53_/X (sky130_fd_sc_hd__buf_4)
                                         _22_ (net)
                  0.16    0.01    0.87 ^ _55_/A (sky130_fd_sc_hd__nor2_2)
     1    0.02    0.08    0.10    0.97 v _55_/Y (sky130_fd_sc_hd__nor2_2)
                                         _03_ (net)
                  0.08    0.00    0.97 v _73_/D (sky130_fd_sc_hd__dfxtp_2)
                                  0.97   data arrival time

                  0.00   10.00   10.00   clock core_clock (rise edge)
                          0.00   10.00   clock network delay (ideal)
                          0.00   10.00   clock reconvergence pessimism
                                 10.00 ^ _73_/CLK (sky130_fd_sc_hd__dfxtp_2)
                         -0.14    9.86   library setup time
                                  9.86   data required time
-----------------------------------------------------------------------------
                                  9.86   data required time
                                 -0.97   data arrival time
-----------------------------------------------------------------------------
                                  8.89   slack (MET)


Startpoint: _71_ (rising edge-triggered flip-flop clocked by core_clock)
Endpoint: _72_ (rising edge-triggered flip-flop clocked by core_clock)
Path Group: core_clock
Path Type: max

Fanout     Cap    Slew   Delay    Time   Description
-----------------------------------------------------------------------------
                  0.00    0.00    0.00   clock core_clock (rise edge)
                          0.00    0.00   clock network delay (ideal)
                  0.00    0.00    0.00 ^ _71_/CLK (sky130_fd_sc_hd__dfxtp_4)
     4    0.04    0.07    0.36    0.36 v _71_/Q (sky130_fd_sc_hd__dfxtp_4)
                                         display_inst.clk_div[1] (net)
                  0.07    0.00    0.36 v _49_/B (sky130_fd_sc_hd__and3_1)
     2    0.02    0.09    0.23    0.59 v _49_/X (sky130_fd_sc_hd__and3_1)
                                         _19_ (net)
                  0.09    0.00    0.59 v _51_/A (sky130_fd_sc_hd__nor2_2)
     1    0.02    0.21    0.22    0.81 ^ _51_/Y (sky130_fd_sc_hd__nor2_2)
                                         _02_ (net)
                  0.21    0.00    0.82 ^ _72_/D (sky130_fd_sc_hd__dfxtp_2)
                                  0.82   data arrival time

                  0.00   10.00   10.00   clock core_clock (rise edge)
                          0.00   10.00   clock network delay (ideal)
                          0.00   10.00   clock reconvergence pessimism
                                 10.00 ^ _72_/CLK (sky130_fd_sc_hd__dfxtp_2)
                         -0.11    9.89   library setup time
                                  9.89   data required time
-----------------------------------------------------------------------------
                                  9.89   data required time
                                 -0.82   data arrival time
-----------------------------------------------------------------------------
                                  9.08   slack (MET)


Startpoint: _70_ (rising edge-triggered flip-flop clocked by core_clock)
Endpoint: _71_ (rising edge-triggered flip-flop clocked by core_clock)
Path Group: core_clock
Path Type: max

Fanout     Cap    Slew   Delay    Time   Description
-----------------------------------------------------------------------------
                  0.00    0.00    0.00   clock core_clock (rise edge)
                          0.00    0.00   clock network delay (ideal)
                  0.00    0.00    0.00 ^ _70_/CLK (sky130_fd_sc_hd__dfxtp_4)
     5    0.04    0.08    0.37    0.37 v _70_/Q (sky130_fd_sc_hd__dfxtp_4)
                                         display_inst.clk_div[0] (net)
                  0.08    0.00    0.37 v _48_/A (sky130_fd_sc_hd__xor2_2)
     1    0.01    0.07    0.20    0.57 v _48_/X (sky130_fd_sc_hd__xor2_2)
                                         _01_ (net)
                  0.07    0.00    0.57 v _71_/D (sky130_fd_sc_hd__dfxtp_4)
                                  0.57   data arrival time

                  0.00   10.00   10.00   clock core_clock (rise edge)
                          0.00   10.00   clock network delay (ideal)
                          0.00   10.00   clock reconvergence pessimism
                                 10.00 ^ _71_/CLK (sky130_fd_sc_hd__dfxtp_4)
                         -0.13    9.87   library setup time
                                  9.87   data required time
-----------------------------------------------------------------------------
                                  9.87   data required time
                                 -0.57   data arrival time
-----------------------------------------------------------------------------
                                  9.30   slack (MET)


Startpoint: _70_ (rising edge-triggered flip-flop clocked by core_clock)
Endpoint: _70_ (rising edge-triggered flip-flop clocked by core_clock)
Path Group: core_clock
Path Type: max

Fanout     Cap    Slew   Delay    Time   Description
-----------------------------------------------------------------------------
                  0.00    0.00    0.00   clock core_clock (rise edge)
                          0.00    0.00   clock network delay (ideal)
                  0.00    0.00    0.00 ^ _70_/CLK (sky130_fd_sc_hd__dfxtp_4)
     5    0.05    0.14    0.40    0.40 ^ _70_/Q (sky130_fd_sc_hd__dfxtp_4)
                                         display_inst.clk_div[0] (net)
                  0.14    0.00    0.40 ^ _47_/A (sky130_fd_sc_hd__inv_2)
     1    0.01    0.04    0.06    0.46 v _47_/Y (sky130_fd_sc_hd__inv_2)
                                         _00_ (net)
                  0.04    0.00    0.46 v _70_/D (sky130_fd_sc_hd__dfxtp_4)
                                  0.46   data arrival time

                  0.00   10.00   10.00   clock core_clock (rise edge)
                          0.00   10.00   clock network delay (ideal)
                          0.00   10.00   clock reconvergence pessimism
                                 10.00 ^ _70_/CLK (sky130_fd_sc_hd__dfxtp_4)
                         -0.12    9.88   library setup time
                                  9.88   data required time
-----------------------------------------------------------------------------
                                  9.88   data required time
                                 -0.46   data arrival time
-----------------------------------------------------------------------------
                                  9.42   slack (MET)



worst slack corner Typical: 8.3701
max_report_end
checks_report

===========================================================================
report_checks -unconstrained
===========================================================================
======================= Typical Corner ===================================

Startpoint: _70_ (rising edge-triggered flip-flop clocked by core_clock)
Endpoint: _77_ (rising edge-triggered flip-flop clocked by core_clock)
Path Group: core_clock
Path Type: max

Fanout     Cap    Slew   Delay    Time   Description
-----------------------------------------------------------------------------
                  0.00    0.00    0.00   clock core_clock (rise edge)
                          0.00    0.00   clock network delay (ideal)
                  0.00    0.00    0.00 ^ _70_/CLK (sky130_fd_sc_hd__dfxtp_4)
     5    0.05    0.14    0.40    0.40 ^ _70_/Q (sky130_fd_sc_hd__dfxtp_4)
                                         display_inst.clk_div[0] (net)
                  0.14    0.00    0.40 ^ _52_/A (sky130_fd_sc_hd__and4_1)
     1    0.01    0.11    0.24    0.64 ^ _52_/X (sky130_fd_sc_hd__and4_1)
                                         _21_ (net)
                  0.11    0.00    0.64 ^ _53_/A (sky130_fd_sc_hd__buf_4)
     6    0.06    0.16    0.22    0.87 ^ _53_/X (sky130_fd_sc_hd__buf_4)
                                         _22_ (net)
                  0.16    0.00    0.87 ^ _62_/C (sky130_fd_sc_hd__and4_2)
     2    0.02    0.12    0.31    1.18 ^ _62_/X (sky130_fd_sc_hd__and4_2)
                                         _27_ (net)
                  0.12    0.00    1.18 ^ _64_/A_N (sky130_fd_sc_hd__and2b_1)
     1    0.01    0.06    0.22    1.40 v _64_/X (sky130_fd_sc_hd__and2b_1)
                                         _29_ (net)
                  0.06    0.00    1.40 v _65_/A (sky130_fd_sc_hd__clkbuf_1)
     1    0.01    0.05    0.11    1.51 v _65_/X (sky130_fd_sc_hd__clkbuf_1)
                                         _07_ (net)
                  0.05    0.00    1.51 v _77_/D (sky130_fd_sc_hd__dfxtp_1)
                                  1.51   data arrival time

                  0.00   10.00   10.00   clock core_clock (rise edge)
                          0.00   10.00   clock network delay (ideal)
                          0.00   10.00   clock reconvergence pessimism
                                 10.00 ^ _77_/CLK (sky130_fd_sc_hd__dfxtp_1)
                         -0.12    9.88   library setup time
                                  9.88   data required time
-----------------------------------------------------------------------------
                                  9.88   data required time
                                 -1.51   data arrival time
-----------------------------------------------------------------------------
                                  8.37   slack (MET)




===========================================================================
report_checks --slack_max -0.01
============================================================================
======================= Typical Corner ===================================

No paths found.


===========================================================================
 report_check_types -max_slew -max_cap -max_fanout -violators
============================================================================
======================= Typical Corner ===================================


max slew violations count Typical: 0
max fanout violations count Typical: 0
max cap violations count Typical: 0

===========================================================================
report_parasitic_annotation -report_unannotated
============================================================================
Found 10 unannotated drivers.
 clk
 control
 reset
 semi_cpu_top_10/HI
 semi_cpu_top_11/HI
 semi_cpu_top_12/HI
 semi_cpu_top_13/HI
 semi_cpu_top_14/HI
 semi_cpu_top_15/LO
 semi_cpu_top_9/HI
Found 0 partially unannotated drivers.

===========================================================================
max slew violation count 0
max fanout violation count 0
max cap violation count 0
============================================================================

===========================================================================
check_setup -verbose -unconstrained_endpoints -multiple_clock -no_clock -no_input_delay -loops -generated_clocks
===========================================================================
Warning: There are 2 input ports missing set_input_delay.
  control
  reset
Warning: There are 3 unclocked register/latch pins.
  _79_/CLK
  _80_/CLK
  _81_/CLK
Warning: There are 18 unconstrained endpoints.
  an[0]
  an[1]
  an[2]
  an[3]
  an[4]
  an[5]
  an[6]
  an[7]
  seg[0]
  seg[1]
  seg[2]
  seg[3]
  seg[4]
  seg[5]
  seg[6]
  _79_/D
  _80_/D
  _81_/D
checks_report_end
power_report

===========================================================================
 report_power
============================================================================
======================= Typical Corner ===================================

Group                  Internal  Switching    Leakage      Total
                          Power      Power      Power      Power (Watts)
----------------------------------------------------------------
Sequential             3.58e-05   0.00e+00   1.04e-10   3.58e-05 100.0%
Combinational          0.00e+00   0.00e+00   1.73e-10   1.73e-10   0.0%
Clock                  0.00e+00   0.00e+00   4.21e-10   4.21e-10   0.0%
Macro                  0.00e+00   0.00e+00   0.00e+00   0.00e+00   0.0%
Pad                    0.00e+00   0.00e+00   0.00e+00   0.00e+00   0.0%
----------------------------------------------------------------
Total                  3.58e-05   0.00e+00   6.98e-10   3.58e-05 100.0%
                         100.0%       0.0%       0.0%

power_report_end
skew_report

===========================================================================
report_clock_skew
============================================================================
Clock core_clock
   0.00 source latency _70_/CLK ^
   0.00 target latency _70_/CLK ^
   0.00 CRPR
--------------
   0.00 setup skew

skew_report_end
summary_report

===========================================================================
report_tns
============================================================================
tns 0.00

===========================================================================
report_wns
============================================================================
wns 0.00

===========================================================================
report_worst_slack -max (Setup)
============================================================================
worst slack 8.37

===========================================================================
report_worst_slack -min (Hold)
============================================================================
worst slack 0.48
summary_report_end
area_report

===========================================================================
report_design_area
============================================================================
Design area 1201 u^2 4% utilization.
area_report_end
check_nonpropagated_clocks
core_clock
check_nonpropagated_clocks_end
[WARNING] Did not save OpenROAD database!
Writing SDF to '/openlane/designs/semi_cpu_top/runs/RUN_2025.06.08_12.07.18/results/signoff/semi_cpu_top.sdf'…
