
===========================================================================
report_checks -unconstrained
===========================================================================
======================= Typical Corner ===================================

Startpoint: _70_ (rising edge-triggered flip-flop clocked by core_clock)
Endpoint: _77_ (rising edge-triggered flip-flop clocked by core_clock)
Path Group: core_clock
Path Type: max

Fanout     Cap    Slew   Delay    Time   Description
-----------------------------------------------------------------------------
                          0.00    0.00   clock core_clock (rise edge)
                          0.00    0.00   clock source latency
     1    0.02    0.00    0.00    0.00 ^ clk (in)
                                         clk (net)
                  0.00    0.00    0.00 ^ clkbuf_0_clk/A (sky130_fd_sc_hd__clkbuf_16)
     2    0.02    0.04    0.11    0.11 ^ clkbuf_0_clk/X (sky130_fd_sc_hd__clkbuf_16)
                                         clknet_0_clk (net)
                  0.04    0.00    0.11 ^ clkbuf_1_0__f_clk/A (sky130_fd_sc_hd__clkbuf_16)
     6    0.01    0.04    0.12    0.22 ^ clkbuf_1_0__f_clk/X (sky130_fd_sc_hd__clkbuf_16)
                                         clknet_1_0__leaf_clk (net)
                  0.04    0.00    0.22 ^ _70_/CLK (sky130_fd_sc_hd__dfxtp_4)
     5    0.03    0.09    0.37    0.60 ^ _70_/Q (sky130_fd_sc_hd__dfxtp_4)
                                         display_inst.clk_div[0] (net)
                  0.09    0.00    0.60 ^ _52_/A (sky130_fd_sc_hd__and4_1)
     1    0.01    0.12    0.23    0.83 ^ _52_/X (sky130_fd_sc_hd__and4_1)
                                         _21_ (net)
                  0.12    0.00    0.83 ^ _53_/A (sky130_fd_sc_hd__buf_4)
     6    0.02    0.08    0.16    0.99 ^ _53_/X (sky130_fd_sc_hd__buf_4)
                                         _22_ (net)
                  0.08    0.00    0.99 ^ _62_/C (sky130_fd_sc_hd__and4_2)
     2    0.02    0.14    0.30    1.29 ^ _62_/X (sky130_fd_sc_hd__and4_2)
                                         _27_ (net)
                  0.14    0.00    1.29 ^ _64_/A_N (sky130_fd_sc_hd__and2b_1)
     1    0.01    0.06    0.22    1.51 v _64_/X (sky130_fd_sc_hd__and2b_1)
                                         _29_ (net)
                  0.06    0.00    1.51 v _65_/A (sky130_fd_sc_hd__clkbuf_1)
     1    0.00    0.02    0.09    1.60 v _65_/X (sky130_fd_sc_hd__clkbuf_1)
                                         _07_ (net)
                  0.02    0.00    1.60 v _77_/D (sky130_fd_sc_hd__dfxtp_1)
                                  1.60   data arrival time

                         10.00   10.00   clock core_clock (rise edge)
                          0.00   10.00   clock source latency
     1    0.02    0.00    0.00   10.00 ^ clk (in)
                                         clk (net)
                  0.00    0.00   10.00 ^ clkbuf_0_clk/A (sky130_fd_sc_hd__clkbuf_16)
     2    0.02    0.04    0.11   10.11 ^ clkbuf_0_clk/X (sky130_fd_sc_hd__clkbuf_16)
                                         clknet_0_clk (net)
                  0.04    0.00   10.11 ^ clkbuf_1_0__f_clk/A (sky130_fd_sc_hd__clkbuf_16)
     6    0.01    0.04    0.12   10.22 ^ clkbuf_1_0__f_clk/X (sky130_fd_sc_hd__clkbuf_16)
                                         clknet_1_0__leaf_clk (net)
                  0.04    0.00   10.22 ^ _77_/CLK (sky130_fd_sc_hd__dfxtp_1)
                          0.00   10.22   clock reconvergence pessimism
                         -0.10   10.12   library setup time
                                 10.12   data required time
-----------------------------------------------------------------------------
                                 10.12   data required time
                                 -1.60   data arrival time
-----------------------------------------------------------------------------
                                  8.52   slack (MET)




===========================================================================
report_checks --slack_max -0.01
============================================================================
======================= Typical Corner ===================================

No paths found.


===========================================================================
 report_check_types -max_slew -max_cap -max_fanout -violators
============================================================================
======================= Typical Corner ===================================


max slew violations count Typical: 0
max fanout violations count Typical: 0
max cap violations count Typical: 0

===========================================================================
report_parasitic_annotation -report_unannotated
============================================================================
Found 10 unannotated drivers.
 control
 reset
 clkload0/Y
 semi_cpu_top_10/HI
 semi_cpu_top_11/HI
 semi_cpu_top_12/HI
 semi_cpu_top_13/HI
 semi_cpu_top_14/HI
 semi_cpu_top_15/LO
 semi_cpu_top_9/HI
Found 30 partially unannotated drivers.
 clk
 _31_/X
 _33_/Y
 _34_/X
 _37_/X
 _38_/Y
 _41_/X
 _42_/X
 _47_/Y
 _48_/X
 _49_/X
 _50_/Y
 _51_/Y
 _53_/X
 _56_/X
 _57_/X
 _65_/X
 _67_/X
 _68_/Y
 _70_/Q
 _71_/Q
 _72_/Q
 _73_/Q
 _75_/Q
 _77_/Q
 _79_/Q
 _80_/Q
 _81_/Q
 clkbuf_0_clk/X
 clkbuf_1_0__f_clk/X

===========================================================================
max slew violation count 0
max fanout violation count 0
max cap violation count 0
============================================================================

===========================================================================
check_setup -verbose -unconstrained_endpoints -multiple_clock -no_clock -no_input_delay -loops -generated_clocks
===========================================================================
Warning: There are 2 input ports missing set_input_delay.
  control
  reset
Warning: There are 3 unclocked register/latch pins.
  _79_/CLK
  _80_/CLK
  _81_/CLK
Warning: There are 18 unconstrained endpoints.
  an[0]
  an[1]
  an[2]
  an[3]
  an[4]
  an[5]
  an[6]
  an[7]
  seg[0]
  seg[1]
  seg[2]
  seg[3]
  seg[4]
  seg[5]
  seg[6]
  _79_/D
  _80_/D
  _81_/D
