
===========================================================================
 report_power
============================================================================
======================= Fastest Corner ===================================

Group                  Internal  Switching    Leakage      Total
                          Power      Power      Power      Power (Watts)
----------------------------------------------------------------
Sequential             4.11e-05   0.00e+00   2.91e-10   4.11e-05  28.7%
Combinational          0.00e+00   0.00e+00   3.02e-10   3.02e-10   0.0%
Clock                  6.53e-05   3.66e-05   2.24e-09   1.02e-04  71.3%
Macro                  0.00e+00   0.00e+00   0.00e+00   0.00e+00   0.0%
Pad                    0.00e+00   0.00e+00   0.00e+00   0.00e+00   0.0%
----------------------------------------------------------------
Total                  1.06e-04   3.66e-05   2.83e-09   1.43e-04 100.0%
                          74.4%      25.6%       0.0%

======================= Slowest Corner ===================================

Group                  Internal  Switching    Leakage      Total
                          Power      Power      Power      Power (Watts)
----------------------------------------------------------------
Sequential             2.73e-05   0.00e+00   1.83e-07   2.75e-05  27.9%
Combinational          0.00e+00   0.00e+00   2.29e-07   2.29e-07   0.2%
Clock                  4.66e-05   2.41e-05   6.55e-08   7.08e-05  71.8%
Macro                  0.00e+00   0.00e+00   0.00e+00   0.00e+00   0.0%
Pad                    0.00e+00   0.00e+00   0.00e+00   0.00e+00   0.0%
----------------------------------------------------------------
Total                  7.40e-05   2.41e-05   4.78e-07   9.85e-05 100.0%
                          75.1%      24.4%       0.5%

======================= Typical Corner ===================================

Group                  Internal  Switching    Leakage      Total
                          Power      Power      Power      Power (Watts)
----------------------------------------------------------------
Sequential             3.53e-05   0.00e+00   1.03e-10   3.53e-05  28.6%
Combinational          0.00e+00   0.00e+00   1.89e-10   1.89e-10   0.0%
Clock                  5.70e-05   3.09e-05   2.07e-09   8.80e-05  71.4%
Macro                  0.00e+00   0.00e+00   0.00e+00   0.00e+00   0.0%
Pad                    0.00e+00   0.00e+00   0.00e+00   0.00e+00   0.0%
----------------------------------------------------------------
Total                  9.23e-05   3.09e-05   2.37e-09   1.23e-04 100.0%
                          74.9%      25.1%       0.0%

