OpenROAD b16bda7e82721d10566ff7e2b68f1ff0be9f9e38 
Features included (+) or not (-): +Charts +GPU +GUI +Python
This program is licensed under the BSD-3 license. See the LICENSE file for details.
Components of this program may be licensed under more restrictive licenses which must be honored.
define_corners Typical
read_liberty -corner Typical /Users/berkkilic/.volare/sky130A/libs.ref/sky130_fd_sc_hd/lib/sky130_fd_sc_hd__tt_025C_1v80.lib
Using 1e-12 for capacitance...
Using 1e+03 for resistance...
Using 1e-09 for time...
Using 1e+00 for voltage...
Using 1e-03 for current...
Using 1e-09 for power...
Using 1e-06 for distance...
[INFO]: Reading ODB at '/openlane/designs/semi_cpu_top/runs/RUN_2025.06.08_00.13.34/tmp/16-semi_cpu_top.odb'…
Reading design constraints file at '/openlane/designs/semi_cpu_top/src/semi_cpu_top.sdc'…
[INFO]: No (un)set_propagated_clock found in /openlane/designs/semi_cpu_top/src/semi_cpu_top.sdc
[INFO]: Propagating all clocks
[INFO]: Setting RC values...
min_report

===========================================================================
report_checks -path_delay min (Hold)
============================================================================
======================= Typical Corner ===================================

Startpoint: _70_ (rising edge-triggered flip-flop clocked by core_clock)
Endpoint: _70_ (rising edge-triggered flip-flop clocked by core_clock)
Path Group: core_clock
Path Type: min

Fanout     Cap    Slew   Delay    Time   Description
-----------------------------------------------------------------------------
                          0.00    0.00   clock core_clock (rise edge)
                          0.00    0.00   clock source latency
     1    0.01    0.00    0.00    0.00 ^ clk (in)
                                         clk (net)
                  0.00    0.00    0.00 ^ clkbuf_0_clk/A (sky130_fd_sc_hd__clkbuf_16)
     2    0.02    0.04    0.11    0.11 ^ clkbuf_0_clk/X (sky130_fd_sc_hd__clkbuf_16)
                                         clknet_0_clk (net)
                  0.04    0.00    0.11 ^ clkbuf_1_1__f_clk/A (sky130_fd_sc_hd__clkbuf_16)
     5    0.03    0.05    0.13    0.24 ^ clkbuf_1_1__f_clk/X (sky130_fd_sc_hd__clkbuf_16)
                                         clknet_1_1__leaf_clk (net)
                  0.05    0.00    0.24 ^ _70_/CLK (sky130_fd_sc_hd__dfxtp_4)
     5    0.02    0.07    0.36    0.60 ^ _70_/Q (sky130_fd_sc_hd__dfxtp_4)
                                         display_inst.clk_div[0] (net)
                  0.07    0.00    0.60 ^ _47_/A (sky130_fd_sc_hd__inv_2)
     1    0.01    0.03    0.05    0.65 v _47_/Y (sky130_fd_sc_hd__inv_2)
                                         _00_ (net)
                  0.03    0.00    0.65 v _70_/D (sky130_fd_sc_hd__dfxtp_4)
                                  0.65   data arrival time

                          0.00    0.00   clock core_clock (rise edge)
                          0.00    0.00   clock source latency
     1    0.01    0.00    0.00    0.00 ^ clk (in)
                                         clk (net)
                  0.00    0.00    0.00 ^ clkbuf_0_clk/A (sky130_fd_sc_hd__clkbuf_16)
     2    0.02    0.04    0.11    0.11 ^ clkbuf_0_clk/X (sky130_fd_sc_hd__clkbuf_16)
                                         clknet_0_clk (net)
                  0.04    0.00    0.11 ^ clkbuf_1_1__f_clk/A (sky130_fd_sc_hd__clkbuf_16)
     5    0.03    0.05    0.13    0.24 ^ clkbuf_1_1__f_clk/X (sky130_fd_sc_hd__clkbuf_16)
                                         clknet_1_1__leaf_clk (net)
                  0.05    0.00    0.24 ^ _70_/CLK (sky130_fd_sc_hd__dfxtp_4)
                          0.00    0.24   clock reconvergence pessimism
                         -0.04    0.20   library hold time
                                  0.20   data required time
-----------------------------------------------------------------------------
                                  0.20   data required time
                                 -0.65   data arrival time
-----------------------------------------------------------------------------
                                  0.45   slack (MET)


Startpoint: _78_ (rising edge-triggered flip-flop clocked by core_clock)
Endpoint: _78_ (rising edge-triggered flip-flop clocked by core_clock)
Path Group: core_clock
Path Type: min

Fanout     Cap    Slew   Delay    Time   Description
-----------------------------------------------------------------------------
                          0.00    0.00   clock core_clock (rise edge)
                          0.00    0.00   clock source latency
     1    0.01    0.00    0.00    0.00 ^ clk (in)
                                         clk (net)
                  0.00    0.00    0.00 ^ clkbuf_0_clk/A (sky130_fd_sc_hd__clkbuf_16)
     2    0.02    0.04    0.11    0.11 ^ clkbuf_0_clk/X (sky130_fd_sc_hd__clkbuf_16)
                                         clknet_0_clk (net)
                  0.04    0.00    0.11 ^ clkbuf_1_0__f_clk/A (sky130_fd_sc_hd__clkbuf_16)
     5    0.01    0.03    0.11    0.22 ^ clkbuf_1_0__f_clk/X (sky130_fd_sc_hd__clkbuf_16)
                                         clknet_1_0__leaf_clk (net)
                  0.03    0.00    0.22 ^ _78_/CLK (sky130_fd_sc_hd__dfxtp_2)
     4    0.01    0.09    0.35    0.57 ^ _78_/Q (sky130_fd_sc_hd__dfxtp_2)
                                         display_inst.clk_div[8] (net)
                  0.09    0.00    0.57 ^ _66_/A (sky130_fd_sc_hd__xor2_2)
     1    0.00    0.03    0.06    0.63 v _66_/X (sky130_fd_sc_hd__xor2_2)
                                         _08_ (net)
                  0.03    0.00    0.63 v _78_/D (sky130_fd_sc_hd__dfxtp_2)
                                  0.63   data arrival time

                          0.00    0.00   clock core_clock (rise edge)
                          0.00    0.00   clock source latency
     1    0.01    0.00    0.00    0.00 ^ clk (in)
                                         clk (net)
                  0.00    0.00    0.00 ^ clkbuf_0_clk/A (sky130_fd_sc_hd__clkbuf_16)
     2    0.02    0.04    0.11    0.11 ^ clkbuf_0_clk/X (sky130_fd_sc_hd__clkbuf_16)
                                         clknet_0_clk (net)
                  0.04    0.00    0.11 ^ clkbuf_1_0__f_clk/A (sky130_fd_sc_hd__clkbuf_16)
     5    0.01    0.03    0.11    0.22 ^ clkbuf_1_0__f_clk/X (sky130_fd_sc_hd__clkbuf_16)
                                         clknet_1_0__leaf_clk (net)
                  0.03    0.00    0.22 ^ _78_/CLK (sky130_fd_sc_hd__dfxtp_2)
                          0.00    0.22   clock reconvergence pessimism
                         -0.04    0.18   library hold time
                                  0.18   data required time
-----------------------------------------------------------------------------
                                  0.18   data required time
                                 -0.63   data arrival time
-----------------------------------------------------------------------------
                                  0.45   slack (MET)


Startpoint: _76_ (rising edge-triggered flip-flop clocked by core_clock)
Endpoint: _76_ (rising edge-triggered flip-flop clocked by core_clock)
Path Group: core_clock
Path Type: min

Fanout     Cap    Slew   Delay    Time   Description
-----------------------------------------------------------------------------
                          0.00    0.00   clock core_clock (rise edge)
                          0.00    0.00   clock source latency
     1    0.01    0.00    0.00    0.00 ^ clk (in)
                                         clk (net)
                  0.00    0.00    0.00 ^ clkbuf_0_clk/A (sky130_fd_sc_hd__clkbuf_16)
     2    0.02    0.04    0.11    0.11 ^ clkbuf_0_clk/X (sky130_fd_sc_hd__clkbuf_16)
                                         clknet_0_clk (net)
                  0.04    0.00    0.11 ^ clkbuf_1_1__f_clk/A (sky130_fd_sc_hd__clkbuf_16)
     5    0.03    0.05    0.13    0.24 ^ clkbuf_1_1__f_clk/X (sky130_fd_sc_hd__clkbuf_16)
                                         clknet_1_1__leaf_clk (net)
                  0.05    0.00    0.24 ^ _76_/CLK (sky130_fd_sc_hd__dfxtp_2)
     3    0.01    0.08    0.35    0.58 ^ _76_/Q (sky130_fd_sc_hd__dfxtp_2)
                                         display_inst.clk_div[6] (net)
                  0.08    0.00    0.58 ^ _60_/A (sky130_fd_sc_hd__xor2_2)
     1    0.01    0.04    0.07    0.66 v _60_/X (sky130_fd_sc_hd__xor2_2)
                                         _06_ (net)
                  0.04    0.00    0.66 v _76_/D (sky130_fd_sc_hd__dfxtp_2)
                                  0.66   data arrival time

                          0.00    0.00   clock core_clock (rise edge)
                          0.00    0.00   clock source latency
     1    0.01    0.00    0.00    0.00 ^ clk (in)
                                         clk (net)
                  0.00    0.00    0.00 ^ clkbuf_0_clk/A (sky130_fd_sc_hd__clkbuf_16)
     2    0.02    0.04    0.11    0.11 ^ clkbuf_0_clk/X (sky130_fd_sc_hd__clkbuf_16)
                                         clknet_0_clk (net)
                  0.04    0.00    0.11 ^ clkbuf_1_1__f_clk/A (sky130_fd_sc_hd__clkbuf_16)
     5    0.03    0.05    0.13    0.24 ^ clkbuf_1_1__f_clk/X (sky130_fd_sc_hd__clkbuf_16)
                                         clknet_1_1__leaf_clk (net)
                  0.05    0.00    0.24 ^ _76_/CLK (sky130_fd_sc_hd__dfxtp_2)
                          0.00    0.24   clock reconvergence pessimism
                         -0.04    0.20   library hold time
                                  0.20   data required time
-----------------------------------------------------------------------------
                                  0.20   data required time
                                 -0.66   data arrival time
-----------------------------------------------------------------------------
                                  0.46   slack (MET)


Startpoint: _74_ (rising edge-triggered flip-flop clocked by core_clock)
Endpoint: _74_ (rising edge-triggered flip-flop clocked by core_clock)
Path Group: core_clock
Path Type: min

Fanout     Cap    Slew   Delay    Time   Description
-----------------------------------------------------------------------------
                          0.00    0.00   clock core_clock (rise edge)
                          0.00    0.00   clock source latency
     1    0.01    0.00    0.00    0.00 ^ clk (in)
                                         clk (net)
                  0.00    0.00    0.00 ^ clkbuf_0_clk/A (sky130_fd_sc_hd__clkbuf_16)
     2    0.02    0.04    0.11    0.11 ^ clkbuf_0_clk/X (sky130_fd_sc_hd__clkbuf_16)
                                         clknet_0_clk (net)
                  0.04    0.00    0.11 ^ clkbuf_1_1__f_clk/A (sky130_fd_sc_hd__clkbuf_16)
     5    0.03    0.05    0.13    0.24 ^ clkbuf_1_1__f_clk/X (sky130_fd_sc_hd__clkbuf_16)
                                         clknet_1_1__leaf_clk (net)
                  0.05    0.00    0.24 ^ _74_/CLK (sky130_fd_sc_hd__dfxtp_4)
     5    0.02    0.07    0.37    0.61 ^ _74_/Q (sky130_fd_sc_hd__dfxtp_4)
                                         display_inst.clk_div[4] (net)
                  0.07    0.00    0.61 ^ _56_/A (sky130_fd_sc_hd__xor2_2)
     1    0.01    0.05    0.09    0.70 v _56_/X (sky130_fd_sc_hd__xor2_2)
                                         _04_ (net)
                  0.05    0.00    0.70 v _74_/D (sky130_fd_sc_hd__dfxtp_4)
                                  0.70   data arrival time

                          0.00    0.00   clock core_clock (rise edge)
                          0.00    0.00   clock source latency
     1    0.01    0.00    0.00    0.00 ^ clk (in)
                                         clk (net)
                  0.00    0.00    0.00 ^ clkbuf_0_clk/A (sky130_fd_sc_hd__clkbuf_16)
     2    0.02    0.04    0.11    0.11 ^ clkbuf_0_clk/X (sky130_fd_sc_hd__clkbuf_16)
                                         clknet_0_clk (net)
                  0.04    0.00    0.11 ^ clkbuf_1_1__f_clk/A (sky130_fd_sc_hd__clkbuf_16)
     5    0.03    0.05    0.13    0.24 ^ clkbuf_1_1__f_clk/X (sky130_fd_sc_hd__clkbuf_16)
                                         clknet_1_1__leaf_clk (net)
                  0.05    0.00    0.24 ^ _74_/CLK (sky130_fd_sc_hd__dfxtp_4)
                          0.00    0.24   clock reconvergence pessimism
                         -0.05    0.19   library hold time
                                  0.19   data required time
-----------------------------------------------------------------------------
                                  0.19   data required time
                                 -0.70   data arrival time
-----------------------------------------------------------------------------
                                  0.50   slack (MET)


Startpoint: _71_ (rising edge-triggered flip-flop clocked by core_clock)
Endpoint: _71_ (rising edge-triggered flip-flop clocked by core_clock)
Path Group: core_clock
Path Type: min

Fanout     Cap    Slew   Delay    Time   Description
-----------------------------------------------------------------------------
                          0.00    0.00   clock core_clock (rise edge)
                          0.00    0.00   clock source latency
     1    0.01    0.00    0.00    0.00 ^ clk (in)
                                         clk (net)
                  0.00    0.00    0.00 ^ clkbuf_0_clk/A (sky130_fd_sc_hd__clkbuf_16)
     2    0.02    0.04    0.11    0.11 ^ clkbuf_0_clk/X (sky130_fd_sc_hd__clkbuf_16)
                                         clknet_0_clk (net)
                  0.04    0.00    0.11 ^ clkbuf_1_0__f_clk/A (sky130_fd_sc_hd__clkbuf_16)
     5    0.01    0.03    0.11    0.22 ^ clkbuf_1_0__f_clk/X (sky130_fd_sc_hd__clkbuf_16)
                                         clknet_1_0__leaf_clk (net)
                  0.03    0.00    0.22 ^ _71_/CLK (sky130_fd_sc_hd__dfxtp_2)
     4    0.02    0.11    0.36    0.58 ^ _71_/Q (sky130_fd_sc_hd__dfxtp_2)
                                         display_inst.clk_div[1] (net)
                  0.11    0.00    0.58 ^ _48_/B (sky130_fd_sc_hd__xor2_1)
     1    0.01    0.05    0.09    0.68 v _48_/X (sky130_fd_sc_hd__xor2_1)
                                         _01_ (net)
                  0.05    0.00    0.68 v _71_/D (sky130_fd_sc_hd__dfxtp_2)
                                  0.68   data arrival time

                          0.00    0.00   clock core_clock (rise edge)
                          0.00    0.00   clock source latency
     1    0.01    0.00    0.00    0.00 ^ clk (in)
                                         clk (net)
                  0.00    0.00    0.00 ^ clkbuf_0_clk/A (sky130_fd_sc_hd__clkbuf_16)
     2    0.02    0.04    0.11    0.11 ^ clkbuf_0_clk/X (sky130_fd_sc_hd__clkbuf_16)
                                         clknet_0_clk (net)
                  0.04    0.00    0.11 ^ clkbuf_1_0__f_clk/A (sky130_fd_sc_hd__clkbuf_16)
     5    0.01    0.03    0.11    0.22 ^ clkbuf_1_0__f_clk/X (sky130_fd_sc_hd__clkbuf_16)
                                         clknet_1_0__leaf_clk (net)
                  0.03    0.00    0.22 ^ _71_/CLK (sky130_fd_sc_hd__dfxtp_2)
                          0.00    0.22   clock reconvergence pessimism
                         -0.05    0.17   library hold time
                                  0.17   data required time
-----------------------------------------------------------------------------
                                  0.17   data required time
                                 -0.68   data arrival time
-----------------------------------------------------------------------------
                                  0.51   slack (MET)


Startpoint: _75_ (rising edge-triggered flip-flop clocked by core_clock)
Endpoint: _75_ (rising edge-triggered flip-flop clocked by core_clock)
Path Group: core_clock
Path Type: min

Fanout     Cap    Slew   Delay    Time   Description
-----------------------------------------------------------------------------
                          0.00    0.00   clock core_clock (rise edge)
                          0.00    0.00   clock source latency
     1    0.01    0.00    0.00    0.00 ^ clk (in)
                                         clk (net)
                  0.00    0.00    0.00 ^ clkbuf_0_clk/A (sky130_fd_sc_hd__clkbuf_16)
     2    0.02    0.04    0.11    0.11 ^ clkbuf_0_clk/X (sky130_fd_sc_hd__clkbuf_16)
                                         clknet_0_clk (net)
                  0.04    0.00    0.11 ^ clkbuf_1_1__f_clk/A (sky130_fd_sc_hd__clkbuf_16)
     5    0.03    0.05    0.13    0.24 ^ clkbuf_1_1__f_clk/X (sky130_fd_sc_hd__clkbuf_16)
                                         clknet_1_1__leaf_clk (net)
                  0.05    0.00    0.24 ^ _75_/CLK (sky130_fd_sc_hd__dfxtp_2)
     4    0.01    0.07    0.34    0.58 ^ _75_/Q (sky130_fd_sc_hd__dfxtp_2)
                                         display_inst.clk_div[5] (net)
                  0.07    0.00    0.58 ^ _58_/B1 (sky130_fd_sc_hd__a21oi_2)
     1    0.01    0.04    0.06    0.63 v _58_/Y (sky130_fd_sc_hd__a21oi_2)
                                         _25_ (net)
                  0.04    0.00    0.64 v _59_/B (sky130_fd_sc_hd__nor2_1)
     1    0.00    0.11    0.11    0.74 ^ _59_/Y (sky130_fd_sc_hd__nor2_1)
                                         _05_ (net)
                  0.11    0.00    0.74 ^ _75_/D (sky130_fd_sc_hd__dfxtp_2)
                                  0.74   data arrival time

                          0.00    0.00   clock core_clock (rise edge)
                          0.00    0.00   clock source latency
     1    0.01    0.00    0.00    0.00 ^ clk (in)
                                         clk (net)
                  0.00    0.00    0.00 ^ clkbuf_0_clk/A (sky130_fd_sc_hd__clkbuf_16)
     2    0.02    0.04    0.11    0.11 ^ clkbuf_0_clk/X (sky130_fd_sc_hd__clkbuf_16)
                                         clknet_0_clk (net)
                  0.04    0.00    0.11 ^ clkbuf_1_1__f_clk/A (sky130_fd_sc_hd__clkbuf_16)
     5    0.03    0.05    0.13    0.24 ^ clkbuf_1_1__f_clk/X (sky130_fd_sc_hd__clkbuf_16)
                                         clknet_1_1__leaf_clk (net)
                  0.05    0.00    0.24 ^ _75_/CLK (sky130_fd_sc_hd__dfxtp_2)
                          0.00    0.24   clock reconvergence pessimism
                         -0.04    0.19   library hold time
                                  0.19   data required time
-----------------------------------------------------------------------------
                                  0.19   data required time
                                 -0.74   data arrival time
-----------------------------------------------------------------------------
                                  0.55   slack (MET)


Startpoint: _72_ (rising edge-triggered flip-flop clocked by core_clock)
Endpoint: _72_ (rising edge-triggered flip-flop clocked by core_clock)
Path Group: core_clock
Path Type: min

Fanout     Cap    Slew   Delay    Time   Description
-----------------------------------------------------------------------------
                          0.00    0.00   clock core_clock (rise edge)
                          0.00    0.00   clock source latency
     1    0.01    0.00    0.00    0.00 ^ clk (in)
                                         clk (net)
                  0.00    0.00    0.00 ^ clkbuf_0_clk/A (sky130_fd_sc_hd__clkbuf_16)
     2    0.02    0.04    0.11    0.11 ^ clkbuf_0_clk/X (sky130_fd_sc_hd__clkbuf_16)
                                         clknet_0_clk (net)
                  0.04    0.00    0.11 ^ clkbuf_1_1__f_clk/A (sky130_fd_sc_hd__clkbuf_16)
     5    0.03    0.05    0.13    0.24 ^ clkbuf_1_1__f_clk/X (sky130_fd_sc_hd__clkbuf_16)
                                         clknet_1_1__leaf_clk (net)
                  0.05    0.00    0.24 ^ _72_/CLK (sky130_fd_sc_hd__dfxtp_1)
     3    0.01    0.07    0.34    0.57 v _72_/Q (sky130_fd_sc_hd__dfxtp_1)
                                         display_inst.clk_div[2] (net)
                  0.07    0.00    0.57 v _50_/B1 (sky130_fd_sc_hd__a21oi_2)
     1    0.00    0.07    0.10    0.67 ^ _50_/Y (sky130_fd_sc_hd__a21oi_2)
                                         _20_ (net)
                  0.07    0.00    0.67 ^ _51_/B (sky130_fd_sc_hd__nor2_1)
     1    0.01    0.05    0.07    0.74 v _51_/Y (sky130_fd_sc_hd__nor2_1)
                                         _02_ (net)
                  0.05    0.00    0.74 v _72_/D (sky130_fd_sc_hd__dfxtp_1)
                                  0.74   data arrival time

                          0.00    0.00   clock core_clock (rise edge)
                          0.00    0.00   clock source latency
     1    0.01    0.00    0.00    0.00 ^ clk (in)
                                         clk (net)
                  0.00    0.00    0.00 ^ clkbuf_0_clk/A (sky130_fd_sc_hd__clkbuf_16)
     2    0.02    0.04    0.11    0.11 ^ clkbuf_0_clk/X (sky130_fd_sc_hd__clkbuf_16)
                                         clknet_0_clk (net)
                  0.04    0.00    0.11 ^ clkbuf_1_1__f_clk/A (sky130_fd_sc_hd__clkbuf_16)
     5    0.03    0.05    0.13    0.24 ^ clkbuf_1_1__f_clk/X (sky130_fd_sc_hd__clkbuf_16)
                                         clknet_1_1__leaf_clk (net)
                  0.05    0.00    0.24 ^ _72_/CLK (sky130_fd_sc_hd__dfxtp_1)
                          0.00    0.24   clock reconvergence pessimism
                         -0.06    0.18   library hold time
                                  0.18   data required time
-----------------------------------------------------------------------------
                                  0.18   data required time
                                 -0.74   data arrival time
-----------------------------------------------------------------------------
                                  0.56   slack (MET)


Startpoint: _73_ (rising edge-triggered flip-flop clocked by core_clock)
Endpoint: _73_ (rising edge-triggered flip-flop clocked by core_clock)
Path Group: core_clock
Path Type: min

Fanout     Cap    Slew   Delay    Time   Description
-----------------------------------------------------------------------------
                          0.00    0.00   clock core_clock (rise edge)
                          0.00    0.00   clock source latency
     1    0.01    0.00    0.00    0.00 ^ clk (in)
                                         clk (net)
                  0.00    0.00    0.00 ^ clkbuf_0_clk/A (sky130_fd_sc_hd__clkbuf_16)
     2    0.02    0.04    0.11    0.11 ^ clkbuf_0_clk/X (sky130_fd_sc_hd__clkbuf_16)
                                         clknet_0_clk (net)
                  0.04    0.00    0.11 ^ clkbuf_1_0__f_clk/A (sky130_fd_sc_hd__clkbuf_16)
     5    0.01    0.03    0.11    0.22 ^ clkbuf_1_0__f_clk/X (sky130_fd_sc_hd__clkbuf_16)
                                         clknet_1_0__leaf_clk (net)
                  0.03    0.00    0.22 ^ _73_/CLK (sky130_fd_sc_hd__dfxtp_1)
     2    0.02    0.18    0.40    0.62 ^ _73_/Q (sky130_fd_sc_hd__dfxtp_1)
                                         display_inst.clk_div[3] (net)
                  0.18    0.00    0.62 ^ _54_/A (sky130_fd_sc_hd__nor2_1)
     1    0.01    0.05    0.11    0.73 v _54_/Y (sky130_fd_sc_hd__nor2_1)
                                         _23_ (net)
                  0.05    0.00    0.73 v _55_/B (sky130_fd_sc_hd__nor2_1)
     1    0.01    0.12    0.12    0.85 ^ _55_/Y (sky130_fd_sc_hd__nor2_1)
                                         _03_ (net)
                  0.12    0.00    0.85 ^ _73_/D (sky130_fd_sc_hd__dfxtp_1)
                                  0.85   data arrival time

                          0.00    0.00   clock core_clock (rise edge)
                          0.00    0.00   clock source latency
     1    0.01    0.00    0.00    0.00 ^ clk (in)
                                         clk (net)
                  0.00    0.00    0.00 ^ clkbuf_0_clk/A (sky130_fd_sc_hd__clkbuf_16)
     2    0.02    0.04    0.11    0.11 ^ clkbuf_0_clk/X (sky130_fd_sc_hd__clkbuf_16)
                                         clknet_0_clk (net)
                  0.04    0.00    0.11 ^ clkbuf_1_0__f_clk/A (sky130_fd_sc_hd__clkbuf_16)
     5    0.01    0.03    0.11    0.22 ^ clkbuf_1_0__f_clk/X (sky130_fd_sc_hd__clkbuf_16)
                                         clknet_1_0__leaf_clk (net)
                  0.03    0.00    0.22 ^ _73_/CLK (sky130_fd_sc_hd__dfxtp_1)
                          0.00    0.22   clock reconvergence pessimism
                         -0.05    0.17   library hold time
                                  0.17   data required time
-----------------------------------------------------------------------------
                                  0.17   data required time
                                 -0.85   data arrival time
-----------------------------------------------------------------------------
                                  0.67   slack (MET)


Startpoint: _77_ (rising edge-triggered flip-flop clocked by core_clock)
Endpoint: _77_ (rising edge-triggered flip-flop clocked by core_clock)
Path Group: core_clock
Path Type: min

Fanout     Cap    Slew   Delay    Time   Description
-----------------------------------------------------------------------------
                          0.00    0.00   clock core_clock (rise edge)
                          0.00    0.00   clock source latency
     1    0.01    0.00    0.00    0.00 ^ clk (in)
                                         clk (net)
                  0.00    0.00    0.00 ^ clkbuf_0_clk/A (sky130_fd_sc_hd__clkbuf_16)
     2    0.02    0.04    0.11    0.11 ^ clkbuf_0_clk/X (sky130_fd_sc_hd__clkbuf_16)
                                         clknet_0_clk (net)
                  0.04    0.00    0.11 ^ clkbuf_1_0__f_clk/A (sky130_fd_sc_hd__clkbuf_16)
     5    0.01    0.03    0.11    0.22 ^ clkbuf_1_0__f_clk/X (sky130_fd_sc_hd__clkbuf_16)
                                         clknet_1_0__leaf_clk (net)
                  0.03    0.00    0.22 ^ _77_/CLK (sky130_fd_sc_hd__dfxtp_1)
     2    0.01    0.14    0.37    0.59 ^ _77_/Q (sky130_fd_sc_hd__dfxtp_1)
                                         display_inst.clk_div[7] (net)
                  0.14    0.00    0.59 ^ _63_/B1 (sky130_fd_sc_hd__a41o_1)
     1    0.00    0.04    0.10    0.69 ^ _63_/X (sky130_fd_sc_hd__a41o_1)
                                         _28_ (net)
                  0.04    0.00    0.69 ^ _64_/B (sky130_fd_sc_hd__and2b_1)
     1    0.00    0.04    0.11    0.80 ^ _64_/X (sky130_fd_sc_hd__and2b_1)
                                         _29_ (net)
                  0.04    0.00    0.80 ^ _65_/A (sky130_fd_sc_hd__clkbuf_1)
     1    0.00    0.03    0.07    0.87 ^ _65_/X (sky130_fd_sc_hd__clkbuf_1)
                                         _07_ (net)
                  0.03    0.00    0.87 ^ _77_/D (sky130_fd_sc_hd__dfxtp_1)
                                  0.87   data arrival time

                          0.00    0.00   clock core_clock (rise edge)
                          0.00    0.00   clock source latency
     1    0.01    0.00    0.00    0.00 ^ clk (in)
                                         clk (net)
                  0.00    0.00    0.00 ^ clkbuf_0_clk/A (sky130_fd_sc_hd__clkbuf_16)
     2    0.02    0.04    0.11    0.11 ^ clkbuf_0_clk/X (sky130_fd_sc_hd__clkbuf_16)
                                         clknet_0_clk (net)
                  0.04    0.00    0.11 ^ clkbuf_1_0__f_clk/A (sky130_fd_sc_hd__clkbuf_16)
     5    0.01    0.03    0.11    0.22 ^ clkbuf_1_0__f_clk/X (sky130_fd_sc_hd__clkbuf_16)
                                         clknet_1_0__leaf_clk (net)
                  0.03    0.00    0.22 ^ _77_/CLK (sky130_fd_sc_hd__dfxtp_1)
                          0.00    0.22   clock reconvergence pessimism
                         -0.03    0.19   library hold time
                                  0.19   data required time
-----------------------------------------------------------------------------
                                  0.19   data required time
                                 -0.87   data arrival time
-----------------------------------------------------------------------------
                                  0.68   slack (MET)



worst slack corner Typical: 0.4486
min_report_end
max_report

===========================================================================
report_checks -path_delay max (Setup)
============================================================================
======================= Typical Corner ===================================

Startpoint: _73_ (rising edge-triggered flip-flop clocked by core_clock)
Endpoint: _77_ (rising edge-triggered flip-flop clocked by core_clock)
Path Group: core_clock
Path Type: max

Fanout     Cap    Slew   Delay    Time   Description
-----------------------------------------------------------------------------
                          0.00    0.00   clock core_clock (rise edge)
                          0.00    0.00   clock source latency
     1    0.01    0.00    0.00    0.00 ^ clk (in)
                                         clk (net)
                  0.00    0.00    0.00 ^ clkbuf_0_clk/A (sky130_fd_sc_hd__clkbuf_16)
     2    0.02    0.04    0.11    0.11 ^ clkbuf_0_clk/X (sky130_fd_sc_hd__clkbuf_16)
                                         clknet_0_clk (net)
                  0.04    0.00    0.11 ^ clkbuf_1_0__f_clk/A (sky130_fd_sc_hd__clkbuf_16)
     5    0.01    0.03    0.11    0.22 ^ clkbuf_1_0__f_clk/X (sky130_fd_sc_hd__clkbuf_16)
                                         clknet_1_0__leaf_clk (net)
                  0.03    0.00    0.22 ^ _73_/CLK (sky130_fd_sc_hd__dfxtp_1)
     2    0.02    0.18    0.40    0.62 ^ _73_/Q (sky130_fd_sc_hd__dfxtp_1)
                                         display_inst.clk_div[3] (net)
                  0.18    0.00    0.62 ^ _52_/D (sky130_fd_sc_hd__and4_1)
     1    0.01    0.10    0.25    0.87 ^ _52_/X (sky130_fd_sc_hd__and4_1)
                                         _21_ (net)
                  0.10    0.00    0.87 ^ _53_/A (sky130_fd_sc_hd__buf_4)
     6    0.03    0.09    0.16    1.03 ^ _53_/X (sky130_fd_sc_hd__buf_4)
                                         _22_ (net)
                  0.09    0.00    1.03 ^ _62_/C (sky130_fd_sc_hd__and4_4)
     2    0.01    0.07    0.24    1.27 ^ _62_/X (sky130_fd_sc_hd__and4_4)
                                         _27_ (net)
                  0.07    0.00    1.27 ^ _64_/A_N (sky130_fd_sc_hd__and2b_1)
     1    0.00    0.03    0.17    1.44 v _64_/X (sky130_fd_sc_hd__and2b_1)
                                         _29_ (net)
                  0.03    0.00    1.44 v _65_/A (sky130_fd_sc_hd__clkbuf_1)
     1    0.00    0.02    0.08    1.52 v _65_/X (sky130_fd_sc_hd__clkbuf_1)
                                         _07_ (net)
                  0.02    0.00    1.52 v _77_/D (sky130_fd_sc_hd__dfxtp_1)
                                  1.52   data arrival time

                         10.00   10.00   clock core_clock (rise edge)
                          0.00   10.00   clock source latency
     1    0.01    0.00    0.00   10.00 ^ clk (in)
                                         clk (net)
                  0.00    0.00   10.00 ^ clkbuf_0_clk/A (sky130_fd_sc_hd__clkbuf_16)
     2    0.02    0.04    0.11   10.11 ^ clkbuf_0_clk/X (sky130_fd_sc_hd__clkbuf_16)
                                         clknet_0_clk (net)
                  0.04    0.00   10.11 ^ clkbuf_1_0__f_clk/A (sky130_fd_sc_hd__clkbuf_16)
     5    0.01    0.03    0.11   10.22 ^ clkbuf_1_0__f_clk/X (sky130_fd_sc_hd__clkbuf_16)
                                         clknet_1_0__leaf_clk (net)
                  0.03    0.00   10.22 ^ _77_/CLK (sky130_fd_sc_hd__dfxtp_1)
                          0.00   10.22   clock reconvergence pessimism
                         -0.10   10.12   library setup time
                                 10.12   data required time
-----------------------------------------------------------------------------
                                 10.12   data required time
                                 -1.52   data arrival time
-----------------------------------------------------------------------------
                                  8.60   slack (MET)


Startpoint: _73_ (rising edge-triggered flip-flop clocked by core_clock)
Endpoint: _78_ (rising edge-triggered flip-flop clocked by core_clock)
Path Group: core_clock
Path Type: max

Fanout     Cap    Slew   Delay    Time   Description
-----------------------------------------------------------------------------
                          0.00    0.00   clock core_clock (rise edge)
                          0.00    0.00   clock source latency
     1    0.01    0.00    0.00    0.00 ^ clk (in)
                                         clk (net)
                  0.00    0.00    0.00 ^ clkbuf_0_clk/A (sky130_fd_sc_hd__clkbuf_16)
     2    0.02    0.04    0.11    0.11 ^ clkbuf_0_clk/X (sky130_fd_sc_hd__clkbuf_16)
                                         clknet_0_clk (net)
                  0.04    0.00    0.11 ^ clkbuf_1_0__f_clk/A (sky130_fd_sc_hd__clkbuf_16)
     5    0.01    0.03    0.11    0.22 ^ clkbuf_1_0__f_clk/X (sky130_fd_sc_hd__clkbuf_16)
                                         clknet_1_0__leaf_clk (net)
                  0.03    0.00    0.22 ^ _73_/CLK (sky130_fd_sc_hd__dfxtp_1)
     2    0.02    0.18    0.40    0.62 ^ _73_/Q (sky130_fd_sc_hd__dfxtp_1)
                                         display_inst.clk_div[3] (net)
                  0.18    0.00    0.62 ^ _52_/D (sky130_fd_sc_hd__and4_1)
     1    0.01    0.10    0.25    0.87 ^ _52_/X (sky130_fd_sc_hd__and4_1)
                                         _21_ (net)
                  0.10    0.00    0.87 ^ _53_/A (sky130_fd_sc_hd__buf_4)
     6    0.03    0.09    0.16    1.03 ^ _53_/X (sky130_fd_sc_hd__buf_4)
                                         _22_ (net)
                  0.09    0.00    1.03 ^ _62_/C (sky130_fd_sc_hd__and4_4)
     2    0.01    0.07    0.24    1.27 ^ _62_/X (sky130_fd_sc_hd__and4_4)
                                         _27_ (net)
                  0.07    0.00    1.27 ^ _66_/B (sky130_fd_sc_hd__xor2_2)
     1    0.00    0.08    0.11    1.38 ^ _66_/X (sky130_fd_sc_hd__xor2_2)
                                         _08_ (net)
                  0.08    0.00    1.38 ^ _78_/D (sky130_fd_sc_hd__dfxtp_2)
                                  1.38   data arrival time

                         10.00   10.00   clock core_clock (rise edge)
                          0.00   10.00   clock source latency
     1    0.01    0.00    0.00   10.00 ^ clk (in)
                                         clk (net)
                  0.00    0.00   10.00 ^ clkbuf_0_clk/A (sky130_fd_sc_hd__clkbuf_16)
     2    0.02    0.04    0.11   10.11 ^ clkbuf_0_clk/X (sky130_fd_sc_hd__clkbuf_16)
                                         clknet_0_clk (net)
                  0.04    0.00   10.11 ^ clkbuf_1_0__f_clk/A (sky130_fd_sc_hd__clkbuf_16)
     5    0.01    0.03    0.11   10.22 ^ clkbuf_1_0__f_clk/X (sky130_fd_sc_hd__clkbuf_16)
                                         clknet_1_0__leaf_clk (net)
                  0.03    0.00   10.22 ^ _78_/CLK (sky130_fd_sc_hd__dfxtp_2)
                          0.00   10.22   clock reconvergence pessimism
                         -0.07   10.15   library setup time
                                 10.15   data required time
-----------------------------------------------------------------------------
                                 10.15   data required time
                                 -1.38   data arrival time
-----------------------------------------------------------------------------
                                  8.77   slack (MET)


Startpoint: _73_ (rising edge-triggered flip-flop clocked by core_clock)
Endpoint: _76_ (rising edge-triggered flip-flop clocked by core_clock)
Path Group: core_clock
Path Type: max

Fanout     Cap    Slew   Delay    Time   Description
-----------------------------------------------------------------------------
                          0.00    0.00   clock core_clock (rise edge)
                          0.00    0.00   clock source latency
     1    0.01    0.00    0.00    0.00 ^ clk (in)
                                         clk (net)
                  0.00    0.00    0.00 ^ clkbuf_0_clk/A (sky130_fd_sc_hd__clkbuf_16)
     2    0.02    0.04    0.11    0.11 ^ clkbuf_0_clk/X (sky130_fd_sc_hd__clkbuf_16)
                                         clknet_0_clk (net)
                  0.04    0.00    0.11 ^ clkbuf_1_0__f_clk/A (sky130_fd_sc_hd__clkbuf_16)
     5    0.01    0.03    0.11    0.22 ^ clkbuf_1_0__f_clk/X (sky130_fd_sc_hd__clkbuf_16)
                                         clknet_1_0__leaf_clk (net)
                  0.03    0.00    0.22 ^ _73_/CLK (sky130_fd_sc_hd__dfxtp_1)
     2    0.02    0.18    0.40    0.62 ^ _73_/Q (sky130_fd_sc_hd__dfxtp_1)
                                         display_inst.clk_div[3] (net)
                  0.18    0.00    0.62 ^ _52_/D (sky130_fd_sc_hd__and4_1)
     1    0.01    0.10    0.25    0.87 ^ _52_/X (sky130_fd_sc_hd__and4_1)
                                         _21_ (net)
                  0.10    0.00    0.87 ^ _53_/A (sky130_fd_sc_hd__buf_4)
     6    0.03    0.09    0.16    1.03 ^ _53_/X (sky130_fd_sc_hd__buf_4)
                                         _22_ (net)
                  0.09    0.00    1.03 ^ _57_/C (sky130_fd_sc_hd__and3_2)
     2    0.01    0.08    0.22    1.25 ^ _57_/X (sky130_fd_sc_hd__and3_2)
                                         _24_ (net)
                  0.08    0.00    1.25 ^ _60_/B (sky130_fd_sc_hd__xor2_2)
     1    0.01    0.11    0.14    1.39 ^ _60_/X (sky130_fd_sc_hd__xor2_2)
                                         _06_ (net)
                  0.11    0.00    1.39 ^ _76_/D (sky130_fd_sc_hd__dfxtp_2)
                                  1.39   data arrival time

                         10.00   10.00   clock core_clock (rise edge)
                          0.00   10.00   clock source latency
     1    0.01    0.00    0.00   10.00 ^ clk (in)
                                         clk (net)
                  0.00    0.00   10.00 ^ clkbuf_0_clk/A (sky130_fd_sc_hd__clkbuf_16)
     2    0.02    0.04    0.11   10.11 ^ clkbuf_0_clk/X (sky130_fd_sc_hd__clkbuf_16)
                                         clknet_0_clk (net)
                  0.04    0.00   10.11 ^ clkbuf_1_1__f_clk/A (sky130_fd_sc_hd__clkbuf_16)
     5    0.03    0.05    0.13   10.24 ^ clkbuf_1_1__f_clk/X (sky130_fd_sc_hd__clkbuf_16)
                                         clknet_1_1__leaf_clk (net)
                  0.05    0.00   10.24 ^ _76_/CLK (sky130_fd_sc_hd__dfxtp_2)
                          0.00   10.24   clock reconvergence pessimism
                         -0.07   10.16   library setup time
                                 10.16   data required time
-----------------------------------------------------------------------------
                                 10.16   data required time
                                 -1.39   data arrival time
-----------------------------------------------------------------------------
                                  8.77   slack (MET)


Startpoint: _73_ (rising edge-triggered flip-flop clocked by core_clock)
Endpoint: _75_ (rising edge-triggered flip-flop clocked by core_clock)
Path Group: core_clock
Path Type: max

Fanout     Cap    Slew   Delay    Time   Description
-----------------------------------------------------------------------------
                          0.00    0.00   clock core_clock (rise edge)
                          0.00    0.00   clock source latency
     1    0.01    0.00    0.00    0.00 ^ clk (in)
                                         clk (net)
                  0.00    0.00    0.00 ^ clkbuf_0_clk/A (sky130_fd_sc_hd__clkbuf_16)
     2    0.02    0.04    0.11    0.11 ^ clkbuf_0_clk/X (sky130_fd_sc_hd__clkbuf_16)
                                         clknet_0_clk (net)
                  0.04    0.00    0.11 ^ clkbuf_1_0__f_clk/A (sky130_fd_sc_hd__clkbuf_16)
     5    0.01    0.03    0.11    0.22 ^ clkbuf_1_0__f_clk/X (sky130_fd_sc_hd__clkbuf_16)
                                         clknet_1_0__leaf_clk (net)
                  0.03    0.00    0.22 ^ _73_/CLK (sky130_fd_sc_hd__dfxtp_1)
     2    0.02    0.18    0.40    0.62 ^ _73_/Q (sky130_fd_sc_hd__dfxtp_1)
                                         display_inst.clk_div[3] (net)
                  0.18    0.00    0.62 ^ _52_/D (sky130_fd_sc_hd__and4_1)
     1    0.01    0.10    0.25    0.87 ^ _52_/X (sky130_fd_sc_hd__and4_1)
                                         _21_ (net)
                  0.10    0.00    0.87 ^ _53_/A (sky130_fd_sc_hd__buf_4)
     6    0.03    0.09    0.16    1.03 ^ _53_/X (sky130_fd_sc_hd__buf_4)
                                         _22_ (net)
                  0.09    0.00    1.03 ^ _57_/C (sky130_fd_sc_hd__and3_2)
     2    0.01    0.08    0.22    1.25 ^ _57_/X (sky130_fd_sc_hd__and3_2)
                                         _24_ (net)
                  0.08    0.00    1.25 ^ _59_/A (sky130_fd_sc_hd__nor2_1)
     1    0.00    0.06    0.06    1.31 v _59_/Y (sky130_fd_sc_hd__nor2_1)
                                         _05_ (net)
                  0.06    0.00    1.31 v _75_/D (sky130_fd_sc_hd__dfxtp_2)
                                  1.31   data arrival time

                         10.00   10.00   clock core_clock (rise edge)
                          0.00   10.00   clock source latency
     1    0.01    0.00    0.00   10.00 ^ clk (in)
                                         clk (net)
                  0.00    0.00   10.00 ^ clkbuf_0_clk/A (sky130_fd_sc_hd__clkbuf_16)
     2    0.02    0.04    0.11   10.11 ^ clkbuf_0_clk/X (sky130_fd_sc_hd__clkbuf_16)
                                         clknet_0_clk (net)
                  0.04    0.00   10.11 ^ clkbuf_1_1__f_clk/A (sky130_fd_sc_hd__clkbuf_16)
     5    0.03    0.05    0.13   10.24 ^ clkbuf_1_1__f_clk/X (sky130_fd_sc_hd__clkbuf_16)
                                         clknet_1_1__leaf_clk (net)
                  0.05    0.00   10.24 ^ _75_/CLK (sky130_fd_sc_hd__dfxtp_2)
                          0.00   10.24   clock reconvergence pessimism
                         -0.12   10.12   library setup time
                                 10.12   data required time
-----------------------------------------------------------------------------
                                 10.12   data required time
                                 -1.31   data arrival time
-----------------------------------------------------------------------------
                                  8.81   slack (MET)


Startpoint: _73_ (rising edge-triggered flip-flop clocked by core_clock)
Endpoint: _74_ (rising edge-triggered flip-flop clocked by core_clock)
Path Group: core_clock
Path Type: max

Fanout     Cap    Slew   Delay    Time   Description
-----------------------------------------------------------------------------
                          0.00    0.00   clock core_clock (rise edge)
                          0.00    0.00   clock source latency
     1    0.01    0.00    0.00    0.00 ^ clk (in)
                                         clk (net)
                  0.00    0.00    0.00 ^ clkbuf_0_clk/A (sky130_fd_sc_hd__clkbuf_16)
     2    0.02    0.04    0.11    0.11 ^ clkbuf_0_clk/X (sky130_fd_sc_hd__clkbuf_16)
                                         clknet_0_clk (net)
                  0.04    0.00    0.11 ^ clkbuf_1_0__f_clk/A (sky130_fd_sc_hd__clkbuf_16)
     5    0.01    0.03    0.11    0.22 ^ clkbuf_1_0__f_clk/X (sky130_fd_sc_hd__clkbuf_16)
                                         clknet_1_0__leaf_clk (net)
                  0.03    0.00    0.22 ^ _73_/CLK (sky130_fd_sc_hd__dfxtp_1)
     2    0.02    0.18    0.40    0.62 ^ _73_/Q (sky130_fd_sc_hd__dfxtp_1)
                                         display_inst.clk_div[3] (net)
                  0.18    0.00    0.62 ^ _52_/D (sky130_fd_sc_hd__and4_1)
     1    0.01    0.10    0.25    0.87 ^ _52_/X (sky130_fd_sc_hd__and4_1)
                                         _21_ (net)
                  0.10    0.00    0.87 ^ _53_/A (sky130_fd_sc_hd__buf_4)
     6    0.03    0.09    0.16    1.03 ^ _53_/X (sky130_fd_sc_hd__buf_4)
                                         _22_ (net)
                  0.09    0.00    1.03 ^ _56_/B (sky130_fd_sc_hd__xor2_2)
     1    0.01    0.18    0.19    1.23 ^ _56_/X (sky130_fd_sc_hd__xor2_2)
                                         _04_ (net)
                  0.18    0.00    1.23 ^ _74_/D (sky130_fd_sc_hd__dfxtp_4)
                                  1.23   data arrival time

                         10.00   10.00   clock core_clock (rise edge)
                          0.00   10.00   clock source latency
     1    0.01    0.00    0.00   10.00 ^ clk (in)
                                         clk (net)
                  0.00    0.00   10.00 ^ clkbuf_0_clk/A (sky130_fd_sc_hd__clkbuf_16)
     2    0.02    0.04    0.11   10.11 ^ clkbuf_0_clk/X (sky130_fd_sc_hd__clkbuf_16)
                                         clknet_0_clk (net)
                  0.04    0.00   10.11 ^ clkbuf_1_1__f_clk/A (sky130_fd_sc_hd__clkbuf_16)
     5    0.03    0.05    0.13   10.24 ^ clkbuf_1_1__f_clk/X (sky130_fd_sc_hd__clkbuf_16)
                                         clknet_1_1__leaf_clk (net)
                  0.05    0.00   10.24 ^ _74_/CLK (sky130_fd_sc_hd__dfxtp_4)
                          0.00   10.24   clock reconvergence pessimism
                         -0.09   10.15   library setup time
                                 10.15   data required time
-----------------------------------------------------------------------------
                                 10.15   data required time
                                 -1.23   data arrival time
-----------------------------------------------------------------------------
                                  8.92   slack (MET)


Startpoint: _73_ (rising edge-triggered flip-flop clocked by core_clock)
Endpoint: _73_ (rising edge-triggered flip-flop clocked by core_clock)
Path Group: core_clock
Path Type: max

Fanout     Cap    Slew   Delay    Time   Description
-----------------------------------------------------------------------------
                          0.00    0.00   clock core_clock (rise edge)
                          0.00    0.00   clock source latency
     1    0.01    0.00    0.00    0.00 ^ clk (in)
                                         clk (net)
                  0.00    0.00    0.00 ^ clkbuf_0_clk/A (sky130_fd_sc_hd__clkbuf_16)
     2    0.02    0.04    0.11    0.11 ^ clkbuf_0_clk/X (sky130_fd_sc_hd__clkbuf_16)
                                         clknet_0_clk (net)
                  0.04    0.00    0.11 ^ clkbuf_1_0__f_clk/A (sky130_fd_sc_hd__clkbuf_16)
     5    0.01    0.03    0.11    0.22 ^ clkbuf_1_0__f_clk/X (sky130_fd_sc_hd__clkbuf_16)
                                         clknet_1_0__leaf_clk (net)
                  0.03    0.00    0.22 ^ _73_/CLK (sky130_fd_sc_hd__dfxtp_1)
     2    0.02    0.18    0.40    0.62 ^ _73_/Q (sky130_fd_sc_hd__dfxtp_1)
                                         display_inst.clk_div[3] (net)
                  0.18    0.00    0.62 ^ _52_/D (sky130_fd_sc_hd__and4_1)
     1    0.01    0.10    0.25    0.87 ^ _52_/X (sky130_fd_sc_hd__and4_1)
                                         _21_ (net)
                  0.10    0.00    0.87 ^ _53_/A (sky130_fd_sc_hd__buf_4)
     6    0.03    0.09    0.16    1.03 ^ _53_/X (sky130_fd_sc_hd__buf_4)
                                         _22_ (net)
                  0.09    0.00    1.03 ^ _55_/A (sky130_fd_sc_hd__nor2_1)
     1    0.01    0.06    0.06    1.10 v _55_/Y (sky130_fd_sc_hd__nor2_1)
                                         _03_ (net)
                  0.06    0.00    1.10 v _73_/D (sky130_fd_sc_hd__dfxtp_1)
                                  1.10   data arrival time

                         10.00   10.00   clock core_clock (rise edge)
                          0.00   10.00   clock source latency
     1    0.01    0.00    0.00   10.00 ^ clk (in)
                                         clk (net)
                  0.00    0.00   10.00 ^ clkbuf_0_clk/A (sky130_fd_sc_hd__clkbuf_16)
     2    0.02    0.04    0.11   10.11 ^ clkbuf_0_clk/X (sky130_fd_sc_hd__clkbuf_16)
                                         clknet_0_clk (net)
                  0.04    0.00   10.11 ^ clkbuf_1_0__f_clk/A (sky130_fd_sc_hd__clkbuf_16)
     5    0.01    0.03    0.11   10.22 ^ clkbuf_1_0__f_clk/X (sky130_fd_sc_hd__clkbuf_16)
                                         clknet_1_0__leaf_clk (net)
                  0.03    0.00   10.22 ^ _73_/CLK (sky130_fd_sc_hd__dfxtp_1)
                          0.00   10.22   clock reconvergence pessimism
                         -0.12   10.10   library setup time
                                 10.10   data required time
-----------------------------------------------------------------------------
                                 10.10   data required time
                                 -1.10   data arrival time
-----------------------------------------------------------------------------
                                  9.00   slack (MET)


Startpoint: _72_ (rising edge-triggered flip-flop clocked by core_clock)
Endpoint: _72_ (rising edge-triggered flip-flop clocked by core_clock)
Path Group: core_clock
Path Type: max

Fanout     Cap    Slew   Delay    Time   Description
-----------------------------------------------------------------------------
                          0.00    0.00   clock core_clock (rise edge)
                          0.00    0.00   clock source latency
     1    0.01    0.00    0.00    0.00 ^ clk (in)
                                         clk (net)
                  0.00    0.00    0.00 ^ clkbuf_0_clk/A (sky130_fd_sc_hd__clkbuf_16)
     2    0.02    0.04    0.11    0.11 ^ clkbuf_0_clk/X (sky130_fd_sc_hd__clkbuf_16)
                                         clknet_0_clk (net)
                  0.04    0.00    0.11 ^ clkbuf_1_1__f_clk/A (sky130_fd_sc_hd__clkbuf_16)
     5    0.03    0.05    0.13    0.24 ^ clkbuf_1_1__f_clk/X (sky130_fd_sc_hd__clkbuf_16)
                                         clknet_1_1__leaf_clk (net)
                  0.05    0.00    0.24 ^ _72_/CLK (sky130_fd_sc_hd__dfxtp_1)
     3    0.01    0.07    0.34    0.57 v _72_/Q (sky130_fd_sc_hd__dfxtp_1)
                                         display_inst.clk_div[2] (net)
                  0.07    0.00    0.57 v _49_/C (sky130_fd_sc_hd__and3_2)
     2    0.01    0.05    0.23    0.80 v _49_/X (sky130_fd_sc_hd__and3_2)
                                         _19_ (net)
                  0.05    0.00    0.80 v _51_/A (sky130_fd_sc_hd__nor2_1)
     1    0.01    0.20    0.19    0.99 ^ _51_/Y (sky130_fd_sc_hd__nor2_1)
                                         _02_ (net)
                  0.20    0.00    0.99 ^ _72_/D (sky130_fd_sc_hd__dfxtp_1)
                                  0.99   data arrival time

                         10.00   10.00   clock core_clock (rise edge)
                          0.00   10.00   clock source latency
     1    0.01    0.00    0.00   10.00 ^ clk (in)
                                         clk (net)
                  0.00    0.00   10.00 ^ clkbuf_0_clk/A (sky130_fd_sc_hd__clkbuf_16)
     2    0.02    0.04    0.11   10.11 ^ clkbuf_0_clk/X (sky130_fd_sc_hd__clkbuf_16)
                                         clknet_0_clk (net)
                  0.04    0.00   10.11 ^ clkbuf_1_1__f_clk/A (sky130_fd_sc_hd__clkbuf_16)
     5    0.03    0.05    0.13   10.24 ^ clkbuf_1_1__f_clk/X (sky130_fd_sc_hd__clkbuf_16)
                                         clknet_1_1__leaf_clk (net)
                  0.05    0.00   10.24 ^ _72_/CLK (sky130_fd_sc_hd__dfxtp_1)
                          0.00   10.24   clock reconvergence pessimism
                         -0.09   10.15   library setup time
                                 10.15   data required time
-----------------------------------------------------------------------------
                                 10.15   data required time
                                 -0.99   data arrival time
-----------------------------------------------------------------------------
                                  9.16   slack (MET)


Startpoint: _70_ (rising edge-triggered flip-flop clocked by core_clock)
Endpoint: _71_ (rising edge-triggered flip-flop clocked by core_clock)
Path Group: core_clock
Path Type: max

Fanout     Cap    Slew   Delay    Time   Description
-----------------------------------------------------------------------------
                          0.00    0.00   clock core_clock (rise edge)
                          0.00    0.00   clock source latency
     1    0.01    0.00    0.00    0.00 ^ clk (in)
                                         clk (net)
                  0.00    0.00    0.00 ^ clkbuf_0_clk/A (sky130_fd_sc_hd__clkbuf_16)
     2    0.02    0.04    0.11    0.11 ^ clkbuf_0_clk/X (sky130_fd_sc_hd__clkbuf_16)
                                         clknet_0_clk (net)
                  0.04    0.00    0.11 ^ clkbuf_1_1__f_clk/A (sky130_fd_sc_hd__clkbuf_16)
     5    0.03    0.05    0.13    0.24 ^ clkbuf_1_1__f_clk/X (sky130_fd_sc_hd__clkbuf_16)
                                         clknet_1_1__leaf_clk (net)
                  0.05    0.00    0.24 ^ _70_/CLK (sky130_fd_sc_hd__dfxtp_4)
     5    0.02    0.05    0.35    0.59 v _70_/Q (sky130_fd_sc_hd__dfxtp_4)
                                         display_inst.clk_div[0] (net)
                  0.05    0.00    0.59 v _48_/A (sky130_fd_sc_hd__xor2_1)
     1    0.01    0.07    0.17    0.76 v _48_/X (sky130_fd_sc_hd__xor2_1)
                                         _01_ (net)
                  0.07    0.00    0.76 v _71_/D (sky130_fd_sc_hd__dfxtp_2)
                                  0.76   data arrival time

                         10.00   10.00   clock core_clock (rise edge)
                          0.00   10.00   clock source latency
     1    0.01    0.00    0.00   10.00 ^ clk (in)
                                         clk (net)
                  0.00    0.00   10.00 ^ clkbuf_0_clk/A (sky130_fd_sc_hd__clkbuf_16)
     2    0.02    0.04    0.11   10.11 ^ clkbuf_0_clk/X (sky130_fd_sc_hd__clkbuf_16)
                                         clknet_0_clk (net)
                  0.04    0.00   10.11 ^ clkbuf_1_0__f_clk/A (sky130_fd_sc_hd__clkbuf_16)
     5    0.01    0.03    0.11   10.22 ^ clkbuf_1_0__f_clk/X (sky130_fd_sc_hd__clkbuf_16)
                                         clknet_1_0__leaf_clk (net)
                  0.03    0.00   10.22 ^ _71_/CLK (sky130_fd_sc_hd__dfxtp_2)
                          0.00   10.22   clock reconvergence pessimism
                         -0.13   10.09   library setup time
                                 10.09   data required time
-----------------------------------------------------------------------------
                                 10.09   data required time
                                 -0.76   data arrival time
-----------------------------------------------------------------------------
                                  9.33   slack (MET)


Startpoint: _70_ (rising edge-triggered flip-flop clocked by core_clock)
Endpoint: _70_ (rising edge-triggered flip-flop clocked by core_clock)
Path Group: core_clock
Path Type: max

Fanout     Cap    Slew   Delay    Time   Description
-----------------------------------------------------------------------------
                          0.00    0.00   clock core_clock (rise edge)
                          0.00    0.00   clock source latency
     1    0.01    0.00    0.00    0.00 ^ clk (in)
                                         clk (net)
                  0.00    0.00    0.00 ^ clkbuf_0_clk/A (sky130_fd_sc_hd__clkbuf_16)
     2    0.02    0.04    0.11    0.11 ^ clkbuf_0_clk/X (sky130_fd_sc_hd__clkbuf_16)
                                         clknet_0_clk (net)
                  0.04    0.00    0.11 ^ clkbuf_1_1__f_clk/A (sky130_fd_sc_hd__clkbuf_16)
     5    0.03    0.05    0.13    0.24 ^ clkbuf_1_1__f_clk/X (sky130_fd_sc_hd__clkbuf_16)
                                         clknet_1_1__leaf_clk (net)
                  0.05    0.00    0.24 ^ _70_/CLK (sky130_fd_sc_hd__dfxtp_4)
     5    0.02    0.07    0.36    0.60 ^ _70_/Q (sky130_fd_sc_hd__dfxtp_4)
                                         display_inst.clk_div[0] (net)
                  0.07    0.00    0.60 ^ _47_/A (sky130_fd_sc_hd__inv_2)
     1    0.01    0.03    0.05    0.65 v _47_/Y (sky130_fd_sc_hd__inv_2)
                                         _00_ (net)
                  0.03    0.00    0.65 v _70_/D (sky130_fd_sc_hd__dfxtp_4)
                                  0.65   data arrival time

                         10.00   10.00   clock core_clock (rise edge)
                          0.00   10.00   clock source latency
     1    0.01    0.00    0.00   10.00 ^ clk (in)
                                         clk (net)
                  0.00    0.00   10.00 ^ clkbuf_0_clk/A (sky130_fd_sc_hd__clkbuf_16)
     2    0.02    0.04    0.11   10.11 ^ clkbuf_0_clk/X (sky130_fd_sc_hd__clkbuf_16)
                                         clknet_0_clk (net)
                  0.04    0.00   10.11 ^ clkbuf_1_1__f_clk/A (sky130_fd_sc_hd__clkbuf_16)
     5    0.03    0.05    0.13   10.24 ^ clkbuf_1_1__f_clk/X (sky130_fd_sc_hd__clkbuf_16)
                                         clknet_1_1__leaf_clk (net)
                  0.05    0.00   10.24 ^ _70_/CLK (sky130_fd_sc_hd__dfxtp_4)
                          0.00   10.24   clock reconvergence pessimism
                         -0.11   10.13   library setup time
                                 10.13   data required time
-----------------------------------------------------------------------------
                                 10.13   data required time
                                 -0.65   data arrival time
-----------------------------------------------------------------------------
                                  9.49   slack (MET)



worst slack corner Typical: 8.6022
max_report_end
checks_report

===========================================================================
report_checks -unconstrained
===========================================================================
======================= Typical Corner ===================================

Startpoint: _73_ (rising edge-triggered flip-flop clocked by core_clock)
Endpoint: _77_ (rising edge-triggered flip-flop clocked by core_clock)
Path Group: core_clock
Path Type: max

Fanout     Cap    Slew   Delay    Time   Description
-----------------------------------------------------------------------------
                          0.00    0.00   clock core_clock (rise edge)
                          0.00    0.00   clock source latency
     1    0.01    0.00    0.00    0.00 ^ clk (in)
                                         clk (net)
                  0.00    0.00    0.00 ^ clkbuf_0_clk/A (sky130_fd_sc_hd__clkbuf_16)
     2    0.02    0.04    0.11    0.11 ^ clkbuf_0_clk/X (sky130_fd_sc_hd__clkbuf_16)
                                         clknet_0_clk (net)
                  0.04    0.00    0.11 ^ clkbuf_1_0__f_clk/A (sky130_fd_sc_hd__clkbuf_16)
     5    0.01    0.03    0.11    0.22 ^ clkbuf_1_0__f_clk/X (sky130_fd_sc_hd__clkbuf_16)
                                         clknet_1_0__leaf_clk (net)
                  0.03    0.00    0.22 ^ _73_/CLK (sky130_fd_sc_hd__dfxtp_1)
     2    0.02    0.18    0.40    0.62 ^ _73_/Q (sky130_fd_sc_hd__dfxtp_1)
                                         display_inst.clk_div[3] (net)
                  0.18    0.00    0.62 ^ _52_/D (sky130_fd_sc_hd__and4_1)
     1    0.01    0.10    0.25    0.87 ^ _52_/X (sky130_fd_sc_hd__and4_1)
                                         _21_ (net)
                  0.10    0.00    0.87 ^ _53_/A (sky130_fd_sc_hd__buf_4)
     6    0.03    0.09    0.16    1.03 ^ _53_/X (sky130_fd_sc_hd__buf_4)
                                         _22_ (net)
                  0.09    0.00    1.03 ^ _62_/C (sky130_fd_sc_hd__and4_4)
     2    0.01    0.07    0.24    1.27 ^ _62_/X (sky130_fd_sc_hd__and4_4)
                                         _27_ (net)
                  0.07    0.00    1.27 ^ _64_/A_N (sky130_fd_sc_hd__and2b_1)
     1    0.00    0.03    0.17    1.44 v _64_/X (sky130_fd_sc_hd__and2b_1)
                                         _29_ (net)
                  0.03    0.00    1.44 v _65_/A (sky130_fd_sc_hd__clkbuf_1)
     1    0.00    0.02    0.08    1.52 v _65_/X (sky130_fd_sc_hd__clkbuf_1)
                                         _07_ (net)
                  0.02    0.00    1.52 v _77_/D (sky130_fd_sc_hd__dfxtp_1)
                                  1.52   data arrival time

                         10.00   10.00   clock core_clock (rise edge)
                          0.00   10.00   clock source latency
     1    0.01    0.00    0.00   10.00 ^ clk (in)
                                         clk (net)
                  0.00    0.00   10.00 ^ clkbuf_0_clk/A (sky130_fd_sc_hd__clkbuf_16)
     2    0.02    0.04    0.11   10.11 ^ clkbuf_0_clk/X (sky130_fd_sc_hd__clkbuf_16)
                                         clknet_0_clk (net)
                  0.04    0.00   10.11 ^ clkbuf_1_0__f_clk/A (sky130_fd_sc_hd__clkbuf_16)
     5    0.01    0.03    0.11   10.22 ^ clkbuf_1_0__f_clk/X (sky130_fd_sc_hd__clkbuf_16)
                                         clknet_1_0__leaf_clk (net)
                  0.03    0.00   10.22 ^ _77_/CLK (sky130_fd_sc_hd__dfxtp_1)
                          0.00   10.22   clock reconvergence pessimism
                         -0.10   10.12   library setup time
                                 10.12   data required time
-----------------------------------------------------------------------------
                                 10.12   data required time
                                 -1.52   data arrival time
-----------------------------------------------------------------------------
                                  8.60   slack (MET)




===========================================================================
report_checks --slack_max -0.01
============================================================================
======================= Typical Corner ===================================

No paths found.


===========================================================================
 report_check_types -max_slew -max_cap -max_fanout -violators
============================================================================
======================= Typical Corner ===================================


max slew violations count Typical: 0
max fanout violations count Typical: 0
max cap violations count Typical: 0

===========================================================================
report_parasitic_annotation -report_unannotated
============================================================================
Found 10 unannotated drivers.
 control
 reset
 clkload0/X
 semi_cpu_top_10/HI
 semi_cpu_top_11/HI
 semi_cpu_top_12/HI
 semi_cpu_top_13/HI
 semi_cpu_top_14/HI
 semi_cpu_top_15/LO
 semi_cpu_top_9/HI
Found 37 partially unannotated drivers.
 clk
 _33_/Y
 _34_/X
 _36_/X
 _38_/Y
 _44_/X
 _46_/Y
 _47_/Y
 _48_/X
 _49_/X
 _50_/Y
 _53_/X
 _55_/Y
 _56_/X
 _57_/X
 _59_/Y
 _60_/X
 _61_/X
 _62_/X
 _63_/X
 _64_/X
 _65_/X
 _66_/X
 _67_/X
 _68_/Y
 _70_/Q
 _71_/Q
 _72_/Q
 _74_/Q
 _75_/Q
 _76_/Q
 _78_/Q
 _79_/Q
 _80_/Q
 _81_/Q
 clkbuf_0_clk/X
 clkbuf_1_0__f_clk/X

===========================================================================
max slew violation count 0
max fanout violation count 0
max cap violation count 0
============================================================================

===========================================================================
check_setup -verbose -unconstrained_endpoints -multiple_clock -no_clock -no_input_delay -loops -generated_clocks
===========================================================================
Warning: There are 2 input ports missing set_input_delay.
  control
  reset
Warning: There are 3 unclocked register/latch pins.
  _79_/CLK
  _80_/CLK
  _81_/CLK
Warning: There are 18 unconstrained endpoints.
  an[0]
  an[1]
  an[2]
  an[3]
  an[4]
  an[5]
  an[6]
  an[7]
  seg[0]
  seg[1]
  seg[2]
  seg[3]
  seg[4]
  seg[5]
  seg[6]
  _79_/D
  _80_/D
  _81_/D
checks_report_end
power_report

===========================================================================
 report_power
============================================================================
======================= Typical Corner ===================================

Group                  Internal  Switching    Leakage      Total
                          Power      Power      Power      Power (Watts)
----------------------------------------------------------------
Sequential             3.54e-05   0.00e+00   1.03e-10   3.54e-05  32.3%
Combinational          0.00e+00   0.00e+00   1.90e-10   1.90e-10   0.0%
Clock                  5.61e-05   1.82e-05   4.63e-10   7.43e-05  67.7%
Macro                  0.00e+00   0.00e+00   0.00e+00   0.00e+00   0.0%
Pad                    0.00e+00   0.00e+00   0.00e+00   0.00e+00   0.0%
----------------------------------------------------------------
Total                  9.15e-05   1.82e-05   7.56e-10   1.10e-04 100.0%
                          83.4%      16.6%       0.0%

power_report_end
skew_report

===========================================================================
report_clock_skew
============================================================================
Clock core_clock
   0.22 source latency _71_/CLK ^
  -0.24 target latency _74_/CLK ^
   0.00 CRPR
--------------
  -0.02 setup skew

skew_report_end
summary_report

===========================================================================
report_tns
============================================================================
tns 0.00

===========================================================================
report_wns
============================================================================
wns 0.00

===========================================================================
report_worst_slack -max (Setup)
============================================================================
worst slack 8.60

===========================================================================
report_worst_slack -min (Hold)
============================================================================
worst slack 0.45
summary_report_end
area_report

===========================================================================
report_design_area
============================================================================
Design area 1290 u^2 4% utilization.
area_report_end
check_nonpropagated_clocks
check_nonpropagated_clocks_end
[WARNING] Did not save OpenROAD database!
Writing SDF to '/openlane/designs/semi_cpu_top/runs/RUN_2025.06.08_00.13.34/results/signoff/semi_cpu_top.sdf'…
Writing timing model to '/openlane/designs/semi_cpu_top/runs/RUN_2025.06.08_00.13.34/results/signoff/semi_cpu_top.lib'…
