
===========================================================================
report_checks -path_delay min (Hold)
============================================================================
======================= Typical Corner ===================================

Startpoint: _70_ (rising edge-triggered flip-flop clocked by core_clock)
Endpoint: _70_ (rising edge-triggered flip-flop clocked by core_clock)
Path Group: core_clock
Path Type: min

Fanout     Cap    Slew   Delay    Time   Description
-----------------------------------------------------------------------------
                  0.00    0.00    0.00   clock core_clock (rise edge)
                          0.00    0.00   clock network delay (ideal)
                  0.00    0.00    0.00 ^ _70_/CLK (sky130_fd_sc_hd__dfxtp_4)
     5    0.04    0.08    0.36    0.36 v _70_/Q (sky130_fd_sc_hd__dfxtp_4)
                                         display_inst.clk_div[0] (net)
                  0.08    0.00    0.37 v _47_/A (sky130_fd_sc_hd__inv_2)
     1    0.02    0.10    0.11    0.48 ^ _47_/Y (sky130_fd_sc_hd__inv_2)
                                         _00_ (net)
                  0.10    0.00    0.48 ^ _70_/D (sky130_fd_sc_hd__dfxtp_4)
                                  0.48   data arrival time

                  0.00    0.00    0.00   clock core_clock (rise edge)
                          0.00    0.00   clock network delay (ideal)
                          0.00    0.00   clock reconvergence pessimism
                                  0.00 ^ _70_/CLK (sky130_fd_sc_hd__dfxtp_4)
                         -0.05   -0.05   library hold time
                                 -0.05   data required time
-----------------------------------------------------------------------------
                                 -0.05   data required time
                                 -0.48   data arrival time
-----------------------------------------------------------------------------
                                  0.53   slack (MET)


Startpoint: _70_ (rising edge-triggered flip-flop clocked by core_clock)
Endpoint: _71_ (rising edge-triggered flip-flop clocked by core_clock)
Path Group: core_clock
Path Type: min

Fanout     Cap    Slew   Delay    Time   Description
-----------------------------------------------------------------------------
                  0.00    0.00    0.00   clock core_clock (rise edge)
                          0.00    0.00   clock network delay (ideal)
                  0.00    0.00    0.00 ^ _70_/CLK (sky130_fd_sc_hd__dfxtp_4)
     5    0.04    0.13    0.39    0.39 ^ _70_/Q (sky130_fd_sc_hd__dfxtp_4)
                                         display_inst.clk_div[0] (net)
                  0.13    0.00    0.40 ^ _48_/A (sky130_fd_sc_hd__xor2_1)
     1    0.01    0.07    0.12    0.52 v _48_/X (sky130_fd_sc_hd__xor2_1)
                                         _01_ (net)
                  0.07    0.00    0.52 v _71_/D (sky130_fd_sc_hd__dfxtp_2)
                                  0.52   data arrival time

                  0.00    0.00    0.00   clock core_clock (rise edge)
                          0.00    0.00   clock network delay (ideal)
                          0.00    0.00   clock reconvergence pessimism
                                  0.00 ^ _71_/CLK (sky130_fd_sc_hd__dfxtp_2)
                         -0.07   -0.07   library hold time
                                 -0.07   data required time
-----------------------------------------------------------------------------
                                 -0.07   data required time
                                 -0.52   data arrival time
-----------------------------------------------------------------------------
                                  0.59   slack (MET)


Startpoint: _78_ (rising edge-triggered flip-flop clocked by core_clock)
Endpoint: _78_ (rising edge-triggered flip-flop clocked by core_clock)
Path Group: core_clock
Path Type: min

Fanout     Cap    Slew   Delay    Time   Description
-----------------------------------------------------------------------------
                  0.00    0.00    0.00   clock core_clock (rise edge)
                          0.00    0.00   clock network delay (ideal)
                  0.00    0.00    0.00 ^ _78_/CLK (sky130_fd_sc_hd__dfxtp_2)
     4    0.03    0.18    0.40    0.40 ^ _78_/Q (sky130_fd_sc_hd__dfxtp_2)
                                         display_inst.clk_div[8] (net)
                  0.18    0.00    0.40 ^ _66_/A (sky130_fd_sc_hd__xor2_2)
     1    0.01    0.06    0.13    0.53 v _66_/X (sky130_fd_sc_hd__xor2_2)
                                         _08_ (net)
                  0.06    0.00    0.53 v _78_/D (sky130_fd_sc_hd__dfxtp_2)
                                  0.53   data arrival time

                  0.00    0.00    0.00   clock core_clock (rise edge)
                          0.00    0.00   clock network delay (ideal)
                          0.00    0.00   clock reconvergence pessimism
                                  0.00 ^ _78_/CLK (sky130_fd_sc_hd__dfxtp_2)
                         -0.06   -0.06   library hold time
                                 -0.06   data required time
-----------------------------------------------------------------------------
                                 -0.06   data required time
                                 -0.53   data arrival time
-----------------------------------------------------------------------------
                                  0.59   slack (MET)


Startpoint: _76_ (rising edge-triggered flip-flop clocked by core_clock)
Endpoint: _76_ (rising edge-triggered flip-flop clocked by core_clock)
Path Group: core_clock
Path Type: min

Fanout     Cap    Slew   Delay    Time   Description
-----------------------------------------------------------------------------
                  0.00    0.00    0.00   clock core_clock (rise edge)
                          0.00    0.00   clock network delay (ideal)
                  0.00    0.00    0.00 ^ _76_/CLK (sky130_fd_sc_hd__dfxtp_2)
     3    0.03    0.17    0.39    0.39 ^ _76_/Q (sky130_fd_sc_hd__dfxtp_2)
                                         display_inst.clk_div[6] (net)
                  0.17    0.00    0.40 ^ _60_/A (sky130_fd_sc_hd__xor2_2)
     1    0.02    0.06    0.14    0.53 v _60_/X (sky130_fd_sc_hd__xor2_2)
                                         _06_ (net)
                  0.06    0.00    0.54 v _76_/D (sky130_fd_sc_hd__dfxtp_2)
                                  0.54   data arrival time

                  0.00    0.00    0.00   clock core_clock (rise edge)
                          0.00    0.00   clock network delay (ideal)
                          0.00    0.00   clock reconvergence pessimism
                                  0.00 ^ _76_/CLK (sky130_fd_sc_hd__dfxtp_2)
                         -0.06   -0.06   library hold time
                                 -0.06   data required time
-----------------------------------------------------------------------------
                                 -0.06   data required time
                                 -0.54   data arrival time
-----------------------------------------------------------------------------
                                  0.60   slack (MET)


Startpoint: _74_ (rising edge-triggered flip-flop clocked by core_clock)
Endpoint: _74_ (rising edge-triggered flip-flop clocked by core_clock)
Path Group: core_clock
Path Type: min

Fanout     Cap    Slew   Delay    Time   Description
-----------------------------------------------------------------------------
                  0.00    0.00    0.00   clock core_clock (rise edge)
                          0.00    0.00   clock network delay (ideal)
                  0.00    0.00    0.00 ^ _74_/CLK (sky130_fd_sc_hd__dfxtp_4)
     5    0.05    0.15    0.41    0.41 ^ _74_/Q (sky130_fd_sc_hd__dfxtp_4)
                                         display_inst.clk_div[4] (net)
                  0.15    0.01    0.41 ^ _56_/A (sky130_fd_sc_hd__xor2_2)
     1    0.02    0.07    0.13    0.55 v _56_/X (sky130_fd_sc_hd__xor2_2)
                                         _04_ (net)
                  0.07    0.00    0.55 v _74_/D (sky130_fd_sc_hd__dfxtp_4)
                                  0.55   data arrival time

                  0.00    0.00    0.00   clock core_clock (rise edge)
                          0.00    0.00   clock network delay (ideal)
                          0.00    0.00   clock reconvergence pessimism
                                  0.00 ^ _74_/CLK (sky130_fd_sc_hd__dfxtp_4)
                         -0.06   -0.06   library hold time
                                 -0.06   data required time
-----------------------------------------------------------------------------
                                 -0.06   data required time
                                 -0.55   data arrival time
-----------------------------------------------------------------------------
                                  0.61   slack (MET)


Startpoint: _72_ (rising edge-triggered flip-flop clocked by core_clock)
Endpoint: _72_ (rising edge-triggered flip-flop clocked by core_clock)
Path Group: core_clock
Path Type: min

Fanout     Cap    Slew   Delay    Time   Description
-----------------------------------------------------------------------------
                  0.00    0.00    0.00   clock core_clock (rise edge)
                          0.00    0.00   clock network delay (ideal)
                  0.00    0.00    0.00 ^ _72_/CLK (sky130_fd_sc_hd__dfxtp_1)
     3    0.02    0.10    0.34    0.34 v _72_/Q (sky130_fd_sc_hd__dfxtp_1)
                                         display_inst.clk_div[2] (net)
                  0.10    0.00    0.34 v _50_/B1 (sky130_fd_sc_hd__a21oi_2)
     1    0.01    0.18    0.19    0.53 ^ _50_/Y (sky130_fd_sc_hd__a21oi_2)
                                         _20_ (net)
                  0.18    0.00    0.53 ^ _51_/B (sky130_fd_sc_hd__nor2_1)
     1    0.01    0.06    0.10    0.63 v _51_/Y (sky130_fd_sc_hd__nor2_1)
                                         _02_ (net)
                  0.06    0.00    0.63 v _72_/D (sky130_fd_sc_hd__dfxtp_1)
                                  0.63   data arrival time

                  0.00    0.00    0.00   clock core_clock (rise edge)
                          0.00    0.00   clock network delay (ideal)
                          0.00    0.00   clock reconvergence pessimism
                                  0.00 ^ _72_/CLK (sky130_fd_sc_hd__dfxtp_1)
                         -0.07   -0.07   library hold time
                                 -0.07   data required time
-----------------------------------------------------------------------------
                                 -0.07   data required time
                                 -0.63   data arrival time
-----------------------------------------------------------------------------
                                  0.70   slack (MET)


Startpoint: _73_ (rising edge-triggered flip-flop clocked by core_clock)
Endpoint: _73_ (rising edge-triggered flip-flop clocked by core_clock)
Path Group: core_clock
Path Type: min

Fanout     Cap    Slew   Delay    Time   Description
-----------------------------------------------------------------------------
                  0.00    0.00    0.00   clock core_clock (rise edge)
                          0.00    0.00   clock network delay (ideal)
                  0.00    0.00    0.00 ^ _73_/CLK (sky130_fd_sc_hd__dfxtp_1)
     2    0.02    0.08    0.32    0.32 v _73_/Q (sky130_fd_sc_hd__dfxtp_1)
                                         display_inst.clk_div[3] (net)
                  0.08    0.00    0.33 v _54_/A (sky130_fd_sc_hd__nor2_1)
     1    0.01    0.19    0.19    0.52 ^ _54_/Y (sky130_fd_sc_hd__nor2_1)
                                         _23_ (net)
                  0.19    0.00    0.52 ^ _55_/B (sky130_fd_sc_hd__nor2_1)
     1    0.01    0.07    0.11    0.63 v _55_/Y (sky130_fd_sc_hd__nor2_1)
                                         _03_ (net)
                  0.07    0.00    0.63 v _73_/D (sky130_fd_sc_hd__dfxtp_1)
                                  0.63   data arrival time

                  0.00    0.00    0.00   clock core_clock (rise edge)
                          0.00    0.00   clock network delay (ideal)
                          0.00    0.00   clock reconvergence pessimism
                                  0.00 ^ _73_/CLK (sky130_fd_sc_hd__dfxtp_1)
                         -0.08   -0.08   library hold time
                                 -0.08   data required time
-----------------------------------------------------------------------------
                                 -0.08   data required time
                                 -0.63   data arrival time
-----------------------------------------------------------------------------
                                  0.70   slack (MET)


Startpoint: _75_ (rising edge-triggered flip-flop clocked by core_clock)
Endpoint: _75_ (rising edge-triggered flip-flop clocked by core_clock)
Path Group: core_clock
Path Type: min

Fanout     Cap    Slew   Delay    Time   Description
-----------------------------------------------------------------------------
                  0.00    0.00    0.00   clock core_clock (rise edge)
                          0.00    0.00   clock network delay (ideal)
                  0.00    0.00    0.00 ^ _75_/CLK (sky130_fd_sc_hd__dfxtp_2)
     4    0.04    0.09    0.35    0.35 v _75_/Q (sky130_fd_sc_hd__dfxtp_2)
                                         display_inst.clk_div[5] (net)
                  0.09    0.00    0.36 v _58_/B1 (sky130_fd_sc_hd__a21oi_2)
     1    0.01    0.19    0.20    0.55 ^ _58_/Y (sky130_fd_sc_hd__a21oi_2)
                                         _25_ (net)
                  0.19    0.00    0.55 ^ _59_/B (sky130_fd_sc_hd__nor2_1)
     1    0.01    0.07    0.10    0.66 v _59_/Y (sky130_fd_sc_hd__nor2_1)
                                         _05_ (net)
                  0.07    0.00    0.66 v _75_/D (sky130_fd_sc_hd__dfxtp_2)
                                  0.66   data arrival time

                  0.00    0.00    0.00   clock core_clock (rise edge)
                          0.00    0.00   clock network delay (ideal)
                          0.00    0.00   clock reconvergence pessimism
                                  0.00 ^ _75_/CLK (sky130_fd_sc_hd__dfxtp_2)
                         -0.07   -0.07   library hold time
                                 -0.07   data required time
-----------------------------------------------------------------------------
                                 -0.07   data required time
                                 -0.66   data arrival time
-----------------------------------------------------------------------------
                                  0.72   slack (MET)


Startpoint: _77_ (rising edge-triggered flip-flop clocked by core_clock)
Endpoint: _77_ (rising edge-triggered flip-flop clocked by core_clock)
Path Group: core_clock
Path Type: min

Fanout     Cap    Slew   Delay    Time   Description
-----------------------------------------------------------------------------
                  0.00    0.00    0.00   clock core_clock (rise edge)
                          0.00    0.00   clock network delay (ideal)
                  0.00    0.00    0.00 ^ _77_/CLK (sky130_fd_sc_hd__dfxtp_1)
     2    0.01    0.13    0.35    0.35 ^ _77_/Q (sky130_fd_sc_hd__dfxtp_1)
                                         display_inst.clk_div[7] (net)
                  0.13    0.00    0.35 ^ _63_/B1 (sky130_fd_sc_hd__a41o_1)
     1    0.01    0.07    0.13    0.48 ^ _63_/X (sky130_fd_sc_hd__a41o_1)
                                         _28_ (net)
                  0.07    0.00    0.48 ^ _64_/B (sky130_fd_sc_hd__and2b_1)
     1    0.01    0.07    0.14    0.61 ^ _64_/X (sky130_fd_sc_hd__and2b_1)
                                         _29_ (net)
                  0.07    0.00    0.61 ^ _65_/A (sky130_fd_sc_hd__clkbuf_1)
     1    0.00    0.07    0.10    0.72 ^ _65_/X (sky130_fd_sc_hd__clkbuf_1)
                                         _07_ (net)
                  0.07    0.00    0.72 ^ _77_/D (sky130_fd_sc_hd__dfxtp_1)
                                  0.72   data arrival time

                  0.00    0.00    0.00   clock core_clock (rise edge)
                          0.00    0.00   clock network delay (ideal)
                          0.00    0.00   clock reconvergence pessimism
                                  0.00 ^ _77_/CLK (sky130_fd_sc_hd__dfxtp_1)
                         -0.04   -0.04   library hold time
                                 -0.04   data required time
-----------------------------------------------------------------------------
                                 -0.04   data required time
                                 -0.72   data arrival time
-----------------------------------------------------------------------------
                                  0.76   slack (MET)



worst slack corner Typical: 0.5312
