OpenROAD b16bda7e82721d10566ff7e2b68f1ff0be9f9e38 
Features included (+) or not (-): +Charts +GPU +GUI +Python
This program is licensed under the BSD-3 license. See the LICENSE file for details.
Components of this program may be licensed under more restrictive licenses which must be honored.
define_corners Typical
read_liberty -corner Typical /Users/berkkilic/.volare/sky130A/libs.ref/sky130_fd_sc_hd/lib/sky130_fd_sc_hd__tt_025C_1v80.lib
Using 1e-12 for capacitance...
Using 1e+03 for resistance...
Using 1e-09 for time...
Using 1e+00 for voltage...
Using 1e-03 for current...
Using 1e-09 for power...
Using 1e-06 for distance...
[INFO]: Reading ODB at '/openlane/designs/semi_cpu_top/runs/RUN_2025.06.08_12.07.18/tmp/16-semi_cpu_top.odb'…
Reading design constraints file at '/openlane/designs/semi_cpu_top/src/semi_cpu_top.sdc'…
[INFO]: Setting signal min routing layer to: met1 and clock min routing layer to met3. 
[INFO]: Setting signal max routing layer to: met5 and clock max routing layer to met5. 
-congestion_iterations 50 -verbose -congestion_report_file /openlane/designs/semi_cpu_top/runs/RUN_2025.06.08_12.07.18/tmp/routing/groute-congestion.rpt
[INFO GRT-0020] Min routing layer: met1
[INFO GRT-0021] Max routing layer: met5
[INFO GRT-0022] Global adjustment: 30%
[INFO GRT-0023] Grid origin: (0, 0)
[INFO GRT-0043] No OR_DEFAULT vias defined.
[INFO GRT-0088] Layer li1     Track-Pitch = 0.4600  line-2-Via Pitch: 0.3400
[INFO GRT-0088] Layer met1    Track-Pitch = 0.3400  line-2-Via Pitch: 0.3400
[INFO GRT-0088] Layer met2    Track-Pitch = 0.4600  line-2-Via Pitch: 0.3500
[INFO GRT-0088] Layer met3    Track-Pitch = 0.6800  line-2-Via Pitch: 0.6150
[INFO GRT-0088] Layer met4    Track-Pitch = 0.9200  line-2-Via Pitch: 1.0400
[INFO GRT-0088] Layer met5    Track-Pitch = 3.4000  line-2-Via Pitch: 3.1100
[INFO GRT-0019] Found 4 clock nets.
[INFO GRT-0001] Minimum degree: 2
[INFO GRT-0002] Maximum degree: 10
[INFO GRT-0003] Macros: 0
[INFO GRT-0043] No OR_DEFAULT vias defined.
[INFO GRT-0004] Blockages: 183

[INFO GRT-0053] Routing resources analysis:
          Routing      Original      Derated      Resource
Layer     Direction    Resources     Resources    Reduction (%)
---------------------------------------------------------------
li1        Vertical            0             0          0.00%
met1       Horizontal      16240          8004          50.71%
met2       Vertical        12152          7810          35.73%
met3       Horizontal       8120          5438          33.03%
met4       Vertical         4928          2977          39.59%
met5       Horizontal       1624           729          55.11%
---------------------------------------------------------------

[INFO GRT-0197] Via related to pin nodes: 366
[INFO GRT-0198] Via related Steiner nodes: 21
[INFO GRT-0199] Via filling finished.
[INFO GRT-0111] Final number of vias: 541
[INFO GRT-0112] Final usage 3D: 2971

[INFO GRT-0096] Final congestion report:
Layer         Resource        Demand        Usage (%)    Max H / Max V / Total Overflow
---------------------------------------------------------------------------------------
li1                  0             0            0.00%             0 /  0 /  0
met1              8004           654            8.17%             0 /  0 /  0
met2              7810           660            8.45%             0 /  0 /  0
met3              5438            22            0.40%             0 /  0 /  0
met4              2977            12            0.40%             0 /  0 /  0
met5               729             0            0.00%             0 /  0 /  0
---------------------------------------------------------------------------------------
Total            24958          1348            5.40%             0 /  0 /  0

[INFO GRT-0018] Total wirelength: 11088 um
[INFO GRT-0014] Routed nets: 70
[INFO GRT-0006] Repairing antennas, iteration 1.
[INFO GRT-0043] No OR_DEFAULT vias defined.
[INFO GRT-0012] Found 9 antenna violations.
[INFO GRT-0015] Inserted 9 diodes.
[INFO GRT-0009] rerouting 38 nets.
[INFO GRT-0001] Minimum degree: 2
[INFO GRT-0002] Maximum degree: 10
[INFO GRT-0006] Repairing antennas, iteration 2.
[INFO GRT-0043] No OR_DEFAULT vias defined.
[INFO GRT-0012] Found 0 antenna violations.
Placement Analysis
---------------------------------
total displacement          0.0 u
average displacement        0.0 u
max displacement            0.0 u
original HPWL            8866.0 u
legalized HPWL           8876.5 u
delta HPWL                    0 %

[INFO DPL-0020] Mirrored 29 instances
[INFO DPL-0021] HPWL before            8876.5 u
[INFO DPL-0022] HPWL after             8814.6 u
[INFO DPL-0023] HPWL delta               -0.7 %
[INFO]: Setting signal min routing layer to: met1 and clock min routing layer to met3. 
[INFO]: Setting signal max routing layer to: met5 and clock max routing layer to met5. 
-congestion_iterations 50 -verbose -congestion_report_file /openlane/designs/semi_cpu_top/runs/RUN_2025.06.08_12.07.18/tmp/routing/groute-congestion.rpt
[INFO GRT-0020] Min routing layer: met1
[INFO GRT-0021] Max routing layer: met5
[INFO GRT-0022] Global adjustment: 30%
[INFO GRT-0023] Grid origin: (0, 0)
[INFO GRT-0043] No OR_DEFAULT vias defined.
[INFO GRT-0088] Layer li1     Track-Pitch = 0.4600  line-2-Via Pitch: 0.3400
[INFO GRT-0088] Layer met1    Track-Pitch = 0.3400  line-2-Via Pitch: 0.3400
[INFO GRT-0088] Layer met2    Track-Pitch = 0.4600  line-2-Via Pitch: 0.3500
[INFO GRT-0088] Layer met3    Track-Pitch = 0.6800  line-2-Via Pitch: 0.6150
[INFO GRT-0088] Layer met4    Track-Pitch = 0.9200  line-2-Via Pitch: 1.0400
[INFO GRT-0088] Layer met5    Track-Pitch = 3.4000  line-2-Via Pitch: 3.1100
[INFO GRT-0019] Found 4 clock nets.
[INFO GRT-0001] Minimum degree: 2
[INFO GRT-0002] Maximum degree: 10
[INFO GRT-0003] Macros: 0
[INFO GRT-0043] No OR_DEFAULT vias defined.
[INFO GRT-0004] Blockages: 183

[INFO GRT-0053] Routing resources analysis:
          Routing      Original      Derated      Resource
Layer     Direction    Resources     Resources    Reduction (%)
---------------------------------------------------------------
li1        Vertical            0             0          0.00%
met1       Horizontal      16240          8004          50.71%
met2       Vertical        12152          7810          35.73%
met3       Horizontal       8120          5438          33.03%
met4       Vertical         4928          2977          39.59%
met5       Horizontal       1624           729          55.11%
---------------------------------------------------------------

[INFO GRT-0197] Via related to pin nodes: 372
[INFO GRT-0198] Via related Steiner nodes: 21
[INFO GRT-0199] Via filling finished.
[INFO GRT-0111] Final number of vias: 547
[INFO GRT-0112] Final usage 3D: 2992

[INFO GRT-0096] Final congestion report:
Layer         Resource        Demand        Usage (%)    Max H / Max V / Total Overflow
---------------------------------------------------------------------------------------
li1                  0             0            0.00%             0 /  0 /  0
met1              8004           657            8.21%             0 /  0 /  0
met2              7810           660            8.45%             0 /  0 /  0
met3              5438            22            0.40%             0 /  0 /  0
met4              2977            12            0.40%             0 /  0 /  0
met5               729             0            0.00%             0 /  0 /  0
---------------------------------------------------------------------------------------
Total            24958          1351            5.41%             0 /  0 /  0

[INFO GRT-0018] Total wirelength: 11136 um
[INFO GRT-0014] Routed nets: 70
Setting global connections for newly added cells…
Writing OpenROAD database to '/openlane/designs/semi_cpu_top/runs/RUN_2025.06.08_12.07.18/tmp/routing/18-global.odb'…
Writing layout to '/openlane/designs/semi_cpu_top/runs/RUN_2025.06.08_12.07.18/tmp/routing/18-global.def'…
Writing routing guides to '/openlane/designs/semi_cpu_top/runs/RUN_2025.06.08_12.07.18/tmp/routing/18-global.guide'…
