
===========================================================================
report_checks -path_delay max (Setup)
============================================================================
======================= Fastest Corner ===================================

Startpoint: _72_ (rising edge-triggered flip-flop clocked by core_clock)
Endpoint: _77_ (rising edge-triggered flip-flop clocked by core_clock)
Path Group: core_clock
Path Type: max
Corner: Fastest

Fanout     Cap    Slew   Delay    Time   Description
-----------------------------------------------------------------------------
                          0.00    0.00   clock core_clock (rise edge)
                          0.00    0.00   clock source latency
     1    0.03    0.00    0.00    0.00 ^ clk (in)
                                         clk (net)
                  0.00    0.00    0.00 ^ clkbuf_0_clk/A (sky130_fd_sc_hd__clkbuf_16)
     2    0.02    0.03    0.08    0.08 ^ clkbuf_0_clk/X (sky130_fd_sc_hd__clkbuf_16)
                                         clknet_0_clk (net)
                  0.03    0.00    0.08 ^ clkbuf_1_0__f_clk/A (sky130_fd_sc_hd__clkbuf_16)
     6    0.03    0.04    0.09    0.17 ^ clkbuf_1_0__f_clk/X (sky130_fd_sc_hd__clkbuf_16)
                                         clknet_1_0__leaf_clk (net)
                  0.04    0.00    0.17 ^ _72_/CLK (sky130_fd_sc_hd__dfxtp_2)
     3    0.04    0.15    0.28    0.45 ^ _72_/Q (sky130_fd_sc_hd__dfxtp_2)
                                         display_inst.clk_div[2] (net)
                  0.15    0.00    0.46 ^ _52_/C (sky130_fd_sc_hd__and4_1)
     1    0.01    0.10    0.17    0.63 ^ _52_/X (sky130_fd_sc_hd__and4_1)
                                         _21_ (net)
                  0.10    0.00    0.63 ^ _53_/A (sky130_fd_sc_hd__buf_4)
     7    0.08    0.16    0.18    0.81 ^ _53_/X (sky130_fd_sc_hd__buf_4)
                                         _22_ (net)
                  0.17    0.01    0.82 ^ _62_/C (sky130_fd_sc_hd__and4_2)
     2    0.02    0.10    0.20    1.02 ^ _62_/X (sky130_fd_sc_hd__and4_2)
                                         _27_ (net)
                  0.10    0.00    1.02 ^ _64_/A_N (sky130_fd_sc_hd__and2b_1)
     1    0.01    0.05    0.14    1.16 v _64_/X (sky130_fd_sc_hd__and2b_1)
                                         _29_ (net)
                  0.05    0.00    1.16 v _65_/A (sky130_fd_sc_hd__clkbuf_1)
     1    0.01    0.04    0.08    1.24 v _65_/X (sky130_fd_sc_hd__clkbuf_1)
                                         _07_ (net)
                  0.04    0.00    1.24 v _77_/D (sky130_fd_sc_hd__dfxtp_1)
                                  1.24   data arrival time

                         10.00   10.00   clock core_clock (rise edge)
                          0.00   10.00   clock source latency
     1    0.03    0.00    0.00   10.00 ^ clk (in)
                                         clk (net)
                  0.00    0.00   10.00 ^ clkbuf_0_clk/A (sky130_fd_sc_hd__clkbuf_16)
     2    0.02    0.03    0.08   10.08 ^ clkbuf_0_clk/X (sky130_fd_sc_hd__clkbuf_16)
                                         clknet_0_clk (net)
                  0.03    0.00   10.08 ^ clkbuf_1_0__f_clk/A (sky130_fd_sc_hd__clkbuf_16)
     6    0.03    0.04    0.09   10.17 ^ clkbuf_1_0__f_clk/X (sky130_fd_sc_hd__clkbuf_16)
                                         clknet_1_0__leaf_clk (net)
                  0.04    0.00   10.17 ^ _77_/CLK (sky130_fd_sc_hd__dfxtp_1)
                          0.00   10.17   clock reconvergence pessimism
                         -0.07   10.10   library setup time
                                 10.10   data required time
-----------------------------------------------------------------------------
                                 10.10   data required time
                                 -1.24   data arrival time
-----------------------------------------------------------------------------
                                  8.86   slack (MET)


Startpoint: _72_ (rising edge-triggered flip-flop clocked by core_clock)
Endpoint: _76_ (rising edge-triggered flip-flop clocked by core_clock)
Path Group: core_clock
Path Type: max
Corner: Fastest

Fanout     Cap    Slew   Delay    Time   Description
-----------------------------------------------------------------------------
                          0.00    0.00   clock core_clock (rise edge)
                          0.00    0.00   clock source latency
     1    0.03    0.00    0.00    0.00 ^ clk (in)
                                         clk (net)
                  0.00    0.00    0.00 ^ clkbuf_0_clk/A (sky130_fd_sc_hd__clkbuf_16)
     2    0.02    0.03    0.08    0.08 ^ clkbuf_0_clk/X (sky130_fd_sc_hd__clkbuf_16)
                                         clknet_0_clk (net)
                  0.03    0.00    0.08 ^ clkbuf_1_0__f_clk/A (sky130_fd_sc_hd__clkbuf_16)
     6    0.03    0.04    0.09    0.17 ^ clkbuf_1_0__f_clk/X (sky130_fd_sc_hd__clkbuf_16)
                                         clknet_1_0__leaf_clk (net)
                  0.04    0.00    0.17 ^ _72_/CLK (sky130_fd_sc_hd__dfxtp_2)
     3    0.04    0.15    0.28    0.45 ^ _72_/Q (sky130_fd_sc_hd__dfxtp_2)
                                         display_inst.clk_div[2] (net)
                  0.15    0.00    0.46 ^ _52_/C (sky130_fd_sc_hd__and4_1)
     1    0.01    0.10    0.17    0.63 ^ _52_/X (sky130_fd_sc_hd__and4_1)
                                         _21_ (net)
                  0.10    0.00    0.63 ^ _53_/A (sky130_fd_sc_hd__buf_4)
     7    0.08    0.16    0.18    0.81 ^ _53_/X (sky130_fd_sc_hd__buf_4)
                                         _22_ (net)
                  0.17    0.01    0.82 ^ _57_/C (sky130_fd_sc_hd__and3_2)
     3    0.04    0.16    0.23    1.05 ^ _57_/X (sky130_fd_sc_hd__and3_2)
                                         _24_ (net)
                  0.16    0.00    1.05 ^ _60_/B (sky130_fd_sc_hd__xor2_1)
     1    0.01    0.17    0.16    1.21 ^ _60_/X (sky130_fd_sc_hd__xor2_1)
                                         _06_ (net)
                  0.17    0.00    1.21 ^ _76_/D (sky130_fd_sc_hd__dfxtp_2)
                                  1.21   data arrival time

                         10.00   10.00   clock core_clock (rise edge)
                          0.00   10.00   clock source latency
     1    0.03    0.00    0.00   10.00 ^ clk (in)
                                         clk (net)
                  0.00    0.00   10.00 ^ clkbuf_0_clk/A (sky130_fd_sc_hd__clkbuf_16)
     2    0.02    0.03    0.08   10.08 ^ clkbuf_0_clk/X (sky130_fd_sc_hd__clkbuf_16)
                                         clknet_0_clk (net)
                  0.03    0.00   10.08 ^ clkbuf_1_1__f_clk/A (sky130_fd_sc_hd__clkbuf_16)
     4    0.04    0.04    0.10   10.17 ^ clkbuf_1_1__f_clk/X (sky130_fd_sc_hd__clkbuf_16)
                                         clknet_1_1__leaf_clk (net)
                  0.04    0.00   10.17 ^ _76_/CLK (sky130_fd_sc_hd__dfxtp_2)
                          0.00   10.17   clock reconvergence pessimism
                         -0.04   10.13   library setup time
                                 10.13   data required time
-----------------------------------------------------------------------------
                                 10.13   data required time
                                 -1.21   data arrival time
-----------------------------------------------------------------------------
                                  8.92   slack (MET)


Startpoint: _72_ (rising edge-triggered flip-flop clocked by core_clock)
Endpoint: _78_ (rising edge-triggered flip-flop clocked by core_clock)
Path Group: core_clock
Path Type: max
Corner: Fastest

Fanout     Cap    Slew   Delay    Time   Description
-----------------------------------------------------------------------------
                          0.00    0.00   clock core_clock (rise edge)
                          0.00    0.00   clock source latency
     1    0.03    0.00    0.00    0.00 ^ clk (in)
                                         clk (net)
                  0.00    0.00    0.00 ^ clkbuf_0_clk/A (sky130_fd_sc_hd__clkbuf_16)
     2    0.02    0.03    0.08    0.08 ^ clkbuf_0_clk/X (sky130_fd_sc_hd__clkbuf_16)
                                         clknet_0_clk (net)
                  0.03    0.00    0.08 ^ clkbuf_1_0__f_clk/A (sky130_fd_sc_hd__clkbuf_16)
     6    0.03    0.04    0.09    0.17 ^ clkbuf_1_0__f_clk/X (sky130_fd_sc_hd__clkbuf_16)
                                         clknet_1_0__leaf_clk (net)
                  0.04    0.00    0.17 ^ _72_/CLK (sky130_fd_sc_hd__dfxtp_2)
     3    0.04    0.15    0.28    0.45 ^ _72_/Q (sky130_fd_sc_hd__dfxtp_2)
                                         display_inst.clk_div[2] (net)
                  0.15    0.00    0.46 ^ _52_/C (sky130_fd_sc_hd__and4_1)
     1    0.01    0.10    0.17    0.63 ^ _52_/X (sky130_fd_sc_hd__and4_1)
                                         _21_ (net)
                  0.10    0.00    0.63 ^ _53_/A (sky130_fd_sc_hd__buf_4)
     7    0.08    0.16    0.18    0.81 ^ _53_/X (sky130_fd_sc_hd__buf_4)
                                         _22_ (net)
                  0.17    0.01    0.82 ^ _62_/C (sky130_fd_sc_hd__and4_2)
     2    0.02    0.10    0.20    1.02 ^ _62_/X (sky130_fd_sc_hd__and4_2)
                                         _27_ (net)
                  0.10    0.00    1.02 ^ _66_/B (sky130_fd_sc_hd__xor2_1)
     1    0.01    0.17    0.16    1.18 ^ _66_/X (sky130_fd_sc_hd__xor2_1)
                                         _08_ (net)
                  0.17    0.00    1.18 ^ _78_/D (sky130_fd_sc_hd__dfxtp_2)
                                  1.18   data arrival time

                         10.00   10.00   clock core_clock (rise edge)
                          0.00   10.00   clock source latency
     1    0.03    0.00    0.00   10.00 ^ clk (in)
                                         clk (net)
                  0.00    0.00   10.00 ^ clkbuf_0_clk/A (sky130_fd_sc_hd__clkbuf_16)
     2    0.02    0.03    0.08   10.08 ^ clkbuf_0_clk/X (sky130_fd_sc_hd__clkbuf_16)
                                         clknet_0_clk (net)
                  0.03    0.00   10.08 ^ clkbuf_1_0__f_clk/A (sky130_fd_sc_hd__clkbuf_16)
     6    0.03    0.04    0.09   10.17 ^ clkbuf_1_0__f_clk/X (sky130_fd_sc_hd__clkbuf_16)
                                         clknet_1_0__leaf_clk (net)
                  0.04    0.00   10.17 ^ _78_/CLK (sky130_fd_sc_hd__dfxtp_2)
                          0.00   10.17   clock reconvergence pessimism
                         -0.04   10.13   library setup time
                                 10.13   data required time
-----------------------------------------------------------------------------
                                 10.13   data required time
                                 -1.18   data arrival time
-----------------------------------------------------------------------------
                                  8.95   slack (MET)


Startpoint: _72_ (rising edge-triggered flip-flop clocked by core_clock)
Endpoint: _75_ (rising edge-triggered flip-flop clocked by core_clock)
Path Group: core_clock
Path Type: max
Corner: Fastest

Fanout     Cap    Slew   Delay    Time   Description
-----------------------------------------------------------------------------
                          0.00    0.00   clock core_clock (rise edge)
                          0.00    0.00   clock source latency
     1    0.03    0.00    0.00    0.00 ^ clk (in)
                                         clk (net)
                  0.00    0.00    0.00 ^ clkbuf_0_clk/A (sky130_fd_sc_hd__clkbuf_16)
     2    0.02    0.03    0.08    0.08 ^ clkbuf_0_clk/X (sky130_fd_sc_hd__clkbuf_16)
                                         clknet_0_clk (net)
                  0.03    0.00    0.08 ^ clkbuf_1_0__f_clk/A (sky130_fd_sc_hd__clkbuf_16)
     6    0.03    0.04    0.09    0.17 ^ clkbuf_1_0__f_clk/X (sky130_fd_sc_hd__clkbuf_16)
                                         clknet_1_0__leaf_clk (net)
                  0.04    0.00    0.17 ^ _72_/CLK (sky130_fd_sc_hd__dfxtp_2)
     3    0.04    0.15    0.28    0.45 ^ _72_/Q (sky130_fd_sc_hd__dfxtp_2)
                                         display_inst.clk_div[2] (net)
                  0.15    0.00    0.46 ^ _52_/C (sky130_fd_sc_hd__and4_1)
     1    0.01    0.10    0.17    0.63 ^ _52_/X (sky130_fd_sc_hd__and4_1)
                                         _21_ (net)
                  0.10    0.00    0.63 ^ _53_/A (sky130_fd_sc_hd__buf_4)
     7    0.08    0.16    0.18    0.81 ^ _53_/X (sky130_fd_sc_hd__buf_4)
                                         _22_ (net)
                  0.17    0.01    0.82 ^ _57_/C (sky130_fd_sc_hd__and3_2)
     3    0.04    0.16    0.23    1.05 ^ _57_/X (sky130_fd_sc_hd__and3_2)
                                         _24_ (net)
                  0.16    0.00    1.05 ^ _59_/A (sky130_fd_sc_hd__nor2_1)
     1    0.02    0.08    0.08    1.13 v _59_/Y (sky130_fd_sc_hd__nor2_1)
                                         _05_ (net)
                  0.08    0.00    1.13 v _75_/D (sky130_fd_sc_hd__dfxtp_2)
                                  1.13   data arrival time

                         10.00   10.00   clock core_clock (rise edge)
                          0.00   10.00   clock source latency
     1    0.03    0.00    0.00   10.00 ^ clk (in)
                                         clk (net)
                  0.00    0.00   10.00 ^ clkbuf_0_clk/A (sky130_fd_sc_hd__clkbuf_16)
     2    0.02    0.03    0.08   10.08 ^ clkbuf_0_clk/X (sky130_fd_sc_hd__clkbuf_16)
                                         clknet_0_clk (net)
                  0.03    0.00   10.08 ^ clkbuf_1_0__f_clk/A (sky130_fd_sc_hd__clkbuf_16)
     6    0.03    0.04    0.09   10.17 ^ clkbuf_1_0__f_clk/X (sky130_fd_sc_hd__clkbuf_16)
                                         clknet_1_0__leaf_clk (net)
                  0.04    0.00   10.17 ^ _75_/CLK (sky130_fd_sc_hd__dfxtp_2)
                          0.00   10.17   clock reconvergence pessimism
                         -0.09   10.08   library setup time
                                 10.08   data required time
-----------------------------------------------------------------------------
                                 10.08   data required time
                                 -1.13   data arrival time
-----------------------------------------------------------------------------
                                  8.95   slack (MET)


Startpoint: _72_ (rising edge-triggered flip-flop clocked by core_clock)
Endpoint: _74_ (rising edge-triggered flip-flop clocked by core_clock)
Path Group: core_clock
Path Type: max
Corner: Fastest

Fanout     Cap    Slew   Delay    Time   Description
-----------------------------------------------------------------------------
                          0.00    0.00   clock core_clock (rise edge)
                          0.00    0.00   clock source latency
     1    0.03    0.00    0.00    0.00 ^ clk (in)
                                         clk (net)
                  0.00    0.00    0.00 ^ clkbuf_0_clk/A (sky130_fd_sc_hd__clkbuf_16)
     2    0.02    0.03    0.08    0.08 ^ clkbuf_0_clk/X (sky130_fd_sc_hd__clkbuf_16)
                                         clknet_0_clk (net)
                  0.03    0.00    0.08 ^ clkbuf_1_0__f_clk/A (sky130_fd_sc_hd__clkbuf_16)
     6    0.03    0.04    0.09    0.17 ^ clkbuf_1_0__f_clk/X (sky130_fd_sc_hd__clkbuf_16)
                                         clknet_1_0__leaf_clk (net)
                  0.04    0.00    0.17 ^ _72_/CLK (sky130_fd_sc_hd__dfxtp_2)
     3    0.04    0.15    0.28    0.45 ^ _72_/Q (sky130_fd_sc_hd__dfxtp_2)
                                         display_inst.clk_div[2] (net)
                  0.15    0.00    0.46 ^ _52_/C (sky130_fd_sc_hd__and4_1)
     1    0.01    0.10    0.17    0.63 ^ _52_/X (sky130_fd_sc_hd__and4_1)
                                         _21_ (net)
                  0.10    0.00    0.63 ^ _53_/A (sky130_fd_sc_hd__buf_4)
     7    0.08    0.16    0.18    0.81 ^ _53_/X (sky130_fd_sc_hd__buf_4)
                                         _22_ (net)
                  0.16    0.00    0.81 ^ _56_/B (sky130_fd_sc_hd__xor2_2)
     2    0.02    0.22    0.19    1.00 ^ _56_/X (sky130_fd_sc_hd__xor2_2)
                                         _04_ (net)
                  0.22    0.00    1.01 ^ _74_/D (sky130_fd_sc_hd__dfxtp_4)
                                  1.01   data arrival time

                         10.00   10.00   clock core_clock (rise edge)
                          0.00   10.00   clock source latency
     1    0.03    0.00    0.00   10.00 ^ clk (in)
                                         clk (net)
                  0.00    0.00   10.00 ^ clkbuf_0_clk/A (sky130_fd_sc_hd__clkbuf_16)
     2    0.02    0.03    0.08   10.08 ^ clkbuf_0_clk/X (sky130_fd_sc_hd__clkbuf_16)
                                         clknet_0_clk (net)
                  0.03    0.00   10.08 ^ clkbuf_1_1__f_clk/A (sky130_fd_sc_hd__clkbuf_16)
     4    0.04    0.04    0.10   10.17 ^ clkbuf_1_1__f_clk/X (sky130_fd_sc_hd__clkbuf_16)
                                         clknet_1_1__leaf_clk (net)
                  0.04    0.00   10.17 ^ _74_/CLK (sky130_fd_sc_hd__dfxtp_4)
                          0.00   10.17   clock reconvergence pessimism
                         -0.05   10.12   library setup time
                                 10.12   data required time
-----------------------------------------------------------------------------
                                 10.12   data required time
                                 -1.01   data arrival time
-----------------------------------------------------------------------------
                                  9.12   slack (MET)


Startpoint: _73_ (rising edge-triggered flip-flop clocked by core_clock)
Endpoint: _73_ (rising edge-triggered flip-flop clocked by core_clock)
Path Group: core_clock
Path Type: max
Corner: Fastest

Fanout     Cap    Slew   Delay    Time   Description
-----------------------------------------------------------------------------
                          0.00    0.00   clock core_clock (rise edge)
                          0.00    0.00   clock source latency
     1    0.03    0.00    0.00    0.00 ^ clk (in)
                                         clk (net)
                  0.00    0.00    0.00 ^ clkbuf_0_clk/A (sky130_fd_sc_hd__clkbuf_16)
     2    0.02    0.03    0.08    0.08 ^ clkbuf_0_clk/X (sky130_fd_sc_hd__clkbuf_16)
                                         clknet_0_clk (net)
                  0.03    0.00    0.08 ^ clkbuf_1_1__f_clk/A (sky130_fd_sc_hd__clkbuf_16)
     4    0.04    0.04    0.10    0.17 ^ clkbuf_1_1__f_clk/X (sky130_fd_sc_hd__clkbuf_16)
                                         clknet_1_1__leaf_clk (net)
                  0.04    0.00    0.17 ^ _73_/CLK (sky130_fd_sc_hd__dfxtp_2)
     2    0.03    0.06    0.24    0.42 v _73_/Q (sky130_fd_sc_hd__dfxtp_2)
                                         display_inst.clk_div[3] (net)
                  0.06    0.00    0.42 v _52_/D (sky130_fd_sc_hd__and4_1)
     1    0.01    0.05    0.17    0.59 v _52_/X (sky130_fd_sc_hd__and4_1)
                                         _21_ (net)
                  0.05    0.00    0.59 v _53_/A (sky130_fd_sc_hd__buf_4)
     7    0.08    0.07    0.15    0.73 v _53_/X (sky130_fd_sc_hd__buf_4)
                                         _22_ (net)
                  0.08    0.01    0.74 v _55_/A (sky130_fd_sc_hd__nor2_2)
     2    0.03    0.21    0.20    0.95 ^ _55_/Y (sky130_fd_sc_hd__nor2_2)
                                         _03_ (net)
                  0.21    0.00    0.95 ^ _73_/D (sky130_fd_sc_hd__dfxtp_2)
                                  0.95   data arrival time

                         10.00   10.00   clock core_clock (rise edge)
                          0.00   10.00   clock source latency
     1    0.03    0.00    0.00   10.00 ^ clk (in)
                                         clk (net)
                  0.00    0.00   10.00 ^ clkbuf_0_clk/A (sky130_fd_sc_hd__clkbuf_16)
     2    0.02    0.03    0.08   10.08 ^ clkbuf_0_clk/X (sky130_fd_sc_hd__clkbuf_16)
                                         clknet_0_clk (net)
                  0.03    0.00   10.08 ^ clkbuf_1_1__f_clk/A (sky130_fd_sc_hd__clkbuf_16)
     4    0.04    0.04    0.10   10.17 ^ clkbuf_1_1__f_clk/X (sky130_fd_sc_hd__clkbuf_16)
                                         clknet_1_1__leaf_clk (net)
                  0.04    0.00   10.17 ^ _73_/CLK (sky130_fd_sc_hd__dfxtp_2)
                          0.00   10.17   clock reconvergence pessimism
                         -0.05   10.13   library setup time
                                 10.13   data required time
-----------------------------------------------------------------------------
                                 10.13   data required time
                                 -0.95   data arrival time
-----------------------------------------------------------------------------
                                  9.18   slack (MET)


Startpoint: _72_ (rising edge-triggered flip-flop clocked by core_clock)
Endpoint: _72_ (rising edge-triggered flip-flop clocked by core_clock)
Path Group: core_clock
Path Type: max
Corner: Fastest

Fanout     Cap    Slew   Delay    Time   Description
-----------------------------------------------------------------------------
                          0.00    0.00   clock core_clock (rise edge)
                          0.00    0.00   clock source latency
     1    0.03    0.00    0.00    0.00 ^ clk (in)
                                         clk (net)
                  0.00    0.00    0.00 ^ clkbuf_0_clk/A (sky130_fd_sc_hd__clkbuf_16)
     2    0.02    0.03    0.08    0.08 ^ clkbuf_0_clk/X (sky130_fd_sc_hd__clkbuf_16)
                                         clknet_0_clk (net)
                  0.03    0.00    0.08 ^ clkbuf_1_0__f_clk/A (sky130_fd_sc_hd__clkbuf_16)
     6    0.03    0.04    0.09    0.17 ^ clkbuf_1_0__f_clk/X (sky130_fd_sc_hd__clkbuf_16)
                                         clknet_1_0__leaf_clk (net)
                  0.04    0.00    0.17 ^ _72_/CLK (sky130_fd_sc_hd__dfxtp_2)
     3    0.04    0.07    0.24    0.41 v _72_/Q (sky130_fd_sc_hd__dfxtp_2)
                                         display_inst.clk_div[2] (net)
                  0.07    0.00    0.42 v _49_/C (sky130_fd_sc_hd__and3_1)
     2    0.02    0.08    0.18    0.60 v _49_/X (sky130_fd_sc_hd__and3_1)
                                         _19_ (net)
                  0.08    0.00    0.60 v _51_/A (sky130_fd_sc_hd__nor2_2)
     1    0.03    0.26    0.23    0.83 ^ _51_/Y (sky130_fd_sc_hd__nor2_2)
                                         _02_ (net)
                  0.26    0.00    0.83 ^ _72_/D (sky130_fd_sc_hd__dfxtp_2)
                                  0.83   data arrival time

                         10.00   10.00   clock core_clock (rise edge)
                          0.00   10.00   clock source latency
     1    0.03    0.00    0.00   10.00 ^ clk (in)
                                         clk (net)
                  0.00    0.00   10.00 ^ clkbuf_0_clk/A (sky130_fd_sc_hd__clkbuf_16)
     2    0.02    0.03    0.08   10.08 ^ clkbuf_0_clk/X (sky130_fd_sc_hd__clkbuf_16)
                                         clknet_0_clk (net)
                  0.03    0.00   10.08 ^ clkbuf_1_0__f_clk/A (sky130_fd_sc_hd__clkbuf_16)
     6    0.03    0.04    0.09   10.17 ^ clkbuf_1_0__f_clk/X (sky130_fd_sc_hd__clkbuf_16)
                                         clknet_1_0__leaf_clk (net)
                  0.04    0.00   10.17 ^ _72_/CLK (sky130_fd_sc_hd__dfxtp_2)
                          0.00   10.17   clock reconvergence pessimism
                         -0.05   10.12   library setup time
                                 10.12   data required time
-----------------------------------------------------------------------------
                                 10.12   data required time
                                 -0.83   data arrival time
-----------------------------------------------------------------------------
                                  9.28   slack (MET)


Startpoint: _70_ (rising edge-triggered flip-flop clocked by core_clock)
Endpoint: _71_ (rising edge-triggered flip-flop clocked by core_clock)
Path Group: core_clock
Path Type: max
Corner: Fastest

Fanout     Cap    Slew   Delay    Time   Description
-----------------------------------------------------------------------------
                          0.00    0.00   clock core_clock (rise edge)
                          0.00    0.00   clock source latency
     1    0.03    0.00    0.00    0.00 ^ clk (in)
                                         clk (net)
                  0.00    0.00    0.00 ^ clkbuf_0_clk/A (sky130_fd_sc_hd__clkbuf_16)
     2    0.02    0.03    0.08    0.08 ^ clkbuf_0_clk/X (sky130_fd_sc_hd__clkbuf_16)
                                         clknet_0_clk (net)
                  0.03    0.00    0.08 ^ clkbuf_1_0__f_clk/A (sky130_fd_sc_hd__clkbuf_16)
     6    0.03    0.04    0.09    0.17 ^ clkbuf_1_0__f_clk/X (sky130_fd_sc_hd__clkbuf_16)
                                         clknet_1_0__leaf_clk (net)
                  0.04    0.00    0.17 ^ _70_/CLK (sky130_fd_sc_hd__dfxtp_4)
     6    0.06    0.07    0.26    0.43 v _70_/Q (sky130_fd_sc_hd__dfxtp_4)
                                         display_inst.clk_div[0] (net)
                  0.07    0.00    0.43 v _48_/A (sky130_fd_sc_hd__xor2_2)
     2    0.02    0.18    0.19    0.62 ^ _48_/X (sky130_fd_sc_hd__xor2_2)
                                         _01_ (net)
                  0.18    0.00    0.62 ^ _71_/D (sky130_fd_sc_hd__dfxtp_4)
                                  0.62   data arrival time

                         10.00   10.00   clock core_clock (rise edge)
                          0.00   10.00   clock source latency
     1    0.03    0.00    0.00   10.00 ^ clk (in)
                                         clk (net)
                  0.00    0.00   10.00 ^ clkbuf_0_clk/A (sky130_fd_sc_hd__clkbuf_16)
     2    0.02    0.03    0.08   10.08 ^ clkbuf_0_clk/X (sky130_fd_sc_hd__clkbuf_16)
                                         clknet_0_clk (net)
                  0.03    0.00   10.08 ^ clkbuf_1_0__f_clk/A (sky130_fd_sc_hd__clkbuf_16)
     6    0.03    0.04    0.09   10.17 ^ clkbuf_1_0__f_clk/X (sky130_fd_sc_hd__clkbuf_16)
                                         clknet_1_0__leaf_clk (net)
                  0.04    0.00   10.17 ^ _71_/CLK (sky130_fd_sc_hd__dfxtp_4)
                          0.00   10.17   clock reconvergence pessimism
                         -0.05   10.12   library setup time
                                 10.12   data required time
-----------------------------------------------------------------------------
                                 10.12   data required time
                                 -0.62   data arrival time
-----------------------------------------------------------------------------
                                  9.50   slack (MET)


Startpoint: _70_ (rising edge-triggered flip-flop clocked by core_clock)
Endpoint: _70_ (rising edge-triggered flip-flop clocked by core_clock)
Path Group: core_clock
Path Type: max
Corner: Fastest

Fanout     Cap    Slew   Delay    Time   Description
-----------------------------------------------------------------------------
                          0.00    0.00   clock core_clock (rise edge)
                          0.00    0.00   clock source latency
     1    0.03    0.00    0.00    0.00 ^ clk (in)
                                         clk (net)
                  0.00    0.00    0.00 ^ clkbuf_0_clk/A (sky130_fd_sc_hd__clkbuf_16)
     2    0.02    0.03    0.08    0.08 ^ clkbuf_0_clk/X (sky130_fd_sc_hd__clkbuf_16)
                                         clknet_0_clk (net)
                  0.03    0.00    0.08 ^ clkbuf_1_0__f_clk/A (sky130_fd_sc_hd__clkbuf_16)
     6    0.03    0.04    0.09    0.17 ^ clkbuf_1_0__f_clk/X (sky130_fd_sc_hd__clkbuf_16)
                                         clknet_1_0__leaf_clk (net)
                  0.04    0.00    0.17 ^ _70_/CLK (sky130_fd_sc_hd__dfxtp_4)
     6    0.06    0.13    0.28    0.46 ^ _70_/Q (sky130_fd_sc_hd__dfxtp_4)
                                         display_inst.clk_div[0] (net)
                  0.13    0.00    0.46 ^ _47_/A (sky130_fd_sc_hd__inv_2)
     1    0.01    0.04    0.03    0.49 v _47_/Y (sky130_fd_sc_hd__inv_2)
                                         _00_ (net)
                  0.04    0.00    0.49 v _70_/D (sky130_fd_sc_hd__dfxtp_4)
                                  0.49   data arrival time

                         10.00   10.00   clock core_clock (rise edge)
                          0.00   10.00   clock source latency
     1    0.03    0.00    0.00   10.00 ^ clk (in)
                                         clk (net)
                  0.00    0.00   10.00 ^ clkbuf_0_clk/A (sky130_fd_sc_hd__clkbuf_16)
     2    0.02    0.03    0.08   10.08 ^ clkbuf_0_clk/X (sky130_fd_sc_hd__clkbuf_16)
                                         clknet_0_clk (net)
                  0.03    0.00   10.08 ^ clkbuf_1_0__f_clk/A (sky130_fd_sc_hd__clkbuf_16)
     6    0.03    0.04    0.09   10.17 ^ clkbuf_1_0__f_clk/X (sky130_fd_sc_hd__clkbuf_16)
                                         clknet_1_0__leaf_clk (net)
                  0.04    0.00   10.17 ^ _70_/CLK (sky130_fd_sc_hd__dfxtp_4)
                          0.00   10.17   clock reconvergence pessimism
                         -0.07   10.10   library setup time
                                 10.10   data required time
-----------------------------------------------------------------------------
                                 10.10   data required time
                                 -0.49   data arrival time
-----------------------------------------------------------------------------
                                  9.61   slack (MET)



worst slack corner Fastest: 8.8564
======================= Slowest Corner ===================================

Startpoint: _72_ (rising edge-triggered flip-flop clocked by core_clock)
Endpoint: _77_ (rising edge-triggered flip-flop clocked by core_clock)
Path Group: core_clock
Path Type: max
Corner: Slowest

Fanout     Cap    Slew   Delay    Time   Description
-----------------------------------------------------------------------------
                          0.00    0.00   clock core_clock (rise edge)
                          0.00    0.00   clock source latency
     1    0.03    0.00    0.00    0.00 ^ clk (in)
                                         clk (net)
                  0.00    0.00    0.00 ^ clkbuf_0_clk/A (sky130_fd_sc_hd__clkbuf_16)
     2    0.02    0.07    0.20    0.20 ^ clkbuf_0_clk/X (sky130_fd_sc_hd__clkbuf_16)
                                         clknet_0_clk (net)
                  0.07    0.00    0.20 ^ clkbuf_1_0__f_clk/A (sky130_fd_sc_hd__clkbuf_16)
     6    0.03    0.08    0.23    0.43 ^ clkbuf_1_0__f_clk/X (sky130_fd_sc_hd__clkbuf_16)
                                         clknet_1_0__leaf_clk (net)
                  0.08    0.00    0.43 ^ _72_/CLK (sky130_fd_sc_hd__dfxtp_2)
     3    0.04    0.32    0.85    1.28 ^ _72_/Q (sky130_fd_sc_hd__dfxtp_2)
                                         display_inst.clk_div[2] (net)
                  0.32    0.00    1.28 ^ _52_/C (sky130_fd_sc_hd__and4_1)
     1    0.01    0.23    0.59    1.87 ^ _52_/X (sky130_fd_sc_hd__and4_1)
                                         _21_ (net)
                  0.23    0.00    1.87 ^ _53_/A (sky130_fd_sc_hd__buf_4)
     7    0.08    0.35    0.48    2.35 ^ _53_/X (sky130_fd_sc_hd__buf_4)
                                         _22_ (net)
                  0.35    0.01    2.36 ^ _62_/C (sky130_fd_sc_hd__and4_2)
     2    0.02    0.25    0.71    3.07 ^ _62_/X (sky130_fd_sc_hd__and4_2)
                                         _27_ (net)
                  0.25    0.00    3.07 ^ _64_/A_N (sky130_fd_sc_hd__and2b_1)
     1    0.01    0.13    0.50    3.57 v _64_/X (sky130_fd_sc_hd__and2b_1)
                                         _29_ (net)
                  0.13    0.00    3.57 v _65_/A (sky130_fd_sc_hd__clkbuf_1)
     1    0.01    0.10    0.23    3.81 v _65_/X (sky130_fd_sc_hd__clkbuf_1)
                                         _07_ (net)
                  0.10    0.00    3.81 v _77_/D (sky130_fd_sc_hd__dfxtp_1)
                                  3.81   data arrival time

                         10.00   10.00   clock core_clock (rise edge)
                          0.00   10.00   clock source latency
     1    0.03    0.00    0.00   10.00 ^ clk (in)
                                         clk (net)
                  0.00    0.00   10.00 ^ clkbuf_0_clk/A (sky130_fd_sc_hd__clkbuf_16)
     2    0.02    0.07    0.20   10.20 ^ clkbuf_0_clk/X (sky130_fd_sc_hd__clkbuf_16)
                                         clknet_0_clk (net)
                  0.07    0.00   10.20 ^ clkbuf_1_0__f_clk/A (sky130_fd_sc_hd__clkbuf_16)
     6    0.03    0.08    0.23   10.43 ^ clkbuf_1_0__f_clk/X (sky130_fd_sc_hd__clkbuf_16)
                                         clknet_1_0__leaf_clk (net)
                  0.08    0.00   10.43 ^ _77_/CLK (sky130_fd_sc_hd__dfxtp_1)
                          0.00   10.43   clock reconvergence pessimism
                         -0.28   10.15   library setup time
                                 10.15   data required time
-----------------------------------------------------------------------------
                                 10.15   data required time
                                 -3.81   data arrival time
-----------------------------------------------------------------------------
                                  6.34   slack (MET)


Startpoint: _72_ (rising edge-triggered flip-flop clocked by core_clock)
Endpoint: _76_ (rising edge-triggered flip-flop clocked by core_clock)
Path Group: core_clock
Path Type: max
Corner: Slowest

Fanout     Cap    Slew   Delay    Time   Description
-----------------------------------------------------------------------------
                          0.00    0.00   clock core_clock (rise edge)
                          0.00    0.00   clock source latency
     1    0.03    0.00    0.00    0.00 ^ clk (in)
                                         clk (net)
                  0.00    0.00    0.00 ^ clkbuf_0_clk/A (sky130_fd_sc_hd__clkbuf_16)
     2    0.02    0.07    0.20    0.20 ^ clkbuf_0_clk/X (sky130_fd_sc_hd__clkbuf_16)
                                         clknet_0_clk (net)
                  0.07    0.00    0.20 ^ clkbuf_1_0__f_clk/A (sky130_fd_sc_hd__clkbuf_16)
     6    0.03    0.08    0.23    0.43 ^ clkbuf_1_0__f_clk/X (sky130_fd_sc_hd__clkbuf_16)
                                         clknet_1_0__leaf_clk (net)
                  0.08    0.00    0.43 ^ _72_/CLK (sky130_fd_sc_hd__dfxtp_2)
     3    0.04    0.32    0.85    1.28 ^ _72_/Q (sky130_fd_sc_hd__dfxtp_2)
                                         display_inst.clk_div[2] (net)
                  0.32    0.00    1.28 ^ _52_/C (sky130_fd_sc_hd__and4_1)
     1    0.01    0.23    0.59    1.87 ^ _52_/X (sky130_fd_sc_hd__and4_1)
                                         _21_ (net)
                  0.23    0.00    1.87 ^ _53_/A (sky130_fd_sc_hd__buf_4)
     7    0.08    0.35    0.48    2.35 ^ _53_/X (sky130_fd_sc_hd__buf_4)
                                         _22_ (net)
                  0.35    0.01    2.36 ^ _57_/C (sky130_fd_sc_hd__and3_2)
     3    0.04    0.37    0.71    3.07 ^ _57_/X (sky130_fd_sc_hd__and3_2)
                                         _24_ (net)
                  0.37    0.00    3.07 ^ _60_/B (sky130_fd_sc_hd__xor2_1)
     1    0.01    0.39    0.50    3.57 ^ _60_/X (sky130_fd_sc_hd__xor2_1)
                                         _06_ (net)
                  0.39    0.00    3.57 ^ _76_/D (sky130_fd_sc_hd__dfxtp_2)
                                  3.57   data arrival time

                         10.00   10.00   clock core_clock (rise edge)
                          0.00   10.00   clock source latency
     1    0.03    0.00    0.00   10.00 ^ clk (in)
                                         clk (net)
                  0.00    0.00   10.00 ^ clkbuf_0_clk/A (sky130_fd_sc_hd__clkbuf_16)
     2    0.02    0.07    0.20   10.20 ^ clkbuf_0_clk/X (sky130_fd_sc_hd__clkbuf_16)
                                         clknet_0_clk (net)
                  0.07    0.00   10.20 ^ clkbuf_1_1__f_clk/A (sky130_fd_sc_hd__clkbuf_16)
     4    0.04    0.09    0.24   10.44 ^ clkbuf_1_1__f_clk/X (sky130_fd_sc_hd__clkbuf_16)
                                         clknet_1_1__leaf_clk (net)
                  0.09    0.00   10.44 ^ _76_/CLK (sky130_fd_sc_hd__dfxtp_2)
                          0.00   10.44   clock reconvergence pessimism
                         -0.22   10.22   library setup time
                                 10.22   data required time
-----------------------------------------------------------------------------
                                 10.22   data required time
                                 -3.57   data arrival time
-----------------------------------------------------------------------------
                                  6.65   slack (MET)


Startpoint: _72_ (rising edge-triggered flip-flop clocked by core_clock)
Endpoint: _78_ (rising edge-triggered flip-flop clocked by core_clock)
Path Group: core_clock
Path Type: max
Corner: Slowest

Fanout     Cap    Slew   Delay    Time   Description
-----------------------------------------------------------------------------
                          0.00    0.00   clock core_clock (rise edge)
                          0.00    0.00   clock source latency
     1    0.03    0.00    0.00    0.00 ^ clk (in)
                                         clk (net)
                  0.00    0.00    0.00 ^ clkbuf_0_clk/A (sky130_fd_sc_hd__clkbuf_16)
     2    0.02    0.07    0.20    0.20 ^ clkbuf_0_clk/X (sky130_fd_sc_hd__clkbuf_16)
                                         clknet_0_clk (net)
                  0.07    0.00    0.20 ^ clkbuf_1_0__f_clk/A (sky130_fd_sc_hd__clkbuf_16)
     6    0.03    0.08    0.23    0.43 ^ clkbuf_1_0__f_clk/X (sky130_fd_sc_hd__clkbuf_16)
                                         clknet_1_0__leaf_clk (net)
                  0.08    0.00    0.43 ^ _72_/CLK (sky130_fd_sc_hd__dfxtp_2)
     3    0.04    0.32    0.85    1.28 ^ _72_/Q (sky130_fd_sc_hd__dfxtp_2)
                                         display_inst.clk_div[2] (net)
                  0.32    0.00    1.28 ^ _52_/C (sky130_fd_sc_hd__and4_1)
     1    0.01    0.23    0.59    1.87 ^ _52_/X (sky130_fd_sc_hd__and4_1)
                                         _21_ (net)
                  0.23    0.00    1.87 ^ _53_/A (sky130_fd_sc_hd__buf_4)
     7    0.08    0.35    0.48    2.35 ^ _53_/X (sky130_fd_sc_hd__buf_4)
                                         _22_ (net)
                  0.35    0.01    2.36 ^ _62_/C (sky130_fd_sc_hd__and4_2)
     2    0.02    0.25    0.71    3.07 ^ _62_/X (sky130_fd_sc_hd__and4_2)
                                         _27_ (net)
                  0.25    0.00    3.08 ^ _66_/B (sky130_fd_sc_hd__xor2_1)
     1    0.01    0.37    0.45    3.53 ^ _66_/X (sky130_fd_sc_hd__xor2_1)
                                         _08_ (net)
                  0.37    0.00    3.53 ^ _78_/D (sky130_fd_sc_hd__dfxtp_2)
                                  3.53   data arrival time

                         10.00   10.00   clock core_clock (rise edge)
                          0.00   10.00   clock source latency
     1    0.03    0.00    0.00   10.00 ^ clk (in)
                                         clk (net)
                  0.00    0.00   10.00 ^ clkbuf_0_clk/A (sky130_fd_sc_hd__clkbuf_16)
     2    0.02    0.07    0.20   10.20 ^ clkbuf_0_clk/X (sky130_fd_sc_hd__clkbuf_16)
                                         clknet_0_clk (net)
                  0.07    0.00   10.20 ^ clkbuf_1_0__f_clk/A (sky130_fd_sc_hd__clkbuf_16)
     6    0.03    0.08    0.23   10.43 ^ clkbuf_1_0__f_clk/X (sky130_fd_sc_hd__clkbuf_16)
                                         clknet_1_0__leaf_clk (net)
                  0.08    0.00   10.43 ^ _78_/CLK (sky130_fd_sc_hd__dfxtp_2)
                          0.00   10.43   clock reconvergence pessimism
                         -0.22   10.21   library setup time
                                 10.21   data required time
-----------------------------------------------------------------------------
                                 10.21   data required time
                                 -3.53   data arrival time
-----------------------------------------------------------------------------
                                  6.68   slack (MET)


Startpoint: _72_ (rising edge-triggered flip-flop clocked by core_clock)
Endpoint: _75_ (rising edge-triggered flip-flop clocked by core_clock)
Path Group: core_clock
Path Type: max
Corner: Slowest

Fanout     Cap    Slew   Delay    Time   Description
-----------------------------------------------------------------------------
                          0.00    0.00   clock core_clock (rise edge)
                          0.00    0.00   clock source latency
     1    0.03    0.00    0.00    0.00 ^ clk (in)
                                         clk (net)
                  0.00    0.00    0.00 ^ clkbuf_0_clk/A (sky130_fd_sc_hd__clkbuf_16)
     2    0.02    0.07    0.20    0.20 ^ clkbuf_0_clk/X (sky130_fd_sc_hd__clkbuf_16)
                                         clknet_0_clk (net)
                  0.07    0.00    0.20 ^ clkbuf_1_0__f_clk/A (sky130_fd_sc_hd__clkbuf_16)
     6    0.03    0.08    0.23    0.43 ^ clkbuf_1_0__f_clk/X (sky130_fd_sc_hd__clkbuf_16)
                                         clknet_1_0__leaf_clk (net)
                  0.08    0.00    0.43 ^ _72_/CLK (sky130_fd_sc_hd__dfxtp_2)
     3    0.04    0.32    0.85    1.28 ^ _72_/Q (sky130_fd_sc_hd__dfxtp_2)
                                         display_inst.clk_div[2] (net)
                  0.32    0.00    1.28 ^ _52_/C (sky130_fd_sc_hd__and4_1)
     1    0.01    0.23    0.59    1.87 ^ _52_/X (sky130_fd_sc_hd__and4_1)
                                         _21_ (net)
                  0.23    0.00    1.87 ^ _53_/A (sky130_fd_sc_hd__buf_4)
     7    0.08    0.35    0.48    2.35 ^ _53_/X (sky130_fd_sc_hd__buf_4)
                                         _22_ (net)
                  0.35    0.01    2.36 ^ _57_/C (sky130_fd_sc_hd__and3_2)
     3    0.04    0.37    0.71    3.07 ^ _57_/X (sky130_fd_sc_hd__and3_2)
                                         _24_ (net)
                  0.37    0.00    3.07 ^ _59_/A (sky130_fd_sc_hd__nor2_1)
     1    0.02    0.18    0.29    3.36 v _59_/Y (sky130_fd_sc_hd__nor2_1)
                                         _05_ (net)
                  0.18    0.00    3.36 v _75_/D (sky130_fd_sc_hd__dfxtp_2)
                                  3.36   data arrival time

                         10.00   10.00   clock core_clock (rise edge)
                          0.00   10.00   clock source latency
     1    0.03    0.00    0.00   10.00 ^ clk (in)
                                         clk (net)
                  0.00    0.00   10.00 ^ clkbuf_0_clk/A (sky130_fd_sc_hd__clkbuf_16)
     2    0.02    0.07    0.20   10.20 ^ clkbuf_0_clk/X (sky130_fd_sc_hd__clkbuf_16)
                                         clknet_0_clk (net)
                  0.07    0.00   10.20 ^ clkbuf_1_0__f_clk/A (sky130_fd_sc_hd__clkbuf_16)
     6    0.03    0.08    0.23   10.43 ^ clkbuf_1_0__f_clk/X (sky130_fd_sc_hd__clkbuf_16)
                                         clknet_1_0__leaf_clk (net)
                  0.08    0.00   10.43 ^ _75_/CLK (sky130_fd_sc_hd__dfxtp_2)
                          0.00   10.43   clock reconvergence pessimism
                         -0.32   10.11   library setup time
                                 10.11   data required time
-----------------------------------------------------------------------------
                                 10.11   data required time
                                 -3.36   data arrival time
-----------------------------------------------------------------------------
                                  6.75   slack (MET)


Startpoint: _72_ (rising edge-triggered flip-flop clocked by core_clock)
Endpoint: _74_ (rising edge-triggered flip-flop clocked by core_clock)
Path Group: core_clock
Path Type: max
Corner: Slowest

Fanout     Cap    Slew   Delay    Time   Description
-----------------------------------------------------------------------------
                          0.00    0.00   clock core_clock (rise edge)
                          0.00    0.00   clock source latency
     1    0.03    0.00    0.00    0.00 ^ clk (in)
                                         clk (net)
                  0.00    0.00    0.00 ^ clkbuf_0_clk/A (sky130_fd_sc_hd__clkbuf_16)
     2    0.02    0.07    0.20    0.20 ^ clkbuf_0_clk/X (sky130_fd_sc_hd__clkbuf_16)
                                         clknet_0_clk (net)
                  0.07    0.00    0.20 ^ clkbuf_1_0__f_clk/A (sky130_fd_sc_hd__clkbuf_16)
     6    0.03    0.08    0.23    0.43 ^ clkbuf_1_0__f_clk/X (sky130_fd_sc_hd__clkbuf_16)
                                         clknet_1_0__leaf_clk (net)
                  0.08    0.00    0.43 ^ _72_/CLK (sky130_fd_sc_hd__dfxtp_2)
     3    0.04    0.32    0.85    1.28 ^ _72_/Q (sky130_fd_sc_hd__dfxtp_2)
                                         display_inst.clk_div[2] (net)
                  0.32    0.00    1.28 ^ _52_/C (sky130_fd_sc_hd__and4_1)
     1    0.01    0.23    0.59    1.87 ^ _52_/X (sky130_fd_sc_hd__and4_1)
                                         _21_ (net)
                  0.23    0.00    1.87 ^ _53_/A (sky130_fd_sc_hd__buf_4)
     7    0.08    0.35    0.48    2.35 ^ _53_/X (sky130_fd_sc_hd__buf_4)
                                         _22_ (net)
                  0.35    0.00    2.35 ^ _56_/B (sky130_fd_sc_hd__xor2_2)
     2    0.02    0.46    0.54    2.89 ^ _56_/X (sky130_fd_sc_hd__xor2_2)
                                         _04_ (net)
                  0.46    0.00    2.89 ^ _74_/D (sky130_fd_sc_hd__dfxtp_4)
                                  2.89   data arrival time

                         10.00   10.00   clock core_clock (rise edge)
                          0.00   10.00   clock source latency
     1    0.03    0.00    0.00   10.00 ^ clk (in)
                                         clk (net)
                  0.00    0.00   10.00 ^ clkbuf_0_clk/A (sky130_fd_sc_hd__clkbuf_16)
     2    0.02    0.07    0.20   10.20 ^ clkbuf_0_clk/X (sky130_fd_sc_hd__clkbuf_16)
                                         clknet_0_clk (net)
                  0.07    0.00   10.20 ^ clkbuf_1_1__f_clk/A (sky130_fd_sc_hd__clkbuf_16)
     4    0.04    0.09    0.24   10.44 ^ clkbuf_1_1__f_clk/X (sky130_fd_sc_hd__clkbuf_16)
                                         clknet_1_1__leaf_clk (net)
                  0.09    0.00   10.44 ^ _74_/CLK (sky130_fd_sc_hd__dfxtp_4)
                          0.00   10.44   clock reconvergence pessimism
                         -0.24   10.20   library setup time
                                 10.20   data required time
-----------------------------------------------------------------------------
                                 10.20   data required time
                                 -2.89   data arrival time
-----------------------------------------------------------------------------
                                  7.30   slack (MET)


Startpoint: _72_ (rising edge-triggered flip-flop clocked by core_clock)
Endpoint: _73_ (rising edge-triggered flip-flop clocked by core_clock)
Path Group: core_clock
Path Type: max
Corner: Slowest

Fanout     Cap    Slew   Delay    Time   Description
-----------------------------------------------------------------------------
                          0.00    0.00   clock core_clock (rise edge)
                          0.00    0.00   clock source latency
     1    0.03    0.00    0.00    0.00 ^ clk (in)
                                         clk (net)
                  0.00    0.00    0.00 ^ clkbuf_0_clk/A (sky130_fd_sc_hd__clkbuf_16)
     2    0.02    0.07    0.20    0.20 ^ clkbuf_0_clk/X (sky130_fd_sc_hd__clkbuf_16)
                                         clknet_0_clk (net)
                  0.07    0.00    0.20 ^ clkbuf_1_0__f_clk/A (sky130_fd_sc_hd__clkbuf_16)
     6    0.03    0.08    0.23    0.43 ^ clkbuf_1_0__f_clk/X (sky130_fd_sc_hd__clkbuf_16)
                                         clknet_1_0__leaf_clk (net)
                  0.08    0.00    0.43 ^ _72_/CLK (sky130_fd_sc_hd__dfxtp_2)
     3    0.04    0.32    0.85    1.28 ^ _72_/Q (sky130_fd_sc_hd__dfxtp_2)
                                         display_inst.clk_div[2] (net)
                  0.32    0.00    1.28 ^ _52_/C (sky130_fd_sc_hd__and4_1)
     1    0.01    0.23    0.59    1.87 ^ _52_/X (sky130_fd_sc_hd__and4_1)
                                         _21_ (net)
                  0.23    0.00    1.87 ^ _53_/A (sky130_fd_sc_hd__buf_4)
     7    0.08    0.35    0.48    2.35 ^ _53_/X (sky130_fd_sc_hd__buf_4)
                                         _22_ (net)
                  0.35    0.01    2.37 ^ _55_/A (sky130_fd_sc_hd__nor2_2)
     2    0.03    0.16    0.26    2.62 v _55_/Y (sky130_fd_sc_hd__nor2_2)
                                         _03_ (net)
                  0.16    0.00    2.63 v _73_/D (sky130_fd_sc_hd__dfxtp_2)
                                  2.63   data arrival time

                         10.00   10.00   clock core_clock (rise edge)
                          0.00   10.00   clock source latency
     1    0.03    0.00    0.00   10.00 ^ clk (in)
                                         clk (net)
                  0.00    0.00   10.00 ^ clkbuf_0_clk/A (sky130_fd_sc_hd__clkbuf_16)
     2    0.02    0.07    0.20   10.20 ^ clkbuf_0_clk/X (sky130_fd_sc_hd__clkbuf_16)
                                         clknet_0_clk (net)
                  0.07    0.00   10.20 ^ clkbuf_1_1__f_clk/A (sky130_fd_sc_hd__clkbuf_16)
     4    0.04    0.09    0.24   10.44 ^ clkbuf_1_1__f_clk/X (sky130_fd_sc_hd__clkbuf_16)
                                         clknet_1_1__leaf_clk (net)
                  0.09    0.00   10.44 ^ _73_/CLK (sky130_fd_sc_hd__dfxtp_2)
                          0.00   10.44   clock reconvergence pessimism
                         -0.31   10.13   library setup time
                                 10.13   data required time
-----------------------------------------------------------------------------
                                 10.13   data required time
                                 -2.63   data arrival time
-----------------------------------------------------------------------------
                                  7.50   slack (MET)


Startpoint: _72_ (rising edge-triggered flip-flop clocked by core_clock)
Endpoint: _72_ (rising edge-triggered flip-flop clocked by core_clock)
Path Group: core_clock
Path Type: max
Corner: Slowest

Fanout     Cap    Slew   Delay    Time   Description
-----------------------------------------------------------------------------
                          0.00    0.00   clock core_clock (rise edge)
                          0.00    0.00   clock source latency
     1    0.03    0.00    0.00    0.00 ^ clk (in)
                                         clk (net)
                  0.00    0.00    0.00 ^ clkbuf_0_clk/A (sky130_fd_sc_hd__clkbuf_16)
     2    0.02    0.07    0.20    0.20 ^ clkbuf_0_clk/X (sky130_fd_sc_hd__clkbuf_16)
                                         clknet_0_clk (net)
                  0.07    0.00    0.20 ^ clkbuf_1_0__f_clk/A (sky130_fd_sc_hd__clkbuf_16)
     6    0.03    0.08    0.23    0.43 ^ clkbuf_1_0__f_clk/X (sky130_fd_sc_hd__clkbuf_16)
                                         clknet_1_0__leaf_clk (net)
                  0.08    0.00    0.43 ^ _72_/CLK (sky130_fd_sc_hd__dfxtp_2)
     3    0.04    0.18    0.73    1.16 v _72_/Q (sky130_fd_sc_hd__dfxtp_2)
                                         display_inst.clk_div[2] (net)
                  0.18    0.00    1.16 v _49_/C (sky130_fd_sc_hd__and3_1)
     2    0.02    0.22    0.56    1.72 v _49_/X (sky130_fd_sc_hd__and3_1)
                                         _19_ (net)
                  0.22    0.00    1.72 v _51_/A (sky130_fd_sc_hd__nor2_2)
     1    0.03    0.57    0.58    2.29 ^ _51_/Y (sky130_fd_sc_hd__nor2_2)
                                         _02_ (net)
                  0.57    0.00    2.30 ^ _72_/D (sky130_fd_sc_hd__dfxtp_2)
                                  2.30   data arrival time

                         10.00   10.00   clock core_clock (rise edge)
                          0.00   10.00   clock source latency
     1    0.03    0.00    0.00   10.00 ^ clk (in)
                                         clk (net)
                  0.00    0.00   10.00 ^ clkbuf_0_clk/A (sky130_fd_sc_hd__clkbuf_16)
     2    0.02    0.07    0.20   10.20 ^ clkbuf_0_clk/X (sky130_fd_sc_hd__clkbuf_16)
                                         clknet_0_clk (net)
                  0.07    0.00   10.20 ^ clkbuf_1_0__f_clk/A (sky130_fd_sc_hd__clkbuf_16)
     6    0.03    0.08    0.23   10.43 ^ clkbuf_1_0__f_clk/X (sky130_fd_sc_hd__clkbuf_16)
                                         clknet_1_0__leaf_clk (net)
                  0.08    0.00   10.43 ^ _72_/CLK (sky130_fd_sc_hd__dfxtp_2)
                          0.00   10.43   clock reconvergence pessimism
                         -0.27   10.16   library setup time
                                 10.16   data required time
-----------------------------------------------------------------------------
                                 10.16   data required time
                                 -2.30   data arrival time
-----------------------------------------------------------------------------
                                  7.86   slack (MET)


Startpoint: _70_ (rising edge-triggered flip-flop clocked by core_clock)
Endpoint: _71_ (rising edge-triggered flip-flop clocked by core_clock)
Path Group: core_clock
Path Type: max
Corner: Slowest

Fanout     Cap    Slew   Delay    Time   Description
-----------------------------------------------------------------------------
                          0.00    0.00   clock core_clock (rise edge)
                          0.00    0.00   clock source latency
     1    0.03    0.00    0.00    0.00 ^ clk (in)
                                         clk (net)
                  0.00    0.00    0.00 ^ clkbuf_0_clk/A (sky130_fd_sc_hd__clkbuf_16)
     2    0.02    0.07    0.20    0.20 ^ clkbuf_0_clk/X (sky130_fd_sc_hd__clkbuf_16)
                                         clknet_0_clk (net)
                  0.07    0.00    0.20 ^ clkbuf_1_0__f_clk/A (sky130_fd_sc_hd__clkbuf_16)
     6    0.03    0.08    0.23    0.43 ^ clkbuf_1_0__f_clk/X (sky130_fd_sc_hd__clkbuf_16)
                                         clknet_1_0__leaf_clk (net)
                  0.08    0.00    0.43 ^ _70_/CLK (sky130_fd_sc_hd__dfxtp_4)
     6    0.06    0.27    0.86    1.29 ^ _70_/Q (sky130_fd_sc_hd__dfxtp_4)
                                         display_inst.clk_div[0] (net)
                  0.27    0.00    1.30 ^ _48_/A (sky130_fd_sc_hd__xor2_2)
     2    0.02    0.37    0.45    1.75 ^ _48_/X (sky130_fd_sc_hd__xor2_2)
                                         _01_ (net)
                  0.37    0.00    1.75 ^ _71_/D (sky130_fd_sc_hd__dfxtp_4)
                                  1.75   data arrival time

                         10.00   10.00   clock core_clock (rise edge)
                          0.00   10.00   clock source latency
     1    0.03    0.00    0.00   10.00 ^ clk (in)
                                         clk (net)
                  0.00    0.00   10.00 ^ clkbuf_0_clk/A (sky130_fd_sc_hd__clkbuf_16)
     2    0.02    0.07    0.20   10.20 ^ clkbuf_0_clk/X (sky130_fd_sc_hd__clkbuf_16)
                                         clknet_0_clk (net)
                  0.07    0.00   10.20 ^ clkbuf_1_0__f_clk/A (sky130_fd_sc_hd__clkbuf_16)
     6    0.03    0.08    0.23   10.43 ^ clkbuf_1_0__f_clk/X (sky130_fd_sc_hd__clkbuf_16)
                                         clknet_1_0__leaf_clk (net)
                  0.08    0.00   10.43 ^ _71_/CLK (sky130_fd_sc_hd__dfxtp_4)
                          0.00   10.43   clock reconvergence pessimism
                         -0.22   10.21   library setup time
                                 10.21   data required time
-----------------------------------------------------------------------------
                                 10.21   data required time
                                 -1.75   data arrival time
-----------------------------------------------------------------------------
                                  8.46   slack (MET)


Startpoint: _70_ (rising edge-triggered flip-flop clocked by core_clock)
Endpoint: _70_ (rising edge-triggered flip-flop clocked by core_clock)
Path Group: core_clock
Path Type: max
Corner: Slowest

Fanout     Cap    Slew   Delay    Time   Description
-----------------------------------------------------------------------------
                          0.00    0.00   clock core_clock (rise edge)
                          0.00    0.00   clock source latency
     1    0.03    0.00    0.00    0.00 ^ clk (in)
                                         clk (net)
                  0.00    0.00    0.00 ^ clkbuf_0_clk/A (sky130_fd_sc_hd__clkbuf_16)
     2    0.02    0.07    0.20    0.20 ^ clkbuf_0_clk/X (sky130_fd_sc_hd__clkbuf_16)
                                         clknet_0_clk (net)
                  0.07    0.00    0.20 ^ clkbuf_1_0__f_clk/A (sky130_fd_sc_hd__clkbuf_16)
     6    0.03    0.08    0.23    0.43 ^ clkbuf_1_0__f_clk/X (sky130_fd_sc_hd__clkbuf_16)
                                         clknet_1_0__leaf_clk (net)
                  0.08    0.00    0.43 ^ _70_/CLK (sky130_fd_sc_hd__dfxtp_4)
     6    0.06    0.27    0.86    1.29 ^ _70_/Q (sky130_fd_sc_hd__dfxtp_4)
                                         display_inst.clk_div[0] (net)
                  0.27    0.00    1.30 ^ _47_/A (sky130_fd_sc_hd__inv_2)
     1    0.01    0.08    0.15    1.45 v _47_/Y (sky130_fd_sc_hd__inv_2)
                                         _00_ (net)
                  0.08    0.00    1.45 v _70_/D (sky130_fd_sc_hd__dfxtp_4)
                                  1.45   data arrival time

                         10.00   10.00   clock core_clock (rise edge)
                          0.00   10.00   clock source latency
     1    0.03    0.00    0.00   10.00 ^ clk (in)
                                         clk (net)
                  0.00    0.00   10.00 ^ clkbuf_0_clk/A (sky130_fd_sc_hd__clkbuf_16)
     2    0.02    0.07    0.20   10.20 ^ clkbuf_0_clk/X (sky130_fd_sc_hd__clkbuf_16)
                                         clknet_0_clk (net)
                  0.07    0.00   10.20 ^ clkbuf_1_0__f_clk/A (sky130_fd_sc_hd__clkbuf_16)
     6    0.03    0.08    0.23   10.43 ^ clkbuf_1_0__f_clk/X (sky130_fd_sc_hd__clkbuf_16)
                                         clknet_1_0__leaf_clk (net)
                  0.08    0.00   10.43 ^ _70_/CLK (sky130_fd_sc_hd__dfxtp_4)
                          0.00   10.43   clock reconvergence pessimism
                         -0.28   10.15   library setup time
                                 10.15   data required time
-----------------------------------------------------------------------------
                                 10.15   data required time
                                 -1.45   data arrival time
-----------------------------------------------------------------------------
                                  8.70   slack (MET)



worst slack corner Slowest: 6.3417
======================= Typical Corner ===================================

Startpoint: _72_ (rising edge-triggered flip-flop clocked by core_clock)
Endpoint: _77_ (rising edge-triggered flip-flop clocked by core_clock)
Path Group: core_clock
Path Type: max
Corner: Typical

Fanout     Cap    Slew   Delay    Time   Description
-----------------------------------------------------------------------------
                          0.00    0.00   clock core_clock (rise edge)
                          0.00    0.00   clock source latency
     1    0.03    0.00    0.00    0.00 ^ clk (in)
                                         clk (net)
                  0.00    0.00    0.00 ^ clkbuf_0_clk/A (sky130_fd_sc_hd__clkbuf_16)
     2    0.02    0.04    0.11    0.11 ^ clkbuf_0_clk/X (sky130_fd_sc_hd__clkbuf_16)
                                         clknet_0_clk (net)
                  0.04    0.00    0.11 ^ clkbuf_1_0__f_clk/A (sky130_fd_sc_hd__clkbuf_16)
     6    0.03    0.05    0.13    0.25 ^ clkbuf_1_0__f_clk/X (sky130_fd_sc_hd__clkbuf_16)
                                         clknet_1_0__leaf_clk (net)
                  0.05    0.00    0.25 ^ _72_/CLK (sky130_fd_sc_hd__dfxtp_2)
     3    0.04    0.20    0.43    0.68 ^ _72_/Q (sky130_fd_sc_hd__dfxtp_2)
                                         display_inst.clk_div[2] (net)
                  0.20    0.00    0.68 ^ _52_/C (sky130_fd_sc_hd__and4_1)
     1    0.01    0.14    0.29    0.97 ^ _52_/X (sky130_fd_sc_hd__and4_1)
                                         _21_ (net)
                  0.14    0.00    0.97 ^ _53_/A (sky130_fd_sc_hd__buf_4)
     7    0.08    0.22    0.27    1.24 ^ _53_/X (sky130_fd_sc_hd__buf_4)
                                         _22_ (net)
                  0.22    0.01    1.24 ^ _62_/C (sky130_fd_sc_hd__and4_2)
     2    0.02    0.15    0.34    1.58 ^ _62_/X (sky130_fd_sc_hd__and4_2)
                                         _27_ (net)
                  0.15    0.00    1.58 ^ _64_/A_N (sky130_fd_sc_hd__and2b_1)
     1    0.01    0.07    0.23    1.82 v _64_/X (sky130_fd_sc_hd__and2b_1)
                                         _29_ (net)
                  0.07    0.00    1.82 v _65_/A (sky130_fd_sc_hd__clkbuf_1)
     1    0.01    0.05    0.12    1.94 v _65_/X (sky130_fd_sc_hd__clkbuf_1)
                                         _07_ (net)
                  0.05    0.00    1.94 v _77_/D (sky130_fd_sc_hd__dfxtp_1)
                                  1.94   data arrival time

                         10.00   10.00   clock core_clock (rise edge)
                          0.00   10.00   clock source latency
     1    0.03    0.00    0.00   10.00 ^ clk (in)
                                         clk (net)
                  0.00    0.00   10.00 ^ clkbuf_0_clk/A (sky130_fd_sc_hd__clkbuf_16)
     2    0.02    0.04    0.11   10.11 ^ clkbuf_0_clk/X (sky130_fd_sc_hd__clkbuf_16)
                                         clknet_0_clk (net)
                  0.04    0.00   10.11 ^ clkbuf_1_0__f_clk/A (sky130_fd_sc_hd__clkbuf_16)
     6    0.03    0.05    0.13   10.25 ^ clkbuf_1_0__f_clk/X (sky130_fd_sc_hd__clkbuf_16)
                                         clknet_1_0__leaf_clk (net)
                  0.05    0.00   10.25 ^ _77_/CLK (sky130_fd_sc_hd__dfxtp_1)
                          0.00   10.25   clock reconvergence pessimism
                         -0.11   10.13   library setup time
                                 10.13   data required time
-----------------------------------------------------------------------------
                                 10.13   data required time
                                 -1.94   data arrival time
-----------------------------------------------------------------------------
                                  8.20   slack (MET)


Startpoint: _72_ (rising edge-triggered flip-flop clocked by core_clock)
Endpoint: _76_ (rising edge-triggered flip-flop clocked by core_clock)
Path Group: core_clock
Path Type: max
Corner: Typical

Fanout     Cap    Slew   Delay    Time   Description
-----------------------------------------------------------------------------
                          0.00    0.00   clock core_clock (rise edge)
                          0.00    0.00   clock source latency
     1    0.03    0.00    0.00    0.00 ^ clk (in)
                                         clk (net)
                  0.00    0.00    0.00 ^ clkbuf_0_clk/A (sky130_fd_sc_hd__clkbuf_16)
     2    0.02    0.04    0.11    0.11 ^ clkbuf_0_clk/X (sky130_fd_sc_hd__clkbuf_16)
                                         clknet_0_clk (net)
                  0.04    0.00    0.11 ^ clkbuf_1_0__f_clk/A (sky130_fd_sc_hd__clkbuf_16)
     6    0.03    0.05    0.13    0.25 ^ clkbuf_1_0__f_clk/X (sky130_fd_sc_hd__clkbuf_16)
                                         clknet_1_0__leaf_clk (net)
                  0.05    0.00    0.25 ^ _72_/CLK (sky130_fd_sc_hd__dfxtp_2)
     3    0.04    0.20    0.43    0.68 ^ _72_/Q (sky130_fd_sc_hd__dfxtp_2)
                                         display_inst.clk_div[2] (net)
                  0.20    0.00    0.68 ^ _52_/C (sky130_fd_sc_hd__and4_1)
     1    0.01    0.14    0.29    0.97 ^ _52_/X (sky130_fd_sc_hd__and4_1)
                                         _21_ (net)
                  0.14    0.00    0.97 ^ _53_/A (sky130_fd_sc_hd__buf_4)
     7    0.08    0.22    0.27    1.24 ^ _53_/X (sky130_fd_sc_hd__buf_4)
                                         _22_ (net)
                  0.22    0.01    1.25 ^ _57_/C (sky130_fd_sc_hd__and3_2)
     3    0.04    0.22    0.36    1.61 ^ _57_/X (sky130_fd_sc_hd__and3_2)
                                         _24_ (net)
                  0.22    0.00    1.61 ^ _60_/B (sky130_fd_sc_hd__xor2_1)
     1    0.01    0.24    0.26    1.87 ^ _60_/X (sky130_fd_sc_hd__xor2_1)
                                         _06_ (net)
                  0.24    0.00    1.87 ^ _76_/D (sky130_fd_sc_hd__dfxtp_2)
                                  1.87   data arrival time

                         10.00   10.00   clock core_clock (rise edge)
                          0.00   10.00   clock source latency
     1    0.03    0.00    0.00   10.00 ^ clk (in)
                                         clk (net)
                  0.00    0.00   10.00 ^ clkbuf_0_clk/A (sky130_fd_sc_hd__clkbuf_16)
     2    0.02    0.04    0.11   10.11 ^ clkbuf_0_clk/X (sky130_fd_sc_hd__clkbuf_16)
                                         clknet_0_clk (net)
                  0.04    0.00   10.11 ^ clkbuf_1_1__f_clk/A (sky130_fd_sc_hd__clkbuf_16)
     4    0.04    0.06    0.14   10.25 ^ clkbuf_1_1__f_clk/X (sky130_fd_sc_hd__clkbuf_16)
                                         clknet_1_1__leaf_clk (net)
                  0.06    0.00   10.25 ^ _76_/CLK (sky130_fd_sc_hd__dfxtp_2)
                          0.00   10.25   clock reconvergence pessimism
                         -0.10   10.15   library setup time
                                 10.15   data required time
-----------------------------------------------------------------------------
                                 10.15   data required time
                                 -1.87   data arrival time
-----------------------------------------------------------------------------
                                  8.28   slack (MET)


Startpoint: _72_ (rising edge-triggered flip-flop clocked by core_clock)
Endpoint: _78_ (rising edge-triggered flip-flop clocked by core_clock)
Path Group: core_clock
Path Type: max
Corner: Typical

Fanout     Cap    Slew   Delay    Time   Description
-----------------------------------------------------------------------------
                          0.00    0.00   clock core_clock (rise edge)
                          0.00    0.00   clock source latency
     1    0.03    0.00    0.00    0.00 ^ clk (in)
                                         clk (net)
                  0.00    0.00    0.00 ^ clkbuf_0_clk/A (sky130_fd_sc_hd__clkbuf_16)
     2    0.02    0.04    0.11    0.11 ^ clkbuf_0_clk/X (sky130_fd_sc_hd__clkbuf_16)
                                         clknet_0_clk (net)
                  0.04    0.00    0.11 ^ clkbuf_1_0__f_clk/A (sky130_fd_sc_hd__clkbuf_16)
     6    0.03    0.05    0.13    0.25 ^ clkbuf_1_0__f_clk/X (sky130_fd_sc_hd__clkbuf_16)
                                         clknet_1_0__leaf_clk (net)
                  0.05    0.00    0.25 ^ _72_/CLK (sky130_fd_sc_hd__dfxtp_2)
     3    0.04    0.20    0.43    0.68 ^ _72_/Q (sky130_fd_sc_hd__dfxtp_2)
                                         display_inst.clk_div[2] (net)
                  0.20    0.00    0.68 ^ _52_/C (sky130_fd_sc_hd__and4_1)
     1    0.01    0.14    0.29    0.97 ^ _52_/X (sky130_fd_sc_hd__and4_1)
                                         _21_ (net)
                  0.14    0.00    0.97 ^ _53_/A (sky130_fd_sc_hd__buf_4)
     7    0.08    0.22    0.27    1.24 ^ _53_/X (sky130_fd_sc_hd__buf_4)
                                         _22_ (net)
                  0.22    0.01    1.24 ^ _62_/C (sky130_fd_sc_hd__and4_2)
     2    0.02    0.15    0.34    1.58 ^ _62_/X (sky130_fd_sc_hd__and4_2)
                                         _27_ (net)
                  0.15    0.00    1.59 ^ _66_/B (sky130_fd_sc_hd__xor2_1)
     1    0.01    0.23    0.24    1.83 ^ _66_/X (sky130_fd_sc_hd__xor2_1)
                                         _08_ (net)
                  0.23    0.00    1.83 ^ _78_/D (sky130_fd_sc_hd__dfxtp_2)
                                  1.83   data arrival time

                         10.00   10.00   clock core_clock (rise edge)
                          0.00   10.00   clock source latency
     1    0.03    0.00    0.00   10.00 ^ clk (in)
                                         clk (net)
                  0.00    0.00   10.00 ^ clkbuf_0_clk/A (sky130_fd_sc_hd__clkbuf_16)
     2    0.02    0.04    0.11   10.11 ^ clkbuf_0_clk/X (sky130_fd_sc_hd__clkbuf_16)
                                         clknet_0_clk (net)
                  0.04    0.00   10.11 ^ clkbuf_1_0__f_clk/A (sky130_fd_sc_hd__clkbuf_16)
     6    0.03    0.05    0.13   10.25 ^ clkbuf_1_0__f_clk/X (sky130_fd_sc_hd__clkbuf_16)
                                         clknet_1_0__leaf_clk (net)
                  0.05    0.00   10.25 ^ _78_/CLK (sky130_fd_sc_hd__dfxtp_2)
                          0.00   10.25   clock reconvergence pessimism
                         -0.10   10.15   library setup time
                                 10.15   data required time
-----------------------------------------------------------------------------
                                 10.15   data required time
                                 -1.83   data arrival time
-----------------------------------------------------------------------------
                                  8.32   slack (MET)


Startpoint: _72_ (rising edge-triggered flip-flop clocked by core_clock)
Endpoint: _75_ (rising edge-triggered flip-flop clocked by core_clock)
Path Group: core_clock
Path Type: max
Corner: Typical

Fanout     Cap    Slew   Delay    Time   Description
-----------------------------------------------------------------------------
                          0.00    0.00   clock core_clock (rise edge)
                          0.00    0.00   clock source latency
     1    0.03    0.00    0.00    0.00 ^ clk (in)
                                         clk (net)
                  0.00    0.00    0.00 ^ clkbuf_0_clk/A (sky130_fd_sc_hd__clkbuf_16)
     2    0.02    0.04    0.11    0.11 ^ clkbuf_0_clk/X (sky130_fd_sc_hd__clkbuf_16)
                                         clknet_0_clk (net)
                  0.04    0.00    0.11 ^ clkbuf_1_0__f_clk/A (sky130_fd_sc_hd__clkbuf_16)
     6    0.03    0.05    0.13    0.25 ^ clkbuf_1_0__f_clk/X (sky130_fd_sc_hd__clkbuf_16)
                                         clknet_1_0__leaf_clk (net)
                  0.05    0.00    0.25 ^ _72_/CLK (sky130_fd_sc_hd__dfxtp_2)
     3    0.04    0.20    0.43    0.68 ^ _72_/Q (sky130_fd_sc_hd__dfxtp_2)
                                         display_inst.clk_div[2] (net)
                  0.20    0.00    0.68 ^ _52_/C (sky130_fd_sc_hd__and4_1)
     1    0.01    0.14    0.29    0.97 ^ _52_/X (sky130_fd_sc_hd__and4_1)
                                         _21_ (net)
                  0.14    0.00    0.97 ^ _53_/A (sky130_fd_sc_hd__buf_4)
     7    0.08    0.22    0.27    1.24 ^ _53_/X (sky130_fd_sc_hd__buf_4)
                                         _22_ (net)
                  0.22    0.01    1.25 ^ _57_/C (sky130_fd_sc_hd__and3_2)
     3    0.04    0.22    0.36    1.61 ^ _57_/X (sky130_fd_sc_hd__and3_2)
                                         _24_ (net)
                  0.22    0.00    1.61 ^ _59_/A (sky130_fd_sc_hd__nor2_1)
     1    0.02    0.11    0.14    1.75 v _59_/Y (sky130_fd_sc_hd__nor2_1)
                                         _05_ (net)
                  0.11    0.00    1.75 v _75_/D (sky130_fd_sc_hd__dfxtp_2)
                                  1.75   data arrival time

                         10.00   10.00   clock core_clock (rise edge)
                          0.00   10.00   clock source latency
     1    0.03    0.00    0.00   10.00 ^ clk (in)
                                         clk (net)
                  0.00    0.00   10.00 ^ clkbuf_0_clk/A (sky130_fd_sc_hd__clkbuf_16)
     2    0.02    0.04    0.11   10.11 ^ clkbuf_0_clk/X (sky130_fd_sc_hd__clkbuf_16)
                                         clknet_0_clk (net)
                  0.04    0.00   10.11 ^ clkbuf_1_0__f_clk/A (sky130_fd_sc_hd__clkbuf_16)
     6    0.03    0.05    0.13   10.25 ^ clkbuf_1_0__f_clk/X (sky130_fd_sc_hd__clkbuf_16)
                                         clknet_1_0__leaf_clk (net)
                  0.05    0.00   10.25 ^ _75_/CLK (sky130_fd_sc_hd__dfxtp_2)
                          0.00   10.25   clock reconvergence pessimism
                         -0.14   10.11   library setup time
                                 10.11   data required time
-----------------------------------------------------------------------------
                                 10.11   data required time
                                 -1.75   data arrival time
-----------------------------------------------------------------------------
                                  8.36   slack (MET)


Startpoint: _72_ (rising edge-triggered flip-flop clocked by core_clock)
Endpoint: _74_ (rising edge-triggered flip-flop clocked by core_clock)
Path Group: core_clock
Path Type: max
Corner: Typical

Fanout     Cap    Slew   Delay    Time   Description
-----------------------------------------------------------------------------
                          0.00    0.00   clock core_clock (rise edge)
                          0.00    0.00   clock source latency
     1    0.03    0.00    0.00    0.00 ^ clk (in)
                                         clk (net)
                  0.00    0.00    0.00 ^ clkbuf_0_clk/A (sky130_fd_sc_hd__clkbuf_16)
     2    0.02    0.04    0.11    0.11 ^ clkbuf_0_clk/X (sky130_fd_sc_hd__clkbuf_16)
                                         clknet_0_clk (net)
                  0.04    0.00    0.11 ^ clkbuf_1_0__f_clk/A (sky130_fd_sc_hd__clkbuf_16)
     6    0.03    0.05    0.13    0.25 ^ clkbuf_1_0__f_clk/X (sky130_fd_sc_hd__clkbuf_16)
                                         clknet_1_0__leaf_clk (net)
                  0.05    0.00    0.25 ^ _72_/CLK (sky130_fd_sc_hd__dfxtp_2)
     3    0.04    0.20    0.43    0.68 ^ _72_/Q (sky130_fd_sc_hd__dfxtp_2)
                                         display_inst.clk_div[2] (net)
                  0.20    0.00    0.68 ^ _52_/C (sky130_fd_sc_hd__and4_1)
     1    0.01    0.14    0.29    0.97 ^ _52_/X (sky130_fd_sc_hd__and4_1)
                                         _21_ (net)
                  0.14    0.00    0.97 ^ _53_/A (sky130_fd_sc_hd__buf_4)
     7    0.08    0.22    0.27    1.24 ^ _53_/X (sky130_fd_sc_hd__buf_4)
                                         _22_ (net)
                  0.22    0.00    1.24 ^ _56_/B (sky130_fd_sc_hd__xor2_2)
     2    0.02    0.29    0.30    1.53 ^ _56_/X (sky130_fd_sc_hd__xor2_2)
                                         _04_ (net)
                  0.29    0.00    1.54 ^ _74_/D (sky130_fd_sc_hd__dfxtp_4)
                                  1.54   data arrival time

                         10.00   10.00   clock core_clock (rise edge)
                          0.00   10.00   clock source latency
     1    0.03    0.00    0.00   10.00 ^ clk (in)
                                         clk (net)
                  0.00    0.00   10.00 ^ clkbuf_0_clk/A (sky130_fd_sc_hd__clkbuf_16)
     2    0.02    0.04    0.11   10.11 ^ clkbuf_0_clk/X (sky130_fd_sc_hd__clkbuf_16)
                                         clknet_0_clk (net)
                  0.04    0.00   10.11 ^ clkbuf_1_1__f_clk/A (sky130_fd_sc_hd__clkbuf_16)
     4    0.04    0.06    0.14   10.25 ^ clkbuf_1_1__f_clk/X (sky130_fd_sc_hd__clkbuf_16)
                                         clknet_1_1__leaf_clk (net)
                  0.06    0.00   10.25 ^ _74_/CLK (sky130_fd_sc_hd__dfxtp_4)
                          0.00   10.25   clock reconvergence pessimism
                         -0.12   10.13   library setup time
                                 10.13   data required time
-----------------------------------------------------------------------------
                                 10.13   data required time
                                 -1.54   data arrival time
-----------------------------------------------------------------------------
                                  8.60   slack (MET)


Startpoint: _73_ (rising edge-triggered flip-flop clocked by core_clock)
Endpoint: _73_ (rising edge-triggered flip-flop clocked by core_clock)
Path Group: core_clock
Path Type: max
Corner: Typical

Fanout     Cap    Slew   Delay    Time   Description
-----------------------------------------------------------------------------
                          0.00    0.00   clock core_clock (rise edge)
                          0.00    0.00   clock source latency
     1    0.03    0.00    0.00    0.00 ^ clk (in)
                                         clk (net)
                  0.00    0.00    0.00 ^ clkbuf_0_clk/A (sky130_fd_sc_hd__clkbuf_16)
     2    0.02    0.04    0.11    0.11 ^ clkbuf_0_clk/X (sky130_fd_sc_hd__clkbuf_16)
                                         clknet_0_clk (net)
                  0.04    0.00    0.11 ^ clkbuf_1_1__f_clk/A (sky130_fd_sc_hd__clkbuf_16)
     4    0.04    0.06    0.14    0.25 ^ clkbuf_1_1__f_clk/X (sky130_fd_sc_hd__clkbuf_16)
                                         clknet_1_1__leaf_clk (net)
                  0.06    0.00    0.25 ^ _73_/CLK (sky130_fd_sc_hd__dfxtp_2)
     2    0.03    0.09    0.37    0.62 v _73_/Q (sky130_fd_sc_hd__dfxtp_2)
                                         display_inst.clk_div[3] (net)
                  0.09    0.00    0.63 v _52_/D (sky130_fd_sc_hd__and4_1)
     1    0.01    0.08    0.26    0.88 v _52_/X (sky130_fd_sc_hd__and4_1)
                                         _21_ (net)
                  0.08    0.00    0.88 v _53_/A (sky130_fd_sc_hd__buf_4)
     7    0.08    0.10    0.22    1.10 v _53_/X (sky130_fd_sc_hd__buf_4)
                                         _22_ (net)
                  0.11    0.01    1.11 v _55_/A (sky130_fd_sc_hd__nor2_2)
     2    0.03    0.30    0.29    1.41 ^ _55_/Y (sky130_fd_sc_hd__nor2_2)
                                         _03_ (net)
                  0.30    0.00    1.41 ^ _73_/D (sky130_fd_sc_hd__dfxtp_2)
                                  1.41   data arrival time

                         10.00   10.00   clock core_clock (rise edge)
                          0.00   10.00   clock source latency
     1    0.03    0.00    0.00   10.00 ^ clk (in)
                                         clk (net)
                  0.00    0.00   10.00 ^ clkbuf_0_clk/A (sky130_fd_sc_hd__clkbuf_16)
     2    0.02    0.04    0.11   10.11 ^ clkbuf_0_clk/X (sky130_fd_sc_hd__clkbuf_16)
                                         clknet_0_clk (net)
                  0.04    0.00   10.11 ^ clkbuf_1_1__f_clk/A (sky130_fd_sc_hd__clkbuf_16)
     4    0.04    0.06    0.14   10.25 ^ clkbuf_1_1__f_clk/X (sky130_fd_sc_hd__clkbuf_16)
                                         clknet_1_1__leaf_clk (net)
                  0.06    0.00   10.25 ^ _73_/CLK (sky130_fd_sc_hd__dfxtp_2)
                          0.00   10.25   clock reconvergence pessimism
                         -0.12   10.14   library setup time
                                 10.14   data required time
-----------------------------------------------------------------------------
                                 10.14   data required time
                                 -1.41   data arrival time
-----------------------------------------------------------------------------
                                  8.73   slack (MET)


Startpoint: _71_ (rising edge-triggered flip-flop clocked by core_clock)
Endpoint: _72_ (rising edge-triggered flip-flop clocked by core_clock)
Path Group: core_clock
Path Type: max
Corner: Typical

Fanout     Cap    Slew   Delay    Time   Description
-----------------------------------------------------------------------------
                          0.00    0.00   clock core_clock (rise edge)
                          0.00    0.00   clock source latency
     1    0.03    0.00    0.00    0.00 ^ clk (in)
                                         clk (net)
                  0.00    0.00    0.00 ^ clkbuf_0_clk/A (sky130_fd_sc_hd__clkbuf_16)
     2    0.02    0.04    0.11    0.11 ^ clkbuf_0_clk/X (sky130_fd_sc_hd__clkbuf_16)
                                         clknet_0_clk (net)
                  0.04    0.00    0.11 ^ clkbuf_1_0__f_clk/A (sky130_fd_sc_hd__clkbuf_16)
     6    0.03    0.05    0.13    0.25 ^ clkbuf_1_0__f_clk/X (sky130_fd_sc_hd__clkbuf_16)
                                         clknet_1_0__leaf_clk (net)
                  0.05    0.00    0.25 ^ _71_/CLK (sky130_fd_sc_hd__dfxtp_4)
     4    0.05    0.09    0.39    0.64 v _71_/Q (sky130_fd_sc_hd__dfxtp_4)
                                         display_inst.clk_div[1] (net)
                  0.09    0.00    0.64 v _49_/B (sky130_fd_sc_hd__and3_1)
     2    0.02    0.12    0.25    0.90 v _49_/X (sky130_fd_sc_hd__and3_1)
                                         _19_ (net)
                  0.12    0.00    0.90 v _51_/A (sky130_fd_sc_hd__nor2_2)
     1    0.03    0.35    0.34    1.24 ^ _51_/Y (sky130_fd_sc_hd__nor2_2)
                                         _02_ (net)
                  0.35    0.00    1.24 ^ _72_/D (sky130_fd_sc_hd__dfxtp_2)
                                  1.24   data arrival time

                         10.00   10.00   clock core_clock (rise edge)
                          0.00   10.00   clock source latency
     1    0.03    0.00    0.00   10.00 ^ clk (in)
                                         clk (net)
                  0.00    0.00   10.00 ^ clkbuf_0_clk/A (sky130_fd_sc_hd__clkbuf_16)
     2    0.02    0.04    0.11   10.11 ^ clkbuf_0_clk/X (sky130_fd_sc_hd__clkbuf_16)
                                         clknet_0_clk (net)
                  0.04    0.00   10.11 ^ clkbuf_1_0__f_clk/A (sky130_fd_sc_hd__clkbuf_16)
     6    0.03    0.05    0.13   10.25 ^ clkbuf_1_0__f_clk/X (sky130_fd_sc_hd__clkbuf_16)
                                         clknet_1_0__leaf_clk (net)
                  0.05    0.00   10.25 ^ _72_/CLK (sky130_fd_sc_hd__dfxtp_2)
                          0.00   10.25   clock reconvergence pessimism
                         -0.13   10.12   library setup time
                                 10.12   data required time
-----------------------------------------------------------------------------
                                 10.12   data required time
                                 -1.24   data arrival time
-----------------------------------------------------------------------------
                                  8.88   slack (MET)


Startpoint: _70_ (rising edge-triggered flip-flop clocked by core_clock)
Endpoint: _71_ (rising edge-triggered flip-flop clocked by core_clock)
Path Group: core_clock
Path Type: max
Corner: Typical

Fanout     Cap    Slew   Delay    Time   Description
-----------------------------------------------------------------------------
                          0.00    0.00   clock core_clock (rise edge)
                          0.00    0.00   clock source latency
     1    0.03    0.00    0.00    0.00 ^ clk (in)
                                         clk (net)
                  0.00    0.00    0.00 ^ clkbuf_0_clk/A (sky130_fd_sc_hd__clkbuf_16)
     2    0.02    0.04    0.11    0.11 ^ clkbuf_0_clk/X (sky130_fd_sc_hd__clkbuf_16)
                                         clknet_0_clk (net)
                  0.04    0.00    0.11 ^ clkbuf_1_0__f_clk/A (sky130_fd_sc_hd__clkbuf_16)
     6    0.03    0.05    0.13    0.25 ^ clkbuf_1_0__f_clk/X (sky130_fd_sc_hd__clkbuf_16)
                                         clknet_1_0__leaf_clk (net)
                  0.05    0.00    0.25 ^ _70_/CLK (sky130_fd_sc_hd__dfxtp_4)
     6    0.06    0.17    0.44    0.69 ^ _70_/Q (sky130_fd_sc_hd__dfxtp_4)
                                         display_inst.clk_div[0] (net)
                  0.17    0.00    0.69 ^ _48_/A (sky130_fd_sc_hd__xor2_2)
     2    0.02    0.24    0.25    0.94 ^ _48_/X (sky130_fd_sc_hd__xor2_2)
                                         _01_ (net)
                  0.24    0.00    0.94 ^ _71_/D (sky130_fd_sc_hd__dfxtp_4)
                                  0.94   data arrival time

                         10.00   10.00   clock core_clock (rise edge)
                          0.00   10.00   clock source latency
     1    0.03    0.00    0.00   10.00 ^ clk (in)
                                         clk (net)
                  0.00    0.00   10.00 ^ clkbuf_0_clk/A (sky130_fd_sc_hd__clkbuf_16)
     2    0.02    0.04    0.11   10.11 ^ clkbuf_0_clk/X (sky130_fd_sc_hd__clkbuf_16)
                                         clknet_0_clk (net)
                  0.04    0.00   10.11 ^ clkbuf_1_0__f_clk/A (sky130_fd_sc_hd__clkbuf_16)
     6    0.03    0.05    0.13   10.25 ^ clkbuf_1_0__f_clk/X (sky130_fd_sc_hd__clkbuf_16)
                                         clknet_1_0__leaf_clk (net)
                  0.05    0.00   10.25 ^ _71_/CLK (sky130_fd_sc_hd__dfxtp_4)
                          0.00   10.25   clock reconvergence pessimism
                         -0.11   10.14   library setup time
                                 10.14   data required time
-----------------------------------------------------------------------------
                                 10.14   data required time
                                 -0.94   data arrival time
-----------------------------------------------------------------------------
                                  9.20   slack (MET)


Startpoint: _70_ (rising edge-triggered flip-flop clocked by core_clock)
Endpoint: _70_ (rising edge-triggered flip-flop clocked by core_clock)
Path Group: core_clock
Path Type: max
Corner: Typical

Fanout     Cap    Slew   Delay    Time   Description
-----------------------------------------------------------------------------
                          0.00    0.00   clock core_clock (rise edge)
                          0.00    0.00   clock source latency
     1    0.03    0.00    0.00    0.00 ^ clk (in)
                                         clk (net)
                  0.00    0.00    0.00 ^ clkbuf_0_clk/A (sky130_fd_sc_hd__clkbuf_16)
     2    0.02    0.04    0.11    0.11 ^ clkbuf_0_clk/X (sky130_fd_sc_hd__clkbuf_16)
                                         clknet_0_clk (net)
                  0.04    0.00    0.11 ^ clkbuf_1_0__f_clk/A (sky130_fd_sc_hd__clkbuf_16)
     6    0.03    0.05    0.13    0.25 ^ clkbuf_1_0__f_clk/X (sky130_fd_sc_hd__clkbuf_16)
                                         clknet_1_0__leaf_clk (net)
                  0.05    0.00    0.25 ^ _70_/CLK (sky130_fd_sc_hd__dfxtp_4)
     6    0.06    0.17    0.44    0.69 ^ _70_/Q (sky130_fd_sc_hd__dfxtp_4)
                                         display_inst.clk_div[0] (net)
                  0.17    0.00    0.69 ^ _47_/A (sky130_fd_sc_hd__inv_2)
     1    0.01    0.05    0.07    0.76 v _47_/Y (sky130_fd_sc_hd__inv_2)
                                         _00_ (net)
                  0.05    0.00    0.76 v _70_/D (sky130_fd_sc_hd__dfxtp_4)
                                  0.76   data arrival time

                         10.00   10.00   clock core_clock (rise edge)
                          0.00   10.00   clock source latency
     1    0.03    0.00    0.00   10.00 ^ clk (in)
                                         clk (net)
                  0.00    0.00   10.00 ^ clkbuf_0_clk/A (sky130_fd_sc_hd__clkbuf_16)
     2    0.02    0.04    0.11   10.11 ^ clkbuf_0_clk/X (sky130_fd_sc_hd__clkbuf_16)
                                         clknet_0_clk (net)
                  0.04    0.00   10.11 ^ clkbuf_1_0__f_clk/A (sky130_fd_sc_hd__clkbuf_16)
     6    0.03    0.05    0.13   10.25 ^ clkbuf_1_0__f_clk/X (sky130_fd_sc_hd__clkbuf_16)
                                         clknet_1_0__leaf_clk (net)
                  0.05    0.00   10.25 ^ _70_/CLK (sky130_fd_sc_hd__dfxtp_4)
                          0.00   10.25   clock reconvergence pessimism
                         -0.11   10.13   library setup time
                                 10.13   data required time
-----------------------------------------------------------------------------
                                 10.13   data required time
                                 -0.76   data arrival time
-----------------------------------------------------------------------------
                                  9.38   slack (MET)



worst slack corner Typical: 8.1950
