
===========================================================================
 report_power
============================================================================
======================= Fastest Corner ===================================

Group                  Internal  Switching    Leakage      Total
                          Power      Power      Power      Power (Watts)
----------------------------------------------------------------
Sequential             4.08e-05   0.00e+00   3.16e-10   4.08e-05  30.1%
Combinational          0.00e+00   0.00e+00   2.69e-10   2.69e-10   0.0%
Clock                  6.11e-05   3.37e-05   2.26e-09   9.48e-05  69.9%
Macro                  0.00e+00   0.00e+00   0.00e+00   0.00e+00   0.0%
Pad                    0.00e+00   0.00e+00   0.00e+00   0.00e+00   0.0%
----------------------------------------------------------------
Total                  1.02e-04   3.37e-05   2.84e-09   1.36e-04 100.0%
                          75.1%      24.9%       0.0%

======================= Slowest Corner ===================================

Group                  Internal  Switching    Leakage      Total
                          Power      Power      Power      Power (Watts)
----------------------------------------------------------------
Sequential             2.72e-05   0.00e+00   1.87e-07   2.74e-05  29.4%
Combinational          0.00e+00   0.00e+00   2.17e-07   2.17e-07   0.2%
Clock                  4.36e-05   2.21e-05   5.93e-08   6.57e-05  70.4%
Macro                  0.00e+00   0.00e+00   0.00e+00   0.00e+00   0.0%
Pad                    0.00e+00   0.00e+00   0.00e+00   0.00e+00   0.0%
----------------------------------------------------------------
Total                  7.08e-05   2.21e-05   4.64e-07   9.33e-05 100.0%
                          75.9%      23.6%       0.5%

======================= Typical Corner ===================================

Group                  Internal  Switching    Leakage      Total
                          Power      Power      Power      Power (Watts)
----------------------------------------------------------------
Sequential             3.51e-05   0.00e+00   1.04e-10   3.51e-05  30.0%
Combinational          0.00e+00   0.00e+00   1.71e-10   1.71e-10   0.0%
Clock                  5.34e-05   2.84e-05   2.10e-09   8.18e-05  70.0%
Macro                  0.00e+00   0.00e+00   0.00e+00   0.00e+00   0.0%
Pad                    0.00e+00   0.00e+00   0.00e+00   0.00e+00   0.0%
----------------------------------------------------------------
Total                  8.84e-05   2.84e-05   2.37e-09   1.17e-04 100.0%
                          75.7%      24.3%       0.0%

