
===========================================================================
report_checks -path_delay min (Hold)
============================================================================
======================= Fastest Corner ===================================

Startpoint: _70_ (rising edge-triggered flip-flop clocked by core_clock)
Endpoint: _70_ (rising edge-triggered flip-flop clocked by core_clock)
Path Group: core_clock
Path Type: min
Corner: Fastest

Fanout     Cap    Slew   Delay    Time   Description
-----------------------------------------------------------------------------
                          0.00    0.00   clock core_clock (rise edge)
                          0.00    0.00   clock source latency
     1    0.03    0.00    0.00    0.00 ^ clk (in)
                                         clk (net)
                  0.00    0.00    0.00 ^ clkbuf_0_clk/A (sky130_fd_sc_hd__clkbuf_16)
     2    0.02    0.03    0.08    0.08 ^ clkbuf_0_clk/X (sky130_fd_sc_hd__clkbuf_16)
                                         clknet_0_clk (net)
                  0.03    0.00    0.08 ^ clkbuf_1_1__f_clk/A (sky130_fd_sc_hd__clkbuf_16)
     5    0.04    0.04    0.10    0.17 ^ clkbuf_1_1__f_clk/X (sky130_fd_sc_hd__clkbuf_16)
                                         clknet_1_1__leaf_clk (net)
                  0.04    0.00    0.18 ^ _70_/CLK (sky130_fd_sc_hd__dfxtp_4)
     5    0.06    0.07    0.26    0.43 v _70_/Q (sky130_fd_sc_hd__dfxtp_4)
                                         display_inst.clk_div[0] (net)
                  0.07    0.01    0.45 v _47_/A (sky130_fd_sc_hd__inv_2)
     1    0.04    0.14    0.13    0.58 ^ _47_/Y (sky130_fd_sc_hd__inv_2)
                                         _00_ (net)
                  0.14    0.01    0.58 ^ _70_/D (sky130_fd_sc_hd__dfxtp_4)
                                  0.58   data arrival time

                          0.00    0.00   clock core_clock (rise edge)
                          0.00    0.00   clock source latency
     1    0.03    0.00    0.00    0.00 ^ clk (in)
                                         clk (net)
                  0.00    0.00    0.00 ^ clkbuf_0_clk/A (sky130_fd_sc_hd__clkbuf_16)
     2    0.02    0.03    0.08    0.08 ^ clkbuf_0_clk/X (sky130_fd_sc_hd__clkbuf_16)
                                         clknet_0_clk (net)
                  0.03    0.00    0.08 ^ clkbuf_1_1__f_clk/A (sky130_fd_sc_hd__clkbuf_16)
     5    0.04    0.04    0.10    0.17 ^ clkbuf_1_1__f_clk/X (sky130_fd_sc_hd__clkbuf_16)
                                         clknet_1_1__leaf_clk (net)
                  0.04    0.00    0.18 ^ _70_/CLK (sky130_fd_sc_hd__dfxtp_4)
                          0.00    0.18   clock reconvergence pessimism
                         -0.02    0.15   library hold time
                                  0.15   data required time
-----------------------------------------------------------------------------
                                  0.15   data required time
                                 -0.58   data arrival time
-----------------------------------------------------------------------------
                                  0.43   slack (MET)


Startpoint: _78_ (rising edge-triggered flip-flop clocked by core_clock)
Endpoint: _78_ (rising edge-triggered flip-flop clocked by core_clock)
Path Group: core_clock
Path Type: min
Corner: Fastest

Fanout     Cap    Slew   Delay    Time   Description
-----------------------------------------------------------------------------
                          0.00    0.00   clock core_clock (rise edge)
                          0.00    0.00   clock source latency
     1    0.03    0.00    0.00    0.00 ^ clk (in)
                                         clk (net)
                  0.00    0.00    0.00 ^ clkbuf_0_clk/A (sky130_fd_sc_hd__clkbuf_16)
     2    0.02    0.03    0.08    0.08 ^ clkbuf_0_clk/X (sky130_fd_sc_hd__clkbuf_16)
                                         clknet_0_clk (net)
                  0.03    0.00    0.08 ^ clkbuf_1_0__f_clk/A (sky130_fd_sc_hd__clkbuf_16)
     5    0.03    0.04    0.09    0.17 ^ clkbuf_1_0__f_clk/X (sky130_fd_sc_hd__clkbuf_16)
                                         clknet_1_0__leaf_clk (net)
                  0.04    0.00    0.17 ^ _78_/CLK (sky130_fd_sc_hd__dfxtp_2)
     4    0.05    0.18    0.30    0.47 ^ _78_/Q (sky130_fd_sc_hd__dfxtp_2)
                                         display_inst.clk_div[8] (net)
                  0.18    0.01    0.48 ^ _66_/A (sky130_fd_sc_hd__xor2_2)
     1    0.02    0.05    0.09    0.57 v _66_/X (sky130_fd_sc_hd__xor2_2)
                                         _08_ (net)
                  0.05    0.00    0.57 v _78_/D (sky130_fd_sc_hd__dfxtp_2)
                                  0.57   data arrival time

                          0.00    0.00   clock core_clock (rise edge)
                          0.00    0.00   clock source latency
     1    0.03    0.00    0.00    0.00 ^ clk (in)
                                         clk (net)
                  0.00    0.00    0.00 ^ clkbuf_0_clk/A (sky130_fd_sc_hd__clkbuf_16)
     2    0.02    0.03    0.08    0.08 ^ clkbuf_0_clk/X (sky130_fd_sc_hd__clkbuf_16)
                                         clknet_0_clk (net)
                  0.03    0.00    0.08 ^ clkbuf_1_0__f_clk/A (sky130_fd_sc_hd__clkbuf_16)
     5    0.03    0.04    0.09    0.17 ^ clkbuf_1_0__f_clk/X (sky130_fd_sc_hd__clkbuf_16)
                                         clknet_1_0__leaf_clk (net)
                  0.04    0.00    0.17 ^ _78_/CLK (sky130_fd_sc_hd__dfxtp_2)
                          0.00    0.17   clock reconvergence pessimism
                         -0.04    0.13   library hold time
                                  0.13   data required time
-----------------------------------------------------------------------------
                                  0.13   data required time
                                 -0.57   data arrival time
-----------------------------------------------------------------------------
                                  0.44   slack (MET)


Startpoint: _70_ (rising edge-triggered flip-flop clocked by core_clock)
Endpoint: _71_ (rising edge-triggered flip-flop clocked by core_clock)
Path Group: core_clock
Path Type: min
Corner: Fastest

Fanout     Cap    Slew   Delay    Time   Description
-----------------------------------------------------------------------------
                          0.00    0.00   clock core_clock (rise edge)
                          0.00    0.00   clock source latency
     1    0.03    0.00    0.00    0.00 ^ clk (in)
                                         clk (net)
                  0.00    0.00    0.00 ^ clkbuf_0_clk/A (sky130_fd_sc_hd__clkbuf_16)
     2    0.02    0.03    0.08    0.08 ^ clkbuf_0_clk/X (sky130_fd_sc_hd__clkbuf_16)
                                         clknet_0_clk (net)
                  0.03    0.00    0.08 ^ clkbuf_1_1__f_clk/A (sky130_fd_sc_hd__clkbuf_16)
     5    0.04    0.04    0.10    0.17 ^ clkbuf_1_1__f_clk/X (sky130_fd_sc_hd__clkbuf_16)
                                         clknet_1_1__leaf_clk (net)
                  0.04    0.00    0.18 ^ _70_/CLK (sky130_fd_sc_hd__dfxtp_4)
     5    0.06    0.13    0.29    0.46 ^ _70_/Q (sky130_fd_sc_hd__dfxtp_4)
                                         display_inst.clk_div[0] (net)
                  0.13    0.01    0.47 ^ _48_/A (sky130_fd_sc_hd__xor2_1)
     1    0.02    0.06    0.10    0.57 v _48_/X (sky130_fd_sc_hd__xor2_1)
                                         _01_ (net)
                  0.06    0.00    0.57 v _71_/D (sky130_fd_sc_hd__dfxtp_2)
                                  0.57   data arrival time

                          0.00    0.00   clock core_clock (rise edge)
                          0.00    0.00   clock source latency
     1    0.03    0.00    0.00    0.00 ^ clk (in)
                                         clk (net)
                  0.00    0.00    0.00 ^ clkbuf_0_clk/A (sky130_fd_sc_hd__clkbuf_16)
     2    0.02    0.03    0.08    0.08 ^ clkbuf_0_clk/X (sky130_fd_sc_hd__clkbuf_16)
                                         clknet_0_clk (net)
                  0.03    0.00    0.08 ^ clkbuf_1_0__f_clk/A (sky130_fd_sc_hd__clkbuf_16)
     5    0.03    0.04    0.09    0.17 ^ clkbuf_1_0__f_clk/X (sky130_fd_sc_hd__clkbuf_16)
                                         clknet_1_0__leaf_clk (net)
                  0.04    0.00    0.17 ^ _71_/CLK (sky130_fd_sc_hd__dfxtp_2)
                          0.00    0.17   clock reconvergence pessimism
                         -0.04    0.13   library hold time
                                  0.13   data required time
-----------------------------------------------------------------------------
                                  0.13   data required time
                                 -0.57   data arrival time
-----------------------------------------------------------------------------
                                  0.44   slack (MET)


Startpoint: _76_ (rising edge-triggered flip-flop clocked by core_clock)
Endpoint: _76_ (rising edge-triggered flip-flop clocked by core_clock)
Path Group: core_clock
Path Type: min
Corner: Fastest

Fanout     Cap    Slew   Delay    Time   Description
-----------------------------------------------------------------------------
                          0.00    0.00   clock core_clock (rise edge)
                          0.00    0.00   clock source latency
     1    0.03    0.00    0.00    0.00 ^ clk (in)
                                         clk (net)
                  0.00    0.00    0.00 ^ clkbuf_0_clk/A (sky130_fd_sc_hd__clkbuf_16)
     2    0.02    0.03    0.08    0.08 ^ clkbuf_0_clk/X (sky130_fd_sc_hd__clkbuf_16)
                                         clknet_0_clk (net)
                  0.03    0.00    0.08 ^ clkbuf_1_1__f_clk/A (sky130_fd_sc_hd__clkbuf_16)
     5    0.04    0.04    0.10    0.17 ^ clkbuf_1_1__f_clk/X (sky130_fd_sc_hd__clkbuf_16)
                                         clknet_1_1__leaf_clk (net)
                  0.04    0.00    0.18 ^ _76_/CLK (sky130_fd_sc_hd__dfxtp_2)
     3    0.05    0.19    0.31    0.48 ^ _76_/Q (sky130_fd_sc_hd__dfxtp_2)
                                         display_inst.clk_div[6] (net)
                  0.19    0.01    0.49 ^ _60_/A (sky130_fd_sc_hd__xor2_2)
     1    0.03    0.06    0.11    0.60 v _60_/X (sky130_fd_sc_hd__xor2_2)
                                         _06_ (net)
                  0.06    0.00    0.60 v _76_/D (sky130_fd_sc_hd__dfxtp_2)
                                  0.60   data arrival time

                          0.00    0.00   clock core_clock (rise edge)
                          0.00    0.00   clock source latency
     1    0.03    0.00    0.00    0.00 ^ clk (in)
                                         clk (net)
                  0.00    0.00    0.00 ^ clkbuf_0_clk/A (sky130_fd_sc_hd__clkbuf_16)
     2    0.02    0.03    0.08    0.08 ^ clkbuf_0_clk/X (sky130_fd_sc_hd__clkbuf_16)
                                         clknet_0_clk (net)
                  0.03    0.00    0.08 ^ clkbuf_1_1__f_clk/A (sky130_fd_sc_hd__clkbuf_16)
     5    0.04    0.04    0.10    0.17 ^ clkbuf_1_1__f_clk/X (sky130_fd_sc_hd__clkbuf_16)
                                         clknet_1_1__leaf_clk (net)
                  0.04    0.00    0.18 ^ _76_/CLK (sky130_fd_sc_hd__dfxtp_2)
                          0.00    0.18   clock reconvergence pessimism
                         -0.04    0.13   library hold time
                                  0.13   data required time
-----------------------------------------------------------------------------
                                  0.13   data required time
                                 -0.60   data arrival time
-----------------------------------------------------------------------------
                                  0.47   slack (MET)


Startpoint: _74_ (rising edge-triggered flip-flop clocked by core_clock)
Endpoint: _74_ (rising edge-triggered flip-flop clocked by core_clock)
Path Group: core_clock
Path Type: min
Corner: Fastest

Fanout     Cap    Slew   Delay    Time   Description
-----------------------------------------------------------------------------
                          0.00    0.00   clock core_clock (rise edge)
                          0.00    0.00   clock source latency
     1    0.03    0.00    0.00    0.00 ^ clk (in)
                                         clk (net)
                  0.00    0.00    0.00 ^ clkbuf_0_clk/A (sky130_fd_sc_hd__clkbuf_16)
     2    0.02    0.03    0.08    0.08 ^ clkbuf_0_clk/X (sky130_fd_sc_hd__clkbuf_16)
                                         clknet_0_clk (net)
                  0.03    0.00    0.08 ^ clkbuf_1_1__f_clk/A (sky130_fd_sc_hd__clkbuf_16)
     5    0.04    0.04    0.10    0.17 ^ clkbuf_1_1__f_clk/X (sky130_fd_sc_hd__clkbuf_16)
                                         clknet_1_1__leaf_clk (net)
                  0.04    0.00    0.18 ^ _74_/CLK (sky130_fd_sc_hd__dfxtp_4)
     6    0.07    0.16    0.31    0.48 ^ _74_/Q (sky130_fd_sc_hd__dfxtp_4)
                                         display_inst.clk_div[4] (net)
                  0.16    0.01    0.49 ^ _56_/A (sky130_fd_sc_hd__xor2_2)
     1    0.04    0.08    0.13    0.62 v _56_/X (sky130_fd_sc_hd__xor2_2)
                                         _04_ (net)
                  0.08    0.00    0.63 v _74_/D (sky130_fd_sc_hd__dfxtp_4)
                                  0.63   data arrival time

                          0.00    0.00   clock core_clock (rise edge)
                          0.00    0.00   clock source latency
     1    0.03    0.00    0.00    0.00 ^ clk (in)
                                         clk (net)
                  0.00    0.00    0.00 ^ clkbuf_0_clk/A (sky130_fd_sc_hd__clkbuf_16)
     2    0.02    0.03    0.08    0.08 ^ clkbuf_0_clk/X (sky130_fd_sc_hd__clkbuf_16)
                                         clknet_0_clk (net)
                  0.03    0.00    0.08 ^ clkbuf_1_1__f_clk/A (sky130_fd_sc_hd__clkbuf_16)
     5    0.04    0.04    0.10    0.17 ^ clkbuf_1_1__f_clk/X (sky130_fd_sc_hd__clkbuf_16)
                                         clknet_1_1__leaf_clk (net)
                  0.04    0.00    0.18 ^ _74_/CLK (sky130_fd_sc_hd__dfxtp_4)
                          0.00    0.18   clock reconvergence pessimism
                         -0.05    0.13   library hold time
                                  0.13   data required time
-----------------------------------------------------------------------------
                                  0.13   data required time
                                 -0.63   data arrival time
-----------------------------------------------------------------------------
                                  0.50   slack (MET)


Startpoint: _72_ (rising edge-triggered flip-flop clocked by core_clock)
Endpoint: _72_ (rising edge-triggered flip-flop clocked by core_clock)
Path Group: core_clock
Path Type: min
Corner: Fastest

Fanout     Cap    Slew   Delay    Time   Description
-----------------------------------------------------------------------------
                          0.00    0.00   clock core_clock (rise edge)
                          0.00    0.00   clock source latency
     1    0.03    0.00    0.00    0.00 ^ clk (in)
                                         clk (net)
                  0.00    0.00    0.00 ^ clkbuf_0_clk/A (sky130_fd_sc_hd__clkbuf_16)
     2    0.02    0.03    0.08    0.08 ^ clkbuf_0_clk/X (sky130_fd_sc_hd__clkbuf_16)
                                         clknet_0_clk (net)
                  0.03    0.00    0.08 ^ clkbuf_1_1__f_clk/A (sky130_fd_sc_hd__clkbuf_16)
     5    0.04    0.04    0.10    0.17 ^ clkbuf_1_1__f_clk/X (sky130_fd_sc_hd__clkbuf_16)
                                         clknet_1_1__leaf_clk (net)
                  0.04    0.00    0.18 ^ _72_/CLK (sky130_fd_sc_hd__dfxtp_1)
     5    0.03    0.11    0.26    0.44 v _72_/Q (sky130_fd_sc_hd__dfxtp_1)
                                         display_inst.clk_div[2] (net)
                  0.11    0.00    0.44 v _50_/B1 (sky130_fd_sc_hd__a21oi_2)
     1    0.02    0.12    0.13    0.57 ^ _50_/Y (sky130_fd_sc_hd__a21oi_2)
                                         _20_ (net)
                  0.12    0.00    0.57 ^ _51_/B (sky130_fd_sc_hd__nor2_1)
     1    0.01    0.06    0.07    0.64 v _51_/Y (sky130_fd_sc_hd__nor2_1)
                                         _02_ (net)
                  0.06    0.00    0.64 v _72_/D (sky130_fd_sc_hd__dfxtp_1)
                                  0.64   data arrival time

                          0.00    0.00   clock core_clock (rise edge)
                          0.00    0.00   clock source latency
     1    0.03    0.00    0.00    0.00 ^ clk (in)
                                         clk (net)
                  0.00    0.00    0.00 ^ clkbuf_0_clk/A (sky130_fd_sc_hd__clkbuf_16)
     2    0.02    0.03    0.08    0.08 ^ clkbuf_0_clk/X (sky130_fd_sc_hd__clkbuf_16)
                                         clknet_0_clk (net)
                  0.03    0.00    0.08 ^ clkbuf_1_1__f_clk/A (sky130_fd_sc_hd__clkbuf_16)
     5    0.04    0.04    0.10    0.17 ^ clkbuf_1_1__f_clk/X (sky130_fd_sc_hd__clkbuf_16)
                                         clknet_1_1__leaf_clk (net)
                  0.04    0.00    0.18 ^ _72_/CLK (sky130_fd_sc_hd__dfxtp_1)
                          0.00    0.18   clock reconvergence pessimism
                         -0.05    0.13   library hold time
                                  0.13   data required time
-----------------------------------------------------------------------------
                                  0.13   data required time
                                 -0.64   data arrival time
-----------------------------------------------------------------------------
                                  0.52   slack (MET)


Startpoint: _75_ (rising edge-triggered flip-flop clocked by core_clock)
Endpoint: _75_ (rising edge-triggered flip-flop clocked by core_clock)
Path Group: core_clock
Path Type: min
Corner: Fastest

Fanout     Cap    Slew   Delay    Time   Description
-----------------------------------------------------------------------------
                          0.00    0.00   clock core_clock (rise edge)
                          0.00    0.00   clock source latency
     1    0.03    0.00    0.00    0.00 ^ clk (in)
                                         clk (net)
                  0.00    0.00    0.00 ^ clkbuf_0_clk/A (sky130_fd_sc_hd__clkbuf_16)
     2    0.02    0.03    0.08    0.08 ^ clkbuf_0_clk/X (sky130_fd_sc_hd__clkbuf_16)
                                         clknet_0_clk (net)
                  0.03    0.00    0.08 ^ clkbuf_1_1__f_clk/A (sky130_fd_sc_hd__clkbuf_16)
     5    0.04    0.04    0.10    0.17 ^ clkbuf_1_1__f_clk/X (sky130_fd_sc_hd__clkbuf_16)
                                         clknet_1_1__leaf_clk (net)
                  0.04    0.00    0.18 ^ _75_/CLK (sky130_fd_sc_hd__dfxtp_2)
     4    0.05    0.09    0.26    0.44 v _75_/Q (sky130_fd_sc_hd__dfxtp_2)
                                         display_inst.clk_div[5] (net)
                  0.09    0.01    0.44 v _58_/B1 (sky130_fd_sc_hd__a21oi_2)
     1    0.02    0.13    0.13    0.58 ^ _58_/Y (sky130_fd_sc_hd__a21oi_2)
                                         _25_ (net)
                  0.13    0.00    0.58 ^ _59_/B (sky130_fd_sc_hd__nor2_1)
     1    0.02    0.07    0.08    0.66 v _59_/Y (sky130_fd_sc_hd__nor2_1)
                                         _05_ (net)
                  0.07    0.00    0.66 v _75_/D (sky130_fd_sc_hd__dfxtp_2)
                                  0.66   data arrival time

                          0.00    0.00   clock core_clock (rise edge)
                          0.00    0.00   clock source latency
     1    0.03    0.00    0.00    0.00 ^ clk (in)
                                         clk (net)
                  0.00    0.00    0.00 ^ clkbuf_0_clk/A (sky130_fd_sc_hd__clkbuf_16)
     2    0.02    0.03    0.08    0.08 ^ clkbuf_0_clk/X (sky130_fd_sc_hd__clkbuf_16)
                                         clknet_0_clk (net)
                  0.03    0.00    0.08 ^ clkbuf_1_1__f_clk/A (sky130_fd_sc_hd__clkbuf_16)
     5    0.04    0.04    0.10    0.17 ^ clkbuf_1_1__f_clk/X (sky130_fd_sc_hd__clkbuf_16)
                                         clknet_1_1__leaf_clk (net)
                  0.04    0.00    0.18 ^ _75_/CLK (sky130_fd_sc_hd__dfxtp_2)
                          0.00    0.18   clock reconvergence pessimism
                         -0.05    0.13   library hold time
                                  0.13   data required time
-----------------------------------------------------------------------------
                                  0.13   data required time
                                 -0.66   data arrival time
-----------------------------------------------------------------------------
                                  0.53   slack (MET)


Startpoint: _77_ (rising edge-triggered flip-flop clocked by core_clock)
Endpoint: _77_ (rising edge-triggered flip-flop clocked by core_clock)
Path Group: core_clock
Path Type: min
Corner: Fastest

Fanout     Cap    Slew   Delay    Time   Description
-----------------------------------------------------------------------------
                          0.00    0.00   clock core_clock (rise edge)
                          0.00    0.00   clock source latency
     1    0.03    0.00    0.00    0.00 ^ clk (in)
                                         clk (net)
                  0.00    0.00    0.00 ^ clkbuf_0_clk/A (sky130_fd_sc_hd__clkbuf_16)
     2    0.02    0.03    0.08    0.08 ^ clkbuf_0_clk/X (sky130_fd_sc_hd__clkbuf_16)
                                         clknet_0_clk (net)
                  0.03    0.00    0.08 ^ clkbuf_1_0__f_clk/A (sky130_fd_sc_hd__clkbuf_16)
     5    0.03    0.04    0.09    0.17 ^ clkbuf_1_0__f_clk/X (sky130_fd_sc_hd__clkbuf_16)
                                         clknet_1_0__leaf_clk (net)
                  0.04    0.00    0.17 ^ _77_/CLK (sky130_fd_sc_hd__dfxtp_1)
     2    0.02    0.07    0.23    0.40 v _77_/Q (sky130_fd_sc_hd__dfxtp_1)
                                         display_inst.clk_div[7] (net)
                  0.07    0.00    0.40 v _63_/B1 (sky130_fd_sc_hd__a41o_1)
     1    0.01    0.04    0.10    0.50 v _63_/X (sky130_fd_sc_hd__a41o_1)
                                         _28_ (net)
                  0.04    0.00    0.50 v _64_/B (sky130_fd_sc_hd__and2b_1)
     1    0.01    0.04    0.11    0.61 v _64_/X (sky130_fd_sc_hd__and2b_1)
                                         _29_ (net)
                  0.04    0.00    0.61 v _65_/A (sky130_fd_sc_hd__clkbuf_1)
     1    0.01    0.03    0.07    0.68 v _65_/X (sky130_fd_sc_hd__clkbuf_1)
                                         _07_ (net)
                  0.03    0.00    0.68 v _77_/D (sky130_fd_sc_hd__dfxtp_1)
                                  0.68   data arrival time

                          0.00    0.00   clock core_clock (rise edge)
                          0.00    0.00   clock source latency
     1    0.03    0.00    0.00    0.00 ^ clk (in)
                                         clk (net)
                  0.00    0.00    0.00 ^ clkbuf_0_clk/A (sky130_fd_sc_hd__clkbuf_16)
     2    0.02    0.03    0.08    0.08 ^ clkbuf_0_clk/X (sky130_fd_sc_hd__clkbuf_16)
                                         clknet_0_clk (net)
                  0.03    0.00    0.08 ^ clkbuf_1_0__f_clk/A (sky130_fd_sc_hd__clkbuf_16)
     5    0.03    0.04    0.09    0.17 ^ clkbuf_1_0__f_clk/X (sky130_fd_sc_hd__clkbuf_16)
                                         clknet_1_0__leaf_clk (net)
                  0.04    0.00    0.17 ^ _77_/CLK (sky130_fd_sc_hd__dfxtp_1)
                          0.00    0.17   clock reconvergence pessimism
                         -0.04    0.13   library hold time
                                  0.13   data required time
-----------------------------------------------------------------------------
                                  0.13   data required time
                                 -0.68   data arrival time
-----------------------------------------------------------------------------
                                  0.55   slack (MET)


Startpoint: _73_ (rising edge-triggered flip-flop clocked by core_clock)
Endpoint: _73_ (rising edge-triggered flip-flop clocked by core_clock)
Path Group: core_clock
Path Type: min
Corner: Fastest

Fanout     Cap    Slew   Delay    Time   Description
-----------------------------------------------------------------------------
                          0.00    0.00   clock core_clock (rise edge)
                          0.00    0.00   clock source latency
     1    0.03    0.00    0.00    0.00 ^ clk (in)
                                         clk (net)
                  0.00    0.00    0.00 ^ clkbuf_0_clk/A (sky130_fd_sc_hd__clkbuf_16)
     2    0.02    0.03    0.08    0.08 ^ clkbuf_0_clk/X (sky130_fd_sc_hd__clkbuf_16)
                                         clknet_0_clk (net)
                  0.03    0.00    0.08 ^ clkbuf_1_0__f_clk/A (sky130_fd_sc_hd__clkbuf_16)
     5    0.03    0.04    0.09    0.17 ^ clkbuf_1_0__f_clk/X (sky130_fd_sc_hd__clkbuf_16)
                                         clknet_1_0__leaf_clk (net)
                  0.04    0.00    0.17 ^ _73_/CLK (sky130_fd_sc_hd__dfxtp_1)
     3    0.02    0.08    0.24    0.41 v _73_/Q (sky130_fd_sc_hd__dfxtp_1)
                                         display_inst.clk_div[3] (net)
                  0.08    0.00    0.41 v _54_/A (sky130_fd_sc_hd__nor2_1)
     1    0.01    0.18    0.17    0.59 ^ _54_/Y (sky130_fd_sc_hd__nor2_1)
                                         _23_ (net)
                  0.18    0.00    0.59 ^ _55_/B (sky130_fd_sc_hd__nor2_1)
     1    0.02    0.09    0.09    0.68 v _55_/Y (sky130_fd_sc_hd__nor2_1)
                                         _03_ (net)
                  0.09    0.00    0.68 v _73_/D (sky130_fd_sc_hd__dfxtp_1)
                                  0.68   data arrival time

                          0.00    0.00   clock core_clock (rise edge)
                          0.00    0.00   clock source latency
     1    0.03    0.00    0.00    0.00 ^ clk (in)
                                         clk (net)
                  0.00    0.00    0.00 ^ clkbuf_0_clk/A (sky130_fd_sc_hd__clkbuf_16)
     2    0.02    0.03    0.08    0.08 ^ clkbuf_0_clk/X (sky130_fd_sc_hd__clkbuf_16)
                                         clknet_0_clk (net)
                  0.03    0.00    0.08 ^ clkbuf_1_0__f_clk/A (sky130_fd_sc_hd__clkbuf_16)
     5    0.03    0.04    0.09    0.17 ^ clkbuf_1_0__f_clk/X (sky130_fd_sc_hd__clkbuf_16)
                                         clknet_1_0__leaf_clk (net)
                  0.04    0.00    0.17 ^ _73_/CLK (sky130_fd_sc_hd__dfxtp_1)
                          0.00    0.17   clock reconvergence pessimism
                         -0.06    0.12   library hold time
                                  0.12   data required time
-----------------------------------------------------------------------------
                                  0.12   data required time
                                 -0.68   data arrival time
-----------------------------------------------------------------------------
                                  0.57   slack (MET)



worst slack corner Fastest: 0.4285
======================= Slowest Corner ===================================

Startpoint: _70_ (rising edge-triggered flip-flop clocked by core_clock)
Endpoint: _70_ (rising edge-triggered flip-flop clocked by core_clock)
Path Group: core_clock
Path Type: min
Corner: Slowest

Fanout     Cap    Slew   Delay    Time   Description
-----------------------------------------------------------------------------
                          0.00    0.00   clock core_clock (rise edge)
                          0.00    0.00   clock source latency
     1    0.03    0.00    0.00    0.00 ^ clk (in)
                                         clk (net)
                  0.00    0.00    0.00 ^ clkbuf_0_clk/A (sky130_fd_sc_hd__clkbuf_16)
     2    0.02    0.07    0.19    0.20 ^ clkbuf_0_clk/X (sky130_fd_sc_hd__clkbuf_16)
                                         clknet_0_clk (net)
                  0.07    0.00    0.20 ^ clkbuf_1_1__f_clk/A (sky130_fd_sc_hd__clkbuf_16)
     5    0.04    0.09    0.24    0.44 ^ clkbuf_1_1__f_clk/X (sky130_fd_sc_hd__clkbuf_16)
                                         clknet_1_1__leaf_clk (net)
                  0.09    0.00    0.44 ^ _70_/CLK (sky130_fd_sc_hd__dfxtp_4)
     5    0.06    0.17    0.77    1.21 v _70_/Q (sky130_fd_sc_hd__dfxtp_4)
                                         display_inst.clk_div[0] (net)
                  0.17    0.01    1.22 v _47_/A (sky130_fd_sc_hd__inv_2)
     1    0.04    0.29    0.30    1.52 ^ _47_/Y (sky130_fd_sc_hd__inv_2)
                                         _00_ (net)
                  0.29    0.00    1.52 ^ _70_/D (sky130_fd_sc_hd__dfxtp_4)
                                  1.52   data arrival time

                          0.00    0.00   clock core_clock (rise edge)
                          0.00    0.00   clock source latency
     1    0.03    0.00    0.00    0.00 ^ clk (in)
                                         clk (net)
                  0.00    0.00    0.00 ^ clkbuf_0_clk/A (sky130_fd_sc_hd__clkbuf_16)
     2    0.02    0.07    0.19    0.20 ^ clkbuf_0_clk/X (sky130_fd_sc_hd__clkbuf_16)
                                         clknet_0_clk (net)
                  0.07    0.00    0.20 ^ clkbuf_1_1__f_clk/A (sky130_fd_sc_hd__clkbuf_16)
     5    0.04    0.09    0.24    0.44 ^ clkbuf_1_1__f_clk/X (sky130_fd_sc_hd__clkbuf_16)
                                         clknet_1_1__leaf_clk (net)
                  0.09    0.00    0.44 ^ _70_/CLK (sky130_fd_sc_hd__dfxtp_4)
                          0.00    0.44   clock reconvergence pessimism
                         -0.12    0.32   library hold time
                                  0.32   data required time
-----------------------------------------------------------------------------
                                  0.32   data required time
                                 -1.52   data arrival time
-----------------------------------------------------------------------------
                                  1.20   slack (MET)


Startpoint: _78_ (rising edge-triggered flip-flop clocked by core_clock)
Endpoint: _78_ (rising edge-triggered flip-flop clocked by core_clock)
Path Group: core_clock
Path Type: min
Corner: Slowest

Fanout     Cap    Slew   Delay    Time   Description
-----------------------------------------------------------------------------
                          0.00    0.00   clock core_clock (rise edge)
                          0.00    0.00   clock source latency
     1    0.03    0.00    0.00    0.00 ^ clk (in)
                                         clk (net)
                  0.00    0.00    0.00 ^ clkbuf_0_clk/A (sky130_fd_sc_hd__clkbuf_16)
     2    0.02    0.07    0.19    0.20 ^ clkbuf_0_clk/X (sky130_fd_sc_hd__clkbuf_16)
                                         clknet_0_clk (net)
                  0.07    0.00    0.20 ^ clkbuf_1_0__f_clk/A (sky130_fd_sc_hd__clkbuf_16)
     5    0.03    0.08    0.24    0.43 ^ clkbuf_1_0__f_clk/X (sky130_fd_sc_hd__clkbuf_16)
                                         clknet_1_0__leaf_clk (net)
                  0.08    0.00    0.43 ^ _78_/CLK (sky130_fd_sc_hd__dfxtp_2)
     4    0.04    0.20    0.75    1.18 v _78_/Q (sky130_fd_sc_hd__dfxtp_2)
                                         display_inst.clk_div[8] (net)
                  0.20    0.01    1.19 v _66_/A (sky130_fd_sc_hd__xor2_2)
     1    0.02    0.12    0.43    1.61 v _66_/X (sky130_fd_sc_hd__xor2_2)
                                         _08_ (net)
                  0.12    0.00    1.62 v _78_/D (sky130_fd_sc_hd__dfxtp_2)
                                  1.62   data arrival time

                          0.00    0.00   clock core_clock (rise edge)
                          0.00    0.00   clock source latency
     1    0.03    0.00    0.00    0.00 ^ clk (in)
                                         clk (net)
                  0.00    0.00    0.00 ^ clkbuf_0_clk/A (sky130_fd_sc_hd__clkbuf_16)
     2    0.02    0.07    0.19    0.20 ^ clkbuf_0_clk/X (sky130_fd_sc_hd__clkbuf_16)
                                         clknet_0_clk (net)
                  0.07    0.00    0.20 ^ clkbuf_1_0__f_clk/A (sky130_fd_sc_hd__clkbuf_16)
     5    0.03    0.08    0.24    0.43 ^ clkbuf_1_0__f_clk/X (sky130_fd_sc_hd__clkbuf_16)
                                         clknet_1_0__leaf_clk (net)
                  0.08    0.00    0.43 ^ _78_/CLK (sky130_fd_sc_hd__dfxtp_2)
                          0.00    0.43   clock reconvergence pessimism
                         -0.11    0.33   library hold time
                                  0.33   data required time
-----------------------------------------------------------------------------
                                  0.33   data required time
                                 -1.62   data arrival time
-----------------------------------------------------------------------------
                                  1.29   slack (MET)


Startpoint: _71_ (rising edge-triggered flip-flop clocked by core_clock)
Endpoint: _71_ (rising edge-triggered flip-flop clocked by core_clock)
Path Group: core_clock
Path Type: min
Corner: Slowest

Fanout     Cap    Slew   Delay    Time   Description
-----------------------------------------------------------------------------
                          0.00    0.00   clock core_clock (rise edge)
                          0.00    0.00   clock source latency
     1    0.03    0.00    0.00    0.00 ^ clk (in)
                                         clk (net)
                  0.00    0.00    0.00 ^ clkbuf_0_clk/A (sky130_fd_sc_hd__clkbuf_16)
     2    0.02    0.07    0.19    0.20 ^ clkbuf_0_clk/X (sky130_fd_sc_hd__clkbuf_16)
                                         clknet_0_clk (net)
                  0.07    0.00    0.20 ^ clkbuf_1_0__f_clk/A (sky130_fd_sc_hd__clkbuf_16)
     5    0.03    0.08    0.24    0.43 ^ clkbuf_1_0__f_clk/X (sky130_fd_sc_hd__clkbuf_16)
                                         clknet_1_0__leaf_clk (net)
                  0.08    0.00    0.43 ^ _71_/CLK (sky130_fd_sc_hd__dfxtp_2)
     4    0.05    0.21    0.76    1.19 v _71_/Q (sky130_fd_sc_hd__dfxtp_2)
                                         display_inst.clk_div[1] (net)
                  0.21    0.00    1.20 v _48_/B (sky130_fd_sc_hd__xor2_1)
     1    0.02    0.16    0.42    1.61 v _48_/X (sky130_fd_sc_hd__xor2_1)
                                         _01_ (net)
                  0.16    0.00    1.61 v _71_/D (sky130_fd_sc_hd__dfxtp_2)
                                  1.61   data arrival time

                          0.00    0.00   clock core_clock (rise edge)
                          0.00    0.00   clock source latency
     1    0.03    0.00    0.00    0.00 ^ clk (in)
                                         clk (net)
                  0.00    0.00    0.00 ^ clkbuf_0_clk/A (sky130_fd_sc_hd__clkbuf_16)
     2    0.02    0.07    0.19    0.20 ^ clkbuf_0_clk/X (sky130_fd_sc_hd__clkbuf_16)
                                         clknet_0_clk (net)
                  0.07    0.00    0.20 ^ clkbuf_1_0__f_clk/A (sky130_fd_sc_hd__clkbuf_16)
     5    0.03    0.08    0.24    0.43 ^ clkbuf_1_0__f_clk/X (sky130_fd_sc_hd__clkbuf_16)
                                         clknet_1_0__leaf_clk (net)
                  0.08    0.00    0.43 ^ _71_/CLK (sky130_fd_sc_hd__dfxtp_2)
                          0.00    0.43   clock reconvergence pessimism
                         -0.12    0.31   library hold time
                                  0.31   data required time
-----------------------------------------------------------------------------
                                  0.31   data required time
                                 -1.61   data arrival time
-----------------------------------------------------------------------------
                                  1.30   slack (MET)


Startpoint: _76_ (rising edge-triggered flip-flop clocked by core_clock)
Endpoint: _76_ (rising edge-triggered flip-flop clocked by core_clock)
Path Group: core_clock
Path Type: min
Corner: Slowest

Fanout     Cap    Slew   Delay    Time   Description
-----------------------------------------------------------------------------
                          0.00    0.00   clock core_clock (rise edge)
                          0.00    0.00   clock source latency
     1    0.03    0.00    0.00    0.00 ^ clk (in)
                                         clk (net)
                  0.00    0.00    0.00 ^ clkbuf_0_clk/A (sky130_fd_sc_hd__clkbuf_16)
     2    0.02    0.07    0.19    0.20 ^ clkbuf_0_clk/X (sky130_fd_sc_hd__clkbuf_16)
                                         clknet_0_clk (net)
                  0.07    0.00    0.20 ^ clkbuf_1_1__f_clk/A (sky130_fd_sc_hd__clkbuf_16)
     5    0.04    0.09    0.24    0.44 ^ clkbuf_1_1__f_clk/X (sky130_fd_sc_hd__clkbuf_16)
                                         clknet_1_1__leaf_clk (net)
                  0.09    0.00    0.44 ^ _76_/CLK (sky130_fd_sc_hd__dfxtp_2)
     3    0.05    0.22    0.76    1.20 v _76_/Q (sky130_fd_sc_hd__dfxtp_2)
                                         display_inst.clk_div[6] (net)
                  0.22    0.01    1.21 v _60_/A (sky130_fd_sc_hd__xor2_2)
     1    0.03    0.15    0.46    1.67 v _60_/X (sky130_fd_sc_hd__xor2_2)
                                         _06_ (net)
                  0.15    0.00    1.67 v _76_/D (sky130_fd_sc_hd__dfxtp_2)
                                  1.67   data arrival time

                          0.00    0.00   clock core_clock (rise edge)
                          0.00    0.00   clock source latency
     1    0.03    0.00    0.00    0.00 ^ clk (in)
                                         clk (net)
                  0.00    0.00    0.00 ^ clkbuf_0_clk/A (sky130_fd_sc_hd__clkbuf_16)
     2    0.02    0.07    0.19    0.20 ^ clkbuf_0_clk/X (sky130_fd_sc_hd__clkbuf_16)
                                         clknet_0_clk (net)
                  0.07    0.00    0.20 ^ clkbuf_1_1__f_clk/A (sky130_fd_sc_hd__clkbuf_16)
     5    0.04    0.09    0.24    0.44 ^ clkbuf_1_1__f_clk/X (sky130_fd_sc_hd__clkbuf_16)
                                         clknet_1_1__leaf_clk (net)
                  0.09    0.00    0.44 ^ _76_/CLK (sky130_fd_sc_hd__dfxtp_2)
                          0.00    0.44   clock reconvergence pessimism
                         -0.12    0.33   library hold time
                                  0.33   data required time
-----------------------------------------------------------------------------
                                  0.33   data required time
                                 -1.67   data arrival time
-----------------------------------------------------------------------------
                                  1.34   slack (MET)


Startpoint: _74_ (rising edge-triggered flip-flop clocked by core_clock)
Endpoint: _74_ (rising edge-triggered flip-flop clocked by core_clock)
Path Group: core_clock
Path Type: min
Corner: Slowest

Fanout     Cap    Slew   Delay    Time   Description
-----------------------------------------------------------------------------
                          0.00    0.00   clock core_clock (rise edge)
                          0.00    0.00   clock source latency
     1    0.03    0.00    0.00    0.00 ^ clk (in)
                                         clk (net)
                  0.00    0.00    0.00 ^ clkbuf_0_clk/A (sky130_fd_sc_hd__clkbuf_16)
     2    0.02    0.07    0.19    0.20 ^ clkbuf_0_clk/X (sky130_fd_sc_hd__clkbuf_16)
                                         clknet_0_clk (net)
                  0.07    0.00    0.20 ^ clkbuf_1_1__f_clk/A (sky130_fd_sc_hd__clkbuf_16)
     5    0.04    0.09    0.24    0.44 ^ clkbuf_1_1__f_clk/X (sky130_fd_sc_hd__clkbuf_16)
                                         clknet_1_1__leaf_clk (net)
                  0.09    0.00    0.44 ^ _74_/CLK (sky130_fd_sc_hd__dfxtp_4)
     6    0.07    0.20    0.79    1.24 v _74_/Q (sky130_fd_sc_hd__dfxtp_4)
                                         display_inst.clk_div[4] (net)
                  0.20    0.01    1.25 v _56_/A (sky130_fd_sc_hd__xor2_2)
     1    0.04    0.19    0.49    1.74 v _56_/X (sky130_fd_sc_hd__xor2_2)
                                         _04_ (net)
                  0.19    0.00    1.74 v _74_/D (sky130_fd_sc_hd__dfxtp_4)
                                  1.74   data arrival time

                          0.00    0.00   clock core_clock (rise edge)
                          0.00    0.00   clock source latency
     1    0.03    0.00    0.00    0.00 ^ clk (in)
                                         clk (net)
                  0.00    0.00    0.00 ^ clkbuf_0_clk/A (sky130_fd_sc_hd__clkbuf_16)
     2    0.02    0.07    0.19    0.20 ^ clkbuf_0_clk/X (sky130_fd_sc_hd__clkbuf_16)
                                         clknet_0_clk (net)
                  0.07    0.00    0.20 ^ clkbuf_1_1__f_clk/A (sky130_fd_sc_hd__clkbuf_16)
     5    0.04    0.09    0.24    0.44 ^ clkbuf_1_1__f_clk/X (sky130_fd_sc_hd__clkbuf_16)
                                         clknet_1_1__leaf_clk (net)
                  0.09    0.00    0.44 ^ _74_/CLK (sky130_fd_sc_hd__dfxtp_4)
                          0.00    0.44   clock reconvergence pessimism
                         -0.13    0.31   library hold time
                                  0.31   data required time
-----------------------------------------------------------------------------
                                  0.31   data required time
                                 -1.74   data arrival time
-----------------------------------------------------------------------------
                                  1.43   slack (MET)


Startpoint: _70_ (rising edge-triggered flip-flop clocked by core_clock)
Endpoint: _72_ (rising edge-triggered flip-flop clocked by core_clock)
Path Group: core_clock
Path Type: min
Corner: Slowest

Fanout     Cap    Slew   Delay    Time   Description
-----------------------------------------------------------------------------
                          0.00    0.00   clock core_clock (rise edge)
                          0.00    0.00   clock source latency
     1    0.03    0.00    0.00    0.00 ^ clk (in)
                                         clk (net)
                  0.00    0.00    0.00 ^ clkbuf_0_clk/A (sky130_fd_sc_hd__clkbuf_16)
     2    0.02    0.07    0.19    0.20 ^ clkbuf_0_clk/X (sky130_fd_sc_hd__clkbuf_16)
                                         clknet_0_clk (net)
                  0.07    0.00    0.20 ^ clkbuf_1_1__f_clk/A (sky130_fd_sc_hd__clkbuf_16)
     5    0.04    0.09    0.24    0.44 ^ clkbuf_1_1__f_clk/X (sky130_fd_sc_hd__clkbuf_16)
                                         clknet_1_1__leaf_clk (net)
                  0.09    0.00    0.44 ^ _70_/CLK (sky130_fd_sc_hd__dfxtp_4)
     5    0.06    0.17    0.77    1.21 v _70_/Q (sky130_fd_sc_hd__dfxtp_4)
                                         display_inst.clk_div[0] (net)
                  0.17    0.01    1.22 v _50_/A1 (sky130_fd_sc_hd__a21oi_2)
     1    0.02    0.35    0.41    1.63 ^ _50_/Y (sky130_fd_sc_hd__a21oi_2)
                                         _20_ (net)
                  0.35    0.00    1.63 ^ _51_/B (sky130_fd_sc_hd__nor2_1)
     1    0.01    0.14    0.26    1.89 v _51_/Y (sky130_fd_sc_hd__nor2_1)
                                         _02_ (net)
                  0.14    0.00    1.89 v _72_/D (sky130_fd_sc_hd__dfxtp_1)
                                  1.89   data arrival time

                          0.00    0.00   clock core_clock (rise edge)
                          0.00    0.00   clock source latency
     1    0.03    0.00    0.00    0.00 ^ clk (in)
                                         clk (net)
                  0.00    0.00    0.00 ^ clkbuf_0_clk/A (sky130_fd_sc_hd__clkbuf_16)
     2    0.02    0.07    0.19    0.20 ^ clkbuf_0_clk/X (sky130_fd_sc_hd__clkbuf_16)
                                         clknet_0_clk (net)
                  0.07    0.00    0.20 ^ clkbuf_1_1__f_clk/A (sky130_fd_sc_hd__clkbuf_16)
     5    0.04    0.09    0.24    0.44 ^ clkbuf_1_1__f_clk/X (sky130_fd_sc_hd__clkbuf_16)
                                         clknet_1_1__leaf_clk (net)
                  0.09    0.00    0.44 ^ _72_/CLK (sky130_fd_sc_hd__dfxtp_1)
                          0.00    0.44   clock reconvergence pessimism
                         -0.13    0.31   library hold time
                                  0.31   data required time
-----------------------------------------------------------------------------
                                  0.31   data required time
                                 -1.89   data arrival time
-----------------------------------------------------------------------------
                                  1.58   slack (MET)


Startpoint: _75_ (rising edge-triggered flip-flop clocked by core_clock)
Endpoint: _75_ (rising edge-triggered flip-flop clocked by core_clock)
Path Group: core_clock
Path Type: min
Corner: Slowest

Fanout     Cap    Slew   Delay    Time   Description
-----------------------------------------------------------------------------
                          0.00    0.00   clock core_clock (rise edge)
                          0.00    0.00   clock source latency
     1    0.03    0.00    0.00    0.00 ^ clk (in)
                                         clk (net)
                  0.00    0.00    0.00 ^ clkbuf_0_clk/A (sky130_fd_sc_hd__clkbuf_16)
     2    0.02    0.07    0.19    0.20 ^ clkbuf_0_clk/X (sky130_fd_sc_hd__clkbuf_16)
                                         clknet_0_clk (net)
                  0.07    0.00    0.20 ^ clkbuf_1_1__f_clk/A (sky130_fd_sc_hd__clkbuf_16)
     5    0.04    0.09    0.24    0.44 ^ clkbuf_1_1__f_clk/X (sky130_fd_sc_hd__clkbuf_16)
                                         clknet_1_1__leaf_clk (net)
                  0.09    0.00    0.44 ^ _75_/CLK (sky130_fd_sc_hd__dfxtp_2)
     4    0.05    0.24    0.78    1.22 v _75_/Q (sky130_fd_sc_hd__dfxtp_2)
                                         display_inst.clk_div[5] (net)
                  0.24    0.01    1.23 v _58_/B1 (sky130_fd_sc_hd__a21oi_2)
     1    0.02    0.38    0.42    1.65 ^ _58_/Y (sky130_fd_sc_hd__a21oi_2)
                                         _25_ (net)
                  0.38    0.00    1.65 ^ _59_/B (sky130_fd_sc_hd__nor2_1)
     1    0.02    0.18    0.29    1.94 v _59_/Y (sky130_fd_sc_hd__nor2_1)
                                         _05_ (net)
                  0.18    0.00    1.94 v _75_/D (sky130_fd_sc_hd__dfxtp_2)
                                  1.94   data arrival time

                          0.00    0.00   clock core_clock (rise edge)
                          0.00    0.00   clock source latency
     1    0.03    0.00    0.00    0.00 ^ clk (in)
                                         clk (net)
                  0.00    0.00    0.00 ^ clkbuf_0_clk/A (sky130_fd_sc_hd__clkbuf_16)
     2    0.02    0.07    0.19    0.20 ^ clkbuf_0_clk/X (sky130_fd_sc_hd__clkbuf_16)
                                         clknet_0_clk (net)
                  0.07    0.00    0.20 ^ clkbuf_1_1__f_clk/A (sky130_fd_sc_hd__clkbuf_16)
     5    0.04    0.09    0.24    0.44 ^ clkbuf_1_1__f_clk/X (sky130_fd_sc_hd__clkbuf_16)
                                         clknet_1_1__leaf_clk (net)
                  0.09    0.00    0.44 ^ _75_/CLK (sky130_fd_sc_hd__dfxtp_2)
                          0.00    0.44   clock reconvergence pessimism
                         -0.13    0.32   library hold time
                                  0.32   data required time
-----------------------------------------------------------------------------
                                  0.32   data required time
                                 -1.94   data arrival time
-----------------------------------------------------------------------------
                                  1.63   slack (MET)


Startpoint: _73_ (rising edge-triggered flip-flop clocked by core_clock)
Endpoint: _73_ (rising edge-triggered flip-flop clocked by core_clock)
Path Group: core_clock
Path Type: min
Corner: Slowest

Fanout     Cap    Slew   Delay    Time   Description
-----------------------------------------------------------------------------
                          0.00    0.00   clock core_clock (rise edge)
                          0.00    0.00   clock source latency
     1    0.03    0.00    0.00    0.00 ^ clk (in)
                                         clk (net)
                  0.00    0.00    0.00 ^ clkbuf_0_clk/A (sky130_fd_sc_hd__clkbuf_16)
     2    0.02    0.07    0.19    0.20 ^ clkbuf_0_clk/X (sky130_fd_sc_hd__clkbuf_16)
                                         clknet_0_clk (net)
                  0.07    0.00    0.20 ^ clkbuf_1_0__f_clk/A (sky130_fd_sc_hd__clkbuf_16)
     5    0.03    0.08    0.24    0.43 ^ clkbuf_1_0__f_clk/X (sky130_fd_sc_hd__clkbuf_16)
                                         clknet_1_0__leaf_clk (net)
                  0.08    0.00    0.43 ^ _73_/CLK (sky130_fd_sc_hd__dfxtp_1)
     3    0.02    0.21    0.72    1.15 v _73_/Q (sky130_fd_sc_hd__dfxtp_1)
                                         display_inst.clk_div[3] (net)
                  0.21    0.00    1.15 v _54_/A (sky130_fd_sc_hd__nor2_1)
     1    0.01    0.42    0.44    1.59 ^ _54_/Y (sky130_fd_sc_hd__nor2_1)
                                         _23_ (net)
                  0.42    0.00    1.60 ^ _55_/B (sky130_fd_sc_hd__nor2_1)
     1    0.02    0.20    0.33    1.93 v _55_/Y (sky130_fd_sc_hd__nor2_1)
                                         _03_ (net)
                  0.20    0.00    1.93 v _73_/D (sky130_fd_sc_hd__dfxtp_1)
                                  1.93   data arrival time

                          0.00    0.00   clock core_clock (rise edge)
                          0.00    0.00   clock source latency
     1    0.03    0.00    0.00    0.00 ^ clk (in)
                                         clk (net)
                  0.00    0.00    0.00 ^ clkbuf_0_clk/A (sky130_fd_sc_hd__clkbuf_16)
     2    0.02    0.07    0.19    0.20 ^ clkbuf_0_clk/X (sky130_fd_sc_hd__clkbuf_16)
                                         clknet_0_clk (net)
                  0.07    0.00    0.20 ^ clkbuf_1_0__f_clk/A (sky130_fd_sc_hd__clkbuf_16)
     5    0.03    0.08    0.24    0.43 ^ clkbuf_1_0__f_clk/X (sky130_fd_sc_hd__clkbuf_16)
                                         clknet_1_0__leaf_clk (net)
                  0.08    0.00    0.43 ^ _73_/CLK (sky130_fd_sc_hd__dfxtp_1)
                          0.00    0.43   clock reconvergence pessimism
                         -0.15    0.28   library hold time
                                  0.28   data required time
-----------------------------------------------------------------------------
                                  0.28   data required time
                                 -1.93   data arrival time
-----------------------------------------------------------------------------
                                  1.65   slack (MET)


Startpoint: _77_ (rising edge-triggered flip-flop clocked by core_clock)
Endpoint: _77_ (rising edge-triggered flip-flop clocked by core_clock)
Path Group: core_clock
Path Type: min
Corner: Slowest

Fanout     Cap    Slew   Delay    Time   Description
-----------------------------------------------------------------------------
                          0.00    0.00   clock core_clock (rise edge)
                          0.00    0.00   clock source latency
     1    0.03    0.00    0.00    0.00 ^ clk (in)
                                         clk (net)
                  0.00    0.00    0.00 ^ clkbuf_0_clk/A (sky130_fd_sc_hd__clkbuf_16)
     2    0.02    0.07    0.19    0.20 ^ clkbuf_0_clk/X (sky130_fd_sc_hd__clkbuf_16)
                                         clknet_0_clk (net)
                  0.07    0.00    0.20 ^ clkbuf_1_0__f_clk/A (sky130_fd_sc_hd__clkbuf_16)
     5    0.03    0.08    0.24    0.43 ^ clkbuf_1_0__f_clk/X (sky130_fd_sc_hd__clkbuf_16)
                                         clknet_1_0__leaf_clk (net)
                  0.08    0.00    0.43 ^ _77_/CLK (sky130_fd_sc_hd__dfxtp_1)
     2    0.02    0.30    0.80    1.24 ^ _77_/Q (sky130_fd_sc_hd__dfxtp_1)
                                         display_inst.clk_div[7] (net)
                  0.30    0.00    1.24 ^ _63_/B1 (sky130_fd_sc_hd__a41o_1)
     1    0.01    0.15    0.30    1.54 ^ _63_/X (sky130_fd_sc_hd__a41o_1)
                                         _28_ (net)
                  0.15    0.00    1.54 ^ _64_/B (sky130_fd_sc_hd__and2b_1)
     1    0.01    0.13    0.30    1.84 ^ _64_/X (sky130_fd_sc_hd__and2b_1)
                                         _29_ (net)
                  0.13    0.00    1.84 ^ _65_/A (sky130_fd_sc_hd__clkbuf_1)
     1    0.01    0.14    0.23    2.07 ^ _65_/X (sky130_fd_sc_hd__clkbuf_1)
                                         _07_ (net)
                  0.14    0.00    2.07 ^ _77_/D (sky130_fd_sc_hd__dfxtp_1)
                                  2.07   data arrival time

                          0.00    0.00   clock core_clock (rise edge)
                          0.00    0.00   clock source latency
     1    0.03    0.00    0.00    0.00 ^ clk (in)
                                         clk (net)
                  0.00    0.00    0.00 ^ clkbuf_0_clk/A (sky130_fd_sc_hd__clkbuf_16)
     2    0.02    0.07    0.19    0.20 ^ clkbuf_0_clk/X (sky130_fd_sc_hd__clkbuf_16)
                                         clknet_0_clk (net)
                  0.07    0.00    0.20 ^ clkbuf_1_0__f_clk/A (sky130_fd_sc_hd__clkbuf_16)
     5    0.03    0.08    0.24    0.43 ^ clkbuf_1_0__f_clk/X (sky130_fd_sc_hd__clkbuf_16)
                                         clknet_1_0__leaf_clk (net)
                  0.08    0.00    0.43 ^ _77_/CLK (sky130_fd_sc_hd__dfxtp_1)
                          0.00    0.43   clock reconvergence pessimism
                         -0.09    0.35   library hold time
                                  0.35   data required time
-----------------------------------------------------------------------------
                                  0.35   data required time
                                 -2.07   data arrival time
-----------------------------------------------------------------------------
                                  1.72   slack (MET)



worst slack corner Slowest: 1.2002
======================= Typical Corner ===================================

Startpoint: _70_ (rising edge-triggered flip-flop clocked by core_clock)
Endpoint: _70_ (rising edge-triggered flip-flop clocked by core_clock)
Path Group: core_clock
Path Type: min
Corner: Typical

Fanout     Cap    Slew   Delay    Time   Description
-----------------------------------------------------------------------------
                          0.00    0.00   clock core_clock (rise edge)
                          0.00    0.00   clock source latency
     1    0.03    0.00    0.00    0.00 ^ clk (in)
                                         clk (net)
                  0.00    0.00    0.00 ^ clkbuf_0_clk/A (sky130_fd_sc_hd__clkbuf_16)
     2    0.02    0.04    0.11    0.11 ^ clkbuf_0_clk/X (sky130_fd_sc_hd__clkbuf_16)
                                         clknet_0_clk (net)
                  0.04    0.00    0.11 ^ clkbuf_1_1__f_clk/A (sky130_fd_sc_hd__clkbuf_16)
     5    0.04    0.06    0.14    0.25 ^ clkbuf_1_1__f_clk/X (sky130_fd_sc_hd__clkbuf_16)
                                         clknet_1_1__leaf_clk (net)
                  0.06    0.00    0.25 ^ _70_/CLK (sky130_fd_sc_hd__dfxtp_4)
     5    0.06    0.09    0.40    0.66 v _70_/Q (sky130_fd_sc_hd__dfxtp_4)
                                         display_inst.clk_div[0] (net)
                  0.09    0.01    0.67 v _47_/A (sky130_fd_sc_hd__inv_2)
     1    0.04    0.18    0.18    0.84 ^ _47_/Y (sky130_fd_sc_hd__inv_2)
                                         _00_ (net)
                  0.18    0.00    0.85 ^ _70_/D (sky130_fd_sc_hd__dfxtp_4)
                                  0.85   data arrival time

                          0.00    0.00   clock core_clock (rise edge)
                          0.00    0.00   clock source latency
     1    0.03    0.00    0.00    0.00 ^ clk (in)
                                         clk (net)
                  0.00    0.00    0.00 ^ clkbuf_0_clk/A (sky130_fd_sc_hd__clkbuf_16)
     2    0.02    0.04    0.11    0.11 ^ clkbuf_0_clk/X (sky130_fd_sc_hd__clkbuf_16)
                                         clknet_0_clk (net)
                  0.04    0.00    0.11 ^ clkbuf_1_1__f_clk/A (sky130_fd_sc_hd__clkbuf_16)
     5    0.04    0.06    0.14    0.25 ^ clkbuf_1_1__f_clk/X (sky130_fd_sc_hd__clkbuf_16)
                                         clknet_1_1__leaf_clk (net)
                  0.06    0.00    0.25 ^ _70_/CLK (sky130_fd_sc_hd__dfxtp_4)
                          0.00    0.25   clock reconvergence pessimism
                         -0.06    0.19   library hold time
                                  0.19   data required time
-----------------------------------------------------------------------------
                                  0.19   data required time
                                 -0.85   data arrival time
-----------------------------------------------------------------------------
                                  0.65   slack (MET)


Startpoint: _78_ (rising edge-triggered flip-flop clocked by core_clock)
Endpoint: _78_ (rising edge-triggered flip-flop clocked by core_clock)
Path Group: core_clock
Path Type: min
Corner: Typical

Fanout     Cap    Slew   Delay    Time   Description
-----------------------------------------------------------------------------
                          0.00    0.00   clock core_clock (rise edge)
                          0.00    0.00   clock source latency
     1    0.03    0.00    0.00    0.00 ^ clk (in)
                                         clk (net)
                  0.00    0.00    0.00 ^ clkbuf_0_clk/A (sky130_fd_sc_hd__clkbuf_16)
     2    0.02    0.04    0.11    0.11 ^ clkbuf_0_clk/X (sky130_fd_sc_hd__clkbuf_16)
                                         clknet_0_clk (net)
                  0.04    0.00    0.11 ^ clkbuf_1_0__f_clk/A (sky130_fd_sc_hd__clkbuf_16)
     5    0.03    0.05    0.14    0.25 ^ clkbuf_1_0__f_clk/X (sky130_fd_sc_hd__clkbuf_16)
                                         clknet_1_0__leaf_clk (net)
                  0.05    0.00    0.25 ^ _78_/CLK (sky130_fd_sc_hd__dfxtp_2)
     4    0.05    0.23    0.46    0.71 ^ _78_/Q (sky130_fd_sc_hd__dfxtp_2)
                                         display_inst.clk_div[8] (net)
                  0.23    0.01    0.71 ^ _66_/A (sky130_fd_sc_hd__xor2_2)
     1    0.02    0.07    0.16    0.87 v _66_/X (sky130_fd_sc_hd__xor2_2)
                                         _08_ (net)
                  0.07    0.00    0.87 v _78_/D (sky130_fd_sc_hd__dfxtp_2)
                                  0.87   data arrival time

                          0.00    0.00   clock core_clock (rise edge)
                          0.00    0.00   clock source latency
     1    0.03    0.00    0.00    0.00 ^ clk (in)
                                         clk (net)
                  0.00    0.00    0.00 ^ clkbuf_0_clk/A (sky130_fd_sc_hd__clkbuf_16)
     2    0.02    0.04    0.11    0.11 ^ clkbuf_0_clk/X (sky130_fd_sc_hd__clkbuf_16)
                                         clknet_0_clk (net)
                  0.04    0.00    0.11 ^ clkbuf_1_0__f_clk/A (sky130_fd_sc_hd__clkbuf_16)
     5    0.03    0.05    0.14    0.25 ^ clkbuf_1_0__f_clk/X (sky130_fd_sc_hd__clkbuf_16)
                                         clknet_1_0__leaf_clk (net)
                  0.05    0.00    0.25 ^ _78_/CLK (sky130_fd_sc_hd__dfxtp_2)
                          0.00    0.25   clock reconvergence pessimism
                         -0.05    0.20   library hold time
                                  0.20   data required time
-----------------------------------------------------------------------------
                                  0.20   data required time
                                 -0.87   data arrival time
-----------------------------------------------------------------------------
                                  0.67   slack (MET)


Startpoint: _71_ (rising edge-triggered flip-flop clocked by core_clock)
Endpoint: _71_ (rising edge-triggered flip-flop clocked by core_clock)
Path Group: core_clock
Path Type: min
Corner: Typical

Fanout     Cap    Slew   Delay    Time   Description
-----------------------------------------------------------------------------
                          0.00    0.00   clock core_clock (rise edge)
                          0.00    0.00   clock source latency
     1    0.03    0.00    0.00    0.00 ^ clk (in)
                                         clk (net)
                  0.00    0.00    0.00 ^ clkbuf_0_clk/A (sky130_fd_sc_hd__clkbuf_16)
     2    0.02    0.04    0.11    0.11 ^ clkbuf_0_clk/X (sky130_fd_sc_hd__clkbuf_16)
                                         clknet_0_clk (net)
                  0.04    0.00    0.11 ^ clkbuf_1_0__f_clk/A (sky130_fd_sc_hd__clkbuf_16)
     5    0.03    0.05    0.14    0.25 ^ clkbuf_1_0__f_clk/X (sky130_fd_sc_hd__clkbuf_16)
                                         clknet_1_0__leaf_clk (net)
                  0.05    0.00    0.25 ^ _71_/CLK (sky130_fd_sc_hd__dfxtp_2)
     4    0.05    0.11    0.39    0.64 v _71_/Q (sky130_fd_sc_hd__dfxtp_2)
                                         display_inst.clk_div[1] (net)
                  0.11    0.00    0.65 v _48_/B (sky130_fd_sc_hd__xor2_1)
     1    0.02    0.09    0.22    0.86 v _48_/X (sky130_fd_sc_hd__xor2_1)
                                         _01_ (net)
                  0.09    0.00    0.86 v _71_/D (sky130_fd_sc_hd__dfxtp_2)
                                  0.86   data arrival time

                          0.00    0.00   clock core_clock (rise edge)
                          0.00    0.00   clock source latency
     1    0.03    0.00    0.00    0.00 ^ clk (in)
                                         clk (net)
                  0.00    0.00    0.00 ^ clkbuf_0_clk/A (sky130_fd_sc_hd__clkbuf_16)
     2    0.02    0.04    0.11    0.11 ^ clkbuf_0_clk/X (sky130_fd_sc_hd__clkbuf_16)
                                         clknet_0_clk (net)
                  0.04    0.00    0.11 ^ clkbuf_1_0__f_clk/A (sky130_fd_sc_hd__clkbuf_16)
     5    0.03    0.05    0.14    0.25 ^ clkbuf_1_0__f_clk/X (sky130_fd_sc_hd__clkbuf_16)
                                         clknet_1_0__leaf_clk (net)
                  0.05    0.00    0.25 ^ _71_/CLK (sky130_fd_sc_hd__dfxtp_2)
                          0.00    0.25   clock reconvergence pessimism
                         -0.06    0.19   library hold time
                                  0.19   data required time
-----------------------------------------------------------------------------
                                  0.19   data required time
                                 -0.86   data arrival time
-----------------------------------------------------------------------------
                                  0.67   slack (MET)


Startpoint: _76_ (rising edge-triggered flip-flop clocked by core_clock)
Endpoint: _76_ (rising edge-triggered flip-flop clocked by core_clock)
Path Group: core_clock
Path Type: min
Corner: Typical

Fanout     Cap    Slew   Delay    Time   Description
-----------------------------------------------------------------------------
                          0.00    0.00   clock core_clock (rise edge)
                          0.00    0.00   clock source latency
     1    0.03    0.00    0.00    0.00 ^ clk (in)
                                         clk (net)
                  0.00    0.00    0.00 ^ clkbuf_0_clk/A (sky130_fd_sc_hd__clkbuf_16)
     2    0.02    0.04    0.11    0.11 ^ clkbuf_0_clk/X (sky130_fd_sc_hd__clkbuf_16)
                                         clknet_0_clk (net)
                  0.04    0.00    0.11 ^ clkbuf_1_1__f_clk/A (sky130_fd_sc_hd__clkbuf_16)
     5    0.04    0.06    0.14    0.25 ^ clkbuf_1_1__f_clk/X (sky130_fd_sc_hd__clkbuf_16)
                                         clknet_1_1__leaf_clk (net)
                  0.06    0.00    0.25 ^ _76_/CLK (sky130_fd_sc_hd__dfxtp_2)
     3    0.05    0.12    0.39    0.65 v _76_/Q (sky130_fd_sc_hd__dfxtp_2)
                                         display_inst.clk_div[6] (net)
                  0.12    0.01    0.65 v _60_/A (sky130_fd_sc_hd__xor2_2)
     1    0.03    0.08    0.25    0.90 v _60_/X (sky130_fd_sc_hd__xor2_2)
                                         _06_ (net)
                  0.08    0.00    0.90 v _76_/D (sky130_fd_sc_hd__dfxtp_2)
                                  0.90   data arrival time

                          0.00    0.00   clock core_clock (rise edge)
                          0.00    0.00   clock source latency
     1    0.03    0.00    0.00    0.00 ^ clk (in)
                                         clk (net)
                  0.00    0.00    0.00 ^ clkbuf_0_clk/A (sky130_fd_sc_hd__clkbuf_16)
     2    0.02    0.04    0.11    0.11 ^ clkbuf_0_clk/X (sky130_fd_sc_hd__clkbuf_16)
                                         clknet_0_clk (net)
                  0.04    0.00    0.11 ^ clkbuf_1_1__f_clk/A (sky130_fd_sc_hd__clkbuf_16)
     5    0.04    0.06    0.14    0.25 ^ clkbuf_1_1__f_clk/X (sky130_fd_sc_hd__clkbuf_16)
                                         clknet_1_1__leaf_clk (net)
                  0.06    0.00    0.25 ^ _76_/CLK (sky130_fd_sc_hd__dfxtp_2)
                          0.00    0.25   clock reconvergence pessimism
                         -0.06    0.19   library hold time
                                  0.19   data required time
-----------------------------------------------------------------------------
                                  0.19   data required time
                                 -0.90   data arrival time
-----------------------------------------------------------------------------
                                  0.71   slack (MET)


Startpoint: _74_ (rising edge-triggered flip-flop clocked by core_clock)
Endpoint: _74_ (rising edge-triggered flip-flop clocked by core_clock)
Path Group: core_clock
Path Type: min
Corner: Typical

Fanout     Cap    Slew   Delay    Time   Description
-----------------------------------------------------------------------------
                          0.00    0.00   clock core_clock (rise edge)
                          0.00    0.00   clock source latency
     1    0.03    0.00    0.00    0.00 ^ clk (in)
                                         clk (net)
                  0.00    0.00    0.00 ^ clkbuf_0_clk/A (sky130_fd_sc_hd__clkbuf_16)
     2    0.02    0.04    0.11    0.11 ^ clkbuf_0_clk/X (sky130_fd_sc_hd__clkbuf_16)
                                         clknet_0_clk (net)
                  0.04    0.00    0.11 ^ clkbuf_1_1__f_clk/A (sky130_fd_sc_hd__clkbuf_16)
     5    0.04    0.06    0.14    0.25 ^ clkbuf_1_1__f_clk/X (sky130_fd_sc_hd__clkbuf_16)
                                         clknet_1_1__leaf_clk (net)
                  0.06    0.00    0.25 ^ _74_/CLK (sky130_fd_sc_hd__dfxtp_4)
     6    0.07    0.22    0.47    0.72 ^ _74_/Q (sky130_fd_sc_hd__dfxtp_4)
                                         display_inst.clk_div[4] (net)
                  0.22    0.01    0.74 ^ _56_/A (sky130_fd_sc_hd__xor2_2)
     1    0.04    0.11    0.21    0.94 v _56_/X (sky130_fd_sc_hd__xor2_2)
                                         _04_ (net)
                  0.11    0.00    0.95 v _74_/D (sky130_fd_sc_hd__dfxtp_4)
                                  0.95   data arrival time

                          0.00    0.00   clock core_clock (rise edge)
                          0.00    0.00   clock source latency
     1    0.03    0.00    0.00    0.00 ^ clk (in)
                                         clk (net)
                  0.00    0.00    0.00 ^ clkbuf_0_clk/A (sky130_fd_sc_hd__clkbuf_16)
     2    0.02    0.04    0.11    0.11 ^ clkbuf_0_clk/X (sky130_fd_sc_hd__clkbuf_16)
                                         clknet_0_clk (net)
                  0.04    0.00    0.11 ^ clkbuf_1_1__f_clk/A (sky130_fd_sc_hd__clkbuf_16)
     5    0.04    0.06    0.14    0.25 ^ clkbuf_1_1__f_clk/X (sky130_fd_sc_hd__clkbuf_16)
                                         clknet_1_1__leaf_clk (net)
                  0.06    0.00    0.25 ^ _74_/CLK (sky130_fd_sc_hd__dfxtp_4)
                          0.00    0.25   clock reconvergence pessimism
                         -0.07    0.19   library hold time
                                  0.19   data required time
-----------------------------------------------------------------------------
                                  0.19   data required time
                                 -0.95   data arrival time
-----------------------------------------------------------------------------
                                  0.76   slack (MET)


Startpoint: _72_ (rising edge-triggered flip-flop clocked by core_clock)
Endpoint: _72_ (rising edge-triggered flip-flop clocked by core_clock)
Path Group: core_clock
Path Type: min
Corner: Typical

Fanout     Cap    Slew   Delay    Time   Description
-----------------------------------------------------------------------------
                          0.00    0.00   clock core_clock (rise edge)
                          0.00    0.00   clock source latency
     1    0.03    0.00    0.00    0.00 ^ clk (in)
                                         clk (net)
                  0.00    0.00    0.00 ^ clkbuf_0_clk/A (sky130_fd_sc_hd__clkbuf_16)
     2    0.02    0.04    0.11    0.11 ^ clkbuf_0_clk/X (sky130_fd_sc_hd__clkbuf_16)
                                         clknet_0_clk (net)
                  0.04    0.00    0.11 ^ clkbuf_1_1__f_clk/A (sky130_fd_sc_hd__clkbuf_16)
     5    0.04    0.06    0.14    0.25 ^ clkbuf_1_1__f_clk/X (sky130_fd_sc_hd__clkbuf_16)
                                         clknet_1_1__leaf_clk (net)
                  0.06    0.00    0.25 ^ _72_/CLK (sky130_fd_sc_hd__dfxtp_1)
     5    0.03    0.16    0.40    0.66 v _72_/Q (sky130_fd_sc_hd__dfxtp_1)
                                         display_inst.clk_div[2] (net)
                  0.16    0.00    0.66 v _50_/B1 (sky130_fd_sc_hd__a21oi_2)
     1    0.02    0.22    0.24    0.90 ^ _50_/Y (sky130_fd_sc_hd__a21oi_2)
                                         _20_ (net)
                  0.22    0.00    0.90 ^ _51_/B (sky130_fd_sc_hd__nor2_1)
     1    0.01    0.08    0.13    1.03 v _51_/Y (sky130_fd_sc_hd__nor2_1)
                                         _02_ (net)
                  0.08    0.00    1.03 v _72_/D (sky130_fd_sc_hd__dfxtp_1)
                                  1.03   data arrival time

                          0.00    0.00   clock core_clock (rise edge)
                          0.00    0.00   clock source latency
     1    0.03    0.00    0.00    0.00 ^ clk (in)
                                         clk (net)
                  0.00    0.00    0.00 ^ clkbuf_0_clk/A (sky130_fd_sc_hd__clkbuf_16)
     2    0.02    0.04    0.11    0.11 ^ clkbuf_0_clk/X (sky130_fd_sc_hd__clkbuf_16)
                                         clknet_0_clk (net)
                  0.04    0.00    0.11 ^ clkbuf_1_1__f_clk/A (sky130_fd_sc_hd__clkbuf_16)
     5    0.04    0.06    0.14    0.25 ^ clkbuf_1_1__f_clk/X (sky130_fd_sc_hd__clkbuf_16)
                                         clknet_1_1__leaf_clk (net)
                  0.06    0.00    0.25 ^ _72_/CLK (sky130_fd_sc_hd__dfxtp_1)
                          0.00    0.25   clock reconvergence pessimism
                         -0.07    0.19   library hold time
                                  0.19   data required time
-----------------------------------------------------------------------------
                                  0.19   data required time
                                 -1.03   data arrival time
-----------------------------------------------------------------------------
                                  0.84   slack (MET)


Startpoint: _75_ (rising edge-triggered flip-flop clocked by core_clock)
Endpoint: _75_ (rising edge-triggered flip-flop clocked by core_clock)
Path Group: core_clock
Path Type: min
Corner: Typical

Fanout     Cap    Slew   Delay    Time   Description
-----------------------------------------------------------------------------
                          0.00    0.00   clock core_clock (rise edge)
                          0.00    0.00   clock source latency
     1    0.03    0.00    0.00    0.00 ^ clk (in)
                                         clk (net)
                  0.00    0.00    0.00 ^ clkbuf_0_clk/A (sky130_fd_sc_hd__clkbuf_16)
     2    0.02    0.04    0.11    0.11 ^ clkbuf_0_clk/X (sky130_fd_sc_hd__clkbuf_16)
                                         clknet_0_clk (net)
                  0.04    0.00    0.11 ^ clkbuf_1_1__f_clk/A (sky130_fd_sc_hd__clkbuf_16)
     5    0.04    0.06    0.14    0.25 ^ clkbuf_1_1__f_clk/X (sky130_fd_sc_hd__clkbuf_16)
                                         clknet_1_1__leaf_clk (net)
                  0.06    0.00    0.25 ^ _75_/CLK (sky130_fd_sc_hd__dfxtp_2)
     4    0.05    0.13    0.40    0.66 v _75_/Q (sky130_fd_sc_hd__dfxtp_2)
                                         display_inst.clk_div[5] (net)
                  0.13    0.01    0.66 v _58_/B1 (sky130_fd_sc_hd__a21oi_2)
     1    0.02    0.24    0.24    0.91 ^ _58_/Y (sky130_fd_sc_hd__a21oi_2)
                                         _25_ (net)
                  0.24    0.00    0.91 ^ _59_/B (sky130_fd_sc_hd__nor2_1)
     1    0.02    0.10    0.14    1.05 v _59_/Y (sky130_fd_sc_hd__nor2_1)
                                         _05_ (net)
                  0.10    0.00    1.05 v _75_/D (sky130_fd_sc_hd__dfxtp_2)
                                  1.05   data arrival time

                          0.00    0.00   clock core_clock (rise edge)
                          0.00    0.00   clock source latency
     1    0.03    0.00    0.00    0.00 ^ clk (in)
                                         clk (net)
                  0.00    0.00    0.00 ^ clkbuf_0_clk/A (sky130_fd_sc_hd__clkbuf_16)
     2    0.02    0.04    0.11    0.11 ^ clkbuf_0_clk/X (sky130_fd_sc_hd__clkbuf_16)
                                         clknet_0_clk (net)
                  0.04    0.00    0.11 ^ clkbuf_1_1__f_clk/A (sky130_fd_sc_hd__clkbuf_16)
     5    0.04    0.06    0.14    0.25 ^ clkbuf_1_1__f_clk/X (sky130_fd_sc_hd__clkbuf_16)
                                         clknet_1_1__leaf_clk (net)
                  0.06    0.00    0.25 ^ _75_/CLK (sky130_fd_sc_hd__dfxtp_2)
                          0.00    0.25   clock reconvergence pessimism
                         -0.07    0.19   library hold time
                                  0.19   data required time
-----------------------------------------------------------------------------
                                  0.19   data required time
                                 -1.05   data arrival time
-----------------------------------------------------------------------------
                                  0.87   slack (MET)


Startpoint: _73_ (rising edge-triggered flip-flop clocked by core_clock)
Endpoint: _73_ (rising edge-triggered flip-flop clocked by core_clock)
Path Group: core_clock
Path Type: min
Corner: Typical

Fanout     Cap    Slew   Delay    Time   Description
-----------------------------------------------------------------------------
                          0.00    0.00   clock core_clock (rise edge)
                          0.00    0.00   clock source latency
     1    0.03    0.00    0.00    0.00 ^ clk (in)
                                         clk (net)
                  0.00    0.00    0.00 ^ clkbuf_0_clk/A (sky130_fd_sc_hd__clkbuf_16)
     2    0.02    0.04    0.11    0.11 ^ clkbuf_0_clk/X (sky130_fd_sc_hd__clkbuf_16)
                                         clknet_0_clk (net)
                  0.04    0.00    0.11 ^ clkbuf_1_0__f_clk/A (sky130_fd_sc_hd__clkbuf_16)
     5    0.03    0.05    0.14    0.25 ^ clkbuf_1_0__f_clk/X (sky130_fd_sc_hd__clkbuf_16)
                                         clknet_1_0__leaf_clk (net)
                  0.05    0.00    0.25 ^ _73_/CLK (sky130_fd_sc_hd__dfxtp_1)
     3    0.02    0.11    0.37    0.62 v _73_/Q (sky130_fd_sc_hd__dfxtp_1)
                                         display_inst.clk_div[3] (net)
                  0.11    0.00    0.62 v _54_/A (sky130_fd_sc_hd__nor2_1)
     1    0.01    0.25    0.25    0.87 ^ _54_/Y (sky130_fd_sc_hd__nor2_1)
                                         _23_ (net)
                  0.25    0.00    0.87 ^ _55_/B (sky130_fd_sc_hd__nor2_1)
     1    0.02    0.12    0.16    1.03 v _55_/Y (sky130_fd_sc_hd__nor2_1)
                                         _03_ (net)
                  0.12    0.00    1.04 v _73_/D (sky130_fd_sc_hd__dfxtp_1)
                                  1.04   data arrival time

                          0.00    0.00   clock core_clock (rise edge)
                          0.00    0.00   clock source latency
     1    0.03    0.00    0.00    0.00 ^ clk (in)
                                         clk (net)
                  0.00    0.00    0.00 ^ clkbuf_0_clk/A (sky130_fd_sc_hd__clkbuf_16)
     2    0.02    0.04    0.11    0.11 ^ clkbuf_0_clk/X (sky130_fd_sc_hd__clkbuf_16)
                                         clknet_0_clk (net)
                  0.04    0.00    0.11 ^ clkbuf_1_0__f_clk/A (sky130_fd_sc_hd__clkbuf_16)
     5    0.03    0.05    0.14    0.25 ^ clkbuf_1_0__f_clk/X (sky130_fd_sc_hd__clkbuf_16)
                                         clknet_1_0__leaf_clk (net)
                  0.05    0.00    0.25 ^ _73_/CLK (sky130_fd_sc_hd__dfxtp_1)
                          0.00    0.25   clock reconvergence pessimism
                         -0.08    0.17   library hold time
                                  0.17   data required time
-----------------------------------------------------------------------------
                                  0.17   data required time
                                 -1.04   data arrival time
-----------------------------------------------------------------------------
                                  0.87   slack (MET)


Startpoint: _77_ (rising edge-triggered flip-flop clocked by core_clock)
Endpoint: _77_ (rising edge-triggered flip-flop clocked by core_clock)
Path Group: core_clock
Path Type: min
Corner: Typical

Fanout     Cap    Slew   Delay    Time   Description
-----------------------------------------------------------------------------
                          0.00    0.00   clock core_clock (rise edge)
                          0.00    0.00   clock source latency
     1    0.03    0.00    0.00    0.00 ^ clk (in)
                                         clk (net)
                  0.00    0.00    0.00 ^ clkbuf_0_clk/A (sky130_fd_sc_hd__clkbuf_16)
     2    0.02    0.04    0.11    0.11 ^ clkbuf_0_clk/X (sky130_fd_sc_hd__clkbuf_16)
                                         clknet_0_clk (net)
                  0.04    0.00    0.11 ^ clkbuf_1_0__f_clk/A (sky130_fd_sc_hd__clkbuf_16)
     5    0.03    0.05    0.14    0.25 ^ clkbuf_1_0__f_clk/X (sky130_fd_sc_hd__clkbuf_16)
                                         clknet_1_0__leaf_clk (net)
                  0.05    0.00    0.25 ^ _77_/CLK (sky130_fd_sc_hd__dfxtp_1)
     2    0.02    0.19    0.41    0.66 ^ _77_/Q (sky130_fd_sc_hd__dfxtp_1)
                                         display_inst.clk_div[7] (net)
                  0.19    0.00    0.66 ^ _63_/B1 (sky130_fd_sc_hd__a41o_1)
     1    0.01    0.09    0.16    0.82 ^ _63_/X (sky130_fd_sc_hd__a41o_1)
                                         _28_ (net)
                  0.09    0.00    0.82 ^ _64_/B (sky130_fd_sc_hd__and2b_1)
     1    0.01    0.08    0.16    0.97 ^ _64_/X (sky130_fd_sc_hd__and2b_1)
                                         _29_ (net)
                  0.08    0.00    0.97 ^ _65_/A (sky130_fd_sc_hd__clkbuf_1)
     1    0.01    0.09    0.12    1.10 ^ _65_/X (sky130_fd_sc_hd__clkbuf_1)
                                         _07_ (net)
                  0.09    0.00    1.10 ^ _77_/D (sky130_fd_sc_hd__dfxtp_1)
                                  1.10   data arrival time

                          0.00    0.00   clock core_clock (rise edge)
                          0.00    0.00   clock source latency
     1    0.03    0.00    0.00    0.00 ^ clk (in)
                                         clk (net)
                  0.00    0.00    0.00 ^ clkbuf_0_clk/A (sky130_fd_sc_hd__clkbuf_16)
     2    0.02    0.04    0.11    0.11 ^ clkbuf_0_clk/X (sky130_fd_sc_hd__clkbuf_16)
                                         clknet_0_clk (net)
                  0.04    0.00    0.11 ^ clkbuf_1_0__f_clk/A (sky130_fd_sc_hd__clkbuf_16)
     5    0.03    0.05    0.14    0.25 ^ clkbuf_1_0__f_clk/X (sky130_fd_sc_hd__clkbuf_16)
                                         clknet_1_0__leaf_clk (net)
                  0.05    0.00    0.25 ^ _77_/CLK (sky130_fd_sc_hd__dfxtp_1)
                          0.00    0.25   clock reconvergence pessimism
                         -0.04    0.21   library hold time
                                  0.21   data required time
-----------------------------------------------------------------------------
                                  0.21   data required time
                                 -1.10   data arrival time
-----------------------------------------------------------------------------
                                  0.89   slack (MET)



worst slack corner Typical: 0.6523
