
===========================================================================
report_checks -path_delay max (Setup)
============================================================================
======================= Typical Corner ===================================

Startpoint: _70_ (rising edge-triggered flip-flop clocked by core_clock)
Endpoint: _77_ (rising edge-triggered flip-flop clocked by core_clock)
Path Group: core_clock
Path Type: max

Fanout     Cap    Slew   Delay    Time   Description
-----------------------------------------------------------------------------
                  0.00    0.00    0.00   clock core_clock (rise edge)
                          0.00    0.00   clock network delay (ideal)
                  0.00    0.00    0.00 ^ _70_/CLK (sky130_fd_sc_hd__dfxtp_2)
     5    0.02    0.12    0.36    0.36 ^ _70_/Q (sky130_fd_sc_hd__dfxtp_2)
                                         display_inst.clk_div[0] (net)
                  0.12    0.00    0.36 ^ _52_/A (sky130_fd_sc_hd__and4_2)
     1    0.00    0.05    0.20    0.56 ^ _52_/X (sky130_fd_sc_hd__and4_2)
                                         _21_ (net)
                  0.05    0.00    0.56 ^ _53_/A (sky130_fd_sc_hd__buf_1)
     6    0.02    0.29    0.25    0.81 ^ _53_/X (sky130_fd_sc_hd__buf_1)
                                         _22_ (net)
                  0.29    0.00    0.81 ^ _62_/C (sky130_fd_sc_hd__and4_2)
     2    0.01    0.09    0.30    1.11 ^ _62_/X (sky130_fd_sc_hd__and4_2)
                                         _27_ (net)
                  0.09    0.00    1.11 ^ _64_/A_N (sky130_fd_sc_hd__and2b_2)
     1    0.00    0.03    0.21    1.32 v _64_/X (sky130_fd_sc_hd__and2b_2)
                                         _29_ (net)
                  0.03    0.00    1.32 v _65_/A (sky130_fd_sc_hd__buf_1)
     1    0.00    0.02    0.08    1.40 v _65_/X (sky130_fd_sc_hd__buf_1)
                                         _07_ (net)
                  0.02    0.00    1.40 v _77_/D (sky130_fd_sc_hd__dfxtp_2)
                                  1.40   data arrival time

                  0.00   10.00   10.00   clock core_clock (rise edge)
                          0.00   10.00   clock network delay (ideal)
                          0.00   10.00   clock reconvergence pessimism
                                 10.00 ^ _77_/CLK (sky130_fd_sc_hd__dfxtp_2)
                         -0.11    9.89   library setup time
                                  9.89   data required time
-----------------------------------------------------------------------------
                                  9.89   data required time
                                 -1.40   data arrival time
-----------------------------------------------------------------------------
                                  8.49   slack (MET)


Startpoint: _70_ (rising edge-triggered flip-flop clocked by core_clock)
Endpoint: _78_ (rising edge-triggered flip-flop clocked by core_clock)
Path Group: core_clock
Path Type: max

Fanout     Cap    Slew   Delay    Time   Description
-----------------------------------------------------------------------------
                  0.00    0.00    0.00   clock core_clock (rise edge)
                          0.00    0.00   clock network delay (ideal)
                  0.00    0.00    0.00 ^ _70_/CLK (sky130_fd_sc_hd__dfxtp_2)
     5    0.02    0.12    0.36    0.36 ^ _70_/Q (sky130_fd_sc_hd__dfxtp_2)
                                         display_inst.clk_div[0] (net)
                  0.12    0.00    0.36 ^ _52_/A (sky130_fd_sc_hd__and4_2)
     1    0.00    0.05    0.20    0.56 ^ _52_/X (sky130_fd_sc_hd__and4_2)
                                         _21_ (net)
                  0.05    0.00    0.56 ^ _53_/A (sky130_fd_sc_hd__buf_1)
     6    0.02    0.29    0.25    0.81 ^ _53_/X (sky130_fd_sc_hd__buf_1)
                                         _22_ (net)
                  0.29    0.00    0.81 ^ _62_/C (sky130_fd_sc_hd__and4_2)
     2    0.01    0.09    0.30    1.11 ^ _62_/X (sky130_fd_sc_hd__and4_2)
                                         _27_ (net)
                  0.09    0.00    1.11 ^ _66_/B (sky130_fd_sc_hd__xor2_2)
     1    0.00    0.08    0.12    1.23 ^ _66_/X (sky130_fd_sc_hd__xor2_2)
                                         _08_ (net)
                  0.08    0.00    1.23 ^ _78_/D (sky130_fd_sc_hd__dfxtp_2)
                                  1.23   data arrival time

                  0.00   10.00   10.00   clock core_clock (rise edge)
                          0.00   10.00   clock network delay (ideal)
                          0.00   10.00   clock reconvergence pessimism
                                 10.00 ^ _78_/CLK (sky130_fd_sc_hd__dfxtp_2)
                         -0.07    9.93   library setup time
                                  9.93   data required time
-----------------------------------------------------------------------------
                                  9.93   data required time
                                 -1.23   data arrival time
-----------------------------------------------------------------------------
                                  8.70   slack (MET)


Startpoint: _70_ (rising edge-triggered flip-flop clocked by core_clock)
Endpoint: _76_ (rising edge-triggered flip-flop clocked by core_clock)
Path Group: core_clock
Path Type: max

Fanout     Cap    Slew   Delay    Time   Description
-----------------------------------------------------------------------------
                  0.00    0.00    0.00   clock core_clock (rise edge)
                          0.00    0.00   clock network delay (ideal)
                  0.00    0.00    0.00 ^ _70_/CLK (sky130_fd_sc_hd__dfxtp_2)
     5    0.02    0.12    0.36    0.36 ^ _70_/Q (sky130_fd_sc_hd__dfxtp_2)
                                         display_inst.clk_div[0] (net)
                  0.12    0.00    0.36 ^ _52_/A (sky130_fd_sc_hd__and4_2)
     1    0.00    0.05    0.20    0.56 ^ _52_/X (sky130_fd_sc_hd__and4_2)
                                         _21_ (net)
                  0.05    0.00    0.56 ^ _53_/A (sky130_fd_sc_hd__buf_1)
     6    0.02    0.29    0.25    0.81 ^ _53_/X (sky130_fd_sc_hd__buf_1)
                                         _22_ (net)
                  0.29    0.00    0.81 ^ _57_/C (sky130_fd_sc_hd__and3_2)
     2    0.01    0.09    0.27    1.08 ^ _57_/X (sky130_fd_sc_hd__and3_2)
                                         _24_ (net)
                  0.09    0.00    1.08 ^ _60_/B (sky130_fd_sc_hd__xor2_2)
     1    0.00    0.08    0.12    1.20 ^ _60_/X (sky130_fd_sc_hd__xor2_2)
                                         _06_ (net)
                  0.08    0.00    1.20 ^ _76_/D (sky130_fd_sc_hd__dfxtp_2)
                                  1.20   data arrival time

                  0.00   10.00   10.00   clock core_clock (rise edge)
                          0.00   10.00   clock network delay (ideal)
                          0.00   10.00   clock reconvergence pessimism
                                 10.00 ^ _76_/CLK (sky130_fd_sc_hd__dfxtp_2)
                         -0.07    9.93   library setup time
                                  9.93   data required time
-----------------------------------------------------------------------------
                                  9.93   data required time
                                 -1.20   data arrival time
-----------------------------------------------------------------------------
                                  8.73   slack (MET)


Startpoint: _70_ (rising edge-triggered flip-flop clocked by core_clock)
Endpoint: _75_ (rising edge-triggered flip-flop clocked by core_clock)
Path Group: core_clock
Path Type: max

Fanout     Cap    Slew   Delay    Time   Description
-----------------------------------------------------------------------------
                  0.00    0.00    0.00   clock core_clock (rise edge)
                          0.00    0.00   clock network delay (ideal)
                  0.00    0.00    0.00 ^ _70_/CLK (sky130_fd_sc_hd__dfxtp_2)
     5    0.02    0.12    0.36    0.36 ^ _70_/Q (sky130_fd_sc_hd__dfxtp_2)
                                         display_inst.clk_div[0] (net)
                  0.12    0.00    0.36 ^ _52_/A (sky130_fd_sc_hd__and4_2)
     1    0.00    0.05    0.20    0.56 ^ _52_/X (sky130_fd_sc_hd__and4_2)
                                         _21_ (net)
                  0.05    0.00    0.56 ^ _53_/A (sky130_fd_sc_hd__buf_1)
     6    0.02    0.29    0.25    0.81 ^ _53_/X (sky130_fd_sc_hd__buf_1)
                                         _22_ (net)
                  0.29    0.00    0.81 ^ _57_/C (sky130_fd_sc_hd__and3_2)
     2    0.01    0.09    0.27    1.08 ^ _57_/X (sky130_fd_sc_hd__and3_2)
                                         _24_ (net)
                  0.09    0.00    1.08 ^ _59_/A (sky130_fd_sc_hd__nor2_2)
     1    0.00    0.03    0.04    1.12 v _59_/Y (sky130_fd_sc_hd__nor2_2)
                                         _05_ (net)
                  0.03    0.00    1.12 v _75_/D (sky130_fd_sc_hd__dfxtp_2)
                                  1.12   data arrival time

                  0.00   10.00   10.00   clock core_clock (rise edge)
                          0.00   10.00   clock network delay (ideal)
                          0.00   10.00   clock reconvergence pessimism
                                 10.00 ^ _75_/CLK (sky130_fd_sc_hd__dfxtp_2)
                         -0.12    9.88   library setup time
                                  9.88   data required time
-----------------------------------------------------------------------------
                                  9.88   data required time
                                 -1.12   data arrival time
-----------------------------------------------------------------------------
                                  8.77   slack (MET)


Startpoint: _70_ (rising edge-triggered flip-flop clocked by core_clock)
Endpoint: _74_ (rising edge-triggered flip-flop clocked by core_clock)
Path Group: core_clock
Path Type: max

Fanout     Cap    Slew   Delay    Time   Description
-----------------------------------------------------------------------------
                  0.00    0.00    0.00   clock core_clock (rise edge)
                          0.00    0.00   clock network delay (ideal)
                  0.00    0.00    0.00 ^ _70_/CLK (sky130_fd_sc_hd__dfxtp_2)
     5    0.02    0.12    0.36    0.36 ^ _70_/Q (sky130_fd_sc_hd__dfxtp_2)
                                         display_inst.clk_div[0] (net)
                  0.12    0.00    0.36 ^ _52_/A (sky130_fd_sc_hd__and4_2)
     1    0.00    0.05    0.20    0.56 ^ _52_/X (sky130_fd_sc_hd__and4_2)
                                         _21_ (net)
                  0.05    0.00    0.56 ^ _53_/A (sky130_fd_sc_hd__buf_1)
     6    0.02    0.29    0.25    0.81 ^ _53_/X (sky130_fd_sc_hd__buf_1)
                                         _22_ (net)
                  0.29    0.00    0.81 ^ _56_/B (sky130_fd_sc_hd__xor2_2)
     1    0.00    0.07    0.09    0.90 v _56_/X (sky130_fd_sc_hd__xor2_2)
                                         _04_ (net)
                  0.07    0.00    0.90 v _74_/D (sky130_fd_sc_hd__dfxtp_2)
                                  0.90   data arrival time

                  0.00   10.00   10.00   clock core_clock (rise edge)
                          0.00   10.00   clock network delay (ideal)
                          0.00   10.00   clock reconvergence pessimism
                                 10.00 ^ _74_/CLK (sky130_fd_sc_hd__dfxtp_2)
                         -0.13    9.87   library setup time
                                  9.87   data required time
-----------------------------------------------------------------------------
                                  9.87   data required time
                                 -0.90   data arrival time
-----------------------------------------------------------------------------
                                  8.97   slack (MET)


Startpoint: _70_ (rising edge-triggered flip-flop clocked by core_clock)
Endpoint: _73_ (rising edge-triggered flip-flop clocked by core_clock)
Path Group: core_clock
Path Type: max

Fanout     Cap    Slew   Delay    Time   Description
-----------------------------------------------------------------------------
                  0.00    0.00    0.00   clock core_clock (rise edge)
                          0.00    0.00   clock network delay (ideal)
                  0.00    0.00    0.00 ^ _70_/CLK (sky130_fd_sc_hd__dfxtp_2)
     5    0.02    0.12    0.36    0.36 ^ _70_/Q (sky130_fd_sc_hd__dfxtp_2)
                                         display_inst.clk_div[0] (net)
                  0.12    0.00    0.36 ^ _52_/A (sky130_fd_sc_hd__and4_2)
     1    0.00    0.05    0.20    0.56 ^ _52_/X (sky130_fd_sc_hd__and4_2)
                                         _21_ (net)
                  0.05    0.00    0.56 ^ _53_/A (sky130_fd_sc_hd__buf_1)
     6    0.02    0.29    0.25    0.81 ^ _53_/X (sky130_fd_sc_hd__buf_1)
                                         _22_ (net)
                  0.29    0.00    0.81 ^ _55_/A (sky130_fd_sc_hd__nor2_2)
     1    0.00    0.05    0.06    0.87 v _55_/Y (sky130_fd_sc_hd__nor2_2)
                                         _03_ (net)
                  0.05    0.00    0.87 v _73_/D (sky130_fd_sc_hd__dfxtp_2)
                                  0.87   data arrival time

                  0.00   10.00   10.00   clock core_clock (rise edge)
                          0.00   10.00   clock network delay (ideal)
                          0.00   10.00   clock reconvergence pessimism
                                 10.00 ^ _73_/CLK (sky130_fd_sc_hd__dfxtp_2)
                         -0.13    9.87   library setup time
                                  9.87   data required time
-----------------------------------------------------------------------------
                                  9.87   data required time
                                 -0.87   data arrival time
-----------------------------------------------------------------------------
                                  9.00   slack (MET)


Startpoint: _70_ (rising edge-triggered flip-flop clocked by core_clock)
Endpoint: _72_ (rising edge-triggered flip-flop clocked by core_clock)
Path Group: core_clock
Path Type: max

Fanout     Cap    Slew   Delay    Time   Description
-----------------------------------------------------------------------------
                  0.00    0.00    0.00   clock core_clock (rise edge)
                          0.00    0.00   clock network delay (ideal)
                  0.00    0.00    0.00 ^ _70_/CLK (sky130_fd_sc_hd__dfxtp_2)
     5    0.02    0.12    0.36    0.36 ^ _70_/Q (sky130_fd_sc_hd__dfxtp_2)
                                         display_inst.clk_div[0] (net)
                  0.12    0.00    0.36 ^ _49_/A (sky130_fd_sc_hd__and3_2)
     2    0.01    0.07    0.21    0.57 ^ _49_/X (sky130_fd_sc_hd__and3_2)
                                         _19_ (net)
                  0.07    0.00    0.57 ^ _51_/A (sky130_fd_sc_hd__nor2_2)
     1    0.00    0.02    0.04    0.61 v _51_/Y (sky130_fd_sc_hd__nor2_2)
                                         _02_ (net)
                  0.02    0.00    0.61 v _72_/D (sky130_fd_sc_hd__dfxtp_2)
                                  0.61   data arrival time

                  0.00   10.00   10.00   clock core_clock (rise edge)
                          0.00   10.00   clock network delay (ideal)
                          0.00   10.00   clock reconvergence pessimism
                                 10.00 ^ _72_/CLK (sky130_fd_sc_hd__dfxtp_2)
                         -0.11    9.89   library setup time
                                  9.89   data required time
-----------------------------------------------------------------------------
                                  9.89   data required time
                                 -0.61   data arrival time
-----------------------------------------------------------------------------
                                  9.28   slack (MET)


Startpoint: _70_ (rising edge-triggered flip-flop clocked by core_clock)
Endpoint: _71_ (rising edge-triggered flip-flop clocked by core_clock)
Path Group: core_clock
Path Type: max

Fanout     Cap    Slew   Delay    Time   Description
-----------------------------------------------------------------------------
                  0.00    0.00    0.00   clock core_clock (rise edge)
                          0.00    0.00   clock network delay (ideal)
                  0.00    0.00    0.00 ^ _70_/CLK (sky130_fd_sc_hd__dfxtp_2)
     5    0.02    0.06    0.33    0.33 v _70_/Q (sky130_fd_sc_hd__dfxtp_2)
                                         display_inst.clk_div[0] (net)
                  0.06    0.00    0.33 v _48_/A (sky130_fd_sc_hd__xor2_2)
     1    0.00    0.04    0.16    0.49 v _48_/X (sky130_fd_sc_hd__xor2_2)
                                         _01_ (net)
                  0.04    0.00    0.49 v _71_/D (sky130_fd_sc_hd__dfxtp_2)
                                  0.49   data arrival time

                  0.00   10.00   10.00   clock core_clock (rise edge)
                          0.00   10.00   clock network delay (ideal)
                          0.00   10.00   clock reconvergence pessimism
                                 10.00 ^ _71_/CLK (sky130_fd_sc_hd__dfxtp_2)
                         -0.12    9.88   library setup time
                                  9.88   data required time
-----------------------------------------------------------------------------
                                  9.88   data required time
                                 -0.49   data arrival time
-----------------------------------------------------------------------------
                                  9.39   slack (MET)


Startpoint: _70_ (rising edge-triggered flip-flop clocked by core_clock)
Endpoint: _70_ (rising edge-triggered flip-flop clocked by core_clock)
Path Group: core_clock
Path Type: max

Fanout     Cap    Slew   Delay    Time   Description
-----------------------------------------------------------------------------
                  0.00    0.00    0.00   clock core_clock (rise edge)
                          0.00    0.00   clock network delay (ideal)
                  0.00    0.00    0.00 ^ _70_/CLK (sky130_fd_sc_hd__dfxtp_2)
     5    0.02    0.12    0.36    0.36 ^ _70_/Q (sky130_fd_sc_hd__dfxtp_2)
                                         display_inst.clk_div[0] (net)
                  0.12    0.00    0.36 ^ _47_/A (sky130_fd_sc_hd__inv_2)
     1    0.00    0.02    0.03    0.39 v _47_/Y (sky130_fd_sc_hd__inv_2)
                                         _00_ (net)
                  0.02    0.00    0.39 v _70_/D (sky130_fd_sc_hd__dfxtp_2)
                                  0.39   data arrival time

                  0.00   10.00   10.00   clock core_clock (rise edge)
                          0.00   10.00   clock network delay (ideal)
                          0.00   10.00   clock reconvergence pessimism
                                 10.00 ^ _70_/CLK (sky130_fd_sc_hd__dfxtp_2)
                         -0.11    9.89   library setup time
                                  9.89   data required time
-----------------------------------------------------------------------------
                                  9.89   data required time
                                 -0.39   data arrival time
-----------------------------------------------------------------------------
                                  9.50   slack (MET)



worst slack corner Typical: 8.4898
