
===========================================================================
 report_power
============================================================================
======================= Fastest Corner ===================================

Group                  Internal  Switching    Leakage      Total
                          Power      Power      Power      Power (Watts)
----------------------------------------------------------------
Sequential             4.11e-05   0.00e+00   2.91e-10   4.11e-05  29.5%
Combinational          0.00e+00   0.00e+00   3.02e-10   3.02e-10   0.0%
Clock                  6.52e-05   3.33e-05   2.24e-09   9.85e-05  70.5%
Macro                  0.00e+00   0.00e+00   0.00e+00   0.00e+00   0.0%
Pad                    0.00e+00   0.00e+00   0.00e+00   0.00e+00   0.0%
----------------------------------------------------------------
Total                  1.06e-04   3.33e-05   2.83e-09   1.40e-04 100.0%
                          76.1%      23.9%       0.0%

======================= Slowest Corner ===================================

Group                  Internal  Switching    Leakage      Total
                          Power      Power      Power      Power (Watts)
----------------------------------------------------------------
Sequential             2.74e-05   0.00e+00   1.83e-07   2.76e-05  28.7%
Combinational          0.00e+00   0.00e+00   2.29e-07   2.29e-07   0.2%
Clock                  4.64e-05   2.19e-05   6.55e-08   6.83e-05  71.1%
Macro                  0.00e+00   0.00e+00   0.00e+00   0.00e+00   0.0%
Pad                    0.00e+00   0.00e+00   0.00e+00   0.00e+00   0.0%
----------------------------------------------------------------
Total                  7.38e-05   2.19e-05   4.78e-07   9.61e-05 100.0%
                          76.8%      22.7%       0.5%

======================= Typical Corner ===================================

Group                  Internal  Switching    Leakage      Total
                          Power      Power      Power      Power (Watts)
----------------------------------------------------------------
Sequential             3.53e-05   0.00e+00   1.03e-10   3.53e-05  29.3%
Combinational          0.00e+00   0.00e+00   1.89e-10   1.89e-10   0.0%
Clock                  5.69e-05   2.81e-05   2.07e-09   8.50e-05  70.7%
Macro                  0.00e+00   0.00e+00   0.00e+00   0.00e+00   0.0%
Pad                    0.00e+00   0.00e+00   0.00e+00   0.00e+00   0.0%
----------------------------------------------------------------
Total                  9.22e-05   2.81e-05   2.37e-09   1.20e-04 100.0%
                          76.6%      23.4%       0.0%

